[0.083s] DEBUG:colcon:Command line arguments: ['/usr/bin/colcon', 'build']
[0.083s] DEBUG:colcon:Parsed command line arguments: Namespace(log_base=None, log_level=None, verb_name='build', build_base='build', install_base='install', merge_install=False, symlink_install=False, test_result_base=None, continue_on_error=False, executor='parallel', parallel_workers=12, event_handlers=None, ignore_user_meta=False, metas=['./colcon.meta'], base_paths=['.'], packages_ignore=None, packages_ignore_regex=None, paths=None, packages_up_to=None, packages_up_to_regex=None, packages_above=None, packages_above_and_dependencies=None, packages_above_depth=None, packages_select_by_dep=None, packages_skip_by_dep=None, packages_skip_up_to=None, packages_select_build_failed=False, packages_skip_build_finished=False, packages_select_test_failures=False, packages_skip_test_passed=False, packages_select=None, packages_skip=None, packages_select_regex=None, packages_skip_regex=None, packages_start=None, packages_end=None, allow_overriding=[], cmake_args=None, cmake_target=None, cmake_target_skip_unavailable=False, cmake_clean_cache=False, cmake_clean_first=False, cmake_force_configure=False, ament_cmake_args=None, catkin_cmake_args=None, catkin_skip_building_tests=False, verb_parser=<colcon_defaults.argument_parser.defaults.DefaultArgumentsDecorator object at 0x7edd281488b0>, verb_extension=<colcon_core.verb.build.BuildVerb object at 0x7edd28275d50>, main=<bound method BuildVerb.main of <colcon_core.verb.build.BuildVerb object at 0x7edd28275d50>>)
[0.165s] Level 1:colcon.colcon_core.package_discovery:discover_packages(colcon_meta) check parameters
[0.166s] Level 1:colcon.colcon_core.package_discovery:discover_packages(recursive) check parameters
[0.166s] Level 1:colcon.colcon_core.package_discovery:discover_packages(ignore) check parameters
[0.166s] Level 1:colcon.colcon_core.package_discovery:discover_packages(path) check parameters
[0.166s] Level 1:colcon.colcon_core.package_discovery:discover_packages(colcon_meta) discover
[0.166s] Level 1:colcon.colcon_core.package_discovery:discover_packages(recursive) discover
[0.166s] INFO:colcon.colcon_core.package_discovery:Crawling recursively for packages in '/home/kaisirius/btp/cav-platoons'
[0.166s] Level 1:colcon.colcon_core.package_identification:_identify(.) by extensions ['ignore', 'ignore_ament_install']
[0.166s] Level 1:colcon.colcon_core.package_identification:_identify(.) by extension 'ignore'
[0.166s] Level 1:colcon.colcon_core.package_identification:_identify(.) by extension 'ignore_ament_install'
[0.166s] Level 1:colcon.colcon_core.package_identification:_identify(.) by extensions ['colcon_pkg']
[0.166s] Level 1:colcon.colcon_core.package_identification:_identify(.) by extension 'colcon_pkg'
[0.166s] Level 1:colcon.colcon_core.package_identification:_identify(.) by extensions ['colcon_meta']
[0.166s] Level 1:colcon.colcon_core.package_identification:_identify(.) by extension 'colcon_meta'
[0.166s] Level 1:colcon.colcon_core.package_identification:_identify(.) by extensions ['ros']
[0.166s] Level 1:colcon.colcon_core.package_identification:_identify(.) by extension 'ros'
[0.173s] Level 1:colcon.colcon_core.package_identification:_identify(.) by extensions ['cmake', 'python']
[0.173s] Level 1:colcon.colcon_core.package_identification:_identify(.) by extension 'cmake'
[0.173s] Level 1:colcon.colcon_core.package_identification:_identify(.) by extension 'python'
[0.173s] Level 1:colcon.colcon_core.package_identification:_identify(.) by extensions ['python_setup_py']
[0.173s] Level 1:colcon.colcon_core.package_identification:_identify(.) by extension 'python_setup_py'
[0.173s] Level 1:colcon.colcon_core.package_identification:_identify(build) by extensions ['ignore', 'ignore_ament_install']
[0.173s] Level 1:colcon.colcon_core.package_identification:_identify(build) by extension 'ignore'
[0.173s] Level 1:colcon.colcon_core.package_identification:_identify(build) ignored
[0.173s] Level 1:colcon.colcon_core.package_identification:_identify(install) by extensions ['ignore', 'ignore_ament_install']
[0.173s] Level 1:colcon.colcon_core.package_identification:_identify(install) by extension 'ignore'
[0.173s] Level 1:colcon.colcon_core.package_identification:_identify(install) ignored
[0.173s] Level 1:colcon.colcon_core.package_identification:_identify(log) by extensions ['ignore', 'ignore_ament_install']
[0.173s] Level 1:colcon.colcon_core.package_identification:_identify(log) by extension 'ignore'
[0.173s] Level 1:colcon.colcon_core.package_identification:_identify(log) ignored
[0.173s] Level 1:colcon.colcon_core.package_identification:_identify(src) by extensions ['ignore', 'ignore_ament_install']
[0.173s] Level 1:colcon.colcon_core.package_identification:_identify(src) by extension 'ignore'
[0.173s] Level 1:colcon.colcon_core.package_identification:_identify(src) by extension 'ignore_ament_install'
[0.173s] Level 1:colcon.colcon_core.package_identification:_identify(src) by extensions ['colcon_pkg']
[0.173s] Level 1:colcon.colcon_core.package_identification:_identify(src) by extension 'colcon_pkg'
[0.173s] Level 1:colcon.colcon_core.package_identification:_identify(src) by extensions ['colcon_meta']
[0.173s] Level 1:colcon.colcon_core.package_identification:_identify(src) by extension 'colcon_meta'
[0.174s] Level 1:colcon.colcon_core.package_identification:_identify(src) by extensions ['ros']
[0.174s] Level 1:colcon.colcon_core.package_identification:_identify(src) by extension 'ros'
[0.174s] Level 1:colcon.colcon_core.package_identification:_identify(src) by extensions ['cmake', 'python']
[0.174s] Level 1:colcon.colcon_core.package_identification:_identify(src) by extension 'cmake'
[0.174s] Level 1:colcon.colcon_core.package_identification:_identify(src) by extension 'python'
[0.174s] Level 1:colcon.colcon_core.package_identification:_identify(src) by extensions ['python_setup_py']
[0.174s] Level 1:colcon.colcon_core.package_identification:_identify(src) by extension 'python_setup_py'
[0.174s] Level 1:colcon.colcon_core.package_identification:_identify(src/DynamixelSDK) by extensions ['ignore', 'ignore_ament_install']
[0.174s] Level 1:colcon.colcon_core.package_identification:_identify(src/DynamixelSDK) by extension 'ignore'
[0.174s] Level 1:colcon.colcon_core.package_identification:_identify(src/DynamixelSDK) by extension 'ignore_ament_install'
[0.174s] Level 1:colcon.colcon_core.package_identification:_identify(src/DynamixelSDK) by extensions ['colcon_pkg']
[0.174s] Level 1:colcon.colcon_core.package_identification:_identify(src/DynamixelSDK) by extension 'colcon_pkg'
[0.174s] Level 1:colcon.colcon_core.package_identification:_identify(src/DynamixelSDK) by extensions ['colcon_meta']
[0.174s] Level 1:colcon.colcon_core.package_identification:_identify(src/DynamixelSDK) by extension 'colcon_meta'
[0.174s] Level 1:colcon.colcon_core.package_identification:_identify(src/DynamixelSDK) by extensions ['ros']
[0.174s] Level 1:colcon.colcon_core.package_identification:_identify(src/DynamixelSDK) by extension 'ros'
[0.174s] Level 1:colcon.colcon_core.package_identification:_identify(src/DynamixelSDK) by extensions ['cmake', 'python']
[0.174s] Level 1:colcon.colcon_core.package_identification:_identify(src/DynamixelSDK) by extension 'cmake'
[0.174s] Level 1:colcon.colcon_core.package_identification:_identify(src/DynamixelSDK) by extension 'python'
[0.174s] Level 1:colcon.colcon_core.package_identification:_identify(src/DynamixelSDK) by extensions ['python_setup_py']
[0.174s] Level 1:colcon.colcon_core.package_identification:_identify(src/DynamixelSDK) by extension 'python_setup_py'
[0.174s] Level 1:colcon.colcon_core.package_identification:_identify(src/more_interfaces) by extensions ['ignore', 'ignore_ament_install']
[0.174s] Level 1:colcon.colcon_core.package_identification:_identify(src/more_interfaces) by extension 'ignore'
[0.174s] Level 1:colcon.colcon_core.package_identification:_identify(src/more_interfaces) by extension 'ignore_ament_install'
[0.174s] Level 1:colcon.colcon_core.package_identification:_identify(src/more_interfaces) by extensions ['colcon_pkg']
[0.174s] Level 1:colcon.colcon_core.package_identification:_identify(src/more_interfaces) by extension 'colcon_pkg'
[0.174s] Level 1:colcon.colcon_core.package_identification:_identify(src/more_interfaces) by extensions ['colcon_meta']
[0.174s] Level 1:colcon.colcon_core.package_identification:_identify(src/more_interfaces) by extension 'colcon_meta'
[0.174s] Level 1:colcon.colcon_core.package_identification:_identify(src/more_interfaces) by extensions ['ros']
[0.174s] Level 1:colcon.colcon_core.package_identification:_identify(src/more_interfaces) by extension 'ros'
[0.176s] DEBUG:colcon.colcon_core.package_identification:Package 'src/more_interfaces' with type 'ros.ament_cmake' and name 'more_interfaces'
[0.176s] Level 1:colcon.colcon_core.package_identification:_identify(src/my_package) by extensions ['ignore', 'ignore_ament_install']
[0.176s] Level 1:colcon.colcon_core.package_identification:_identify(src/my_package) by extension 'ignore'
[0.176s] Level 1:colcon.colcon_core.package_identification:_identify(src/my_package) by extension 'ignore_ament_install'
[0.176s] Level 1:colcon.colcon_core.package_identification:_identify(src/my_package) by extensions ['colcon_pkg']
[0.176s] Level 1:colcon.colcon_core.package_identification:_identify(src/my_package) by extension 'colcon_pkg'
[0.176s] Level 1:colcon.colcon_core.package_identification:_identify(src/my_package) by extensions ['colcon_meta']
[0.176s] Level 1:colcon.colcon_core.package_identification:_identify(src/my_package) by extension 'colcon_meta'
[0.176s] Level 1:colcon.colcon_core.package_identification:_identify(src/my_package) by extensions ['ros']
[0.176s] Level 1:colcon.colcon_core.package_identification:_identify(src/my_package) by extension 'ros'
[0.176s] DEBUG:colcon.colcon_core.package_identification:Package 'src/my_package' with type 'ros.ament_cmake' and name 'my_package'
[0.176s] Level 1:colcon.colcon_core.package_identification:_identify(src/my_robot_controller) by extensions ['ignore', 'ignore_ament_install']
[0.176s] Level 1:colcon.colcon_core.package_identification:_identify(src/my_robot_controller) by extension 'ignore'
[0.176s] Level 1:colcon.colcon_core.package_identification:_identify(src/my_robot_controller) by extension 'ignore_ament_install'
[0.176s] Level 1:colcon.colcon_core.package_identification:_identify(src/my_robot_controller) by extensions ['colcon_pkg']
[0.176s] Level 1:colcon.colcon_core.package_identification:_identify(src/my_robot_controller) by extension 'colcon_pkg'
[0.176s] Level 1:colcon.colcon_core.package_identification:_identify(src/my_robot_controller) by extensions ['colcon_meta']
[0.176s] Level 1:colcon.colcon_core.package_identification:_identify(src/my_robot_controller) by extension 'colcon_meta'
[0.176s] Level 1:colcon.colcon_core.package_identification:_identify(src/my_robot_controller) by extensions ['ros']
[0.176s] Level 1:colcon.colcon_core.package_identification:_identify(src/my_robot_controller) by extension 'ros'
[0.177s] DEBUG:colcon.colcon_core.package_identification:Package 'src/my_robot_controller' with type 'ros.ament_python' and name 'my_robot_controller'
[0.177s] Level 1:colcon.colcon_core.package_identification:_identify(src/paper_implementation) by extensions ['ignore', 'ignore_ament_install']
[0.177s] Level 1:colcon.colcon_core.package_identification:_identify(src/paper_implementation) by extension 'ignore'
[0.177s] Level 1:colcon.colcon_core.package_identification:_identify(src/paper_implementation) by extension 'ignore_ament_install'
[0.177s] Level 1:colcon.colcon_core.package_identification:_identify(src/paper_implementation) by extensions ['colcon_pkg']
[0.177s] Level 1:colcon.colcon_core.package_identification:_identify(src/paper_implementation) by extension 'colcon_pkg'
[0.177s] Level 1:colcon.colcon_core.package_identification:_identify(src/paper_implementation) by extensions ['colcon_meta']
[0.177s] Level 1:colcon.colcon_core.package_identification:_identify(src/paper_implementation) by extension 'colcon_meta'
[0.177s] Level 1:colcon.colcon_core.package_identification:_identify(src/paper_implementation) by extensions ['ros']
[0.177s] Level 1:colcon.colcon_core.package_identification:_identify(src/paper_implementation) by extension 'ros'
[0.178s] DEBUG:colcon.colcon_core.package_identification:Package 'src/paper_implementation' with type 'ros.ament_python' and name 'paper_implementation'
[0.178s] Level 1:colcon.colcon_core.package_identification:_identify(src/polygon_base) by extensions ['ignore', 'ignore_ament_install']
[0.178s] Level 1:colcon.colcon_core.package_identification:_identify(src/polygon_base) by extension 'ignore'
[0.178s] Level 1:colcon.colcon_core.package_identification:_identify(src/polygon_base) by extension 'ignore_ament_install'
[0.178s] Level 1:colcon.colcon_core.package_identification:_identify(src/polygon_base) by extensions ['colcon_pkg']
[0.178s] Level 1:colcon.colcon_core.package_identification:_identify(src/polygon_base) by extension 'colcon_pkg'
[0.178s] Level 1:colcon.colcon_core.package_identification:_identify(src/polygon_base) by extensions ['colcon_meta']
[0.178s] Level 1:colcon.colcon_core.package_identification:_identify(src/polygon_base) by extension 'colcon_meta'
[0.178s] Level 1:colcon.colcon_core.package_identification:_identify(src/polygon_base) by extensions ['ros']
[0.178s] Level 1:colcon.colcon_core.package_identification:_identify(src/polygon_base) by extension 'ros'
[0.178s] DEBUG:colcon.colcon_core.package_identification:Package 'src/polygon_base' with type 'ros.ament_cmake' and name 'polygon_base'
[0.178s] Level 1:colcon.colcon_core.package_identification:_identify(src/polygon_plugins) by extensions ['ignore', 'ignore_ament_install']
[0.178s] Level 1:colcon.colcon_core.package_identification:_identify(src/polygon_plugins) by extension 'ignore'
[0.178s] Level 1:colcon.colcon_core.package_identification:_identify(src/polygon_plugins) by extension 'ignore_ament_install'
[0.178s] Level 1:colcon.colcon_core.package_identification:_identify(src/polygon_plugins) by extensions ['colcon_pkg']
[0.178s] Level 1:colcon.colcon_core.package_identification:_identify(src/polygon_plugins) by extension 'colcon_pkg'
[0.178s] Level 1:colcon.colcon_core.package_identification:_identify(src/polygon_plugins) by extensions ['colcon_meta']
[0.178s] Level 1:colcon.colcon_core.package_identification:_identify(src/polygon_plugins) by extension 'colcon_meta'
[0.179s] Level 1:colcon.colcon_core.package_identification:_identify(src/polygon_plugins) by extensions ['ros']
[0.179s] Level 1:colcon.colcon_core.package_identification:_identify(src/polygon_plugins) by extension 'ros'
[0.179s] DEBUG:colcon.colcon_core.package_identification:Package 'src/polygon_plugins' with type 'ros.ament_cmake' and name 'polygon_plugins'
[0.179s] Level 1:colcon.colcon_core.package_identification:_identify(src/turtlebot3) by extensions ['ignore', 'ignore_ament_install']
[0.179s] Level 1:colcon.colcon_core.package_identification:_identify(src/turtlebot3) by extension 'ignore'
[0.179s] Level 1:colcon.colcon_core.package_identification:_identify(src/turtlebot3) by extension 'ignore_ament_install'
[0.179s] Level 1:colcon.colcon_core.package_identification:_identify(src/turtlebot3) by extensions ['colcon_pkg']
[0.179s] Level 1:colcon.colcon_core.package_identification:_identify(src/turtlebot3) by extension 'colcon_pkg'
[0.179s] Level 1:colcon.colcon_core.package_identification:_identify(src/turtlebot3) by extensions ['colcon_meta']
[0.179s] Level 1:colcon.colcon_core.package_identification:_identify(src/turtlebot3) by extension 'colcon_meta'
[0.179s] Level 1:colcon.colcon_core.package_identification:_identify(src/turtlebot3) by extensions ['ros']
[0.179s] Level 1:colcon.colcon_core.package_identification:_identify(src/turtlebot3) by extension 'ros'
[0.179s] Level 1:colcon.colcon_core.package_identification:_identify(src/turtlebot3) by extensions ['cmake', 'python']
[0.179s] Level 1:colcon.colcon_core.package_identification:_identify(src/turtlebot3) by extension 'cmake'
[0.179s] Level 1:colcon.colcon_core.package_identification:_identify(src/turtlebot3) by extension 'python'
[0.179s] Level 1:colcon.colcon_core.package_identification:_identify(src/turtlebot3) by extensions ['python_setup_py']
[0.179s] Level 1:colcon.colcon_core.package_identification:_identify(src/turtlebot3) by extension 'python_setup_py'
[0.179s] Level 1:colcon.colcon_core.package_identification:_identify(src/turtlebot3_msgs) by extensions ['ignore', 'ignore_ament_install']
[0.179s] Level 1:colcon.colcon_core.package_identification:_identify(src/turtlebot3_msgs) by extension 'ignore'
[0.179s] Level 1:colcon.colcon_core.package_identification:_identify(src/turtlebot3_msgs) by extension 'ignore_ament_install'
[0.179s] Level 1:colcon.colcon_core.package_identification:_identify(src/turtlebot3_msgs) by extensions ['colcon_pkg']
[0.179s] Level 1:colcon.colcon_core.package_identification:_identify(src/turtlebot3_msgs) by extension 'colcon_pkg'
[0.179s] Level 1:colcon.colcon_core.package_identification:_identify(src/turtlebot3_msgs) by extensions ['colcon_meta']
[0.179s] Level 1:colcon.colcon_core.package_identification:_identify(src/turtlebot3_msgs) by extension 'colcon_meta'
[0.179s] Level 1:colcon.colcon_core.package_identification:_identify(src/turtlebot3_msgs) by extensions ['ros']
[0.179s] Level 1:colcon.colcon_core.package_identification:_identify(src/turtlebot3_msgs) by extension 'ros'
[0.180s] Level 1:colcon.colcon_core.package_identification:_identify(src/turtlebot3_msgs) by extensions ['cmake', 'python']
[0.180s] Level 1:colcon.colcon_core.package_identification:_identify(src/turtlebot3_msgs) by extension 'cmake'
[0.180s] Level 1:colcon.colcon_core.package_identification:_identify(src/turtlebot3_msgs) by extension 'python'
[0.180s] Level 1:colcon.colcon_core.package_identification:_identify(src/turtlebot3_msgs) by extensions ['python_setup_py']
[0.180s] Level 1:colcon.colcon_core.package_identification:_identify(src/turtlebot3_msgs) by extension 'python_setup_py'
[0.180s] Level 1:colcon.colcon_core.package_discovery:discover_packages(recursive) using defaults
[0.180s] Level 1:colcon.colcon_core.package_discovery:discover_packages(ignore) discover
[0.180s] Level 1:colcon.colcon_core.package_discovery:discover_packages(ignore) using defaults
[0.180s] Level 1:colcon.colcon_core.package_discovery:discover_packages(path) discover
[0.180s] Level 1:colcon.colcon_core.package_discovery:discover_packages(path) using defaults
[0.192s] Level 1:colcon.colcon_core.package_discovery:discover_packages(prefix_path) check parameters
[0.192s] Level 1:colcon.colcon_core.package_discovery:discover_packages(prefix_path) discover
[0.193s] DEBUG:colcon.colcon_installed_package_information.package_discovery:Found 6 installed packages in /home/kaisirius/btp/cav-platoons/install
[0.193s] DEBUG:colcon.colcon_installed_package_information.package_discovery:Found 1 installed packages in /home/kaisirius/ros2_ws/install
[0.194s] DEBUG:colcon.colcon_installed_package_information.package_discovery:Found 272 installed packages in /opt/ros/humble
[0.201s] Level 1:colcon.colcon_core.package_discovery:discover_packages(prefix_path) using defaults
[0.220s] Level 5:colcon.colcon_core.verb:set package 'more_interfaces' build argument 'cmake_args' from command line to 'None'
[0.220s] Level 5:colcon.colcon_core.verb:set package 'more_interfaces' build argument 'cmake_target' from command line to 'None'
[0.220s] Level 5:colcon.colcon_core.verb:set package 'more_interfaces' build argument 'cmake_target_skip_unavailable' from command line to 'False'
[0.220s] Level 5:colcon.colcon_core.verb:set package 'more_interfaces' build argument 'cmake_clean_cache' from command line to 'False'
[0.220s] Level 5:colcon.colcon_core.verb:set package 'more_interfaces' build argument 'cmake_clean_first' from command line to 'False'
[0.220s] Level 5:colcon.colcon_core.verb:set package 'more_interfaces' build argument 'cmake_force_configure' from command line to 'False'
[0.220s] Level 5:colcon.colcon_core.verb:set package 'more_interfaces' build argument 'ament_cmake_args' from command line to 'None'
[0.220s] Level 5:colcon.colcon_core.verb:set package 'more_interfaces' build argument 'catkin_cmake_args' from command line to 'None'
[0.220s] Level 5:colcon.colcon_core.verb:set package 'more_interfaces' build argument 'catkin_skip_building_tests' from command line to 'False'
[0.220s] DEBUG:colcon.colcon_core.verb:Building package 'more_interfaces' with the following arguments: {'ament_cmake_args': None, 'build_base': '/home/kaisirius/btp/cav-platoons/build/more_interfaces', 'catkin_cmake_args': None, 'catkin_skip_building_tests': False, 'cmake_args': None, 'cmake_clean_cache': False, 'cmake_clean_first': False, 'cmake_force_configure': False, 'cmake_target': None, 'cmake_target_skip_unavailable': False, 'install_base': '/home/kaisirius/btp/cav-platoons/install/more_interfaces', 'merge_install': False, 'path': '/home/kaisirius/btp/cav-platoons/src/more_interfaces', 'symlink_install': False, 'test_result_base': None}
[0.220s] Level 5:colcon.colcon_core.verb:set package 'my_package' build argument 'cmake_args' from command line to 'None'
[0.220s] Level 5:colcon.colcon_core.verb:set package 'my_package' build argument 'cmake_target' from command line to 'None'
[0.220s] Level 5:colcon.colcon_core.verb:set package 'my_package' build argument 'cmake_target_skip_unavailable' from command line to 'False'
[0.220s] Level 5:colcon.colcon_core.verb:set package 'my_package' build argument 'cmake_clean_cache' from command line to 'False'
[0.220s] Level 5:colcon.colcon_core.verb:set package 'my_package' build argument 'cmake_clean_first' from command line to 'False'
[0.220s] Level 5:colcon.colcon_core.verb:set package 'my_package' build argument 'cmake_force_configure' from command line to 'False'
[0.220s] Level 5:colcon.colcon_core.verb:set package 'my_package' build argument 'ament_cmake_args' from command line to 'None'
[0.220s] Level 5:colcon.colcon_core.verb:set package 'my_package' build argument 'catkin_cmake_args' from command line to 'None'
[0.220s] Level 5:colcon.colcon_core.verb:set package 'my_package' build argument 'catkin_skip_building_tests' from command line to 'False'
[0.220s] DEBUG:colcon.colcon_core.verb:Building package 'my_package' with the following arguments: {'ament_cmake_args': None, 'build_base': '/home/kaisirius/btp/cav-platoons/build/my_package', 'catkin_cmake_args': None, 'catkin_skip_building_tests': False, 'cmake_args': None, 'cmake_clean_cache': False, 'cmake_clean_first': False, 'cmake_force_configure': False, 'cmake_target': None, 'cmake_target_skip_unavailable': False, 'install_base': '/home/kaisirius/btp/cav-platoons/install/my_package', 'merge_install': False, 'path': '/home/kaisirius/btp/cav-platoons/src/my_package', 'symlink_install': False, 'test_result_base': None}
[0.220s] Level 5:colcon.colcon_core.verb:set package 'my_robot_controller' build argument 'cmake_args' from command line to 'None'
[0.220s] Level 5:colcon.colcon_core.verb:set package 'my_robot_controller' build argument 'cmake_target' from command line to 'None'
[0.220s] Level 5:colcon.colcon_core.verb:set package 'my_robot_controller' build argument 'cmake_target_skip_unavailable' from command line to 'False'
[0.220s] Level 5:colcon.colcon_core.verb:set package 'my_robot_controller' build argument 'cmake_clean_cache' from command line to 'False'
[0.220s] Level 5:colcon.colcon_core.verb:set package 'my_robot_controller' build argument 'cmake_clean_first' from command line to 'False'
[0.220s] Level 5:colcon.colcon_core.verb:set package 'my_robot_controller' build argument 'cmake_force_configure' from command line to 'False'
[0.220s] Level 5:colcon.colcon_core.verb:set package 'my_robot_controller' build argument 'ament_cmake_args' from command line to 'None'
[0.220s] Level 5:colcon.colcon_core.verb:set package 'my_robot_controller' build argument 'catkin_cmake_args' from command line to 'None'
[0.220s] Level 5:colcon.colcon_core.verb:set package 'my_robot_controller' build argument 'catkin_skip_building_tests' from command line to 'False'
[0.220s] DEBUG:colcon.colcon_core.verb:Building package 'my_robot_controller' with the following arguments: {'ament_cmake_args': None, 'build_base': '/home/kaisirius/btp/cav-platoons/build/my_robot_controller', 'catkin_cmake_args': None, 'catkin_skip_building_tests': False, 'cmake_args': None, 'cmake_clean_cache': False, 'cmake_clean_first': False, 'cmake_force_configure': False, 'cmake_target': None, 'cmake_target_skip_unavailable': False, 'install_base': '/home/kaisirius/btp/cav-platoons/install/my_robot_controller', 'merge_install': False, 'path': '/home/kaisirius/btp/cav-platoons/src/my_robot_controller', 'symlink_install': False, 'test_result_base': None}
[0.221s] Level 5:colcon.colcon_core.verb:set package 'paper_implementation' build argument 'cmake_args' from command line to 'None'
[0.221s] Level 5:colcon.colcon_core.verb:set package 'paper_implementation' build argument 'cmake_target' from command line to 'None'
[0.221s] Level 5:colcon.colcon_core.verb:set package 'paper_implementation' build argument 'cmake_target_skip_unavailable' from command line to 'False'
[0.221s] Level 5:colcon.colcon_core.verb:set package 'paper_implementation' build argument 'cmake_clean_cache' from command line to 'False'
[0.221s] Level 5:colcon.colcon_core.verb:set package 'paper_implementation' build argument 'cmake_clean_first' from command line to 'False'
[0.221s] Level 5:colcon.colcon_core.verb:set package 'paper_implementation' build argument 'cmake_force_configure' from command line to 'False'
[0.221s] Level 5:colcon.colcon_core.verb:set package 'paper_implementation' build argument 'ament_cmake_args' from command line to 'None'
[0.221s] Level 5:colcon.colcon_core.verb:set package 'paper_implementation' build argument 'catkin_cmake_args' from command line to 'None'
[0.221s] Level 5:colcon.colcon_core.verb:set package 'paper_implementation' build argument 'catkin_skip_building_tests' from command line to 'False'
[0.221s] DEBUG:colcon.colcon_core.verb:Building package 'paper_implementation' with the following arguments: {'ament_cmake_args': None, 'build_base': '/home/kaisirius/btp/cav-platoons/build/paper_implementation', 'catkin_cmake_args': None, 'catkin_skip_building_tests': False, 'cmake_args': None, 'cmake_clean_cache': False, 'cmake_clean_first': False, 'cmake_force_configure': False, 'cmake_target': None, 'cmake_target_skip_unavailable': False, 'install_base': '/home/kaisirius/btp/cav-platoons/install/paper_implementation', 'merge_install': False, 'path': '/home/kaisirius/btp/cav-platoons/src/paper_implementation', 'symlink_install': False, 'test_result_base': None}
[0.221s] Level 5:colcon.colcon_core.verb:set package 'polygon_base' build argument 'cmake_args' from command line to 'None'
[0.221s] Level 5:colcon.colcon_core.verb:set package 'polygon_base' build argument 'cmake_target' from command line to 'None'
[0.221s] Level 5:colcon.colcon_core.verb:set package 'polygon_base' build argument 'cmake_target_skip_unavailable' from command line to 'False'
[0.221s] Level 5:colcon.colcon_core.verb:set package 'polygon_base' build argument 'cmake_clean_cache' from command line to 'False'
[0.221s] Level 5:colcon.colcon_core.verb:set package 'polygon_base' build argument 'cmake_clean_first' from command line to 'False'
[0.221s] Level 5:colcon.colcon_core.verb:set package 'polygon_base' build argument 'cmake_force_configure' from command line to 'False'
[0.221s] Level 5:colcon.colcon_core.verb:set package 'polygon_base' build argument 'ament_cmake_args' from command line to 'None'
[0.221s] Level 5:colcon.colcon_core.verb:set package 'polygon_base' build argument 'catkin_cmake_args' from command line to 'None'
[0.221s] Level 5:colcon.colcon_core.verb:set package 'polygon_base' build argument 'catkin_skip_building_tests' from command line to 'False'
[0.221s] DEBUG:colcon.colcon_core.verb:Building package 'polygon_base' with the following arguments: {'ament_cmake_args': None, 'build_base': '/home/kaisirius/btp/cav-platoons/build/polygon_base', 'catkin_cmake_args': None, 'catkin_skip_building_tests': False, 'cmake_args': None, 'cmake_clean_cache': False, 'cmake_clean_first': False, 'cmake_force_configure': False, 'cmake_target': None, 'cmake_target_skip_unavailable': False, 'install_base': '/home/kaisirius/btp/cav-platoons/install/polygon_base', 'merge_install': False, 'path': '/home/kaisirius/btp/cav-platoons/src/polygon_base', 'symlink_install': False, 'test_result_base': None}
[0.221s] Level 5:colcon.colcon_core.verb:set package 'polygon_plugins' build argument 'cmake_args' from command line to 'None'
[0.221s] Level 5:colcon.colcon_core.verb:set package 'polygon_plugins' build argument 'cmake_target' from command line to 'None'
[0.221s] Level 5:colcon.colcon_core.verb:set package 'polygon_plugins' build argument 'cmake_target_skip_unavailable' from command line to 'False'
[0.221s] Level 5:colcon.colcon_core.verb:set package 'polygon_plugins' build argument 'cmake_clean_cache' from command line to 'False'
[0.221s] Level 5:colcon.colcon_core.verb:set package 'polygon_plugins' build argument 'cmake_clean_first' from command line to 'False'
[0.221s] Level 5:colcon.colcon_core.verb:set package 'polygon_plugins' build argument 'cmake_force_configure' from command line to 'False'
[0.221s] Level 5:colcon.colcon_core.verb:set package 'polygon_plugins' build argument 'ament_cmake_args' from command line to 'None'
[0.221s] Level 5:colcon.colcon_core.verb:set package 'polygon_plugins' build argument 'catkin_cmake_args' from command line to 'None'
[0.221s] Level 5:colcon.colcon_core.verb:set package 'polygon_plugins' build argument 'catkin_skip_building_tests' from command line to 'False'
[0.221s] DEBUG:colcon.colcon_core.verb:Building package 'polygon_plugins' with the following arguments: {'ament_cmake_args': None, 'build_base': '/home/kaisirius/btp/cav-platoons/build/polygon_plugins', 'catkin_cmake_args': None, 'catkin_skip_building_tests': False, 'cmake_args': None, 'cmake_clean_cache': False, 'cmake_clean_first': False, 'cmake_force_configure': False, 'cmake_target': None, 'cmake_target_skip_unavailable': False, 'install_base': '/home/kaisirius/btp/cav-platoons/install/polygon_plugins', 'merge_install': False, 'path': '/home/kaisirius/btp/cav-platoons/src/polygon_plugins', 'symlink_install': False, 'test_result_base': None}
[0.221s] INFO:colcon.colcon_core.executor:Executing jobs using 'parallel' executor
[0.222s] DEBUG:colcon.colcon_parallel_executor.executor.parallel:run_until_complete
[0.222s] INFO:colcon.colcon_ros.task.ament_cmake.build:Building ROS package in '/home/kaisirius/btp/cav-platoons/src/polygon_base' with build type 'ament_cmake'
[0.222s] INFO:colcon.colcon_cmake.task.cmake.build:Building CMake package in '/home/kaisirius/btp/cav-platoons/src/polygon_base'
[0.224s] INFO:colcon.colcon_core.plugin_system:Skipping extension 'colcon_core.shell.bat': Not used on non-Windows systems
[0.224s] INFO:colcon.colcon_core.shell:Skip shell extension 'powershell' for command environment: Not usable outside of PowerShell
[0.224s] DEBUG:colcon.colcon_core.shell:Skip shell extension 'dsv' for command environment
[0.226s] INFO:colcon.colcon_ros.task.ament_cmake.build:Building ROS package in '/home/kaisirius/btp/cav-platoons/src/more_interfaces' with build type 'ament_cmake'
[0.227s] INFO:colcon.colcon_cmake.task.cmake.build:Building CMake package in '/home/kaisirius/btp/cav-platoons/src/more_interfaces'
[0.227s] INFO:colcon.colcon_core.shell:Skip shell extension 'powershell' for command environment: Not usable outside of PowerShell
[0.227s] DEBUG:colcon.colcon_core.shell:Skip shell extension 'dsv' for command environment
[0.231s] INFO:colcon.colcon_ros.task.ament_cmake.build:Building ROS package in '/home/kaisirius/btp/cav-platoons/src/my_package' with build type 'ament_cmake'
[0.232s] INFO:colcon.colcon_cmake.task.cmake.build:Building CMake package in '/home/kaisirius/btp/cav-platoons/src/my_package'
[0.232s] INFO:colcon.colcon_core.shell:Skip shell extension 'powershell' for command environment: Not usable outside of PowerShell
[0.232s] DEBUG:colcon.colcon_core.shell:Skip shell extension 'dsv' for command environment
[0.240s] INFO:colcon.colcon_ros.task.ament_python.build:Building ROS package in '/home/kaisirius/btp/cav-platoons/src/my_robot_controller' with build type 'ament_python'
[0.240s] Level 1:colcon.colcon_core.shell:create_environment_hook('my_robot_controller', 'ament_prefix_path')
[0.241s] INFO:colcon.colcon_core.shell:Creating environment hook '/home/kaisirius/btp/cav-platoons/install/my_robot_controller/share/my_robot_controller/hook/ament_prefix_path.ps1'
[0.242s] INFO:colcon.colcon_core.shell:Creating environment descriptor '/home/kaisirius/btp/cav-platoons/install/my_robot_controller/share/my_robot_controller/hook/ament_prefix_path.dsv'
[0.242s] INFO:colcon.colcon_core.shell:Creating environment hook '/home/kaisirius/btp/cav-platoons/install/my_robot_controller/share/my_robot_controller/hook/ament_prefix_path.sh'
[0.243s] INFO:colcon.colcon_core.shell:Skip shell extension 'powershell' for command environment: Not usable outside of PowerShell
[0.243s] DEBUG:colcon.colcon_core.shell:Skip shell extension 'dsv' for command environment
[0.246s] INFO:colcon.colcon_ros.task.ament_python.build:Building ROS package in '/home/kaisirius/btp/cav-platoons/src/paper_implementation' with build type 'ament_python'
[0.247s] Level 1:colcon.colcon_core.shell:create_environment_hook('paper_implementation', 'ament_prefix_path')
[0.247s] INFO:colcon.colcon_core.shell:Creating environment hook '/home/kaisirius/btp/cav-platoons/install/paper_implementation/share/paper_implementation/hook/ament_prefix_path.ps1'
[0.247s] INFO:colcon.colcon_core.shell:Creating environment descriptor '/home/kaisirius/btp/cav-platoons/install/paper_implementation/share/paper_implementation/hook/ament_prefix_path.dsv'
[0.248s] INFO:colcon.colcon_core.shell:Creating environment hook '/home/kaisirius/btp/cav-platoons/install/paper_implementation/share/paper_implementation/hook/ament_prefix_path.sh'
[0.248s] INFO:colcon.colcon_core.shell:Skip shell extension 'powershell' for command environment: Not usable outside of PowerShell
[0.248s] DEBUG:colcon.colcon_core.shell:Skip shell extension 'dsv' for command environment
[0.262s] DEBUG:colcon.colcon_core.event_handler.log_command:Invoking command in '/home/kaisirius/btp/cav-platoons/build/polygon_base': CMAKE_PREFIX_PATH=${CMAKE_PREFIX_PATH}:/home/kaisirius/btp/cav-platoons/install/paper_implementation:/home/kaisirius/btp/cav-platoons/install/my_robot_controller:/home/kaisirius/ros2_ws/install/my_robot_controller:/opt/ros/humble /usr/bin/cmake --build /home/kaisirius/btp/cav-platoons/build/polygon_base -- -j12 -l12
[0.262s] DEBUG:colcon.colcon_core.event_handler.log_command:Invoking command in '/home/kaisirius/btp/cav-platoons/build/more_interfaces': CMAKE_PREFIX_PATH=${CMAKE_PREFIX_PATH}:/home/kaisirius/btp/cav-platoons/install/paper_implementation:/home/kaisirius/btp/cav-platoons/install/my_robot_controller:/home/kaisirius/ros2_ws/install/my_robot_controller:/opt/ros/humble /usr/bin/cmake --build /home/kaisirius/btp/cav-platoons/build/more_interfaces -- -j12 -l12
[0.266s] DEBUG:colcon.colcon_core.event_handler.log_command:Invoking command in '/home/kaisirius/btp/cav-platoons/build/my_package': CMAKE_PREFIX_PATH=${CMAKE_PREFIX_PATH}:/home/kaisirius/btp/cav-platoons/install/paper_implementation:/home/kaisirius/btp/cav-platoons/install/my_robot_controller:/home/kaisirius/ros2_ws/install/my_robot_controller:/opt/ros/humble /usr/bin/cmake --build /home/kaisirius/btp/cav-platoons/build/my_package -- -j12 -l12
[0.506s] INFO:colcon.colcon_core.task.python.build:Building Python package in '/home/kaisirius/btp/cav-platoons/src/my_robot_controller'
[0.506s] INFO:colcon.colcon_core.shell:Skip shell extension 'powershell' for command environment: Not usable outside of PowerShell
[0.506s] DEBUG:colcon.colcon_core.shell:Skip shell extension 'dsv' for command environment
[0.697s] INFO:colcon.colcon_core.task.python.build:Building Python package in '/home/kaisirius/btp/cav-platoons/src/paper_implementation'
[0.697s] INFO:colcon.colcon_core.shell:Skip shell extension 'powershell' for command environment: Not usable outside of PowerShell
[0.697s] DEBUG:colcon.colcon_core.shell:Skip shell extension 'dsv' for command environment
[0.700s] DEBUG:colcon.colcon_core.event_handler.log_command:Invoked command in '/home/kaisirius/btp/cav-platoons/build/my_package' returned '0': CMAKE_PREFIX_PATH=${CMAKE_PREFIX_PATH}:/home/kaisirius/btp/cav-platoons/install/paper_implementation:/home/kaisirius/btp/cav-platoons/install/my_robot_controller:/home/kaisirius/ros2_ws/install/my_robot_controller:/opt/ros/humble /usr/bin/cmake --build /home/kaisirius/btp/cav-platoons/build/my_package -- -j12 -l12
[0.709s] DEBUG:colcon.colcon_core.event_handler.log_command:Invoking command in '/home/kaisirius/btp/cav-platoons/build/my_package': CMAKE_PREFIX_PATH=${CMAKE_PREFIX_PATH}:/home/kaisirius/btp/cav-platoons/install/paper_implementation:/home/kaisirius/btp/cav-platoons/install/my_robot_controller:/home/kaisirius/ros2_ws/install/my_robot_controller:/opt/ros/humble /usr/bin/cmake --install /home/kaisirius/btp/cav-platoons/build/my_package
[0.712s] DEBUG:colcon.colcon_core.event_handler.log_command:Invoked command in '/home/kaisirius/btp/cav-platoons/build/polygon_base' returned '0': CMAKE_PREFIX_PATH=${CMAKE_PREFIX_PATH}:/home/kaisirius/btp/cav-platoons/install/paper_implementation:/home/kaisirius/btp/cav-platoons/install/my_robot_controller:/home/kaisirius/ros2_ws/install/my_robot_controller:/opt/ros/humble /usr/bin/cmake --build /home/kaisirius/btp/cav-platoons/build/polygon_base -- -j12 -l12
[0.713s] DEBUG:colcon.colcon_core.event_handler.log_command:Invoking command in '/home/kaisirius/btp/cav-platoons/build/polygon_base': CMAKE_PREFIX_PATH=${CMAKE_PREFIX_PATH}:/home/kaisirius/btp/cav-platoons/install/paper_implementation:/home/kaisirius/btp/cav-platoons/install/my_robot_controller:/home/kaisirius/ros2_ws/install/my_robot_controller:/opt/ros/humble /usr/bin/cmake --install /home/kaisirius/btp/cav-platoons/build/polygon_base
[0.716s] DEBUG:colcon.colcon_core.event_handler.log_command:Invoked command in '/home/kaisirius/btp/cav-platoons/build/more_interfaces' returned '0': CMAKE_PREFIX_PATH=${CMAKE_PREFIX_PATH}:/home/kaisirius/btp/cav-platoons/install/paper_implementation:/home/kaisirius/btp/cav-platoons/install/my_robot_controller:/home/kaisirius/ros2_ws/install/my_robot_controller:/opt/ros/humble /usr/bin/cmake --build /home/kaisirius/btp/cav-platoons/build/more_interfaces -- -j12 -l12
[0.717s] DEBUG:colcon.colcon_core.event_handler.log_command:Invoking command in '/home/kaisirius/btp/cav-platoons/build/more_interfaces': CMAKE_PREFIX_PATH=${CMAKE_PREFIX_PATH}:/home/kaisirius/btp/cav-platoons/install/paper_implementation:/home/kaisirius/btp/cav-platoons/install/my_robot_controller:/home/kaisirius/ros2_ws/install/my_robot_controller:/opt/ros/humble /usr/bin/cmake --install /home/kaisirius/btp/cav-platoons/build/more_interfaces
[0.726s] Level 1:colcon.colcon_core.environment:create_environment_scripts_only(my_package)
[0.730s] Level 1:colcon.colcon_core.environment:checking '/home/kaisirius/btp/cav-platoons/install/my_package' for CMake module files
[0.733s] Level 1:colcon.colcon_core.environment:checking '/home/kaisirius/btp/cav-platoons/install/my_package' for CMake config files
[0.737s] DEBUG:colcon.colcon_core.event_handler.log_command:Invoked command in '/home/kaisirius/btp/cav-platoons/build/my_package' returned '0': CMAKE_PREFIX_PATH=${CMAKE_PREFIX_PATH}:/home/kaisirius/btp/cav-platoons/install/paper_implementation:/home/kaisirius/btp/cav-platoons/install/my_robot_controller:/home/kaisirius/ros2_ws/install/my_robot_controller:/opt/ros/humble /usr/bin/cmake --install /home/kaisirius/btp/cav-platoons/build/my_package
[0.744s] Level 1:colcon.colcon_core.shell:create_environment_hook('my_package', 'cmake_prefix_path')
[0.744s] INFO:colcon.colcon_core.shell:Creating environment hook '/home/kaisirius/btp/cav-platoons/install/my_package/share/my_package/hook/cmake_prefix_path.ps1'
[0.745s] INFO:colcon.colcon_core.shell:Creating environment descriptor '/home/kaisirius/btp/cav-platoons/install/my_package/share/my_package/hook/cmake_prefix_path.dsv'
[0.745s] INFO:colcon.colcon_core.shell:Creating environment hook '/home/kaisirius/btp/cav-platoons/install/my_package/share/my_package/hook/cmake_prefix_path.sh'
[0.746s] Level 1:colcon.colcon_core.environment:checking '/home/kaisirius/btp/cav-platoons/install/my_package/lib'
[0.746s] Level 1:colcon.colcon_core.environment:checking '/home/kaisirius/btp/cav-platoons/install/my_package/bin'
[0.746s] Level 1:colcon.colcon_core.environment:checking '/home/kaisirius/btp/cav-platoons/install/my_package/lib/pkgconfig/my_package.pc'
[0.747s] Level 1:colcon.colcon_core.environment:checking '/home/kaisirius/btp/cav-platoons/install/my_package/lib/python3.10/site-packages'
[0.751s] Level 1:colcon.colcon_core.environment:checking '/home/kaisirius/btp/cav-platoons/install/my_package/bin'
[0.752s] INFO:colcon.colcon_core.shell:Creating package script '/home/kaisirius/btp/cav-platoons/install/my_package/share/my_package/package.ps1'
[0.753s] INFO:colcon.colcon_core.shell:Creating package descriptor '/home/kaisirius/btp/cav-platoons/install/my_package/share/my_package/package.dsv'
[0.754s] INFO:colcon.colcon_core.shell:Creating package script '/home/kaisirius/btp/cav-platoons/install/my_package/share/my_package/package.sh'
[0.754s] INFO:colcon.colcon_core.shell:Creating package script '/home/kaisirius/btp/cav-platoons/install/my_package/share/my_package/package.bash'
[0.760s] INFO:colcon.colcon_core.shell:Creating package script '/home/kaisirius/btp/cav-platoons/install/my_package/share/my_package/package.zsh'
[0.760s] Level 1:colcon.colcon_core.environment:create_file_with_runtime_dependencies(/home/kaisirius/btp/cav-platoons/install/my_package/share/colcon-core/packages/my_package)
[0.761s] Level 1:colcon.colcon_core.environment:create_environment_scripts_only(my_package)
[0.761s] Level 1:colcon.colcon_core.environment:checking '/home/kaisirius/btp/cav-platoons/install/my_package' for CMake module files
[0.767s] Level 1:colcon.colcon_core.environment:checking '/home/kaisirius/btp/cav-platoons/install/my_package' for CMake config files
[0.767s] Level 1:colcon.colcon_core.shell:create_environment_hook('my_package', 'cmake_prefix_path')
[0.767s] INFO:colcon.colcon_core.shell:Creating environment hook '/home/kaisirius/btp/cav-platoons/install/my_package/share/my_package/hook/cmake_prefix_path.ps1'
[0.768s] INFO:colcon.colcon_core.shell:Creating environment descriptor '/home/kaisirius/btp/cav-platoons/install/my_package/share/my_package/hook/cmake_prefix_path.dsv'
[0.769s] INFO:colcon.colcon_core.shell:Creating environment hook '/home/kaisirius/btp/cav-platoons/install/my_package/share/my_package/hook/cmake_prefix_path.sh'
[0.769s] Level 1:colcon.colcon_core.environment:checking '/home/kaisirius/btp/cav-platoons/install/my_package/lib'
[0.769s] Level 1:colcon.colcon_core.environment:checking '/home/kaisirius/btp/cav-platoons/install/my_package/bin'
[0.769s] Level 1:colcon.colcon_core.environment:checking '/home/kaisirius/btp/cav-platoons/install/my_package/lib/pkgconfig/my_package.pc'
[0.770s] Level 1:colcon.colcon_core.environment:checking '/home/kaisirius/btp/cav-platoons/install/my_package/lib/python3.10/site-packages'
[0.770s] Level 1:colcon.colcon_core.environment:checking '/home/kaisirius/btp/cav-platoons/install/my_package/bin'
[0.770s] INFO:colcon.colcon_core.shell:Creating package script '/home/kaisirius/btp/cav-platoons/install/my_package/share/my_package/package.ps1'
[0.771s] INFO:colcon.colcon_core.shell:Creating package descriptor '/home/kaisirius/btp/cav-platoons/install/my_package/share/my_package/package.dsv'
[0.771s] INFO:colcon.colcon_core.shell:Creating package script '/home/kaisirius/btp/cav-platoons/install/my_package/share/my_package/package.sh'
[0.772s] INFO:colcon.colcon_core.shell:Creating package script '/home/kaisirius/btp/cav-platoons/install/my_package/share/my_package/package.bash'
[0.772s] INFO:colcon.colcon_core.shell:Creating package script '/home/kaisirius/btp/cav-platoons/install/my_package/share/my_package/package.zsh'
[0.773s] Level 1:colcon.colcon_core.environment:create_file_with_runtime_dependencies(/home/kaisirius/btp/cav-platoons/install/my_package/share/colcon-core/packages/my_package)
[0.774s] Level 1:colcon.colcon_core.environment:create_environment_scripts_only(polygon_base)
[0.774s] Level 1:colcon.colcon_core.environment:checking '/home/kaisirius/btp/cav-platoons/install/polygon_base' for CMake module files
[0.775s] Level 1:colcon.colcon_core.environment:checking '/home/kaisirius/btp/cav-platoons/install/polygon_base' for CMake config files
[0.775s] Level 1:colcon.colcon_core.shell:create_environment_hook('polygon_base', 'cmake_prefix_path')
[0.775s] INFO:colcon.colcon_core.shell:Creating environment hook '/home/kaisirius/btp/cav-platoons/install/polygon_base/share/polygon_base/hook/cmake_prefix_path.ps1'
[0.776s] INFO:colcon.colcon_core.shell:Creating environment descriptor '/home/kaisirius/btp/cav-platoons/install/polygon_base/share/polygon_base/hook/cmake_prefix_path.dsv'
[0.776s] DEBUG:colcon.colcon_core.event_handler.log_command:Invoked command in '/home/kaisirius/btp/cav-platoons/build/polygon_base' returned '0': CMAKE_PREFIX_PATH=${CMAKE_PREFIX_PATH}:/home/kaisirius/btp/cav-platoons/install/paper_implementation:/home/kaisirius/btp/cav-platoons/install/my_robot_controller:/home/kaisirius/ros2_ws/install/my_robot_controller:/opt/ros/humble /usr/bin/cmake --install /home/kaisirius/btp/cav-platoons/build/polygon_base
[0.777s] INFO:colcon.colcon_core.shell:Creating environment hook '/home/kaisirius/btp/cav-platoons/install/polygon_base/share/polygon_base/hook/cmake_prefix_path.sh'
[0.777s] Level 1:colcon.colcon_core.environment:checking '/home/kaisirius/btp/cav-platoons/install/polygon_base/lib'
[0.777s] Level 1:colcon.colcon_core.environment:checking '/home/kaisirius/btp/cav-platoons/install/polygon_base/bin'
[0.777s] Level 1:colcon.colcon_core.environment:checking '/home/kaisirius/btp/cav-platoons/install/polygon_base/lib/pkgconfig/polygon_base.pc'
[0.778s] Level 1:colcon.colcon_core.environment:checking '/home/kaisirius/btp/cav-platoons/install/polygon_base/lib/python3.10/site-packages'
[0.778s] Level 1:colcon.colcon_core.environment:checking '/home/kaisirius/btp/cav-platoons/install/polygon_base/bin'
[0.778s] INFO:colcon.colcon_core.shell:Creating package script '/home/kaisirius/btp/cav-platoons/install/polygon_base/share/polygon_base/package.ps1'
[0.779s] INFO:colcon.colcon_core.shell:Creating package descriptor '/home/kaisirius/btp/cav-platoons/install/polygon_base/share/polygon_base/package.dsv'
[0.779s] INFO:colcon.colcon_core.shell:Creating package script '/home/kaisirius/btp/cav-platoons/install/polygon_base/share/polygon_base/package.sh'
[0.780s] INFO:colcon.colcon_core.shell:Creating package script '/home/kaisirius/btp/cav-platoons/install/polygon_base/share/polygon_base/package.bash'
[0.780s] INFO:colcon.colcon_core.shell:Creating package script '/home/kaisirius/btp/cav-platoons/install/polygon_base/share/polygon_base/package.zsh'
[0.780s] Level 1:colcon.colcon_core.environment:create_file_with_runtime_dependencies(/home/kaisirius/btp/cav-platoons/install/polygon_base/share/colcon-core/packages/polygon_base)
[0.781s] Level 1:colcon.colcon_core.environment:create_environment_scripts_only(polygon_base)
[0.781s] Level 1:colcon.colcon_core.environment:checking '/home/kaisirius/btp/cav-platoons/install/polygon_base' for CMake module files
[0.782s] Level 1:colcon.colcon_core.environment:checking '/home/kaisirius/btp/cav-platoons/install/polygon_base' for CMake config files
[0.782s] Level 1:colcon.colcon_core.shell:create_environment_hook('polygon_base', 'cmake_prefix_path')
[0.782s] INFO:colcon.colcon_core.shell:Creating environment hook '/home/kaisirius/btp/cav-platoons/install/polygon_base/share/polygon_base/hook/cmake_prefix_path.ps1'
[0.783s] INFO:colcon.colcon_core.shell:Creating environment descriptor '/home/kaisirius/btp/cav-platoons/install/polygon_base/share/polygon_base/hook/cmake_prefix_path.dsv'
[0.783s] INFO:colcon.colcon_core.shell:Creating environment hook '/home/kaisirius/btp/cav-platoons/install/polygon_base/share/polygon_base/hook/cmake_prefix_path.sh'
[0.784s] Level 1:colcon.colcon_core.environment:checking '/home/kaisirius/btp/cav-platoons/install/polygon_base/lib'
[0.784s] Level 1:colcon.colcon_core.environment:checking '/home/kaisirius/btp/cav-platoons/install/polygon_base/bin'
[0.784s] Level 1:colcon.colcon_core.environment:checking '/home/kaisirius/btp/cav-platoons/install/polygon_base/lib/pkgconfig/polygon_base.pc'
[0.784s] Level 1:colcon.colcon_core.environment:checking '/home/kaisirius/btp/cav-platoons/install/polygon_base/lib/python3.10/site-packages'
[0.784s] Level 1:colcon.colcon_core.environment:checking '/home/kaisirius/btp/cav-platoons/install/polygon_base/bin'
[0.784s] INFO:colcon.colcon_core.shell:Creating package script '/home/kaisirius/btp/cav-platoons/install/polygon_base/share/polygon_base/package.ps1'
[0.785s] INFO:colcon.colcon_core.shell:Creating package descriptor '/home/kaisirius/btp/cav-platoons/install/polygon_base/share/polygon_base/package.dsv'
[0.785s] INFO:colcon.colcon_core.shell:Creating package script '/home/kaisirius/btp/cav-platoons/install/polygon_base/share/polygon_base/package.sh'
[0.786s] INFO:colcon.colcon_core.shell:Creating package script '/home/kaisirius/btp/cav-platoons/install/polygon_base/share/polygon_base/package.bash'
[0.786s] INFO:colcon.colcon_core.shell:Creating package script '/home/kaisirius/btp/cav-platoons/install/polygon_base/share/polygon_base/package.zsh'
[0.786s] Level 1:colcon.colcon_core.environment:create_file_with_runtime_dependencies(/home/kaisirius/btp/cav-platoons/install/polygon_base/share/colcon-core/packages/polygon_base)
[0.787s] INFO:colcon.colcon_ros.task.ament_cmake.build:Building ROS package in '/home/kaisirius/btp/cav-platoons/src/polygon_plugins' with build type 'ament_cmake'
[0.787s] INFO:colcon.colcon_cmake.task.cmake.build:Building CMake package in '/home/kaisirius/btp/cav-platoons/src/polygon_plugins'
[0.787s] INFO:colcon.colcon_core.shell:Skip shell extension 'powershell' for command environment: Not usable outside of PowerShell
[0.787s] DEBUG:colcon.colcon_core.shell:Skip shell extension 'dsv' for command environment
[0.803s] DEBUG:colcon.colcon_core.event_handler.log_command:Invoking command in '/home/kaisirius/btp/cav-platoons/build/polygon_plugins': CMAKE_PREFIX_PATH=/home/kaisirius/btp/cav-platoons/install/polygon_base:/home/kaisirius/btp/cav-platoons/install/polygon_plugins:/home/kaisirius/btp/cav-platoons/install/my_package:/home/kaisirius/btp/cav-platoons/install/more_interfaces:/home/kaisirius/btp/cav-platoons/install/paper_implementation:/home/kaisirius/btp/cav-platoons/install/my_robot_controller:/home/kaisirius/ros2_ws/install/my_robot_controller:/opt/ros/humble /usr/bin/cmake --build /home/kaisirius/btp/cav-platoons/build/polygon_plugins -- -j12 -l12
[0.813s] Level 1:colcon.colcon_core.environment:create_environment_scripts_only(more_interfaces)
[0.814s] Level 1:colcon.colcon_core.environment:checking '/home/kaisirius/btp/cav-platoons/install/more_interfaces' for CMake module files
[0.815s] Level 1:colcon.colcon_core.environment:checking '/home/kaisirius/btp/cav-platoons/install/more_interfaces' for CMake config files
[0.815s] Level 1:colcon.colcon_core.shell:create_environment_hook('more_interfaces', 'cmake_prefix_path')
[0.816s] INFO:colcon.colcon_core.shell:Creating environment hook '/home/kaisirius/btp/cav-platoons/install/more_interfaces/share/more_interfaces/hook/cmake_prefix_path.ps1'
[0.816s] INFO:colcon.colcon_core.shell:Creating environment descriptor '/home/kaisirius/btp/cav-platoons/install/more_interfaces/share/more_interfaces/hook/cmake_prefix_path.dsv'
[0.817s] INFO:colcon.colcon_core.shell:Creating environment hook '/home/kaisirius/btp/cav-platoons/install/more_interfaces/share/more_interfaces/hook/cmake_prefix_path.sh'
[0.818s] Level 1:colcon.colcon_core.environment:checking '/home/kaisirius/btp/cav-platoons/install/more_interfaces/lib'
[0.818s] Level 1:colcon.colcon_core.shell:create_environment_hook('more_interfaces', 'ld_library_path_lib')
[0.818s] INFO:colcon.colcon_core.shell:Creating environment hook '/home/kaisirius/btp/cav-platoons/install/more_interfaces/share/more_interfaces/hook/ld_library_path_lib.ps1'
[0.819s] DEBUG:colcon.colcon_core.event_handler.log_command:Invoked command in '/home/kaisirius/btp/cav-platoons/build/more_interfaces' returned '0': CMAKE_PREFIX_PATH=${CMAKE_PREFIX_PATH}:/home/kaisirius/btp/cav-platoons/install/paper_implementation:/home/kaisirius/btp/cav-platoons/install/my_robot_controller:/home/kaisirius/ros2_ws/install/my_robot_controller:/opt/ros/humble /usr/bin/cmake --install /home/kaisirius/btp/cav-platoons/build/more_interfaces
[0.819s] INFO:colcon.colcon_core.shell:Creating environment descriptor '/home/kaisirius/btp/cav-platoons/install/more_interfaces/share/more_interfaces/hook/ld_library_path_lib.dsv'
[0.820s] INFO:colcon.colcon_core.shell:Creating environment hook '/home/kaisirius/btp/cav-platoons/install/more_interfaces/share/more_interfaces/hook/ld_library_path_lib.sh'
[0.820s] Level 1:colcon.colcon_core.environment:checking '/home/kaisirius/btp/cav-platoons/install/more_interfaces/bin'
[0.821s] Level 1:colcon.colcon_core.environment:checking '/home/kaisirius/btp/cav-platoons/install/more_interfaces/lib/pkgconfig/more_interfaces.pc'
[0.821s] Level 1:colcon.colcon_core.environment:checking '/home/kaisirius/btp/cav-platoons/install/more_interfaces/lib/python3.10/site-packages'
[0.821s] Level 1:colcon.colcon_core.environment:checking '/home/kaisirius/btp/cav-platoons/install/more_interfaces/bin'
[0.822s] INFO:colcon.colcon_core.shell:Creating package script '/home/kaisirius/btp/cav-platoons/install/more_interfaces/share/more_interfaces/package.ps1'
[0.823s] INFO:colcon.colcon_core.shell:Creating package descriptor '/home/kaisirius/btp/cav-platoons/install/more_interfaces/share/more_interfaces/package.dsv'
[0.823s] INFO:colcon.colcon_core.shell:Creating package script '/home/kaisirius/btp/cav-platoons/install/more_interfaces/share/more_interfaces/package.sh'
[0.824s] INFO:colcon.colcon_core.shell:Creating package script '/home/kaisirius/btp/cav-platoons/install/more_interfaces/share/more_interfaces/package.bash'
[0.824s] INFO:colcon.colcon_core.shell:Creating package script '/home/kaisirius/btp/cav-platoons/install/more_interfaces/share/more_interfaces/package.zsh'
[0.825s] Level 1:colcon.colcon_core.environment:create_file_with_runtime_dependencies(/home/kaisirius/btp/cav-platoons/install/more_interfaces/share/colcon-core/packages/more_interfaces)
[0.826s] Level 1:colcon.colcon_core.environment:create_environment_scripts_only(more_interfaces)
[0.826s] Level 1:colcon.colcon_core.environment:checking '/home/kaisirius/btp/cav-platoons/install/more_interfaces' for CMake module files
[0.827s] Level 1:colcon.colcon_core.environment:checking '/home/kaisirius/btp/cav-platoons/install/more_interfaces' for CMake config files
[0.828s] Level 1:colcon.colcon_core.shell:create_environment_hook('more_interfaces', 'cmake_prefix_path')
[0.828s] INFO:colcon.colcon_core.shell:Creating environment hook '/home/kaisirius/btp/cav-platoons/install/more_interfaces/share/more_interfaces/hook/cmake_prefix_path.ps1'
[0.828s] INFO:colcon.colcon_core.shell:Creating environment descriptor '/home/kaisirius/btp/cav-platoons/install/more_interfaces/share/more_interfaces/hook/cmake_prefix_path.dsv'
[0.829s] INFO:colcon.colcon_core.shell:Creating environment hook '/home/kaisirius/btp/cav-platoons/install/more_interfaces/share/more_interfaces/hook/cmake_prefix_path.sh'
[0.830s] Level 1:colcon.colcon_core.environment:checking '/home/kaisirius/btp/cav-platoons/install/more_interfaces/lib'
[0.830s] Level 1:colcon.colcon_core.shell:create_environment_hook('more_interfaces', 'ld_library_path_lib')
[0.830s] INFO:colcon.colcon_core.shell:Creating environment hook '/home/kaisirius/btp/cav-platoons/install/more_interfaces/share/more_interfaces/hook/ld_library_path_lib.ps1'
[0.831s] INFO:colcon.colcon_core.shell:Creating environment descriptor '/home/kaisirius/btp/cav-platoons/install/more_interfaces/share/more_interfaces/hook/ld_library_path_lib.dsv'
[0.832s] INFO:colcon.colcon_core.shell:Creating environment hook '/home/kaisirius/btp/cav-platoons/install/more_interfaces/share/more_interfaces/hook/ld_library_path_lib.sh'
[0.832s] Level 1:colcon.colcon_core.environment:checking '/home/kaisirius/btp/cav-platoons/install/more_interfaces/bin'
[0.832s] Level 1:colcon.colcon_core.environment:checking '/home/kaisirius/btp/cav-platoons/install/more_interfaces/lib/pkgconfig/more_interfaces.pc'
[0.833s] Level 1:colcon.colcon_core.environment:checking '/home/kaisirius/btp/cav-platoons/install/more_interfaces/lib/python3.10/site-packages'
[0.834s] Level 1:colcon.colcon_core.environment:checking '/home/kaisirius/btp/cav-platoons/install/more_interfaces/bin'
[0.834s] INFO:colcon.colcon_core.shell:Creating package script '/home/kaisirius/btp/cav-platoons/install/more_interfaces/share/more_interfaces/package.ps1'
[0.835s] INFO:colcon.colcon_core.shell:Creating package descriptor '/home/kaisirius/btp/cav-platoons/install/more_interfaces/share/more_interfaces/package.dsv'
[0.836s] INFO:colcon.colcon_core.shell:Creating package script '/home/kaisirius/btp/cav-platoons/install/more_interfaces/share/more_interfaces/package.sh'
[0.836s] INFO:colcon.colcon_core.shell:Creating package script '/home/kaisirius/btp/cav-platoons/install/more_interfaces/share/more_interfaces/package.bash'
[0.837s] INFO:colcon.colcon_core.shell:Creating package script '/home/kaisirius/btp/cav-platoons/install/more_interfaces/share/more_interfaces/package.zsh'
[0.838s] Level 1:colcon.colcon_core.environment:create_file_with_runtime_dependencies(/home/kaisirius/btp/cav-platoons/install/more_interfaces/share/colcon-core/packages/more_interfaces)
[0.866s] DEBUG:colcon.colcon_core.event_handler.log_command:Invoked command in '/home/kaisirius/btp/cav-platoons/build/polygon_plugins' returned '0': CMAKE_PREFIX_PATH=/home/kaisirius/btp/cav-platoons/install/polygon_base:/home/kaisirius/btp/cav-platoons/install/polygon_plugins:/home/kaisirius/btp/cav-platoons/install/my_package:/home/kaisirius/btp/cav-platoons/install/more_interfaces:/home/kaisirius/btp/cav-platoons/install/paper_implementation:/home/kaisirius/btp/cav-platoons/install/my_robot_controller:/home/kaisirius/ros2_ws/install/my_robot_controller:/opt/ros/humble /usr/bin/cmake --build /home/kaisirius/btp/cav-platoons/build/polygon_plugins -- -j12 -l12
[0.867s] DEBUG:colcon.colcon_core.event_handler.log_command:Invoking command in '/home/kaisirius/btp/cav-platoons/build/polygon_plugins': CMAKE_PREFIX_PATH=/home/kaisirius/btp/cav-platoons/install/polygon_base:/home/kaisirius/btp/cav-platoons/install/polygon_plugins:/home/kaisirius/btp/cav-platoons/install/my_package:/home/kaisirius/btp/cav-platoons/install/more_interfaces:/home/kaisirius/btp/cav-platoons/install/paper_implementation:/home/kaisirius/btp/cav-platoons/install/my_robot_controller:/home/kaisirius/ros2_ws/install/my_robot_controller:/opt/ros/humble /usr/bin/cmake --install /home/kaisirius/btp/cav-platoons/build/polygon_plugins
[0.884s] Level 1:colcon.colcon_core.environment:create_environment_scripts_only(polygon_plugins)
[0.884s] Level 1:colcon.colcon_core.environment:checking '/home/kaisirius/btp/cav-platoons/install/polygon_plugins' for CMake module files
[0.885s] DEBUG:colcon.colcon_core.event_handler.log_command:Invoked command in '/home/kaisirius/btp/cav-platoons/build/polygon_plugins' returned '0': CMAKE_PREFIX_PATH=/home/kaisirius/btp/cav-platoons/install/polygon_base:/home/kaisirius/btp/cav-platoons/install/polygon_plugins:/home/kaisirius/btp/cav-platoons/install/my_package:/home/kaisirius/btp/cav-platoons/install/more_interfaces:/home/kaisirius/btp/cav-platoons/install/paper_implementation:/home/kaisirius/btp/cav-platoons/install/my_robot_controller:/home/kaisirius/ros2_ws/install/my_robot_controller:/opt/ros/humble /usr/bin/cmake --install /home/kaisirius/btp/cav-platoons/build/polygon_plugins
[0.885s] Level 1:colcon.colcon_core.environment:checking '/home/kaisirius/btp/cav-platoons/install/polygon_plugins' for CMake config files
[0.886s] Level 1:colcon.colcon_core.shell:create_environment_hook('polygon_plugins', 'cmake_prefix_path')
[0.886s] INFO:colcon.colcon_core.shell:Creating environment hook '/home/kaisirius/btp/cav-platoons/install/polygon_plugins/share/polygon_plugins/hook/cmake_prefix_path.ps1'
[0.887s] INFO:colcon.colcon_core.shell:Creating environment descriptor '/home/kaisirius/btp/cav-platoons/install/polygon_plugins/share/polygon_plugins/hook/cmake_prefix_path.dsv'
[0.887s] INFO:colcon.colcon_core.shell:Creating environment hook '/home/kaisirius/btp/cav-platoons/install/polygon_plugins/share/polygon_plugins/hook/cmake_prefix_path.sh'
[0.888s] Level 1:colcon.colcon_core.environment:checking '/home/kaisirius/btp/cav-platoons/install/polygon_plugins/lib'
[0.888s] Level 1:colcon.colcon_core.shell:create_environment_hook('polygon_plugins', 'ld_library_path_lib')
[0.888s] INFO:colcon.colcon_core.shell:Creating environment hook '/home/kaisirius/btp/cav-platoons/install/polygon_plugins/share/polygon_plugins/hook/ld_library_path_lib.ps1'
[0.889s] INFO:colcon.colcon_core.shell:Creating environment descriptor '/home/kaisirius/btp/cav-platoons/install/polygon_plugins/share/polygon_plugins/hook/ld_library_path_lib.dsv'
[0.889s] INFO:colcon.colcon_core.shell:Creating environment hook '/home/kaisirius/btp/cav-platoons/install/polygon_plugins/share/polygon_plugins/hook/ld_library_path_lib.sh'
[0.891s] Level 1:colcon.colcon_core.environment:checking '/home/kaisirius/btp/cav-platoons/install/polygon_plugins/bin'
[0.891s] Level 1:colcon.colcon_core.environment:checking '/home/kaisirius/btp/cav-platoons/install/polygon_plugins/lib/pkgconfig/polygon_plugins.pc'
[0.891s] Level 1:colcon.colcon_core.environment:checking '/home/kaisirius/btp/cav-platoons/install/polygon_plugins/lib/python3.10/site-packages'
[0.892s] Level 1:colcon.colcon_core.environment:checking '/home/kaisirius/btp/cav-platoons/install/polygon_plugins/bin'
[0.892s] INFO:colcon.colcon_core.shell:Creating package script '/home/kaisirius/btp/cav-platoons/install/polygon_plugins/share/polygon_plugins/package.ps1'
[0.893s] INFO:colcon.colcon_core.shell:Creating package descriptor '/home/kaisirius/btp/cav-platoons/install/polygon_plugins/share/polygon_plugins/package.dsv'
[0.893s] INFO:colcon.colcon_core.shell:Creating package script '/home/kaisirius/btp/cav-platoons/install/polygon_plugins/share/polygon_plugins/package.sh'
[0.894s] INFO:colcon.colcon_core.shell:Creating package script '/home/kaisirius/btp/cav-platoons/install/polygon_plugins/share/polygon_plugins/package.bash'
[0.894s] INFO:colcon.colcon_core.shell:Creating package script '/home/kaisirius/btp/cav-platoons/install/polygon_plugins/share/polygon_plugins/package.zsh'
[0.895s] Level 1:colcon.colcon_core.environment:create_file_with_runtime_dependencies(/home/kaisirius/btp/cav-platoons/install/polygon_plugins/share/colcon-core/packages/polygon_plugins)
[0.896s] Level 1:colcon.colcon_core.environment:create_environment_scripts_only(polygon_plugins)
[0.896s] Level 1:colcon.colcon_core.environment:checking '/home/kaisirius/btp/cav-platoons/install/polygon_plugins' for CMake module files
[0.896s] Level 1:colcon.colcon_core.environment:checking '/home/kaisirius/btp/cav-platoons/install/polygon_plugins' for CMake config files
[0.897s] Level 1:colcon.colcon_core.shell:create_environment_hook('polygon_plugins', 'cmake_prefix_path')
[0.897s] INFO:colcon.colcon_core.shell:Creating environment hook '/home/kaisirius/btp/cav-platoons/install/polygon_plugins/share/polygon_plugins/hook/cmake_prefix_path.ps1'
[0.898s] INFO:colcon.colcon_core.shell:Creating environment descriptor '/home/kaisirius/btp/cav-platoons/install/polygon_plugins/share/polygon_plugins/hook/cmake_prefix_path.dsv'
[0.898s] INFO:colcon.colcon_core.shell:Creating environment hook '/home/kaisirius/btp/cav-platoons/install/polygon_plugins/share/polygon_plugins/hook/cmake_prefix_path.sh'
[0.899s] Level 1:colcon.colcon_core.environment:checking '/home/kaisirius/btp/cav-platoons/install/polygon_plugins/lib'
[0.899s] Level 1:colcon.colcon_core.shell:create_environment_hook('polygon_plugins', 'ld_library_path_lib')
[0.900s] INFO:colcon.colcon_core.shell:Creating environment hook '/home/kaisirius/btp/cav-platoons/install/polygon_plugins/share/polygon_plugins/hook/ld_library_path_lib.ps1'
[0.900s] INFO:colcon.colcon_core.shell:Creating environment descriptor '/home/kaisirius/btp/cav-platoons/install/polygon_plugins/share/polygon_plugins/hook/ld_library_path_lib.dsv'
[0.901s] INFO:colcon.colcon_core.shell:Creating environment hook '/home/kaisirius/btp/cav-platoons/install/polygon_plugins/share/polygon_plugins/hook/ld_library_path_lib.sh'
[0.902s] Level 1:colcon.colcon_core.environment:checking '/home/kaisirius/btp/cav-platoons/install/polygon_plugins/bin'
[0.902s] Level 1:colcon.colcon_core.environment:checking '/home/kaisirius/btp/cav-platoons/install/polygon_plugins/lib/pkgconfig/polygon_plugins.pc'
[0.902s] Level 1:colcon.colcon_core.environment:checking '/home/kaisirius/btp/cav-platoons/install/polygon_plugins/lib/python3.10/site-packages'
[0.903s] Level 1:colcon.colcon_core.environment:checking '/home/kaisirius/btp/cav-platoons/install/polygon_plugins/bin'
[0.903s] INFO:colcon.colcon_core.shell:Creating package script '/home/kaisirius/btp/cav-platoons/install/polygon_plugins/share/polygon_plugins/package.ps1'
[0.904s] INFO:colcon.colcon_core.shell:Creating package descriptor '/home/kaisirius/btp/cav-platoons/install/polygon_plugins/share/polygon_plugins/package.dsv'
[0.904s] INFO:colcon.colcon_core.shell:Creating package script '/home/kaisirius/btp/cav-platoons/install/polygon_plugins/share/polygon_plugins/package.sh'
[0.904s] INFO:colcon.colcon_core.shell:Creating package script '/home/kaisirius/btp/cav-platoons/install/polygon_plugins/share/polygon_plugins/package.bash'
[0.905s] INFO:colcon.colcon_core.shell:Creating package script '/home/kaisirius/btp/cav-platoons/install/polygon_plugins/share/polygon_plugins/package.zsh'
[0.905s] Level 1:colcon.colcon_core.environment:create_file_with_runtime_dependencies(/home/kaisirius/btp/cav-platoons/install/polygon_plugins/share/colcon-core/packages/polygon_plugins)
[1.034s] DEBUG:colcon.colcon_core.event_handler.log_command:Invoking command in '/home/kaisirius/btp/cav-platoons/src/my_robot_controller': PYTHONPATH=/home/kaisirius/btp/cav-platoons/build/my_robot_controller/prefix_override:/usr/lib/python3/dist-packages/colcon_core/task/python/colcon_distutils_commands:/home/kaisirius/btp/cav-platoons/install/my_robot_controller/lib/python3.10/site-packages:${PYTHONPATH} /usr/bin/python3 -W ignore:setup.py install is deprecated -W ignore:easy_install command is deprecated setup.py egg_info --egg-base ../../build/my_robot_controller build --build-base /home/kaisirius/btp/cav-platoons/build/my_robot_controller/build install --record /home/kaisirius/btp/cav-platoons/build/my_robot_controller/install.log --single-version-externally-managed install_data
[1.040s] DEBUG:colcon.colcon_core.event_handler.log_command:Invoking command in '/home/kaisirius/btp/cav-platoons/src/paper_implementation': PYTHONPATH=/home/kaisirius/btp/cav-platoons/build/paper_implementation/prefix_override:/usr/lib/python3/dist-packages/colcon_core/task/python/colcon_distutils_commands:/home/kaisirius/btp/cav-platoons/install/paper_implementation/lib/python3.10/site-packages:${PYTHONPATH} /usr/bin/python3 -W ignore:setup.py install is deprecated -W ignore:easy_install command is deprecated setup.py egg_info --egg-base ../../build/paper_implementation build --build-base /home/kaisirius/btp/cav-platoons/build/paper_implementation/build install --record /home/kaisirius/btp/cav-platoons/build/paper_implementation/install.log --single-version-externally-managed install_data
[1.271s] Level 1:colcon.colcon_core.environment:checking '/home/kaisirius/btp/cav-platoons/install/my_robot_controller' for CMake module files
[1.272s] Level 1:colcon.colcon_core.environment:checking '/home/kaisirius/btp/cav-platoons/install/my_robot_controller' for CMake config files
[1.272s] Level 1:colcon.colcon_core.environment:checking '/home/kaisirius/btp/cav-platoons/install/my_robot_controller/lib'
[1.272s] Level 1:colcon.colcon_core.environment:checking '/home/kaisirius/btp/cav-platoons/install/my_robot_controller/bin'
[1.272s] Level 1:colcon.colcon_core.environment:checking '/home/kaisirius/btp/cav-platoons/install/my_robot_controller/lib/pkgconfig/my_robot_controller.pc'
[1.273s] Level 1:colcon.colcon_core.environment:checking '/home/kaisirius/btp/cav-platoons/install/my_robot_controller/lib/python3.10/site-packages'
[1.273s] Level 1:colcon.colcon_core.shell:create_environment_hook('my_robot_controller', 'pythonpath')
[1.273s] INFO:colcon.colcon_core.shell:Creating environment hook '/home/kaisirius/btp/cav-platoons/install/my_robot_controller/share/my_robot_controller/hook/pythonpath.ps1'
[1.273s] DEBUG:colcon.colcon_core.event_handler.log_command:Invoked command in '/home/kaisirius/btp/cav-platoons/src/my_robot_controller' returned '0': PYTHONPATH=/home/kaisirius/btp/cav-platoons/build/my_robot_controller/prefix_override:/usr/lib/python3/dist-packages/colcon_core/task/python/colcon_distutils_commands:/home/kaisirius/btp/cav-platoons/install/my_robot_controller/lib/python3.10/site-packages:${PYTHONPATH} /usr/bin/python3 -W ignore:setup.py install is deprecated -W ignore:easy_install command is deprecated setup.py egg_info --egg-base ../../build/my_robot_controller build --build-base /home/kaisirius/btp/cav-platoons/build/my_robot_controller/build install --record /home/kaisirius/btp/cav-platoons/build/my_robot_controller/install.log --single-version-externally-managed install_data
[1.274s] INFO:colcon.colcon_core.shell:Creating environment descriptor '/home/kaisirius/btp/cav-platoons/install/my_robot_controller/share/my_robot_controller/hook/pythonpath.dsv'
[1.274s] INFO:colcon.colcon_core.shell:Creating environment hook '/home/kaisirius/btp/cav-platoons/install/my_robot_controller/share/my_robot_controller/hook/pythonpath.sh'
[1.275s] Level 1:colcon.colcon_core.environment:checking '/home/kaisirius/btp/cav-platoons/install/my_robot_controller/bin'
[1.275s] Level 1:colcon.colcon_core.environment:create_environment_scripts_only(my_robot_controller)
[1.275s] INFO:colcon.colcon_core.shell:Creating package script '/home/kaisirius/btp/cav-platoons/install/my_robot_controller/share/my_robot_controller/package.ps1'
[1.276s] INFO:colcon.colcon_core.shell:Creating package descriptor '/home/kaisirius/btp/cav-platoons/install/my_robot_controller/share/my_robot_controller/package.dsv'
[1.276s] INFO:colcon.colcon_core.shell:Creating package script '/home/kaisirius/btp/cav-platoons/install/my_robot_controller/share/my_robot_controller/package.sh'
[1.277s] INFO:colcon.colcon_core.shell:Creating package script '/home/kaisirius/btp/cav-platoons/install/my_robot_controller/share/my_robot_controller/package.bash'
[1.277s] INFO:colcon.colcon_core.shell:Creating package script '/home/kaisirius/btp/cav-platoons/install/my_robot_controller/share/my_robot_controller/package.zsh'
[1.277s] Level 1:colcon.colcon_core.environment:create_file_with_runtime_dependencies(/home/kaisirius/btp/cav-platoons/install/my_robot_controller/share/colcon-core/packages/my_robot_controller)
[1.279s] Level 1:colcon.colcon_core.environment:checking '/home/kaisirius/btp/cav-platoons/install/paper_implementation' for CMake module files
[1.279s] Level 1:colcon.colcon_core.environment:checking '/home/kaisirius/btp/cav-platoons/install/paper_implementation' for CMake config files
[1.280s] DEBUG:colcon.colcon_core.event_handler.log_command:Invoked command in '/home/kaisirius/btp/cav-platoons/src/paper_implementation' returned '0': PYTHONPATH=/home/kaisirius/btp/cav-platoons/build/paper_implementation/prefix_override:/usr/lib/python3/dist-packages/colcon_core/task/python/colcon_distutils_commands:/home/kaisirius/btp/cav-platoons/install/paper_implementation/lib/python3.10/site-packages:${PYTHONPATH} /usr/bin/python3 -W ignore:setup.py install is deprecated -W ignore:easy_install command is deprecated setup.py egg_info --egg-base ../../build/paper_implementation build --build-base /home/kaisirius/btp/cav-platoons/build/paper_implementation/build install --record /home/kaisirius/btp/cav-platoons/build/paper_implementation/install.log --single-version-externally-managed install_data
[1.280s] Level 1:colcon.colcon_core.environment:checking '/home/kaisirius/btp/cav-platoons/install/paper_implementation/lib'
[1.280s] Level 1:colcon.colcon_core.environment:checking '/home/kaisirius/btp/cav-platoons/install/paper_implementation/bin'
[1.280s] Level 1:colcon.colcon_core.environment:checking '/home/kaisirius/btp/cav-platoons/install/paper_implementation/lib/pkgconfig/paper_implementation.pc'
[1.280s] Level 1:colcon.colcon_core.environment:checking '/home/kaisirius/btp/cav-platoons/install/paper_implementation/lib/python3.10/site-packages'
[1.280s] Level 1:colcon.colcon_core.shell:create_environment_hook('paper_implementation', 'pythonpath')
[1.281s] INFO:colcon.colcon_core.shell:Creating environment hook '/home/kaisirius/btp/cav-platoons/install/paper_implementation/share/paper_implementation/hook/pythonpath.ps1'
[1.281s] INFO:colcon.colcon_core.shell:Creating environment descriptor '/home/kaisirius/btp/cav-platoons/install/paper_implementation/share/paper_implementation/hook/pythonpath.dsv'
[1.281s] INFO:colcon.colcon_core.shell:Creating environment hook '/home/kaisirius/btp/cav-platoons/install/paper_implementation/share/paper_implementation/hook/pythonpath.sh'
[1.282s] Level 1:colcon.colcon_core.environment:checking '/home/kaisirius/btp/cav-platoons/install/paper_implementation/bin'
[1.282s] Level 1:colcon.colcon_core.environment:create_environment_scripts_only(paper_implementation)
[1.282s] INFO:colcon.colcon_core.shell:Creating package script '/home/kaisirius/btp/cav-platoons/install/paper_implementation/share/paper_implementation/package.ps1'
[1.282s] INFO:colcon.colcon_core.shell:Creating package descriptor '/home/kaisirius/btp/cav-platoons/install/paper_implementation/share/paper_implementation/package.dsv'
[1.283s] INFO:colcon.colcon_core.shell:Creating package script '/home/kaisirius/btp/cav-platoons/install/paper_implementation/share/paper_implementation/package.sh'
[1.283s] INFO:colcon.colcon_core.shell:Creating package script '/home/kaisirius/btp/cav-platoons/install/paper_implementation/share/paper_implementation/package.bash'
[1.283s] INFO:colcon.colcon_core.shell:Creating package script '/home/kaisirius/btp/cav-platoons/install/paper_implementation/share/paper_implementation/package.zsh'
[1.283s] Level 1:colcon.colcon_core.environment:create_file_with_runtime_dependencies(/home/kaisirius/btp/cav-platoons/install/paper_implementation/share/colcon-core/packages/paper_implementation)
[1.284s] DEBUG:colcon.colcon_parallel_executor.executor.parallel:closing loop
[1.284s] DEBUG:colcon.colcon_parallel_executor.executor.parallel:loop closed
[1.284s] DEBUG:colcon.colcon_parallel_executor.executor.parallel:run_until_complete finished with '0'
[1.284s] DEBUG:colcon.colcon_core.event_reactor:joining thread
[1.288s] INFO:colcon.colcon_core.plugin_system:Skipping extension 'colcon_notification.desktop_notification.terminal_notifier': Not used on non-Darwin systems
[1.288s] INFO:colcon.colcon_core.plugin_system:Skipping extension 'colcon_notification.desktop_notification.win32': Not used on non-Windows systems
[1.288s] INFO:colcon.colcon_notification.desktop_notification:Sending desktop notification using 'notify2'
[1.299s] DEBUG:colcon.colcon_core.event_reactor:joined thread
[1.299s] INFO:colcon.colcon_core.shell:Creating prefix script '/home/kaisirius/btp/cav-platoons/install/local_setup.ps1'
[1.301s] INFO:colcon.colcon_core.shell:Creating prefix util module '/home/kaisirius/btp/cav-platoons/install/_local_setup_util_ps1.py'
[1.303s] INFO:colcon.colcon_core.shell:Creating prefix chain script '/home/kaisirius/btp/cav-platoons/install/setup.ps1'
[1.305s] INFO:colcon.colcon_core.shell:Creating prefix script '/home/kaisirius/btp/cav-platoons/install/local_setup.sh'
[1.305s] INFO:colcon.colcon_core.shell:Creating prefix util module '/home/kaisirius/btp/cav-platoons/install/_local_setup_util_sh.py'
[1.306s] INFO:colcon.colcon_core.shell:Creating prefix chain script '/home/kaisirius/btp/cav-platoons/install/setup.sh'
[1.308s] INFO:colcon.colcon_core.shell:Creating prefix script '/home/kaisirius/btp/cav-platoons/install/local_setup.bash'
[1.309s] INFO:colcon.colcon_core.shell:Creating prefix chain script '/home/kaisirius/btp/cav-platoons/install/setup.bash'
[1.311s] INFO:colcon.colcon_core.shell:Creating prefix script '/home/kaisirius/btp/cav-platoons/install/local_setup.zsh'
[1.312s] INFO:colcon.colcon_core.shell:Creating prefix chain script '/home/kaisirius/btp/cav-platoons/install/setup.zsh'
