/home/kaisirius/btp/cav-platoons/install/paper_implementation/lib/python3.10/site-packages/paper_implementation/collision_node_onesv_overtake_moving_ov.py
/home/kaisirius/btp/cav-platoons/install/paper_implementation/lib/python3.10/site-packages/paper_implementation/__init__.py
/home/kaisirius/btp/cav-platoons/install/paper_implementation/lib/python3.10/site-packages/paper_implementation/collision_node_two_sv_one_moving_ov.py
/home/kaisirius/btp/cav-platoons/install/paper_implementation/lib/python3.10/site-packages/paper_implementation/moving_obstacle_straight_driver.py
/home/kaisirius/btp/cav-platoons/install/paper_implementation/lib/python3.10/site-packages/paper_implementation/collision_node_onesv_onemoving_ov.py
/home/kaisirius/btp/cav-platoons/install/paper_implementation/lib/python3.10/site-packages/paper_implementation/collision_node_onesv_overtake_moving_ov_single_node.py
/home/kaisirius/btp/cav-platoons/install/paper_implementation/lib/python3.10/site-packages/paper_implementation/collision_node_two_sv_one_stationary_ov.py
/home/kaisirius/btp/cav-platoons/install/paper_implementation/lib/python3.10/site-packages/paper_implementation/collision_node_3sv_1moving_ov.py
/home/kaisirius/btp/cav-platoons/install/paper_implementation/lib/python3.10/site-packages/paper_implementation/collision_node.py
/home/kaisirius/btp/cav-platoons/install/paper_implementation/lib/python3.10/site-packages/paper_implementation/collision_node_three_sv_one_stationary_ov.py
/home/kaisirius/btp/cav-platoons/install/paper_implementation/lib/python3.10/site-packages/paper_implementation/__pycache__/collision_node_onesv_overtake_moving_ov.cpython-310.pyc
/home/kaisirius/btp/cav-platoons/install/paper_implementation/lib/python3.10/site-packages/paper_implementation/__pycache__/__init__.cpython-310.pyc
/home/kaisirius/btp/cav-platoons/install/paper_implementation/lib/python3.10/site-packages/paper_implementation/__pycache__/collision_node_two_sv_one_moving_ov.cpython-310.pyc
/home/kaisirius/btp/cav-platoons/install/paper_implementation/lib/python3.10/site-packages/paper_implementation/__pycache__/moving_obstacle_straight_driver.cpython-310.pyc
/home/kaisirius/btp/cav-platoons/install/paper_implementation/lib/python3.10/site-packages/paper_implementation/__pycache__/collision_node_onesv_onemoving_ov.cpython-310.pyc
/home/kaisirius/btp/cav-platoons/install/paper_implementation/lib/python3.10/site-packages/paper_implementation/__pycache__/collision_node_onesv_overtake_moving_ov_single_node.cpython-310.pyc
/home/kaisirius/btp/cav-platoons/install/paper_implementation/lib/python3.10/site-packages/paper_implementation/__pycache__/collision_node_two_sv_one_stationary_ov.cpython-310.pyc
/home/kaisirius/btp/cav-platoons/install/paper_implementation/lib/python3.10/site-packages/paper_implementation/__pycache__/collision_node_3sv_1moving_ov.cpython-310.pyc
/home/kaisirius/btp/cav-platoons/install/paper_implementation/lib/python3.10/site-packages/paper_implementation/__pycache__/collision_node.cpython-310.pyc
/home/kaisirius/btp/cav-platoons/install/paper_implementation/lib/python3.10/site-packages/paper_implementation/__pycache__/collision_node_three_sv_one_stationary_ov.cpython-310.pyc
/home/kaisirius/btp/cav-platoons/install/paper_implementation/share/ament_index/resource_index/packages/paper_implementation
/home/kaisirius/btp/cav-platoons/install/paper_implementation/share/paper_implementation/package.xml
/home/kaisirius/btp/cav-platoons/install/paper_implementation/share/paper_implementation/launch/twosv_one_moving_ov_real.launch.py
/home/kaisirius/btp/cav-platoons/install/paper_implementation/share/paper_implementation/launch/twosv_one_stationary_ov_real.launch.py
/home/kaisirius/btp/cav-platoons/install/paper_implementation/share/paper_implementation/launch/simulation.launch.py
/home/kaisirius/btp/cav-platoons/install/paper_implementation/share/paper_implementation/launch/onesv_overtake_moving_ov_single_node.launch.py
/home/kaisirius/btp/cav-platoons/install/paper_implementation/share/paper_implementation/launch/onesv_overtake_moving_ov.launch.py
/home/kaisirius/btp/cav-platoons/install/paper_implementation/share/paper_implementation/launch/twosv_one_stationary_ov.launch.py
/home/kaisirius/btp/cav-platoons/install/paper_implementation/share/paper_implementation/models/obstacle.sdf
/home/kaisirius/btp/cav-platoons/install/paper_implementation/lib/python3.10/site-packages/paper_implementation-0.0.0-py3.10.egg-info/SOURCES.txt
/home/kaisirius/btp/cav-platoons/install/paper_implementation/lib/python3.10/site-packages/paper_implementation-0.0.0-py3.10.egg-info/PKG-INFO
/home/kaisirius/btp/cav-platoons/install/paper_implementation/lib/python3.10/site-packages/paper_implementation-0.0.0-py3.10.egg-info/entry_points.txt
/home/kaisirius/btp/cav-platoons/install/paper_implementation/lib/python3.10/site-packages/paper_implementation-0.0.0-py3.10.egg-info/zip-safe
/home/kaisirius/btp/cav-platoons/install/paper_implementation/lib/python3.10/site-packages/paper_implementation-0.0.0-py3.10.egg-info/dependency_links.txt
/home/kaisirius/btp/cav-platoons/install/paper_implementation/lib/python3.10/site-packages/paper_implementation-0.0.0-py3.10.egg-info/top_level.txt
/home/kaisirius/btp/cav-platoons/install/paper_implementation/lib/python3.10/site-packages/paper_implementation-0.0.0-py3.10.egg-info/requires.txt
/home/kaisirius/btp/cav-platoons/install/paper_implementation/lib/paper_implementation/collision_node_onesv_onemoving_ov
/home/kaisirius/btp/cav-platoons/install/paper_implementation/lib/paper_implementation/collision_node_onesv_overtake_moving_ov
/home/kaisirius/btp/cav-platoons/install/paper_implementation/lib/paper_implementation/collision_node_onesv_overtake_moving_ov_single_node
/home/kaisirius/btp/cav-platoons/install/paper_implementation/lib/paper_implementation/collision_node_two_sv_one_moving_ov
/home/kaisirius/btp/cav-platoons/install/paper_implementation/lib/paper_implementation/collision_node_two_sv_one_stationary_ov
/home/kaisirius/btp/cav-platoons/install/paper_implementation/lib/paper_implementation/moving_obstacle_straight_driver
/home/kaisirius/btp/cav-platoons/install/paper_implementation/lib/paper_implementation/paper_node
