[0.411s] Invoking command in '/home/sanya/ros2_ws/build/paper_implementation': PYTHONPATH=/home/sanya/ros2_ws/build/paper_implementation/prefix_override:/home/sanya/ros2_ws/install/paper_implementation/lib/python3.10/site-packages:${PYTHONPATH} /usr/bin/python3 setup.py develop --uninstall --editable --build-directory /home/sanya/ros2_ws/build/paper_implementation/build
[0.567s] running develop
[0.673s] Invoked command in '/home/sanya/ros2_ws/build/paper_implementation' returned '0': PYTHONPATH=/home/sanya/ros2_ws/build/paper_implementation/prefix_override:/home/sanya/ros2_ws/install/paper_implementation/lib/python3.10/site-packages:${PYTHONPATH} /usr/bin/python3 setup.py develop --uninstall --editable --build-directory /home/sanya/ros2_ws/build/paper_implementation/build
[0.674s] Invoking command in '/home/sanya/ros2_ws/src/paper_implementation': PYTHONPATH=/home/sanya/ros2_ws/build/paper_implementation/prefix_override:/home/sanya/ros2_ws/install/paper_implementation/lib/python3.10/site-packages:${PYTHONPATH} /usr/bin/python3 setup.py egg_info --egg-base ../../build/paper_implementation build --build-base /home/sanya/ros2_ws/build/paper_implementation/build install --record /home/sanya/ros2_ws/build/paper_implementation/install.log --single-version-externally-managed
[0.814s] running egg_info
[0.814s] writing ../../build/paper_implementation/paper_implementation.egg-info/PKG-INFO
[0.815s] writing dependency_links to ../../build/paper_implementation/paper_implementation.egg-info/dependency_links.txt
[0.815s] writing entry points to ../../build/paper_implementation/paper_implementation.egg-info/entry_points.txt
[0.815s] writing requirements to ../../build/paper_implementation/paper_implementation.egg-info/requires.txt
[0.815s] writing top-level names to ../../build/paper_implementation/paper_implementation.egg-info/top_level.txt
[0.816s] reading manifest file '../../build/paper_implementation/paper_implementation.egg-info/SOURCES.txt'
[0.817s] writing manifest file '../../build/paper_implementation/paper_implementation.egg-info/SOURCES.txt'
[0.817s] running build
[0.817s] running build_py
[0.817s] running install
[0.817s] running install_lib
[0.818s] running install_data
[0.818s] copying launch/simulation.launch.py -> /home/sanya/ros2_ws/install/paper_implementation/share/paper_implementation/launch
[0.819s] running install_egg_info
[0.820s] removing '/home/sanya/ros2_ws/install/paper_implementation/lib/python3.10/site-packages/paper_implementation-0.0.0-py3.10.egg-info' (and everything under it)
[0.820s] Copying ../../build/paper_implementation/paper_implementation.egg-info to /home/sanya/ros2_ws/install/paper_implementation/lib/python3.10/site-packages/paper_implementation-0.0.0-py3.10.egg-info
[0.821s] running install_scripts
[0.834s] Installing paper_node script to /home/sanya/ros2_ws/install/paper_implementation/lib/paper_implementation
[0.834s] writing list of installed files to '/home/sanya/ros2_ws/build/paper_implementation/install.log'
[0.853s] Invoked command in '/home/sanya/ros2_ws/src/paper_implementation' returned '0': PYTHONPATH=/home/sanya/ros2_ws/build/paper_implementation/prefix_override:/home/sanya/ros2_ws/install/paper_implementation/lib/python3.10/site-packages:${PYTHONPATH} /usr/bin/python3 setup.py egg_info --egg-base ../../build/paper_implementation build --build-base /home/sanya/ros2_ws/build/paper_implementation/build install --record /home/sanya/ros2_ws/build/paper_implementation/install.log --single-version-externally-managed
