[0.018s] Invoking command in '/home/kaisirius/btp/cav-platoons/build/polygon_base': CMAKE_PREFIX_PATH=/home/kaisirius/ros2_ws/install/my_robot_controller:/opt/ros/humble /usr/bin/cmake --build /home/kaisirius/btp/cav-platoons/build/polygon_base -- -j12 -l12
[0.190s] [100%] Built target area_node
[0.200s] Invoked command in '/home/kaisirius/btp/cav-platoons/build/polygon_base' returned '0': CMAKE_PREFIX_PATH=/home/kaisirius/ros2_ws/install/my_robot_controller:/opt/ros/humble /usr/bin/cmake --build /home/kaisirius/btp/cav-platoons/build/polygon_base -- -j12 -l12
[0.201s] Invoking command in '/home/kaisirius/btp/cav-platoons/build/polygon_base': CMAKE_PREFIX_PATH=/home/kaisirius/ros2_ws/install/my_robot_controller:/opt/ros/humble /usr/bin/cmake --install /home/kaisirius/btp/cav-platoons/build/polygon_base
[0.345s] -- Install configuration: ""
[0.345s] -- Up-to-date: /home/kaisirius/btp/cav-platoons/install/polygon_base/include
[0.345s] -- Up-to-date: /home/kaisirius/btp/cav-platoons/install/polygon_base/include/polygon_base
[0.345s] -- Up-to-date: /home/kaisirius/btp/cav-platoons/install/polygon_base/include/polygon_base/regular_polygon.hpp
[0.345s] -- Up-to-date: /home/kaisirius/btp/cav-platoons/install/polygon_base/lib/polygon_base/area_node
[0.345s] -- Up-to-date: /home/kaisirius/btp/cav-platoons/install/polygon_base/share/ament_index/resource_index/package_run_dependencies/polygon_base
[0.345s] -- Up-to-date: /home/kaisirius/btp/cav-platoons/install/polygon_base/share/ament_index/resource_index/parent_prefix_path/polygon_base
[0.345s] -- Up-to-date: /home/kaisirius/btp/cav-platoons/install/polygon_base/share/polygon_base/environment/ament_prefix_path.sh
[0.345s] -- Up-to-date: /home/kaisirius/btp/cav-platoons/install/polygon_base/share/polygon_base/environment/ament_prefix_path.dsv
[0.345s] -- Up-to-date: /home/kaisirius/btp/cav-platoons/install/polygon_base/share/polygon_base/environment/path.sh
[0.345s] -- Up-to-date: /home/kaisirius/btp/cav-platoons/install/polygon_base/share/polygon_base/environment/path.dsv
[0.345s] -- Up-to-date: /home/kaisirius/btp/cav-platoons/install/polygon_base/share/polygon_base/local_setup.bash
[0.345s] -- Up-to-date: /home/kaisirius/btp/cav-platoons/install/polygon_base/share/polygon_base/local_setup.sh
[0.346s] -- Up-to-date: /home/kaisirius/btp/cav-platoons/install/polygon_base/share/polygon_base/local_setup.zsh
[0.346s] -- Up-to-date: /home/kaisirius/btp/cav-platoons/install/polygon_base/share/polygon_base/local_setup.dsv
[0.346s] -- Installing: /home/kaisirius/btp/cav-platoons/install/polygon_base/share/polygon_base/package.dsv
[0.346s] -- Up-to-date: /home/kaisirius/btp/cav-platoons/install/polygon_base/share/ament_index/resource_index/packages/polygon_base
[0.346s] -- Up-to-date: /home/kaisirius/btp/cav-platoons/install/polygon_base/share/polygon_base/cmake/ament_cmake_export_include_directories-extras.cmake
[0.346s] -- Up-to-date: /home/kaisirius/btp/cav-platoons/install/polygon_base/share/polygon_base/cmake/polygon_baseConfig.cmake
[0.346s] -- Up-to-date: /home/kaisirius/btp/cav-platoons/install/polygon_base/share/polygon_base/cmake/polygon_baseConfig-version.cmake
[0.346s] -- Up-to-date: /home/kaisirius/btp/cav-platoons/install/polygon_base/share/polygon_base/package.xml
[0.347s] Invoked command in '/home/kaisirius/btp/cav-platoons/build/polygon_base' returned '0': CMAKE_PREFIX_PATH=/home/kaisirius/ros2_ws/install/my_robot_controller:/opt/ros/humble /usr/bin/cmake --install /home/kaisirius/btp/cav-platoons/build/polygon_base
