[30.403s] Invoking command in '/home/kaisirius/btp/cav-platoons/src/paper_implementation': PYTHONPATH=/home/kaisirius/btp/cav-platoons/build/paper_implementation/prefix_override:/usr/lib/python3/dist-packages/colcon_core/task/python/colcon_distutils_commands:/home/kaisirius/btp/cav-platoons/install/paper_implementation/lib/python3.10/site-packages:${PYTHONPATH} /usr/bin/python3 -W ignore:setup.py install is deprecated -W ignore:easy_install command is deprecated setup.py egg_info --egg-base ../../build/paper_implementation build --build-base /home/kaisirius/btp/cav-platoons/build/paper_implementation/build install --record /home/kaisirius/btp/cav-platoons/build/paper_implementation/install.log --single-version-externally-managed install_data
[30.539s] running egg_info
[30.540s] writing ../../build/paper_implementation/paper_implementation.egg-info/PKG-INFO
[30.540s] writing dependency_links to ../../build/paper_implementation/paper_implementation.egg-info/dependency_links.txt
[30.540s] writing entry points to ../../build/paper_implementation/paper_implementation.egg-info/entry_points.txt
[30.540s] writing requirements to ../../build/paper_implementation/paper_implementation.egg-info/requires.txt
[30.540s] writing top-level names to ../../build/paper_implementation/paper_implementation.egg-info/top_level.txt
[30.541s] reading manifest file '../../build/paper_implementation/paper_implementation.egg-info/SOURCES.txt'
[30.542s] writing manifest file '../../build/paper_implementation/paper_implementation.egg-info/SOURCES.txt'
[30.542s] running build
[30.542s] running build_py
[30.542s] running install
[30.543s] running install_lib
[30.544s] running install_data
[30.544s] running install_egg_info
[30.545s] removing '/home/kaisirius/btp/cav-platoons/install/paper_implementation/lib/python3.10/site-packages/paper_implementation-0.0.0-py3.10.egg-info' (and everything under it)
[30.545s] Copying ../../build/paper_implementation/paper_implementation.egg-info to /home/kaisirius/btp/cav-platoons/install/paper_implementation/lib/python3.10/site-packages/paper_implementation-0.0.0-py3.10.egg-info
[30.546s] running install_scripts
[30.569s] Installing collision_node_onesv_onemoving_ov script to /home/kaisirius/btp/cav-platoons/install/paper_implementation/lib/paper_implementation
[30.569s] Installing collision_node_onesv_overtake_moving_ov script to /home/kaisirius/btp/cav-platoons/install/paper_implementation/lib/paper_implementation
[30.569s] Installing collision_node_onesv_overtake_moving_ov_single_node script to /home/kaisirius/btp/cav-platoons/install/paper_implementation/lib/paper_implementation
[30.569s] Installing collision_node_two_sv_one_moving_ov script to /home/kaisirius/btp/cav-platoons/install/paper_implementation/lib/paper_implementation
[30.569s] Installing collision_node_two_sv_one_stationary_ov script to /home/kaisirius/btp/cav-platoons/install/paper_implementation/lib/paper_implementation
[30.570s] Installing moving_obstacle_straight_driver script to /home/kaisirius/btp/cav-platoons/install/paper_implementation/lib/paper_implementation
[30.570s] Installing paper_node script to /home/kaisirius/btp/cav-platoons/install/paper_implementation/lib/paper_implementation
[30.570s] writing list of installed files to '/home/kaisirius/btp/cav-platoons/build/paper_implementation/install.log'
[90.061s] Invoked command in '/home/kaisirius/btp/cav-platoons/src/paper_implementation' returned '0': PYTHONPATH=/home/kaisirius/btp/cav-platoons/build/paper_implementation/prefix_override:/usr/lib/python3/dist-packages/colcon_core/task/python/colcon_distutils_commands:/home/kaisirius/btp/cav-platoons/install/paper_implementation/lib/python3.10/site-packages:${PYTHONPATH} /usr/bin/python3 -W ignore:setup.py install is deprecated -W ignore:easy_install command is deprecated setup.py egg_info --egg-base ../../build/paper_implementation build --build-base /home/kaisirius/btp/cav-platoons/build/paper_implementation/build install --record /home/kaisirius/btp/cav-platoons/build/paper_implementation/install.log --single-version-externally-managed install_data
