[0.059s] DEBUG:colcon:Command line arguments: ['/usr/bin/colcon', 'build']
[0.059s] DEBUG:colcon:Parsed command line arguments: Namespace(log_base=None, log_level=None, verb_name='build', build_base='build', install_base='install', merge_install=False, symlink_install=False, test_result_base=None, continue_on_error=False, executor='parallel', parallel_workers=12, event_handlers=None, ignore_user_meta=False, metas=['./colcon.meta'], base_paths=['.'], packages_ignore=None, packages_ignore_regex=None, paths=None, packages_up_to=None, packages_up_to_regex=None, packages_above=None, packages_above_and_dependencies=None, packages_above_depth=None, packages_select_by_dep=None, packages_skip_by_dep=None, packages_skip_up_to=None, packages_select_build_failed=False, packages_skip_build_finished=False, packages_select_test_failures=False, packages_skip_test_passed=False, packages_select=None, packages_skip=None, packages_select_regex=None, packages_skip_regex=None, packages_start=None, packages_end=None, allow_overriding=[], cmake_args=None, cmake_target=None, cmake_target_skip_unavailable=False, cmake_clean_cache=False, cmake_clean_first=False, cmake_force_configure=False, ament_cmake_args=None, catkin_cmake_args=None, catkin_skip_building_tests=False, verb_parser=<colcon_defaults.argument_parser.defaults.DefaultArgumentsDecorator object at 0x771fa6e48940>, verb_extension=<colcon_core.verb.build.BuildVerb object at 0x771fa6f75de0>, main=<bound method BuildVerb.main of <colcon_core.verb.build.BuildVerb object at 0x771fa6f75de0>>)
[0.144s] Level 1:colcon.colcon_core.package_discovery:discover_packages(colcon_meta) check parameters
[0.144s] Level 1:colcon.colcon_core.package_discovery:discover_packages(recursive) check parameters
[0.144s] Level 1:colcon.colcon_core.package_discovery:discover_packages(ignore) check parameters
[0.144s] Level 1:colcon.colcon_core.package_discovery:discover_packages(path) check parameters
[0.144s] Level 1:colcon.colcon_core.package_discovery:discover_packages(colcon_meta) discover
[0.145s] Level 1:colcon.colcon_core.package_discovery:discover_packages(recursive) discover
[0.145s] INFO:colcon.colcon_core.package_discovery:Crawling recursively for packages in '/home/kaisirius/btp/cav-platoons'
[0.145s] Level 1:colcon.colcon_core.package_identification:_identify(.) by extensions ['ignore', 'ignore_ament_install']
[0.145s] Level 1:colcon.colcon_core.package_identification:_identify(.) by extension 'ignore'
[0.145s] Level 1:colcon.colcon_core.package_identification:_identify(.) by extension 'ignore_ament_install'
[0.145s] Level 1:colcon.colcon_core.package_identification:_identify(.) by extensions ['colcon_pkg']
[0.145s] Level 1:colcon.colcon_core.package_identification:_identify(.) by extension 'colcon_pkg'
[0.145s] Level 1:colcon.colcon_core.package_identification:_identify(.) by extensions ['colcon_meta']
[0.145s] Level 1:colcon.colcon_core.package_identification:_identify(.) by extension 'colcon_meta'
[0.145s] Level 1:colcon.colcon_core.package_identification:_identify(.) by extensions ['ros']
[0.145s] Level 1:colcon.colcon_core.package_identification:_identify(.) by extension 'ros'
[0.151s] Level 1:colcon.colcon_core.package_identification:_identify(.) by extensions ['cmake', 'python']
[0.152s] Level 1:colcon.colcon_core.package_identification:_identify(.) by extension 'cmake'
[0.152s] Level 1:colcon.colcon_core.package_identification:_identify(.) by extension 'python'
[0.152s] Level 1:colcon.colcon_core.package_identification:_identify(.) by extensions ['python_setup_py']
[0.152s] Level 1:colcon.colcon_core.package_identification:_identify(.) by extension 'python_setup_py'
[0.152s] Level 1:colcon.colcon_core.package_identification:_identify(build) by extensions ['ignore', 'ignore_ament_install']
[0.152s] Level 1:colcon.colcon_core.package_identification:_identify(build) by extension 'ignore'
[0.152s] Level 1:colcon.colcon_core.package_identification:_identify(build) ignored
[0.152s] Level 1:colcon.colcon_core.package_identification:_identify(install) by extensions ['ignore', 'ignore_ament_install']
[0.152s] Level 1:colcon.colcon_core.package_identification:_identify(install) by extension 'ignore'
[0.152s] Level 1:colcon.colcon_core.package_identification:_identify(install) ignored
[0.152s] Level 1:colcon.colcon_core.package_identification:_identify(log) by extensions ['ignore', 'ignore_ament_install']
[0.152s] Level 1:colcon.colcon_core.package_identification:_identify(log) by extension 'ignore'
[0.152s] Level 1:colcon.colcon_core.package_identification:_identify(log) ignored
[0.152s] Level 1:colcon.colcon_core.package_identification:_identify(src) by extensions ['ignore', 'ignore_ament_install']
[0.152s] Level 1:colcon.colcon_core.package_identification:_identify(src) by extension 'ignore'
[0.152s] Level 1:colcon.colcon_core.package_identification:_identify(src) by extension 'ignore_ament_install'
[0.152s] Level 1:colcon.colcon_core.package_identification:_identify(src) by extensions ['colcon_pkg']
[0.152s] Level 1:colcon.colcon_core.package_identification:_identify(src) by extension 'colcon_pkg'
[0.152s] Level 1:colcon.colcon_core.package_identification:_identify(src) by extensions ['colcon_meta']
[0.152s] Level 1:colcon.colcon_core.package_identification:_identify(src) by extension 'colcon_meta'
[0.152s] Level 1:colcon.colcon_core.package_identification:_identify(src) by extensions ['ros']
[0.152s] Level 1:colcon.colcon_core.package_identification:_identify(src) by extension 'ros'
[0.152s] Level 1:colcon.colcon_core.package_identification:_identify(src) by extensions ['cmake', 'python']
[0.152s] Level 1:colcon.colcon_core.package_identification:_identify(src) by extension 'cmake'
[0.152s] Level 1:colcon.colcon_core.package_identification:_identify(src) by extension 'python'
[0.152s] Level 1:colcon.colcon_core.package_identification:_identify(src) by extensions ['python_setup_py']
[0.152s] Level 1:colcon.colcon_core.package_identification:_identify(src) by extension 'python_setup_py'
[0.152s] Level 1:colcon.colcon_core.package_identification:_identify(src/DynamixelSDK) by extensions ['ignore', 'ignore_ament_install']
[0.152s] Level 1:colcon.colcon_core.package_identification:_identify(src/DynamixelSDK) by extension 'ignore'
[0.153s] Level 1:colcon.colcon_core.package_identification:_identify(src/DynamixelSDK) by extension 'ignore_ament_install'
[0.153s] Level 1:colcon.colcon_core.package_identification:_identify(src/DynamixelSDK) by extensions ['colcon_pkg']
[0.153s] Level 1:colcon.colcon_core.package_identification:_identify(src/DynamixelSDK) by extension 'colcon_pkg'
[0.153s] Level 1:colcon.colcon_core.package_identification:_identify(src/DynamixelSDK) by extensions ['colcon_meta']
[0.153s] Level 1:colcon.colcon_core.package_identification:_identify(src/DynamixelSDK) by extension 'colcon_meta'
[0.153s] Level 1:colcon.colcon_core.package_identification:_identify(src/DynamixelSDK) by extensions ['ros']
[0.153s] Level 1:colcon.colcon_core.package_identification:_identify(src/DynamixelSDK) by extension 'ros'
[0.153s] Level 1:colcon.colcon_core.package_identification:_identify(src/DynamixelSDK) by extensions ['cmake', 'python']
[0.153s] Level 1:colcon.colcon_core.package_identification:_identify(src/DynamixelSDK) by extension 'cmake'
[0.153s] Level 1:colcon.colcon_core.package_identification:_identify(src/DynamixelSDK) by extension 'python'
[0.153s] Level 1:colcon.colcon_core.package_identification:_identify(src/DynamixelSDK) by extensions ['python_setup_py']
[0.153s] Level 1:colcon.colcon_core.package_identification:_identify(src/DynamixelSDK) by extension 'python_setup_py'
[0.153s] Level 1:colcon.colcon_core.package_identification:_identify(src/more_interfaces) by extensions ['ignore', 'ignore_ament_install']
[0.153s] Level 1:colcon.colcon_core.package_identification:_identify(src/more_interfaces) by extension 'ignore'
[0.153s] Level 1:colcon.colcon_core.package_identification:_identify(src/more_interfaces) by extension 'ignore_ament_install'
[0.153s] Level 1:colcon.colcon_core.package_identification:_identify(src/more_interfaces) by extensions ['colcon_pkg']
[0.153s] Level 1:colcon.colcon_core.package_identification:_identify(src/more_interfaces) by extension 'colcon_pkg'
[0.153s] Level 1:colcon.colcon_core.package_identification:_identify(src/more_interfaces) by extensions ['colcon_meta']
[0.153s] Level 1:colcon.colcon_core.package_identification:_identify(src/more_interfaces) by extension 'colcon_meta'
[0.153s] Level 1:colcon.colcon_core.package_identification:_identify(src/more_interfaces) by extensions ['ros']
[0.153s] Level 1:colcon.colcon_core.package_identification:_identify(src/more_interfaces) by extension 'ros'
[0.154s] DEBUG:colcon.colcon_core.package_identification:Package 'src/more_interfaces' with type 'ros.ament_cmake' and name 'more_interfaces'
[0.155s] Level 1:colcon.colcon_core.package_identification:_identify(src/my_package) by extensions ['ignore', 'ignore_ament_install']
[0.155s] Level 1:colcon.colcon_core.package_identification:_identify(src/my_package) by extension 'ignore'
[0.155s] Level 1:colcon.colcon_core.package_identification:_identify(src/my_package) by extension 'ignore_ament_install'
[0.155s] Level 1:colcon.colcon_core.package_identification:_identify(src/my_package) by extensions ['colcon_pkg']
[0.155s] Level 1:colcon.colcon_core.package_identification:_identify(src/my_package) by extension 'colcon_pkg'
[0.155s] Level 1:colcon.colcon_core.package_identification:_identify(src/my_package) by extensions ['colcon_meta']
[0.155s] Level 1:colcon.colcon_core.package_identification:_identify(src/my_package) by extension 'colcon_meta'
[0.155s] Level 1:colcon.colcon_core.package_identification:_identify(src/my_package) by extensions ['ros']
[0.155s] Level 1:colcon.colcon_core.package_identification:_identify(src/my_package) by extension 'ros'
[0.155s] DEBUG:colcon.colcon_core.package_identification:Package 'src/my_package' with type 'ros.ament_cmake' and name 'my_package'
[0.155s] Level 1:colcon.colcon_core.package_identification:_identify(src/my_robot_controller) by extensions ['ignore', 'ignore_ament_install']
[0.155s] Level 1:colcon.colcon_core.package_identification:_identify(src/my_robot_controller) by extension 'ignore'
[0.155s] Level 1:colcon.colcon_core.package_identification:_identify(src/my_robot_controller) by extension 'ignore_ament_install'
[0.155s] Level 1:colcon.colcon_core.package_identification:_identify(src/my_robot_controller) by extensions ['colcon_pkg']
[0.155s] Level 1:colcon.colcon_core.package_identification:_identify(src/my_robot_controller) by extension 'colcon_pkg'
[0.155s] Level 1:colcon.colcon_core.package_identification:_identify(src/my_robot_controller) by extensions ['colcon_meta']
[0.155s] Level 1:colcon.colcon_core.package_identification:_identify(src/my_robot_controller) by extension 'colcon_meta'
[0.155s] Level 1:colcon.colcon_core.package_identification:_identify(src/my_robot_controller) by extensions ['ros']
[0.155s] Level 1:colcon.colcon_core.package_identification:_identify(src/my_robot_controller) by extension 'ros'
[0.156s] DEBUG:colcon.colcon_core.package_identification:Package 'src/my_robot_controller' with type 'ros.ament_python' and name 'my_robot_controller'
[0.156s] Level 1:colcon.colcon_core.package_identification:_identify(src/paper_implementation) by extensions ['ignore', 'ignore_ament_install']
[0.156s] Level 1:colcon.colcon_core.package_identification:_identify(src/paper_implementation) by extension 'ignore'
[0.156s] Level 1:colcon.colcon_core.package_identification:_identify(src/paper_implementation) by extension 'ignore_ament_install'
[0.156s] Level 1:colcon.colcon_core.package_identification:_identify(src/paper_implementation) by extensions ['colcon_pkg']
[0.156s] Level 1:colcon.colcon_core.package_identification:_identify(src/paper_implementation) by extension 'colcon_pkg'
[0.156s] Level 1:colcon.colcon_core.package_identification:_identify(src/paper_implementation) by extensions ['colcon_meta']
[0.156s] Level 1:colcon.colcon_core.package_identification:_identify(src/paper_implementation) by extension 'colcon_meta'
[0.156s] Level 1:colcon.colcon_core.package_identification:_identify(src/paper_implementation) by extensions ['ros']
[0.156s] Level 1:colcon.colcon_core.package_identification:_identify(src/paper_implementation) by extension 'ros'
[0.157s] DEBUG:colcon.colcon_core.package_identification:Package 'src/paper_implementation' with type 'ros.ament_python' and name 'paper_implementation'
[0.157s] Level 1:colcon.colcon_core.package_identification:_identify(src/polygon_base) by extensions ['ignore', 'ignore_ament_install']
[0.157s] Level 1:colcon.colcon_core.package_identification:_identify(src/polygon_base) by extension 'ignore'
[0.157s] Level 1:colcon.colcon_core.package_identification:_identify(src/polygon_base) by extension 'ignore_ament_install'
[0.157s] Level 1:colcon.colcon_core.package_identification:_identify(src/polygon_base) by extensions ['colcon_pkg']
[0.157s] Level 1:colcon.colcon_core.package_identification:_identify(src/polygon_base) by extension 'colcon_pkg'
[0.157s] Level 1:colcon.colcon_core.package_identification:_identify(src/polygon_base) by extensions ['colcon_meta']
[0.157s] Level 1:colcon.colcon_core.package_identification:_identify(src/polygon_base) by extension 'colcon_meta'
[0.157s] Level 1:colcon.colcon_core.package_identification:_identify(src/polygon_base) by extensions ['ros']
[0.157s] Level 1:colcon.colcon_core.package_identification:_identify(src/polygon_base) by extension 'ros'
[0.157s] DEBUG:colcon.colcon_core.package_identification:Package 'src/polygon_base' with type 'ros.ament_cmake' and name 'polygon_base'
[0.157s] Level 1:colcon.colcon_core.package_identification:_identify(src/polygon_plugins) by extensions ['ignore', 'ignore_ament_install']
[0.157s] Level 1:colcon.colcon_core.package_identification:_identify(src/polygon_plugins) by extension 'ignore'
[0.157s] Level 1:colcon.colcon_core.package_identification:_identify(src/polygon_plugins) by extension 'ignore_ament_install'
[0.157s] Level 1:colcon.colcon_core.package_identification:_identify(src/polygon_plugins) by extensions ['colcon_pkg']
[0.157s] Level 1:colcon.colcon_core.package_identification:_identify(src/polygon_plugins) by extension 'colcon_pkg'
[0.157s] Level 1:colcon.colcon_core.package_identification:_identify(src/polygon_plugins) by extensions ['colcon_meta']
[0.157s] Level 1:colcon.colcon_core.package_identification:_identify(src/polygon_plugins) by extension 'colcon_meta'
[0.157s] Level 1:colcon.colcon_core.package_identification:_identify(src/polygon_plugins) by extensions ['ros']
[0.157s] Level 1:colcon.colcon_core.package_identification:_identify(src/polygon_plugins) by extension 'ros'
[0.158s] DEBUG:colcon.colcon_core.package_identification:Package 'src/polygon_plugins' with type 'ros.ament_cmake' and name 'polygon_plugins'
[0.158s] Level 1:colcon.colcon_core.package_identification:_identify(src/turtlebot3) by extensions ['ignore', 'ignore_ament_install']
[0.158s] Level 1:colcon.colcon_core.package_identification:_identify(src/turtlebot3) by extension 'ignore'
[0.158s] Level 1:colcon.colcon_core.package_identification:_identify(src/turtlebot3) by extension 'ignore_ament_install'
[0.158s] Level 1:colcon.colcon_core.package_identification:_identify(src/turtlebot3) by extensions ['colcon_pkg']
[0.158s] Level 1:colcon.colcon_core.package_identification:_identify(src/turtlebot3) by extension 'colcon_pkg'
[0.158s] Level 1:colcon.colcon_core.package_identification:_identify(src/turtlebot3) by extensions ['colcon_meta']
[0.158s] Level 1:colcon.colcon_core.package_identification:_identify(src/turtlebot3) by extension 'colcon_meta'
[0.158s] Level 1:colcon.colcon_core.package_identification:_identify(src/turtlebot3) by extensions ['ros']
[0.158s] Level 1:colcon.colcon_core.package_identification:_identify(src/turtlebot3) by extension 'ros'
[0.158s] Level 1:colcon.colcon_core.package_identification:_identify(src/turtlebot3) by extensions ['cmake', 'python']
[0.158s] Level 1:colcon.colcon_core.package_identification:_identify(src/turtlebot3) by extension 'cmake'
[0.158s] Level 1:colcon.colcon_core.package_identification:_identify(src/turtlebot3) by extension 'python'
[0.158s] Level 1:colcon.colcon_core.package_identification:_identify(src/turtlebot3) by extensions ['python_setup_py']
[0.158s] Level 1:colcon.colcon_core.package_identification:_identify(src/turtlebot3) by extension 'python_setup_py'
[0.158s] Level 1:colcon.colcon_core.package_identification:_identify(src/turtlebot3_msgs) by extensions ['ignore', 'ignore_ament_install']
[0.158s] Level 1:colcon.colcon_core.package_identification:_identify(src/turtlebot3_msgs) by extension 'ignore'
[0.158s] Level 1:colcon.colcon_core.package_identification:_identify(src/turtlebot3_msgs) by extension 'ignore_ament_install'
[0.158s] Level 1:colcon.colcon_core.package_identification:_identify(src/turtlebot3_msgs) by extensions ['colcon_pkg']
[0.158s] Level 1:colcon.colcon_core.package_identification:_identify(src/turtlebot3_msgs) by extension 'colcon_pkg'
[0.158s] Level 1:colcon.colcon_core.package_identification:_identify(src/turtlebot3_msgs) by extensions ['colcon_meta']
[0.158s] Level 1:colcon.colcon_core.package_identification:_identify(src/turtlebot3_msgs) by extension 'colcon_meta'
[0.158s] Level 1:colcon.colcon_core.package_identification:_identify(src/turtlebot3_msgs) by extensions ['ros']
[0.158s] Level 1:colcon.colcon_core.package_identification:_identify(src/turtlebot3_msgs) by extension 'ros'
[0.158s] Level 1:colcon.colcon_core.package_identification:_identify(src/turtlebot3_msgs) by extensions ['cmake', 'python']
[0.158s] Level 1:colcon.colcon_core.package_identification:_identify(src/turtlebot3_msgs) by extension 'cmake'
[0.158s] Level 1:colcon.colcon_core.package_identification:_identify(src/turtlebot3_msgs) by extension 'python'
[0.158s] Level 1:colcon.colcon_core.package_identification:_identify(src/turtlebot3_msgs) by extensions ['python_setup_py']
[0.158s] Level 1:colcon.colcon_core.package_identification:_identify(src/turtlebot3_msgs) by extension 'python_setup_py'
[0.158s] Level 1:colcon.colcon_core.package_discovery:discover_packages(recursive) using defaults
[0.158s] Level 1:colcon.colcon_core.package_discovery:discover_packages(ignore) discover
[0.158s] Level 1:colcon.colcon_core.package_discovery:discover_packages(ignore) using defaults
[0.158s] Level 1:colcon.colcon_core.package_discovery:discover_packages(path) discover
[0.159s] Level 1:colcon.colcon_core.package_discovery:discover_packages(path) using defaults
[0.171s] Level 1:colcon.colcon_core.package_discovery:discover_packages(prefix_path) check parameters
[0.171s] Level 1:colcon.colcon_core.package_discovery:discover_packages(prefix_path) discover
[0.172s] DEBUG:colcon.colcon_installed_package_information.package_discovery:Found 6 installed packages in /home/kaisirius/btp/cav-platoons/install
[0.172s] DEBUG:colcon.colcon_installed_package_information.package_discovery:Found 1 installed packages in /home/kaisirius/ros2_ws/install
[0.173s] DEBUG:colcon.colcon_installed_package_information.package_discovery:Found 272 installed packages in /opt/ros/humble
[0.180s] Level 1:colcon.colcon_core.package_discovery:discover_packages(prefix_path) using defaults
[0.199s] Level 5:colcon.colcon_core.verb:set package 'more_interfaces' build argument 'cmake_args' from command line to 'None'
[0.199s] Level 5:colcon.colcon_core.verb:set package 'more_interfaces' build argument 'cmake_target' from command line to 'None'
[0.199s] Level 5:colcon.colcon_core.verb:set package 'more_interfaces' build argument 'cmake_target_skip_unavailable' from command line to 'False'
[0.199s] Level 5:colcon.colcon_core.verb:set package 'more_interfaces' build argument 'cmake_clean_cache' from command line to 'False'
[0.199s] Level 5:colcon.colcon_core.verb:set package 'more_interfaces' build argument 'cmake_clean_first' from command line to 'False'
[0.199s] Level 5:colcon.colcon_core.verb:set package 'more_interfaces' build argument 'cmake_force_configure' from command line to 'False'
[0.200s] Level 5:colcon.colcon_core.verb:set package 'more_interfaces' build argument 'ament_cmake_args' from command line to 'None'
[0.200s] Level 5:colcon.colcon_core.verb:set package 'more_interfaces' build argument 'catkin_cmake_args' from command line to 'None'
[0.200s] Level 5:colcon.colcon_core.verb:set package 'more_interfaces' build argument 'catkin_skip_building_tests' from command line to 'False'
[0.200s] DEBUG:colcon.colcon_core.verb:Building package 'more_interfaces' with the following arguments: {'ament_cmake_args': None, 'build_base': '/home/kaisirius/btp/cav-platoons/build/more_interfaces', 'catkin_cmake_args': None, 'catkin_skip_building_tests': False, 'cmake_args': None, 'cmake_clean_cache': False, 'cmake_clean_first': False, 'cmake_force_configure': False, 'cmake_target': None, 'cmake_target_skip_unavailable': False, 'install_base': '/home/kaisirius/btp/cav-platoons/install/more_interfaces', 'merge_install': False, 'path': '/home/kaisirius/btp/cav-platoons/src/more_interfaces', 'symlink_install': False, 'test_result_base': None}
[0.200s] Level 5:colcon.colcon_core.verb:set package 'my_package' build argument 'cmake_args' from command line to 'None'
[0.200s] Level 5:colcon.colcon_core.verb:set package 'my_package' build argument 'cmake_target' from command line to 'None'
[0.200s] Level 5:colcon.colcon_core.verb:set package 'my_package' build argument 'cmake_target_skip_unavailable' from command line to 'False'
[0.200s] Level 5:colcon.colcon_core.verb:set package 'my_package' build argument 'cmake_clean_cache' from command line to 'False'
[0.200s] Level 5:colcon.colcon_core.verb:set package 'my_package' build argument 'cmake_clean_first' from command line to 'False'
[0.200s] Level 5:colcon.colcon_core.verb:set package 'my_package' build argument 'cmake_force_configure' from command line to 'False'
[0.200s] Level 5:colcon.colcon_core.verb:set package 'my_package' build argument 'ament_cmake_args' from command line to 'None'
[0.200s] Level 5:colcon.colcon_core.verb:set package 'my_package' build argument 'catkin_cmake_args' from command line to 'None'
[0.200s] Level 5:colcon.colcon_core.verb:set package 'my_package' build argument 'catkin_skip_building_tests' from command line to 'False'
[0.200s] DEBUG:colcon.colcon_core.verb:Building package 'my_package' with the following arguments: {'ament_cmake_args': None, 'build_base': '/home/kaisirius/btp/cav-platoons/build/my_package', 'catkin_cmake_args': None, 'catkin_skip_building_tests': False, 'cmake_args': None, 'cmake_clean_cache': False, 'cmake_clean_first': False, 'cmake_force_configure': False, 'cmake_target': None, 'cmake_target_skip_unavailable': False, 'install_base': '/home/kaisirius/btp/cav-platoons/install/my_package', 'merge_install': False, 'path': '/home/kaisirius/btp/cav-platoons/src/my_package', 'symlink_install': False, 'test_result_base': None}
[0.200s] Level 5:colcon.colcon_core.verb:set package 'my_robot_controller' build argument 'cmake_args' from command line to 'None'
[0.200s] Level 5:colcon.colcon_core.verb:set package 'my_robot_controller' build argument 'cmake_target' from command line to 'None'
[0.200s] Level 5:colcon.colcon_core.verb:set package 'my_robot_controller' build argument 'cmake_target_skip_unavailable' from command line to 'False'
[0.200s] Level 5:colcon.colcon_core.verb:set package 'my_robot_controller' build argument 'cmake_clean_cache' from command line to 'False'
[0.200s] Level 5:colcon.colcon_core.verb:set package 'my_robot_controller' build argument 'cmake_clean_first' from command line to 'False'
[0.200s] Level 5:colcon.colcon_core.verb:set package 'my_robot_controller' build argument 'cmake_force_configure' from command line to 'False'
[0.200s] Level 5:colcon.colcon_core.verb:set package 'my_robot_controller' build argument 'ament_cmake_args' from command line to 'None'
[0.200s] Level 5:colcon.colcon_core.verb:set package 'my_robot_controller' build argument 'catkin_cmake_args' from command line to 'None'
[0.200s] Level 5:colcon.colcon_core.verb:set package 'my_robot_controller' build argument 'catkin_skip_building_tests' from command line to 'False'
[0.200s] DEBUG:colcon.colcon_core.verb:Building package 'my_robot_controller' with the following arguments: {'ament_cmake_args': None, 'build_base': '/home/kaisirius/btp/cav-platoons/build/my_robot_controller', 'catkin_cmake_args': None, 'catkin_skip_building_tests': False, 'cmake_args': None, 'cmake_clean_cache': False, 'cmake_clean_first': False, 'cmake_force_configure': False, 'cmake_target': None, 'cmake_target_skip_unavailable': False, 'install_base': '/home/kaisirius/btp/cav-platoons/install/my_robot_controller', 'merge_install': False, 'path': '/home/kaisirius/btp/cav-platoons/src/my_robot_controller', 'symlink_install': False, 'test_result_base': None}
[0.200s] Level 5:colcon.colcon_core.verb:set package 'paper_implementation' build argument 'cmake_args' from command line to 'None'
[0.200s] Level 5:colcon.colcon_core.verb:set package 'paper_implementation' build argument 'cmake_target' from command line to 'None'
[0.200s] Level 5:colcon.colcon_core.verb:set package 'paper_implementation' build argument 'cmake_target_skip_unavailable' from command line to 'False'
[0.200s] Level 5:colcon.colcon_core.verb:set package 'paper_implementation' build argument 'cmake_clean_cache' from command line to 'False'
[0.200s] Level 5:colcon.colcon_core.verb:set package 'paper_implementation' build argument 'cmake_clean_first' from command line to 'False'
[0.200s] Level 5:colcon.colcon_core.verb:set package 'paper_implementation' build argument 'cmake_force_configure' from command line to 'False'
[0.200s] Level 5:colcon.colcon_core.verb:set package 'paper_implementation' build argument 'ament_cmake_args' from command line to 'None'
[0.200s] Level 5:colcon.colcon_core.verb:set package 'paper_implementation' build argument 'catkin_cmake_args' from command line to 'None'
[0.200s] Level 5:colcon.colcon_core.verb:set package 'paper_implementation' build argument 'catkin_skip_building_tests' from command line to 'False'
[0.200s] DEBUG:colcon.colcon_core.verb:Building package 'paper_implementation' with the following arguments: {'ament_cmake_args': None, 'build_base': '/home/kaisirius/btp/cav-platoons/build/paper_implementation', 'catkin_cmake_args': None, 'catkin_skip_building_tests': False, 'cmake_args': None, 'cmake_clean_cache': False, 'cmake_clean_first': False, 'cmake_force_configure': False, 'cmake_target': None, 'cmake_target_skip_unavailable': False, 'install_base': '/home/kaisirius/btp/cav-platoons/install/paper_implementation', 'merge_install': False, 'path': '/home/kaisirius/btp/cav-platoons/src/paper_implementation', 'symlink_install': False, 'test_result_base': None}
[0.201s] Level 5:colcon.colcon_core.verb:set package 'polygon_base' build argument 'cmake_args' from command line to 'None'
[0.201s] Level 5:colcon.colcon_core.verb:set package 'polygon_base' build argument 'cmake_target' from command line to 'None'
[0.201s] Level 5:colcon.colcon_core.verb:set package 'polygon_base' build argument 'cmake_target_skip_unavailable' from command line to 'False'
[0.201s] Level 5:colcon.colcon_core.verb:set package 'polygon_base' build argument 'cmake_clean_cache' from command line to 'False'
[0.201s] Level 5:colcon.colcon_core.verb:set package 'polygon_base' build argument 'cmake_clean_first' from command line to 'False'
[0.201s] Level 5:colcon.colcon_core.verb:set package 'polygon_base' build argument 'cmake_force_configure' from command line to 'False'
[0.201s] Level 5:colcon.colcon_core.verb:set package 'polygon_base' build argument 'ament_cmake_args' from command line to 'None'
[0.201s] Level 5:colcon.colcon_core.verb:set package 'polygon_base' build argument 'catkin_cmake_args' from command line to 'None'
[0.201s] Level 5:colcon.colcon_core.verb:set package 'polygon_base' build argument 'catkin_skip_building_tests' from command line to 'False'
[0.201s] DEBUG:colcon.colcon_core.verb:Building package 'polygon_base' with the following arguments: {'ament_cmake_args': None, 'build_base': '/home/kaisirius/btp/cav-platoons/build/polygon_base', 'catkin_cmake_args': None, 'catkin_skip_building_tests': False, 'cmake_args': None, 'cmake_clean_cache': False, 'cmake_clean_first': False, 'cmake_force_configure': False, 'cmake_target': None, 'cmake_target_skip_unavailable': False, 'install_base': '/home/kaisirius/btp/cav-platoons/install/polygon_base', 'merge_install': False, 'path': '/home/kaisirius/btp/cav-platoons/src/polygon_base', 'symlink_install': False, 'test_result_base': None}
[0.201s] Level 5:colcon.colcon_core.verb:set package 'polygon_plugins' build argument 'cmake_args' from command line to 'None'
[0.201s] Level 5:colcon.colcon_core.verb:set package 'polygon_plugins' build argument 'cmake_target' from command line to 'None'
[0.201s] Level 5:colcon.colcon_core.verb:set package 'polygon_plugins' build argument 'cmake_target_skip_unavailable' from command line to 'False'
[0.201s] Level 5:colcon.colcon_core.verb:set package 'polygon_plugins' build argument 'cmake_clean_cache' from command line to 'False'
[0.201s] Level 5:colcon.colcon_core.verb:set package 'polygon_plugins' build argument 'cmake_clean_first' from command line to 'False'
[0.201s] Level 5:colcon.colcon_core.verb:set package 'polygon_plugins' build argument 'cmake_force_configure' from command line to 'False'
[0.201s] Level 5:colcon.colcon_core.verb:set package 'polygon_plugins' build argument 'ament_cmake_args' from command line to 'None'
[0.201s] Level 5:colcon.colcon_core.verb:set package 'polygon_plugins' build argument 'catkin_cmake_args' from command line to 'None'
[0.201s] Level 5:colcon.colcon_core.verb:set package 'polygon_plugins' build argument 'catkin_skip_building_tests' from command line to 'False'
[0.201s] DEBUG:colcon.colcon_core.verb:Building package 'polygon_plugins' with the following arguments: {'ament_cmake_args': None, 'build_base': '/home/kaisirius/btp/cav-platoons/build/polygon_plugins', 'catkin_cmake_args': None, 'catkin_skip_building_tests': False, 'cmake_args': None, 'cmake_clean_cache': False, 'cmake_clean_first': False, 'cmake_force_configure': False, 'cmake_target': None, 'cmake_target_skip_unavailable': False, 'install_base': '/home/kaisirius/btp/cav-platoons/install/polygon_plugins', 'merge_install': False, 'path': '/home/kaisirius/btp/cav-platoons/src/polygon_plugins', 'symlink_install': False, 'test_result_base': None}
[0.201s] INFO:colcon.colcon_core.executor:Executing jobs using 'parallel' executor
[0.202s] DEBUG:colcon.colcon_parallel_executor.executor.parallel:run_until_complete
[0.202s] INFO:colcon.colcon_ros.task.ament_cmake.build:Building ROS package in '/home/kaisirius/btp/cav-platoons/src/polygon_base' with build type 'ament_cmake'
[0.202s] INFO:colcon.colcon_cmake.task.cmake.build:Building CMake package in '/home/kaisirius/btp/cav-platoons/src/polygon_base'
[0.203s] INFO:colcon.colcon_core.plugin_system:Skipping extension 'colcon_core.shell.bat': Not used on non-Windows systems
[0.204s] INFO:colcon.colcon_core.shell:Skip shell extension 'powershell' for command environment: Not usable outside of PowerShell
[0.204s] DEBUG:colcon.colcon_core.shell:Skip shell extension 'dsv' for command environment
[0.206s] INFO:colcon.colcon_ros.task.ament_cmake.build:Building ROS package in '/home/kaisirius/btp/cav-platoons/src/more_interfaces' with build type 'ament_cmake'
[0.206s] INFO:colcon.colcon_cmake.task.cmake.build:Building CMake package in '/home/kaisirius/btp/cav-platoons/src/more_interfaces'
[0.206s] INFO:colcon.colcon_core.shell:Skip shell extension 'powershell' for command environment: Not usable outside of PowerShell
[0.206s] DEBUG:colcon.colcon_core.shell:Skip shell extension 'dsv' for command environment
[0.209s] INFO:colcon.colcon_ros.task.ament_cmake.build:Building ROS package in '/home/kaisirius/btp/cav-platoons/src/my_package' with build type 'ament_cmake'
[0.209s] INFO:colcon.colcon_cmake.task.cmake.build:Building CMake package in '/home/kaisirius/btp/cav-platoons/src/my_package'
[0.209s] INFO:colcon.colcon_core.shell:Skip shell extension 'powershell' for command environment: Not usable outside of PowerShell
[0.210s] DEBUG:colcon.colcon_core.shell:Skip shell extension 'dsv' for command environment
[0.214s] INFO:colcon.colcon_ros.task.ament_python.build:Building ROS package in '/home/kaisirius/btp/cav-platoons/src/my_robot_controller' with build type 'ament_python'
[0.215s] Level 1:colcon.colcon_core.shell:create_environment_hook('my_robot_controller', 'ament_prefix_path')
[0.215s] INFO:colcon.colcon_core.shell:Creating environment hook '/home/kaisirius/btp/cav-platoons/install/my_robot_controller/share/my_robot_controller/hook/ament_prefix_path.ps1'
[0.215s] INFO:colcon.colcon_core.shell:Creating environment descriptor '/home/kaisirius/btp/cav-platoons/install/my_robot_controller/share/my_robot_controller/hook/ament_prefix_path.dsv'
[0.216s] INFO:colcon.colcon_core.shell:Creating environment hook '/home/kaisirius/btp/cav-platoons/install/my_robot_controller/share/my_robot_controller/hook/ament_prefix_path.sh'
[0.217s] INFO:colcon.colcon_core.shell:Skip shell extension 'powershell' for command environment: Not usable outside of PowerShell
[0.217s] DEBUG:colcon.colcon_core.shell:Skip shell extension 'dsv' for command environment
[0.221s] INFO:colcon.colcon_ros.task.ament_python.build:Building ROS package in '/home/kaisirius/btp/cav-platoons/src/paper_implementation' with build type 'ament_python'
[0.221s] Level 1:colcon.colcon_core.shell:create_environment_hook('paper_implementation', 'ament_prefix_path')
[0.221s] INFO:colcon.colcon_core.shell:Creating environment hook '/home/kaisirius/btp/cav-platoons/install/paper_implementation/share/paper_implementation/hook/ament_prefix_path.ps1'
[0.222s] INFO:colcon.colcon_core.shell:Creating environment descriptor '/home/kaisirius/btp/cav-platoons/install/paper_implementation/share/paper_implementation/hook/ament_prefix_path.dsv'
[0.222s] INFO:colcon.colcon_core.shell:Creating environment hook '/home/kaisirius/btp/cav-platoons/install/paper_implementation/share/paper_implementation/hook/ament_prefix_path.sh'
[0.223s] INFO:colcon.colcon_core.shell:Skip shell extension 'powershell' for command environment: Not usable outside of PowerShell
[0.223s] DEBUG:colcon.colcon_core.shell:Skip shell extension 'dsv' for command environment
[0.230s] DEBUG:colcon.colcon_core.event_handler.log_command:Invoking command in '/home/kaisirius/btp/cav-platoons/build/polygon_base': CMAKE_PREFIX_PATH=${CMAKE_PREFIX_PATH}:/home/kaisirius/btp/cav-platoons/install/paper_implementation:/home/kaisirius/btp/cav-platoons/install/my_robot_controller:/home/kaisirius/ros2_ws/install/my_robot_controller:/opt/ros/humble /usr/bin/cmake --build /home/kaisirius/btp/cav-platoons/build/polygon_base -- -j12 -l12
[0.238s] DEBUG:colcon.colcon_core.event_handler.log_command:Invoking command in '/home/kaisirius/btp/cav-platoons/build/more_interfaces': CMAKE_PREFIX_PATH=${CMAKE_PREFIX_PATH}:/home/kaisirius/btp/cav-platoons/install/paper_implementation:/home/kaisirius/btp/cav-platoons/install/my_robot_controller:/home/kaisirius/ros2_ws/install/my_robot_controller:/opt/ros/humble /usr/bin/cmake --build /home/kaisirius/btp/cav-platoons/build/more_interfaces -- -j12 -l12
[0.239s] DEBUG:colcon.colcon_core.event_handler.log_command:Invoking command in '/home/kaisirius/btp/cav-platoons/build/my_package': CMAKE_PREFIX_PATH=${CMAKE_PREFIX_PATH}:/home/kaisirius/btp/cav-platoons/install/paper_implementation:/home/kaisirius/btp/cav-platoons/install/my_robot_controller:/home/kaisirius/ros2_ws/install/my_robot_controller:/opt/ros/humble /usr/bin/cmake --build /home/kaisirius/btp/cav-platoons/build/my_package -- -j12 -l12
[0.416s] INFO:colcon.colcon_core.task.python.build:Building Python package in '/home/kaisirius/btp/cav-platoons/src/my_robot_controller'
[0.416s] INFO:colcon.colcon_core.shell:Skip shell extension 'powershell' for command environment: Not usable outside of PowerShell
[0.416s] DEBUG:colcon.colcon_core.shell:Skip shell extension 'dsv' for command environment
[0.576s] INFO:colcon.colcon_core.task.python.build:Building Python package in '/home/kaisirius/btp/cav-platoons/src/paper_implementation'
[0.576s] INFO:colcon.colcon_core.shell:Skip shell extension 'powershell' for command environment: Not usable outside of PowerShell
[0.576s] DEBUG:colcon.colcon_core.shell:Skip shell extension 'dsv' for command environment
[0.579s] DEBUG:colcon.colcon_core.event_handler.log_command:Invoked command in '/home/kaisirius/btp/cav-platoons/build/my_package' returned '0': CMAKE_PREFIX_PATH=${CMAKE_PREFIX_PATH}:/home/kaisirius/btp/cav-platoons/install/paper_implementation:/home/kaisirius/btp/cav-platoons/install/my_robot_controller:/home/kaisirius/ros2_ws/install/my_robot_controller:/opt/ros/humble /usr/bin/cmake --build /home/kaisirius/btp/cav-platoons/build/my_package -- -j12 -l12
[0.589s] DEBUG:colcon.colcon_core.event_handler.log_command:Invoking command in '/home/kaisirius/btp/cav-platoons/build/my_package': CMAKE_PREFIX_PATH=${CMAKE_PREFIX_PATH}:/home/kaisirius/btp/cav-platoons/install/paper_implementation:/home/kaisirius/btp/cav-platoons/install/my_robot_controller:/home/kaisirius/ros2_ws/install/my_robot_controller:/opt/ros/humble /usr/bin/cmake --install /home/kaisirius/btp/cav-platoons/build/my_package
[0.590s] DEBUG:colcon.colcon_core.event_handler.log_command:Invoked command in '/home/kaisirius/btp/cav-platoons/build/polygon_base' returned '0': CMAKE_PREFIX_PATH=${CMAKE_PREFIX_PATH}:/home/kaisirius/btp/cav-platoons/install/paper_implementation:/home/kaisirius/btp/cav-platoons/install/my_robot_controller:/home/kaisirius/ros2_ws/install/my_robot_controller:/opt/ros/humble /usr/bin/cmake --build /home/kaisirius/btp/cav-platoons/build/polygon_base -- -j12 -l12
[0.591s] DEBUG:colcon.colcon_core.event_handler.log_command:Invoking command in '/home/kaisirius/btp/cav-platoons/build/polygon_base': CMAKE_PREFIX_PATH=${CMAKE_PREFIX_PATH}:/home/kaisirius/btp/cav-platoons/install/paper_implementation:/home/kaisirius/btp/cav-platoons/install/my_robot_controller:/home/kaisirius/ros2_ws/install/my_robot_controller:/opt/ros/humble /usr/bin/cmake --install /home/kaisirius/btp/cav-platoons/build/polygon_base
[0.593s] DEBUG:colcon.colcon_core.event_handler.log_command:Invoked command in '/home/kaisirius/btp/cav-platoons/build/more_interfaces' returned '0': CMAKE_PREFIX_PATH=${CMAKE_PREFIX_PATH}:/home/kaisirius/btp/cav-platoons/install/paper_implementation:/home/kaisirius/btp/cav-platoons/install/my_robot_controller:/home/kaisirius/ros2_ws/install/my_robot_controller:/opt/ros/humble /usr/bin/cmake --build /home/kaisirius/btp/cav-platoons/build/more_interfaces -- -j12 -l12
[0.595s] DEBUG:colcon.colcon_core.event_handler.log_command:Invoking command in '/home/kaisirius/btp/cav-platoons/build/more_interfaces': CMAKE_PREFIX_PATH=${CMAKE_PREFIX_PATH}:/home/kaisirius/btp/cav-platoons/install/paper_implementation:/home/kaisirius/btp/cav-platoons/install/my_robot_controller:/home/kaisirius/ros2_ws/install/my_robot_controller:/opt/ros/humble /usr/bin/cmake --install /home/kaisirius/btp/cav-platoons/build/more_interfaces
[0.603s] Level 1:colcon.colcon_core.environment:create_environment_scripts_only(my_package)
[0.607s] DEBUG:colcon.colcon_core.event_handler.log_command:Invoked command in '/home/kaisirius/btp/cav-platoons/build/my_package' returned '0': CMAKE_PREFIX_PATH=${CMAKE_PREFIX_PATH}:/home/kaisirius/btp/cav-platoons/install/paper_implementation:/home/kaisirius/btp/cav-platoons/install/my_robot_controller:/home/kaisirius/ros2_ws/install/my_robot_controller:/opt/ros/humble /usr/bin/cmake --install /home/kaisirius/btp/cav-platoons/build/my_package
[0.619s] Level 1:colcon.colcon_core.environment:checking '/home/kaisirius/btp/cav-platoons/install/my_package' for CMake module files
[0.620s] Level 1:colcon.colcon_core.environment:checking '/home/kaisirius/btp/cav-platoons/install/my_package' for CMake config files
[0.620s] Level 1:colcon.colcon_core.shell:create_environment_hook('my_package', 'cmake_prefix_path')
[0.620s] INFO:colcon.colcon_core.shell:Creating environment hook '/home/kaisirius/btp/cav-platoons/install/my_package/share/my_package/hook/cmake_prefix_path.ps1'
[0.624s] INFO:colcon.colcon_core.shell:Creating environment descriptor '/home/kaisirius/btp/cav-platoons/install/my_package/share/my_package/hook/cmake_prefix_path.dsv'
[0.624s] INFO:colcon.colcon_core.shell:Creating environment hook '/home/kaisirius/btp/cav-platoons/install/my_package/share/my_package/hook/cmake_prefix_path.sh'
[0.625s] Level 1:colcon.colcon_core.environment:checking '/home/kaisirius/btp/cav-platoons/install/my_package/lib'
[0.625s] Level 1:colcon.colcon_core.environment:checking '/home/kaisirius/btp/cav-platoons/install/my_package/bin'
[0.625s] Level 1:colcon.colcon_core.environment:checking '/home/kaisirius/btp/cav-platoons/install/my_package/lib/pkgconfig/my_package.pc'
[0.626s] Level 1:colcon.colcon_core.environment:checking '/home/kaisirius/btp/cav-platoons/install/my_package/lib/python3.10/site-packages'
[0.626s] Level 1:colcon.colcon_core.environment:checking '/home/kaisirius/btp/cav-platoons/install/my_package/bin'
[0.626s] INFO:colcon.colcon_core.shell:Creating package script '/home/kaisirius/btp/cav-platoons/install/my_package/share/my_package/package.ps1'
[0.627s] INFO:colcon.colcon_core.shell:Creating package descriptor '/home/kaisirius/btp/cav-platoons/install/my_package/share/my_package/package.dsv'
[0.629s] INFO:colcon.colcon_core.shell:Creating package script '/home/kaisirius/btp/cav-platoons/install/my_package/share/my_package/package.sh'
[0.630s] INFO:colcon.colcon_core.shell:Creating package script '/home/kaisirius/btp/cav-platoons/install/my_package/share/my_package/package.bash'
[0.630s] INFO:colcon.colcon_core.shell:Creating package script '/home/kaisirius/btp/cav-platoons/install/my_package/share/my_package/package.zsh'
[0.631s] Level 1:colcon.colcon_core.environment:create_file_with_runtime_dependencies(/home/kaisirius/btp/cav-platoons/install/my_package/share/colcon-core/packages/my_package)
[0.631s] Level 1:colcon.colcon_core.environment:create_environment_scripts_only(my_package)
[0.632s] Level 1:colcon.colcon_core.environment:checking '/home/kaisirius/btp/cav-platoons/install/my_package' for CMake module files
[0.632s] Level 1:colcon.colcon_core.environment:checking '/home/kaisirius/btp/cav-platoons/install/my_package' for CMake config files
[0.632s] Level 1:colcon.colcon_core.shell:create_environment_hook('my_package', 'cmake_prefix_path')
[0.633s] INFO:colcon.colcon_core.shell:Creating environment hook '/home/kaisirius/btp/cav-platoons/install/my_package/share/my_package/hook/cmake_prefix_path.ps1'
[0.633s] INFO:colcon.colcon_core.shell:Creating environment descriptor '/home/kaisirius/btp/cav-platoons/install/my_package/share/my_package/hook/cmake_prefix_path.dsv'
[0.633s] INFO:colcon.colcon_core.shell:Creating environment hook '/home/kaisirius/btp/cav-platoons/install/my_package/share/my_package/hook/cmake_prefix_path.sh'
[0.634s] Level 1:colcon.colcon_core.environment:checking '/home/kaisirius/btp/cav-platoons/install/my_package/lib'
[0.634s] Level 1:colcon.colcon_core.environment:checking '/home/kaisirius/btp/cav-platoons/install/my_package/bin'
[0.634s] Level 1:colcon.colcon_core.environment:checking '/home/kaisirius/btp/cav-platoons/install/my_package/lib/pkgconfig/my_package.pc'
[0.634s] Level 1:colcon.colcon_core.environment:checking '/home/kaisirius/btp/cav-platoons/install/my_package/lib/python3.10/site-packages'
[0.635s] Level 1:colcon.colcon_core.environment:checking '/home/kaisirius/btp/cav-platoons/install/my_package/bin'
[0.635s] INFO:colcon.colcon_core.shell:Creating package script '/home/kaisirius/btp/cav-platoons/install/my_package/share/my_package/package.ps1'
[0.635s] INFO:colcon.colcon_core.shell:Creating package descriptor '/home/kaisirius/btp/cav-platoons/install/my_package/share/my_package/package.dsv'
[0.636s] INFO:colcon.colcon_core.shell:Creating package script '/home/kaisirius/btp/cav-platoons/install/my_package/share/my_package/package.sh'
[0.636s] INFO:colcon.colcon_core.shell:Creating package script '/home/kaisirius/btp/cav-platoons/install/my_package/share/my_package/package.bash'
[0.637s] INFO:colcon.colcon_core.shell:Creating package script '/home/kaisirius/btp/cav-platoons/install/my_package/share/my_package/package.zsh'
[0.637s] Level 1:colcon.colcon_core.environment:create_file_with_runtime_dependencies(/home/kaisirius/btp/cav-platoons/install/my_package/share/colcon-core/packages/my_package)
[0.637s] Level 1:colcon.colcon_core.environment:create_environment_scripts_only(polygon_base)
[0.638s] Level 1:colcon.colcon_core.environment:checking '/home/kaisirius/btp/cav-platoons/install/polygon_base' for CMake module files
[0.639s] DEBUG:colcon.colcon_core.event_handler.log_command:Invoked command in '/home/kaisirius/btp/cav-platoons/build/polygon_base' returned '0': CMAKE_PREFIX_PATH=${CMAKE_PREFIX_PATH}:/home/kaisirius/btp/cav-platoons/install/paper_implementation:/home/kaisirius/btp/cav-platoons/install/my_robot_controller:/home/kaisirius/ros2_ws/install/my_robot_controller:/opt/ros/humble /usr/bin/cmake --install /home/kaisirius/btp/cav-platoons/build/polygon_base
[0.639s] Level 1:colcon.colcon_core.environment:checking '/home/kaisirius/btp/cav-platoons/install/polygon_base' for CMake config files
[0.640s] Level 1:colcon.colcon_core.shell:create_environment_hook('polygon_base', 'cmake_prefix_path')
[0.640s] INFO:colcon.colcon_core.shell:Creating environment hook '/home/kaisirius/btp/cav-platoons/install/polygon_base/share/polygon_base/hook/cmake_prefix_path.ps1'
[0.640s] INFO:colcon.colcon_core.shell:Creating environment descriptor '/home/kaisirius/btp/cav-platoons/install/polygon_base/share/polygon_base/hook/cmake_prefix_path.dsv'
[0.641s] INFO:colcon.colcon_core.shell:Creating environment hook '/home/kaisirius/btp/cav-platoons/install/polygon_base/share/polygon_base/hook/cmake_prefix_path.sh'
[0.642s] Level 1:colcon.colcon_core.environment:checking '/home/kaisirius/btp/cav-platoons/install/polygon_base/lib'
[0.642s] Level 1:colcon.colcon_core.environment:checking '/home/kaisirius/btp/cav-platoons/install/polygon_base/bin'
[0.642s] Level 1:colcon.colcon_core.environment:checking '/home/kaisirius/btp/cav-platoons/install/polygon_base/lib/pkgconfig/polygon_base.pc'
[0.642s] Level 1:colcon.colcon_core.environment:checking '/home/kaisirius/btp/cav-platoons/install/polygon_base/lib/python3.10/site-packages'
[0.643s] Level 1:colcon.colcon_core.environment:checking '/home/kaisirius/btp/cav-platoons/install/polygon_base/bin'
[0.643s] INFO:colcon.colcon_core.shell:Creating package script '/home/kaisirius/btp/cav-platoons/install/polygon_base/share/polygon_base/package.ps1'
[0.644s] INFO:colcon.colcon_core.shell:Creating package descriptor '/home/kaisirius/btp/cav-platoons/install/polygon_base/share/polygon_base/package.dsv'
[0.644s] INFO:colcon.colcon_core.shell:Creating package script '/home/kaisirius/btp/cav-platoons/install/polygon_base/share/polygon_base/package.sh'
[0.645s] INFO:colcon.colcon_core.shell:Creating package script '/home/kaisirius/btp/cav-platoons/install/polygon_base/share/polygon_base/package.bash'
[0.646s] INFO:colcon.colcon_core.shell:Creating package script '/home/kaisirius/btp/cav-platoons/install/polygon_base/share/polygon_base/package.zsh'
[0.646s] Level 1:colcon.colcon_core.environment:create_file_with_runtime_dependencies(/home/kaisirius/btp/cav-platoons/install/polygon_base/share/colcon-core/packages/polygon_base)
[0.647s] Level 1:colcon.colcon_core.environment:create_environment_scripts_only(polygon_base)
[0.647s] Level 1:colcon.colcon_core.environment:checking '/home/kaisirius/btp/cav-platoons/install/polygon_base' for CMake module files
[0.648s] Level 1:colcon.colcon_core.environment:checking '/home/kaisirius/btp/cav-platoons/install/polygon_base' for CMake config files
[0.649s] Level 1:colcon.colcon_core.shell:create_environment_hook('polygon_base', 'cmake_prefix_path')
[0.649s] INFO:colcon.colcon_core.shell:Creating environment hook '/home/kaisirius/btp/cav-platoons/install/polygon_base/share/polygon_base/hook/cmake_prefix_path.ps1'
[0.651s] INFO:colcon.colcon_core.shell:Creating environment descriptor '/home/kaisirius/btp/cav-platoons/install/polygon_base/share/polygon_base/hook/cmake_prefix_path.dsv'
[0.652s] INFO:colcon.colcon_core.shell:Creating environment hook '/home/kaisirius/btp/cav-platoons/install/polygon_base/share/polygon_base/hook/cmake_prefix_path.sh'
[0.652s] Level 1:colcon.colcon_core.environment:checking '/home/kaisirius/btp/cav-platoons/install/polygon_base/lib'
[0.652s] Level 1:colcon.colcon_core.environment:checking '/home/kaisirius/btp/cav-platoons/install/polygon_base/bin'
[0.652s] Level 1:colcon.colcon_core.environment:checking '/home/kaisirius/btp/cav-platoons/install/polygon_base/lib/pkgconfig/polygon_base.pc'
[0.653s] Level 1:colcon.colcon_core.environment:checking '/home/kaisirius/btp/cav-platoons/install/polygon_base/lib/python3.10/site-packages'
[0.653s] Level 1:colcon.colcon_core.environment:checking '/home/kaisirius/btp/cav-platoons/install/polygon_base/bin'
[0.653s] INFO:colcon.colcon_core.shell:Creating package script '/home/kaisirius/btp/cav-platoons/install/polygon_base/share/polygon_base/package.ps1'
[0.653s] INFO:colcon.colcon_core.shell:Creating package descriptor '/home/kaisirius/btp/cav-platoons/install/polygon_base/share/polygon_base/package.dsv'
[0.654s] INFO:colcon.colcon_core.shell:Creating package script '/home/kaisirius/btp/cav-platoons/install/polygon_base/share/polygon_base/package.sh'
[0.654s] INFO:colcon.colcon_core.shell:Creating package script '/home/kaisirius/btp/cav-platoons/install/polygon_base/share/polygon_base/package.bash'
[0.654s] INFO:colcon.colcon_core.shell:Creating package script '/home/kaisirius/btp/cav-platoons/install/polygon_base/share/polygon_base/package.zsh'
[0.654s] Level 1:colcon.colcon_core.environment:create_file_with_runtime_dependencies(/home/kaisirius/btp/cav-platoons/install/polygon_base/share/colcon-core/packages/polygon_base)
[0.655s] INFO:colcon.colcon_ros.task.ament_cmake.build:Building ROS package in '/home/kaisirius/btp/cav-platoons/src/polygon_plugins' with build type 'ament_cmake'
[0.655s] INFO:colcon.colcon_cmake.task.cmake.build:Building CMake package in '/home/kaisirius/btp/cav-platoons/src/polygon_plugins'
[0.655s] INFO:colcon.colcon_core.shell:Skip shell extension 'powershell' for command environment: Not usable outside of PowerShell
[0.655s] DEBUG:colcon.colcon_core.shell:Skip shell extension 'dsv' for command environment
[0.659s] Level 1:colcon.colcon_core.environment:create_environment_scripts_only(more_interfaces)
[0.660s] Level 1:colcon.colcon_core.environment:checking '/home/kaisirius/btp/cav-platoons/install/more_interfaces' for CMake module files
[0.660s] Level 1:colcon.colcon_core.environment:checking '/home/kaisirius/btp/cav-platoons/install/more_interfaces' for CMake config files
[0.661s] DEBUG:colcon.colcon_core.event_handler.log_command:Invoked command in '/home/kaisirius/btp/cav-platoons/build/more_interfaces' returned '0': CMAKE_PREFIX_PATH=${CMAKE_PREFIX_PATH}:/home/kaisirius/btp/cav-platoons/install/paper_implementation:/home/kaisirius/btp/cav-platoons/install/my_robot_controller:/home/kaisirius/ros2_ws/install/my_robot_controller:/opt/ros/humble /usr/bin/cmake --install /home/kaisirius/btp/cav-platoons/build/more_interfaces
[0.661s] Level 1:colcon.colcon_core.shell:create_environment_hook('more_interfaces', 'cmake_prefix_path')
[0.661s] INFO:colcon.colcon_core.shell:Creating environment hook '/home/kaisirius/btp/cav-platoons/install/more_interfaces/share/more_interfaces/hook/cmake_prefix_path.ps1'
[0.662s] INFO:colcon.colcon_core.shell:Creating environment descriptor '/home/kaisirius/btp/cav-platoons/install/more_interfaces/share/more_interfaces/hook/cmake_prefix_path.dsv'
[0.662s] INFO:colcon.colcon_core.shell:Creating environment hook '/home/kaisirius/btp/cav-platoons/install/more_interfaces/share/more_interfaces/hook/cmake_prefix_path.sh'
[0.663s] Level 1:colcon.colcon_core.environment:checking '/home/kaisirius/btp/cav-platoons/install/more_interfaces/lib'
[0.663s] Level 1:colcon.colcon_core.shell:create_environment_hook('more_interfaces', 'ld_library_path_lib')
[0.663s] INFO:colcon.colcon_core.shell:Creating environment hook '/home/kaisirius/btp/cav-platoons/install/more_interfaces/share/more_interfaces/hook/ld_library_path_lib.ps1'
[0.663s] INFO:colcon.colcon_core.shell:Creating environment descriptor '/home/kaisirius/btp/cav-platoons/install/more_interfaces/share/more_interfaces/hook/ld_library_path_lib.dsv'
[0.663s] INFO:colcon.colcon_core.shell:Creating environment hook '/home/kaisirius/btp/cav-platoons/install/more_interfaces/share/more_interfaces/hook/ld_library_path_lib.sh'
[0.664s] Level 1:colcon.colcon_core.environment:checking '/home/kaisirius/btp/cav-platoons/install/more_interfaces/bin'
[0.664s] Level 1:colcon.colcon_core.environment:checking '/home/kaisirius/btp/cav-platoons/install/more_interfaces/lib/pkgconfig/more_interfaces.pc'
[0.664s] Level 1:colcon.colcon_core.environment:checking '/home/kaisirius/btp/cav-platoons/install/more_interfaces/lib/python3.10/site-packages'
[0.664s] Level 1:colcon.colcon_core.environment:checking '/home/kaisirius/btp/cav-platoons/install/more_interfaces/bin'
[0.664s] INFO:colcon.colcon_core.shell:Creating package script '/home/kaisirius/btp/cav-platoons/install/more_interfaces/share/more_interfaces/package.ps1'
[0.665s] INFO:colcon.colcon_core.shell:Creating package descriptor '/home/kaisirius/btp/cav-platoons/install/more_interfaces/share/more_interfaces/package.dsv'
[0.665s] INFO:colcon.colcon_core.shell:Creating package script '/home/kaisirius/btp/cav-platoons/install/more_interfaces/share/more_interfaces/package.sh'
[0.666s] INFO:colcon.colcon_core.shell:Creating package script '/home/kaisirius/btp/cav-platoons/install/more_interfaces/share/more_interfaces/package.bash'
[0.666s] INFO:colcon.colcon_core.shell:Creating package script '/home/kaisirius/btp/cav-platoons/install/more_interfaces/share/more_interfaces/package.zsh'
[0.666s] Level 1:colcon.colcon_core.environment:create_file_with_runtime_dependencies(/home/kaisirius/btp/cav-platoons/install/more_interfaces/share/colcon-core/packages/more_interfaces)
[0.667s] Level 1:colcon.colcon_core.environment:create_environment_scripts_only(more_interfaces)
[0.667s] Level 1:colcon.colcon_core.environment:checking '/home/kaisirius/btp/cav-platoons/install/more_interfaces' for CMake module files
[0.667s] Level 1:colcon.colcon_core.environment:checking '/home/kaisirius/btp/cav-platoons/install/more_interfaces' for CMake config files
[0.668s] Level 1:colcon.colcon_core.shell:create_environment_hook('more_interfaces', 'cmake_prefix_path')
[0.668s] INFO:colcon.colcon_core.shell:Creating environment hook '/home/kaisirius/btp/cav-platoons/install/more_interfaces/share/more_interfaces/hook/cmake_prefix_path.ps1'
[0.668s] INFO:colcon.colcon_core.shell:Creating environment descriptor '/home/kaisirius/btp/cav-platoons/install/more_interfaces/share/more_interfaces/hook/cmake_prefix_path.dsv'
[0.669s] INFO:colcon.colcon_core.shell:Creating environment hook '/home/kaisirius/btp/cav-platoons/install/more_interfaces/share/more_interfaces/hook/cmake_prefix_path.sh'
[0.669s] Level 1:colcon.colcon_core.environment:checking '/home/kaisirius/btp/cav-platoons/install/more_interfaces/lib'
[0.669s] Level 1:colcon.colcon_core.shell:create_environment_hook('more_interfaces', 'ld_library_path_lib')
[0.669s] INFO:colcon.colcon_core.shell:Creating environment hook '/home/kaisirius/btp/cav-platoons/install/more_interfaces/share/more_interfaces/hook/ld_library_path_lib.ps1'
[0.670s] INFO:colcon.colcon_core.shell:Creating environment descriptor '/home/kaisirius/btp/cav-platoons/install/more_interfaces/share/more_interfaces/hook/ld_library_path_lib.dsv'
[0.670s] INFO:colcon.colcon_core.shell:Creating environment hook '/home/kaisirius/btp/cav-platoons/install/more_interfaces/share/more_interfaces/hook/ld_library_path_lib.sh'
[0.670s] Level 1:colcon.colcon_core.environment:checking '/home/kaisirius/btp/cav-platoons/install/more_interfaces/bin'
[0.670s] Level 1:colcon.colcon_core.environment:checking '/home/kaisirius/btp/cav-platoons/install/more_interfaces/lib/pkgconfig/more_interfaces.pc'
[0.670s] Level 1:colcon.colcon_core.environment:checking '/home/kaisirius/btp/cav-platoons/install/more_interfaces/lib/python3.10/site-packages'
[0.671s] Level 1:colcon.colcon_core.environment:checking '/home/kaisirius/btp/cav-platoons/install/more_interfaces/bin'
[0.671s] INFO:colcon.colcon_core.shell:Creating package script '/home/kaisirius/btp/cav-platoons/install/more_interfaces/share/more_interfaces/package.ps1'
[0.671s] INFO:colcon.colcon_core.shell:Creating package descriptor '/home/kaisirius/btp/cav-platoons/install/more_interfaces/share/more_interfaces/package.dsv'
[0.672s] INFO:colcon.colcon_core.shell:Creating package script '/home/kaisirius/btp/cav-platoons/install/more_interfaces/share/more_interfaces/package.sh'
[0.672s] INFO:colcon.colcon_core.shell:Creating package script '/home/kaisirius/btp/cav-platoons/install/more_interfaces/share/more_interfaces/package.bash'
[0.672s] INFO:colcon.colcon_core.shell:Creating package script '/home/kaisirius/btp/cav-platoons/install/more_interfaces/share/more_interfaces/package.zsh'
[0.672s] Level 1:colcon.colcon_core.environment:create_file_with_runtime_dependencies(/home/kaisirius/btp/cav-platoons/install/more_interfaces/share/colcon-core/packages/more_interfaces)
[0.676s] DEBUG:colcon.colcon_core.event_handler.log_command:Invoking command in '/home/kaisirius/btp/cav-platoons/build/polygon_plugins': CMAKE_PREFIX_PATH=/home/kaisirius/btp/cav-platoons/install/polygon_base:/home/kaisirius/btp/cav-platoons/install/polygon_plugins:/home/kaisirius/btp/cav-platoons/install/my_package:/home/kaisirius/btp/cav-platoons/install/more_interfaces:/home/kaisirius/btp/cav-platoons/install/paper_implementation:/home/kaisirius/btp/cav-platoons/install/my_robot_controller:/home/kaisirius/ros2_ws/install/my_robot_controller:/opt/ros/humble /usr/bin/cmake --build /home/kaisirius/btp/cav-platoons/build/polygon_plugins -- -j12 -l12
[0.729s] DEBUG:colcon.colcon_core.event_handler.log_command:Invoked command in '/home/kaisirius/btp/cav-platoons/build/polygon_plugins' returned '0': CMAKE_PREFIX_PATH=/home/kaisirius/btp/cav-platoons/install/polygon_base:/home/kaisirius/btp/cav-platoons/install/polygon_plugins:/home/kaisirius/btp/cav-platoons/install/my_package:/home/kaisirius/btp/cav-platoons/install/more_interfaces:/home/kaisirius/btp/cav-platoons/install/paper_implementation:/home/kaisirius/btp/cav-platoons/install/my_robot_controller:/home/kaisirius/ros2_ws/install/my_robot_controller:/opt/ros/humble /usr/bin/cmake --build /home/kaisirius/btp/cav-platoons/build/polygon_plugins -- -j12 -l12
[0.731s] DEBUG:colcon.colcon_core.event_handler.log_command:Invoking command in '/home/kaisirius/btp/cav-platoons/build/polygon_plugins': CMAKE_PREFIX_PATH=/home/kaisirius/btp/cav-platoons/install/polygon_base:/home/kaisirius/btp/cav-platoons/install/polygon_plugins:/home/kaisirius/btp/cav-platoons/install/my_package:/home/kaisirius/btp/cav-platoons/install/more_interfaces:/home/kaisirius/btp/cav-platoons/install/paper_implementation:/home/kaisirius/btp/cav-platoons/install/my_robot_controller:/home/kaisirius/ros2_ws/install/my_robot_controller:/opt/ros/humble /usr/bin/cmake --install /home/kaisirius/btp/cav-platoons/build/polygon_plugins
[0.739s] Level 1:colcon.colcon_core.environment:create_environment_scripts_only(polygon_plugins)
[0.739s] Level 1:colcon.colcon_core.environment:checking '/home/kaisirius/btp/cav-platoons/install/polygon_plugins' for CMake module files
[0.740s] Level 1:colcon.colcon_core.environment:checking '/home/kaisirius/btp/cav-platoons/install/polygon_plugins' for CMake config files
[0.741s] DEBUG:colcon.colcon_core.event_handler.log_command:Invoked command in '/home/kaisirius/btp/cav-platoons/build/polygon_plugins' returned '0': CMAKE_PREFIX_PATH=/home/kaisirius/btp/cav-platoons/install/polygon_base:/home/kaisirius/btp/cav-platoons/install/polygon_plugins:/home/kaisirius/btp/cav-platoons/install/my_package:/home/kaisirius/btp/cav-platoons/install/more_interfaces:/home/kaisirius/btp/cav-platoons/install/paper_implementation:/home/kaisirius/btp/cav-platoons/install/my_robot_controller:/home/kaisirius/ros2_ws/install/my_robot_controller:/opt/ros/humble /usr/bin/cmake --install /home/kaisirius/btp/cav-platoons/build/polygon_plugins
[0.741s] Level 1:colcon.colcon_core.shell:create_environment_hook('polygon_plugins', 'cmake_prefix_path')
[0.741s] INFO:colcon.colcon_core.shell:Creating environment hook '/home/kaisirius/btp/cav-platoons/install/polygon_plugins/share/polygon_plugins/hook/cmake_prefix_path.ps1'
[0.742s] INFO:colcon.colcon_core.shell:Creating environment descriptor '/home/kaisirius/btp/cav-platoons/install/polygon_plugins/share/polygon_plugins/hook/cmake_prefix_path.dsv'
[0.742s] INFO:colcon.colcon_core.shell:Creating environment hook '/home/kaisirius/btp/cav-platoons/install/polygon_plugins/share/polygon_plugins/hook/cmake_prefix_path.sh'
[0.743s] Level 1:colcon.colcon_core.environment:checking '/home/kaisirius/btp/cav-platoons/install/polygon_plugins/lib'
[0.743s] Level 1:colcon.colcon_core.shell:create_environment_hook('polygon_plugins', 'ld_library_path_lib')
[0.743s] INFO:colcon.colcon_core.shell:Creating environment hook '/home/kaisirius/btp/cav-platoons/install/polygon_plugins/share/polygon_plugins/hook/ld_library_path_lib.ps1'
[0.743s] INFO:colcon.colcon_core.shell:Creating environment descriptor '/home/kaisirius/btp/cav-platoons/install/polygon_plugins/share/polygon_plugins/hook/ld_library_path_lib.dsv'
[0.744s] INFO:colcon.colcon_core.shell:Creating environment hook '/home/kaisirius/btp/cav-platoons/install/polygon_plugins/share/polygon_plugins/hook/ld_library_path_lib.sh'
[0.744s] Level 1:colcon.colcon_core.environment:checking '/home/kaisirius/btp/cav-platoons/install/polygon_plugins/bin'
[0.744s] Level 1:colcon.colcon_core.environment:checking '/home/kaisirius/btp/cav-platoons/install/polygon_plugins/lib/pkgconfig/polygon_plugins.pc'
[0.744s] Level 1:colcon.colcon_core.environment:checking '/home/kaisirius/btp/cav-platoons/install/polygon_plugins/lib/python3.10/site-packages'
[0.744s] Level 1:colcon.colcon_core.environment:checking '/home/kaisirius/btp/cav-platoons/install/polygon_plugins/bin'
[0.745s] INFO:colcon.colcon_core.shell:Creating package script '/home/kaisirius/btp/cav-platoons/install/polygon_plugins/share/polygon_plugins/package.ps1'
[0.745s] INFO:colcon.colcon_core.shell:Creating package descriptor '/home/kaisirius/btp/cav-platoons/install/polygon_plugins/share/polygon_plugins/package.dsv'
[0.745s] INFO:colcon.colcon_core.shell:Creating package script '/home/kaisirius/btp/cav-platoons/install/polygon_plugins/share/polygon_plugins/package.sh'
[0.746s] INFO:colcon.colcon_core.shell:Creating package script '/home/kaisirius/btp/cav-platoons/install/polygon_plugins/share/polygon_plugins/package.bash'
[0.746s] INFO:colcon.colcon_core.shell:Creating package script '/home/kaisirius/btp/cav-platoons/install/polygon_plugins/share/polygon_plugins/package.zsh'
[0.746s] Level 1:colcon.colcon_core.environment:create_file_with_runtime_dependencies(/home/kaisirius/btp/cav-platoons/install/polygon_plugins/share/colcon-core/packages/polygon_plugins)
[0.747s] Level 1:colcon.colcon_core.environment:create_environment_scripts_only(polygon_plugins)
[0.747s] Level 1:colcon.colcon_core.environment:checking '/home/kaisirius/btp/cav-platoons/install/polygon_plugins' for CMake module files
[0.747s] Level 1:colcon.colcon_core.environment:checking '/home/kaisirius/btp/cav-platoons/install/polygon_plugins' for CMake config files
[0.747s] Level 1:colcon.colcon_core.shell:create_environment_hook('polygon_plugins', 'cmake_prefix_path')
[0.747s] INFO:colcon.colcon_core.shell:Creating environment hook '/home/kaisirius/btp/cav-platoons/install/polygon_plugins/share/polygon_plugins/hook/cmake_prefix_path.ps1'
[0.748s] INFO:colcon.colcon_core.shell:Creating environment descriptor '/home/kaisirius/btp/cav-platoons/install/polygon_plugins/share/polygon_plugins/hook/cmake_prefix_path.dsv'
[0.748s] INFO:colcon.colcon_core.shell:Creating environment hook '/home/kaisirius/btp/cav-platoons/install/polygon_plugins/share/polygon_plugins/hook/cmake_prefix_path.sh'
[0.748s] Level 1:colcon.colcon_core.environment:checking '/home/kaisirius/btp/cav-platoons/install/polygon_plugins/lib'
[0.749s] Level 1:colcon.colcon_core.shell:create_environment_hook('polygon_plugins', 'ld_library_path_lib')
[0.749s] INFO:colcon.colcon_core.shell:Creating environment hook '/home/kaisirius/btp/cav-platoons/install/polygon_plugins/share/polygon_plugins/hook/ld_library_path_lib.ps1'
[0.749s] INFO:colcon.colcon_core.shell:Creating environment descriptor '/home/kaisirius/btp/cav-platoons/install/polygon_plugins/share/polygon_plugins/hook/ld_library_path_lib.dsv'
[0.749s] INFO:colcon.colcon_core.shell:Creating environment hook '/home/kaisirius/btp/cav-platoons/install/polygon_plugins/share/polygon_plugins/hook/ld_library_path_lib.sh'
[0.749s] Level 1:colcon.colcon_core.environment:checking '/home/kaisirius/btp/cav-platoons/install/polygon_plugins/bin'
[0.750s] Level 1:colcon.colcon_core.environment:checking '/home/kaisirius/btp/cav-platoons/install/polygon_plugins/lib/pkgconfig/polygon_plugins.pc'
[0.750s] Level 1:colcon.colcon_core.environment:checking '/home/kaisirius/btp/cav-platoons/install/polygon_plugins/lib/python3.10/site-packages'
[0.750s] Level 1:colcon.colcon_core.environment:checking '/home/kaisirius/btp/cav-platoons/install/polygon_plugins/bin'
[0.750s] INFO:colcon.colcon_core.shell:Creating package script '/home/kaisirius/btp/cav-platoons/install/polygon_plugins/share/polygon_plugins/package.ps1'
[0.751s] INFO:colcon.colcon_core.shell:Creating package descriptor '/home/kaisirius/btp/cav-platoons/install/polygon_plugins/share/polygon_plugins/package.dsv'
[0.751s] INFO:colcon.colcon_core.shell:Creating package script '/home/kaisirius/btp/cav-platoons/install/polygon_plugins/share/polygon_plugins/package.sh'
[0.751s] INFO:colcon.colcon_core.shell:Creating package script '/home/kaisirius/btp/cav-platoons/install/polygon_plugins/share/polygon_plugins/package.bash'
[0.752s] INFO:colcon.colcon_core.shell:Creating package script '/home/kaisirius/btp/cav-platoons/install/polygon_plugins/share/polygon_plugins/package.zsh'
[0.752s] Level 1:colcon.colcon_core.environment:create_file_with_runtime_dependencies(/home/kaisirius/btp/cav-platoons/install/polygon_plugins/share/colcon-core/packages/polygon_plugins)
[0.844s] DEBUG:colcon.colcon_core.event_handler.log_command:Invoking command in '/home/kaisirius/btp/cav-platoons/src/my_robot_controller': PYTHONPATH=/home/kaisirius/btp/cav-platoons/build/my_robot_controller/prefix_override:/usr/lib/python3/dist-packages/colcon_core/task/python/colcon_distutils_commands:/home/kaisirius/btp/cav-platoons/install/my_robot_controller/lib/python3.10/site-packages:${PYTHONPATH} /usr/bin/python3 -W ignore:setup.py install is deprecated -W ignore:easy_install command is deprecated setup.py egg_info --egg-base ../../build/my_robot_controller build --build-base /home/kaisirius/btp/cav-platoons/build/my_robot_controller/build install --record /home/kaisirius/btp/cav-platoons/build/my_robot_controller/install.log --single-version-externally-managed install_data
[0.856s] DEBUG:colcon.colcon_core.event_handler.log_command:Invoking command in '/home/kaisirius/btp/cav-platoons/src/paper_implementation': PYTHONPATH=/home/kaisirius/btp/cav-platoons/build/paper_implementation/prefix_override:/usr/lib/python3/dist-packages/colcon_core/task/python/colcon_distutils_commands:/home/kaisirius/btp/cav-platoons/install/paper_implementation/lib/python3.10/site-packages:${PYTHONPATH} /usr/bin/python3 -W ignore:setup.py install is deprecated -W ignore:easy_install command is deprecated setup.py egg_info --egg-base ../../build/paper_implementation build --build-base /home/kaisirius/btp/cav-platoons/build/paper_implementation/build install --record /home/kaisirius/btp/cav-platoons/build/paper_implementation/install.log --single-version-externally-managed install_data
[1.021s] Level 1:colcon.colcon_core.environment:checking '/home/kaisirius/btp/cav-platoons/install/my_robot_controller' for CMake module files
[1.021s] Level 1:colcon.colcon_core.environment:checking '/home/kaisirius/btp/cav-platoons/install/my_robot_controller' for CMake config files
[1.021s] Level 1:colcon.colcon_core.environment:checking '/home/kaisirius/btp/cav-platoons/install/my_robot_controller/lib'
[1.022s] Level 1:colcon.colcon_core.environment:checking '/home/kaisirius/btp/cav-platoons/install/my_robot_controller/bin'
[1.022s] Level 1:colcon.colcon_core.environment:checking '/home/kaisirius/btp/cav-platoons/install/my_robot_controller/lib/pkgconfig/my_robot_controller.pc'
[1.022s] Level 1:colcon.colcon_core.environment:checking '/home/kaisirius/btp/cav-platoons/install/my_robot_controller/lib/python3.10/site-packages'
[1.022s] Level 1:colcon.colcon_core.shell:create_environment_hook('my_robot_controller', 'pythonpath')
[1.022s] INFO:colcon.colcon_core.shell:Creating environment hook '/home/kaisirius/btp/cav-platoons/install/my_robot_controller/share/my_robot_controller/hook/pythonpath.ps1'
[1.022s] INFO:colcon.colcon_core.shell:Creating environment descriptor '/home/kaisirius/btp/cav-platoons/install/my_robot_controller/share/my_robot_controller/hook/pythonpath.dsv'
[1.023s] INFO:colcon.colcon_core.shell:Creating environment hook '/home/kaisirius/btp/cav-platoons/install/my_robot_controller/share/my_robot_controller/hook/pythonpath.sh'
[1.023s] Level 1:colcon.colcon_core.environment:checking '/home/kaisirius/btp/cav-platoons/install/my_robot_controller/bin'
[1.023s] Level 1:colcon.colcon_core.environment:create_environment_scripts_only(my_robot_controller)
[1.024s] INFO:colcon.colcon_core.shell:Creating package script '/home/kaisirius/btp/cav-platoons/install/my_robot_controller/share/my_robot_controller/package.ps1'
[1.024s] DEBUG:colcon.colcon_core.event_handler.log_command:Invoked command in '/home/kaisirius/btp/cav-platoons/src/my_robot_controller' returned '0': PYTHONPATH=/home/kaisirius/btp/cav-platoons/build/my_robot_controller/prefix_override:/usr/lib/python3/dist-packages/colcon_core/task/python/colcon_distutils_commands:/home/kaisirius/btp/cav-platoons/install/my_robot_controller/lib/python3.10/site-packages:${PYTHONPATH} /usr/bin/python3 -W ignore:setup.py install is deprecated -W ignore:easy_install command is deprecated setup.py egg_info --egg-base ../../build/my_robot_controller build --build-base /home/kaisirius/btp/cav-platoons/build/my_robot_controller/build install --record /home/kaisirius/btp/cav-platoons/build/my_robot_controller/install.log --single-version-externally-managed install_data
[1.024s] INFO:colcon.colcon_core.shell:Creating package descriptor '/home/kaisirius/btp/cav-platoons/install/my_robot_controller/share/my_robot_controller/package.dsv'
[1.025s] INFO:colcon.colcon_core.shell:Creating package script '/home/kaisirius/btp/cav-platoons/install/my_robot_controller/share/my_robot_controller/package.sh'
[1.025s] INFO:colcon.colcon_core.shell:Creating package script '/home/kaisirius/btp/cav-platoons/install/my_robot_controller/share/my_robot_controller/package.bash'
[1.025s] INFO:colcon.colcon_core.shell:Creating package script '/home/kaisirius/btp/cav-platoons/install/my_robot_controller/share/my_robot_controller/package.zsh'
[1.025s] Level 1:colcon.colcon_core.environment:create_file_with_runtime_dependencies(/home/kaisirius/btp/cav-platoons/install/my_robot_controller/share/colcon-core/packages/my_robot_controller)
[1.050s] Level 1:colcon.colcon_core.environment:checking '/home/kaisirius/btp/cav-platoons/install/paper_implementation' for CMake module files
[1.050s] DEBUG:colcon.colcon_core.event_handler.log_command:Invoked command in '/home/kaisirius/btp/cav-platoons/src/paper_implementation' returned '0': PYTHONPATH=/home/kaisirius/btp/cav-platoons/build/paper_implementation/prefix_override:/usr/lib/python3/dist-packages/colcon_core/task/python/colcon_distutils_commands:/home/kaisirius/btp/cav-platoons/install/paper_implementation/lib/python3.10/site-packages:${PYTHONPATH} /usr/bin/python3 -W ignore:setup.py install is deprecated -W ignore:easy_install command is deprecated setup.py egg_info --egg-base ../../build/paper_implementation build --build-base /home/kaisirius/btp/cav-platoons/build/paper_implementation/build install --record /home/kaisirius/btp/cav-platoons/build/paper_implementation/install.log --single-version-externally-managed install_data
[1.051s] Level 1:colcon.colcon_core.environment:checking '/home/kaisirius/btp/cav-platoons/install/paper_implementation' for CMake config files
[1.051s] Level 1:colcon.colcon_core.environment:checking '/home/kaisirius/btp/cav-platoons/install/paper_implementation/lib'
[1.051s] Level 1:colcon.colcon_core.environment:checking '/home/kaisirius/btp/cav-platoons/install/paper_implementation/bin'
[1.051s] Level 1:colcon.colcon_core.environment:checking '/home/kaisirius/btp/cav-platoons/install/paper_implementation/lib/pkgconfig/paper_implementation.pc'
[1.051s] Level 1:colcon.colcon_core.environment:checking '/home/kaisirius/btp/cav-platoons/install/paper_implementation/lib/python3.10/site-packages'
[1.051s] Level 1:colcon.colcon_core.shell:create_environment_hook('paper_implementation', 'pythonpath')
[1.052s] INFO:colcon.colcon_core.shell:Creating environment hook '/home/kaisirius/btp/cav-platoons/install/paper_implementation/share/paper_implementation/hook/pythonpath.ps1'
[1.052s] INFO:colcon.colcon_core.shell:Creating environment descriptor '/home/kaisirius/btp/cav-platoons/install/paper_implementation/share/paper_implementation/hook/pythonpath.dsv'
[1.052s] INFO:colcon.colcon_core.shell:Creating environment hook '/home/kaisirius/btp/cav-platoons/install/paper_implementation/share/paper_implementation/hook/pythonpath.sh'
[1.053s] Level 1:colcon.colcon_core.environment:checking '/home/kaisirius/btp/cav-platoons/install/paper_implementation/bin'
[1.053s] Level 1:colcon.colcon_core.environment:create_environment_scripts_only(paper_implementation)
[1.053s] INFO:colcon.colcon_core.shell:Creating package script '/home/kaisirius/btp/cav-platoons/install/paper_implementation/share/paper_implementation/package.ps1'
[1.053s] INFO:colcon.colcon_core.shell:Creating package descriptor '/home/kaisirius/btp/cav-platoons/install/paper_implementation/share/paper_implementation/package.dsv'
[1.053s] INFO:colcon.colcon_core.shell:Creating package script '/home/kaisirius/btp/cav-platoons/install/paper_implementation/share/paper_implementation/package.sh'
[1.054s] INFO:colcon.colcon_core.shell:Creating package script '/home/kaisirius/btp/cav-platoons/install/paper_implementation/share/paper_implementation/package.bash'
[1.054s] INFO:colcon.colcon_core.shell:Creating package script '/home/kaisirius/btp/cav-platoons/install/paper_implementation/share/paper_implementation/package.zsh'
[1.054s] Level 1:colcon.colcon_core.environment:create_file_with_runtime_dependencies(/home/kaisirius/btp/cav-platoons/install/paper_implementation/share/colcon-core/packages/paper_implementation)
[1.054s] DEBUG:colcon.colcon_parallel_executor.executor.parallel:closing loop
[1.054s] DEBUG:colcon.colcon_parallel_executor.executor.parallel:loop closed
[1.054s] DEBUG:colcon.colcon_parallel_executor.executor.parallel:run_until_complete finished with '0'
[1.054s] DEBUG:colcon.colcon_core.event_reactor:joining thread
[1.060s] INFO:colcon.colcon_core.plugin_system:Skipping extension 'colcon_notification.desktop_notification.terminal_notifier': Not used on non-Darwin systems
[1.060s] INFO:colcon.colcon_core.plugin_system:Skipping extension 'colcon_notification.desktop_notification.win32': Not used on non-Windows systems
[1.060s] INFO:colcon.colcon_notification.desktop_notification:Sending desktop notification using 'notify2'
[1.070s] DEBUG:colcon.colcon_core.event_reactor:joined thread
[1.070s] INFO:colcon.colcon_core.shell:Creating prefix script '/home/kaisirius/btp/cav-platoons/install/local_setup.ps1'
[1.071s] INFO:colcon.colcon_core.shell:Creating prefix util module '/home/kaisirius/btp/cav-platoons/install/_local_setup_util_ps1.py'
[1.073s] INFO:colcon.colcon_core.shell:Creating prefix chain script '/home/kaisirius/btp/cav-platoons/install/setup.ps1'
[1.074s] INFO:colcon.colcon_core.shell:Creating prefix script '/home/kaisirius/btp/cav-platoons/install/local_setup.sh'
[1.074s] INFO:colcon.colcon_core.shell:Creating prefix util module '/home/kaisirius/btp/cav-platoons/install/_local_setup_util_sh.py'
[1.075s] INFO:colcon.colcon_core.shell:Creating prefix chain script '/home/kaisirius/btp/cav-platoons/install/setup.sh'
[1.076s] INFO:colcon.colcon_core.shell:Creating prefix script '/home/kaisirius/btp/cav-platoons/install/local_setup.bash'
[1.076s] INFO:colcon.colcon_core.shell:Creating prefix chain script '/home/kaisirius/btp/cav-platoons/install/setup.bash'
[1.077s] INFO:colcon.colcon_core.shell:Creating prefix script '/home/kaisirius/btp/cav-platoons/install/local_setup.zsh'
[1.078s] INFO:colcon.colcon_core.shell:Creating prefix chain script '/home/kaisirius/btp/cav-platoons/install/setup.zsh'
