[0.370s] Invoking command in '/home/sanya/ros2_ws/build/paper_implementation': PYTHONPATH=/home/sanya/ros2_ws/build/paper_implementation/prefix_override:/home/sanya/ros2_ws/install/paper_implementation/lib/python3.10/site-packages:${PYTHONPATH} /usr/bin/python3 setup.py develop --uninstall --editable --build-directory /home/sanya/ros2_ws/build/paper_implementation/build
[0.516s] running develop
[0.616s] Invoked command in '/home/sanya/ros2_ws/build/paper_implementation' returned '0': PYTHONPATH=/home/sanya/ros2_ws/build/paper_implementation/prefix_override:/home/sanya/ros2_ws/install/paper_implementation/lib/python3.10/site-packages:${PYTHONPATH} /usr/bin/python3 setup.py develop --uninstall --editable --build-directory /home/sanya/ros2_ws/build/paper_implementation/build
[0.617s] Invoking command in '/home/sanya/ros2_ws/src/paper_implementation': PYTHONPATH=/home/sanya/ros2_ws/build/paper_implementation/prefix_override:/home/sanya/ros2_ws/install/paper_implementation/lib/python3.10/site-packages:${PYTHONPATH} /usr/bin/python3 setup.py egg_info --egg-base ../../build/paper_implementation build --build-base /home/sanya/ros2_ws/build/paper_implementation/build install --record /home/sanya/ros2_ws/build/paper_implementation/install.log --single-version-externally-managed
[0.752s] running egg_info
[0.752s] writing ../../build/paper_implementation/paper_implementation.egg-info/PKG-INFO
[0.752s] writing dependency_links to ../../build/paper_implementation/paper_implementation.egg-info/dependency_links.txt
[0.752s] writing entry points to ../../build/paper_implementation/paper_implementation.egg-info/entry_points.txt
[0.752s] writing requirements to ../../build/paper_implementation/paper_implementation.egg-info/requires.txt
[0.752s] writing top-level names to ../../build/paper_implementation/paper_implementation.egg-info/top_level.txt
[0.753s] reading manifest file '../../build/paper_implementation/paper_implementation.egg-info/SOURCES.txt'
[0.754s] writing manifest file '../../build/paper_implementation/paper_implementation.egg-info/SOURCES.txt'
[0.754s] running build
[0.754s] running build_py
[0.754s] running install
[0.754s] running install_lib
[0.755s] running install_data
[0.755s] running install_egg_info
[0.757s] removing '/home/sanya/ros2_ws/install/paper_implementation/lib/python3.10/site-packages/paper_implementation-0.0.0-py3.10.egg-info' (and everything under it)
[0.757s] Copying ../../build/paper_implementation/paper_implementation.egg-info to /home/sanya/ros2_ws/install/paper_implementation/lib/python3.10/site-packages/paper_implementation-0.0.0-py3.10.egg-info
[0.757s] running install_scripts
[0.769s] Installing paper_node script to /home/sanya/ros2_ws/install/paper_implementation/lib/paper_implementation
[0.769s] writing list of installed files to '/home/sanya/ros2_ws/build/paper_implementation/install.log'
[0.784s] Invoked command in '/home/sanya/ros2_ws/src/paper_implementation' returned '0': PYTHONPATH=/home/sanya/ros2_ws/build/paper_implementation/prefix_override:/home/sanya/ros2_ws/install/paper_implementation/lib/python3.10/site-packages:${PYTHONPATH} /usr/bin/python3 setup.py egg_info --egg-base ../../build/paper_implementation build --build-base /home/sanya/ros2_ws/build/paper_implementation/build install --record /home/sanya/ros2_ws/build/paper_implementation/install.log --single-version-externally-managed
