[0.385s] Invoking command in '/home/kaisirius/btp/cav-platoons/src/paper_implementation': PYTHONPATH=/home/kaisirius/btp/cav-platoons/build/paper_implementation/prefix_override:/usr/lib/python3/dist-packages/colcon_core/task/python/colcon_distutils_commands:/home/kaisirius/btp/cav-platoons/install/paper_implementation/lib/python3.10/site-packages:${PYTHONPATH} /usr/bin/python3 -W ignore:setup.py install is deprecated -W ignore:easy_install command is deprecated setup.py egg_info --egg-base ../../build/paper_implementation build --build-base /home/kaisirius/btp/cav-platoons/build/paper_implementation/build install --record /home/kaisirius/btp/cav-platoons/build/paper_implementation/install.log --single-version-externally-managed install_data
[0.555s] running egg_info
[0.555s] writing ../../build/paper_implementation/paper_implementation.egg-info/PKG-INFO
[0.555s] writing dependency_links to ../../build/paper_implementation/paper_implementation.egg-info/dependency_links.txt
[0.555s] writing entry points to ../../build/paper_implementation/paper_implementation.egg-info/entry_points.txt
[0.555s] writing requirements to ../../build/paper_implementation/paper_implementation.egg-info/requires.txt
[0.556s] writing top-level names to ../../build/paper_implementation/paper_implementation.egg-info/top_level.txt
[0.557s] reading manifest file '../../build/paper_implementation/paper_implementation.egg-info/SOURCES.txt'
[0.557s] writing manifest file '../../build/paper_implementation/paper_implementation.egg-info/SOURCES.txt'
[0.558s] running build
[0.558s] running build_py
[0.558s] running install
[0.558s] running install_lib
[0.560s] running install_data
[0.560s] running install_egg_info
[0.562s] removing '/home/kaisirius/btp/cav-platoons/install/paper_implementation/lib/python3.10/site-packages/paper_implementation-0.0.0-py3.10.egg-info' (and everything under it)
[0.562s] Copying ../../build/paper_implementation/paper_implementation.egg-info to /home/kaisirius/btp/cav-platoons/install/paper_implementation/lib/python3.10/site-packages/paper_implementation-0.0.0-py3.10.egg-info
[0.563s] running install_scripts
[0.585s] Installing collision_node_onesv_onemoving_ov script to /home/kaisirius/btp/cav-platoons/install/paper_implementation/lib/paper_implementation
[0.586s] Installing collision_node_onesv_overtake_moving_ov script to /home/kaisirius/btp/cav-platoons/install/paper_implementation/lib/paper_implementation
[0.586s] Installing collision_node_onesv_overtake_moving_ov_single_node script to /home/kaisirius/btp/cav-platoons/install/paper_implementation/lib/paper_implementation
[0.586s] Installing collision_node_two_sv_one_moving_ov script to /home/kaisirius/btp/cav-platoons/install/paper_implementation/lib/paper_implementation
[0.586s] Installing collision_node_two_sv_one_stationary_ov script to /home/kaisirius/btp/cav-platoons/install/paper_implementation/lib/paper_implementation
[0.586s] Installing moving_obstacle_straight_driver script to /home/kaisirius/btp/cav-platoons/install/paper_implementation/lib/paper_implementation
[0.586s] Installing paper_node script to /home/kaisirius/btp/cav-platoons/install/paper_implementation/lib/paper_implementation
[0.586s] writing list of installed files to '/home/kaisirius/btp/cav-platoons/build/paper_implementation/install.log'
[0.613s] Invoked command in '/home/kaisirius/btp/cav-platoons/src/paper_implementation' returned '0': PYTHONPATH=/home/kaisirius/btp/cav-platoons/build/paper_implementation/prefix_override:/usr/lib/python3/dist-packages/colcon_core/task/python/colcon_distutils_commands:/home/kaisirius/btp/cav-platoons/install/paper_implementation/lib/python3.10/site-packages:${PYTHONPATH} /usr/bin/python3 -W ignore:setup.py install is deprecated -W ignore:easy_install command is deprecated setup.py egg_info --egg-base ../../build/paper_implementation build --build-base /home/kaisirius/btp/cav-platoons/build/paper_implementation/build install --record /home/kaisirius/btp/cav-platoons/build/paper_implementation/install.log --single-version-externally-managed install_data
