running egg_info
writing ../../build/paper_implementation/paper_implementation.egg-info/PKG-INFO
writing dependency_links to ../../build/paper_implementation/paper_implementation.egg-info/dependency_links.txt
writing entry points to ../../build/paper_implementation/paper_implementation.egg-info/entry_points.txt
writing requirements to ../../build/paper_implementation/paper_implementation.egg-info/requires.txt
writing top-level names to ../../build/paper_implementation/paper_implementation.egg-info/top_level.txt
reading manifest file '../../build/paper_implementation/paper_implementation.egg-info/SOURCES.txt'
writing manifest file '../../build/paper_implementation/paper_implementation.egg-info/SOURCES.txt'
running build
running build_py
copying paper_implementation/collision_node_onesv_overtake_moving_ov.py -> /home/kaisirius/btp/cav-platoons/build/paper_implementation/build/lib/paper_implementation
running install
running install_lib
copying /home/kaisirius/btp/cav-platoons/build/paper_implementation/build/lib/paper_implementation/collision_node_onesv_overtake_moving_ov.py -> /home/kaisirius/btp/cav-platoons/install/paper_implementation/lib/python3.10/site-packages/paper_implementation
byte-compiling /home/kaisirius/btp/cav-platoons/install/paper_implementation/lib/python3.10/site-packages/paper_implementation/collision_node_onesv_overtake_moving_ov.py to collision_node_onesv_overtake_moving_ov.cpython-310.pyc
running install_data
copying launch/onesv_overtake_moving_ov_single_node.launch.py -> /home/kaisirius/btp/cav-platoons/install/paper_implementation/share/paper_implementation/launch
copying launch/onesv_overtake_moving_ov.launch.py -> /home/kaisirius/btp/cav-platoons/install/paper_implementation/share/paper_implementation/launch
running install_egg_info
removing '/home/kaisirius/btp/cav-platoons/install/paper_implementation/lib/python3.10/site-packages/paper_implementation-0.0.0-py3.10.egg-info' (and everything under it)
Copying ../../build/paper_implementation/paper_implementation.egg-info to /home/kaisirius/btp/cav-platoons/install/paper_implementation/lib/python3.10/site-packages/paper_implementation-0.0.0-py3.10.egg-info
running install_scripts
Installing collision_node_onesv_onemoving_ov script to /home/kaisirius/btp/cav-platoons/install/paper_implementation/lib/paper_implementation
Installing collision_node_onesv_overtake_moving_ov script to /home/kaisirius/btp/cav-platoons/install/paper_implementation/lib/paper_implementation
Installing collision_node_onesv_overtake_moving_ov_single_node script to /home/kaisirius/btp/cav-platoons/install/paper_implementation/lib/paper_implementation
Installing paper_node script to /home/kaisirius/btp/cav-platoons/install/paper_implementation/lib/paper_implementation
writing list of installed files to '/home/kaisirius/btp/cav-platoons/build/paper_implementation/install.log'
