[0.022s] Invoking command in '/home/kaisirius/btp/cav-platoons/build/my_package': CMAKE_PREFIX_PATH=/home/kaisirius/ros2_ws/install/my_robot_controller:/opt/ros/humble /usr/bin/cmake /home/kaisirius/btp/cav-platoons/src/my_package -DCMAKE_INSTALL_PREFIX=/home/kaisirius/btp/cav-platoons/install/my_package
[0.211s] -- The C compiler identification is GNU 11.4.0
[0.211s] -- The CXX compiler identification is GNU 11.4.0
[0.211s] -- Detecting C compiler ABI info
[0.211s] -- Detecting C compiler ABI info - done
[0.219s] -- Check for working C compiler: /usr/bin/cc - skipped
[0.219s] -- Detecting C compile features
[0.219s] -- Detecting C compile features - done
[0.222s] -- Detecting CXX compiler ABI info
[0.286s] -- Detecting CXX compiler ABI info - done
[0.293s] -- Check for working CXX compiler: /usr/bin/c++ - skipped
[0.293s] -- Detecting CXX compile features
[0.294s] -- Detecting CXX compile features - done
[0.296s] -- Found ament_cmake: 1.3.12 (/opt/ros/humble/share/ament_cmake/cmake)
[0.424s] -- Found Python3: /usr/bin/python3 (found version "3.10.12") found components: Interpreter 
[0.504s] -- Found ament_lint_auto: 0.12.14 (/opt/ros/humble/share/ament_lint_auto/cmake)
[0.610s] -- Added test 'cppcheck' to perform static code analysis on C / C++ code
[0.610s] -- Configured cppcheck include dirs: $<BUILD_INTERFACE:/home/kaisirius/btp/cav-platoons/src/my_package/include>
[0.610s] -- Configured cppcheck exclude dirs and/or files: 
[0.610s] -- Added test 'lint_cmake' to check CMake code style
[0.611s] -- Added test 'uncrustify' to check C / C++ code style
[0.611s] -- Configured uncrustify additional arguments: 
[0.611s] -- Added test 'xmllint' to check XML markup files
[0.614s] -- Configuring done
[0.617s] -- Generating done
[0.618s] -- Build files have been written to: /home/kaisirius/btp/cav-platoons/build/my_package
[0.622s] Invoked command in '/home/kaisirius/btp/cav-platoons/build/my_package' returned '0': CMAKE_PREFIX_PATH=/home/kaisirius/ros2_ws/install/my_robot_controller:/opt/ros/humble /usr/bin/cmake /home/kaisirius/btp/cav-platoons/src/my_package -DCMAKE_INSTALL_PREFIX=/home/kaisirius/btp/cav-platoons/install/my_package
[0.624s] Invoking command in '/home/kaisirius/btp/cav-platoons/build/my_package': CMAKE_PREFIX_PATH=/home/kaisirius/ros2_ws/install/my_robot_controller:/opt/ros/humble /usr/bin/cmake --build /home/kaisirius/btp/cav-platoons/build/my_package -- -j12 -l12
[0.672s] [ 50%] [32mBuilding CXX object CMakeFiles/my_node.dir/src/my_node.cpp.o[0m
[0.697s] [100%] [32m[1mLinking CXX executable my_node[0m
[0.741s] [100%] Built target my_node
[0.751s] Invoked command in '/home/kaisirius/btp/cav-platoons/build/my_package' returned '0': CMAKE_PREFIX_PATH=/home/kaisirius/ros2_ws/install/my_robot_controller:/opt/ros/humble /usr/bin/cmake --build /home/kaisirius/btp/cav-platoons/build/my_package -- -j12 -l12
[0.760s] Invoking command in '/home/kaisirius/btp/cav-platoons/build/my_package': CMAKE_PREFIX_PATH=/home/kaisirius/ros2_ws/install/my_robot_controller:/opt/ros/humble /usr/bin/cmake --install /home/kaisirius/btp/cav-platoons/build/my_package
[0.764s] -- Install configuration: ""
[0.764s] -- Installing: /home/kaisirius/btp/cav-platoons/install/my_package/lib/my_package/my_node
[0.765s] -- Installing: /home/kaisirius/btp/cav-platoons/install/my_package/share/ament_index/resource_index/package_run_dependencies/my_package
[0.765s] -- Installing: /home/kaisirius/btp/cav-platoons/install/my_package/share/ament_index/resource_index/parent_prefix_path/my_package
[0.765s] -- Installing: /home/kaisirius/btp/cav-platoons/install/my_package/share/my_package/environment/ament_prefix_path.sh
[0.765s] -- Installing: /home/kaisirius/btp/cav-platoons/install/my_package/share/my_package/environment/ament_prefix_path.dsv
[0.765s] -- Installing: /home/kaisirius/btp/cav-platoons/install/my_package/share/my_package/environment/path.sh
[0.765s] -- Installing: /home/kaisirius/btp/cav-platoons/install/my_package/share/my_package/environment/path.dsv
[0.766s] -- Installing: /home/kaisirius/btp/cav-platoons/install/my_package/share/my_package/local_setup.bash
[0.766s] -- Installing: /home/kaisirius/btp/cav-platoons/install/my_package/share/my_package/local_setup.sh
[0.766s] -- Installing: /home/kaisirius/btp/cav-platoons/install/my_package/share/my_package/local_setup.zsh
[0.766s] -- Installing: /home/kaisirius/btp/cav-platoons/install/my_package/share/my_package/local_setup.dsv
[0.766s] -- Installing: /home/kaisirius/btp/cav-platoons/install/my_package/share/my_package/package.dsv
[0.766s] -- Installing: /home/kaisirius/btp/cav-platoons/install/my_package/share/ament_index/resource_index/packages/my_package
[0.766s] -- Installing: /home/kaisirius/btp/cav-platoons/install/my_package/share/my_package/cmake/my_packageConfig.cmake
[0.766s] -- Installing: /home/kaisirius/btp/cav-platoons/install/my_package/share/my_package/cmake/my_packageConfig-version.cmake
[0.766s] -- Installing: /home/kaisirius/btp/cav-platoons/install/my_package/share/my_package/package.xml
[0.768s] Invoked command in '/home/kaisirius/btp/cav-platoons/build/my_package' returned '0': CMAKE_PREFIX_PATH=/home/kaisirius/ros2_ws/install/my_robot_controller:/opt/ros/humble /usr/bin/cmake --install /home/kaisirius/btp/cav-platoons/build/my_package
