[0.368s] Invoking command in '/home/sanya/ros2_ws/build/paper_implementation': PYTHONPATH=/home/sanya/ros2_ws/build/paper_implementation/prefix_override:/home/sanya/ros2_ws/install/paper_implementation/lib/python3.10/site-packages:${PYTHONPATH} /usr/bin/python3 setup.py develop --editable --build-directory /home/sanya/ros2_ws/build/paper_implementation/build --no-deps install_data
[0.518s] running develop
[0.598s] running egg_info
[0.598s] creating paper_implementation.egg-info
[0.598s] writing paper_implementation.egg-info/PKG-INFO
[0.598s] writing dependency_links to paper_implementation.egg-info/dependency_links.txt
[0.598s] writing entry points to paper_implementation.egg-info/entry_points.txt
[0.598s] writing requirements to paper_implementation.egg-info/requires.txt
[0.598s] writing top-level names to paper_implementation.egg-info/top_level.txt
[0.598s] writing manifest file 'paper_implementation.egg-info/SOURCES.txt'
[0.599s] reading manifest file 'paper_implementation.egg-info/SOURCES.txt'
[0.599s] writing manifest file 'paper_implementation.egg-info/SOURCES.txt'
[0.600s] running build_ext
[0.600s] Creating /home/sanya/ros2_ws/install/paper_implementation/lib/python3.10/site-packages/paper-implementation.egg-link (link to .)
[0.601s] Installing paper_node script to /home/sanya/ros2_ws/install/paper_implementation/lib/paper_implementation
[0.601s] 
[0.601s] Installed /home/sanya/ros2_ws/build/paper_implementation
[0.601s] running install_data
[0.601s] creating /home/sanya/ros2_ws/install/paper_implementation/share/ament_index
[0.601s] creating /home/sanya/ros2_ws/install/paper_implementation/share/ament_index/resource_index
[0.601s] creating /home/sanya/ros2_ws/install/paper_implementation/share/ament_index/resource_index/packages
[0.601s] copying resource/paper_implementation -> /home/sanya/ros2_ws/install/paper_implementation/share/ament_index/resource_index/packages
[0.601s] copying package.xml -> /home/sanya/ros2_ws/install/paper_implementation/share/paper_implementation
[0.601s] creating /home/sanya/ros2_ws/install/paper_implementation/share/paper_implementation/launch
[0.601s] copying launch/simulation.launch.py -> /home/sanya/ros2_ws/install/paper_implementation/share/paper_implementation/launch
[0.601s] creating /home/sanya/ros2_ws/install/paper_implementation/share/paper_implementation/models
[0.601s] copying models/obstacle.sdf -> /home/sanya/ros2_ws/install/paper_implementation/share/paper_implementation/models
[0.620s] Invoked command in '/home/sanya/ros2_ws/build/paper_implementation' returned '0': PYTHONPATH=/home/sanya/ros2_ws/build/paper_implementation/prefix_override:/home/sanya/ros2_ws/install/paper_implementation/lib/python3.10/site-packages:${PYTHONPATH} /usr/bin/python3 setup.py develop --editable --build-directory /home/sanya/ros2_ws/build/paper_implementation/build --no-deps install_data
