[0.007s] Invoking command in '/home/kaisirius/btp/cav-platoons/build/polygon_plugins': AMENT_PREFIX_PATH=/home/kaisirius/btp/cav-platoons/install/polygon_base:${AMENT_PREFIX_PATH} CMAKE_PREFIX_PATH=/home/kaisirius/btp/cav-platoons/install/polygon_base:/home/kaisirius/ros2_ws/install/my_robot_controller:/opt/ros/humble /usr/bin/cmake /home/kaisirius/btp/cav-platoons/src/polygon_plugins -DCMAKE_INSTALL_PREFIX=/home/kaisirius/btp/cav-platoons/install/polygon_plugins
[0.069s] -- The C compiler identification is GNU 11.4.0
[0.124s] -- The CXX compiler identification is GNU 11.4.0
[0.131s] -- Detecting C compiler ABI info
[0.188s] -- Detecting C compiler ABI info - done
[0.193s] -- Check for working C compiler: /usr/bin/cc - skipped
[0.193s] -- Detecting C compile features
[0.193s] -- Detecting C compile features - done
[0.196s] -- Detecting CXX compiler ABI info
[0.254s] -- Detecting CXX compiler ABI info - done
[0.260s] -- Check for working CXX compiler: /usr/bin/c++ - skipped
[0.260s] -- Detecting CXX compile features
[0.260s] -- Detecting CXX compile features - done
[0.261s] -- Found ament_cmake: 1.3.12 (/opt/ros/humble/share/ament_cmake/cmake)
[0.379s] -- Found Python3: /usr/bin/python3 (found version "3.10.12") found components: Interpreter 
[0.443s] -- Found ament_cmake_ros: 0.10.0 (/opt/ros/humble/share/ament_cmake_ros/cmake)
[0.448s] -- Found polygon_base: 0.0.0 (/home/kaisirius/btp/cav-platoons/install/polygon_base/share/polygon_base/cmake)
[0.449s] -- Found pluginlib: 5.1.3 (/opt/ros/humble/share/pluginlib/cmake)
[0.479s] -- Found ament_lint_auto: 0.12.14 (/opt/ros/humble/share/ament_lint_auto/cmake)
[0.553s] -- Added test 'cppcheck' to perform static code analysis on C / C++ code
[0.553s] -- Configured cppcheck include dirs: $<BUILD_INTERFACE:/home/kaisirius/btp/cav-platoons/src/polygon_plugins/include>
[0.553s] -- Configured cppcheck exclude dirs and/or files: 
[0.554s] -- Added test 'lint_cmake' to check CMake code style
[0.555s] -- Added test 'uncrustify' to check C / C++ code style
[0.555s] -- Configured uncrustify additional arguments: 
[0.555s] -- Added test 'xmllint' to check XML markup files
[0.557s] -- Configuring done
[0.561s] -- Generating done
[0.563s] -- Build files have been written to: /home/kaisirius/btp/cav-platoons/build/polygon_plugins
[0.568s] Invoked command in '/home/kaisirius/btp/cav-platoons/build/polygon_plugins' returned '0': AMENT_PREFIX_PATH=/home/kaisirius/btp/cav-platoons/install/polygon_base:${AMENT_PREFIX_PATH} CMAKE_PREFIX_PATH=/home/kaisirius/btp/cav-platoons/install/polygon_base:/home/kaisirius/ros2_ws/install/my_robot_controller:/opt/ros/humble /usr/bin/cmake /home/kaisirius/btp/cav-platoons/src/polygon_plugins -DCMAKE_INSTALL_PREFIX=/home/kaisirius/btp/cav-platoons/install/polygon_plugins
[0.570s] Invoking command in '/home/kaisirius/btp/cav-platoons/build/polygon_plugins': AMENT_PREFIX_PATH=/home/kaisirius/btp/cav-platoons/install/polygon_base:${AMENT_PREFIX_PATH} CMAKE_PREFIX_PATH=/home/kaisirius/btp/cav-platoons/install/polygon_base:/home/kaisirius/ros2_ws/install/my_robot_controller:/opt/ros/humble /usr/bin/cmake --build /home/kaisirius/btp/cav-platoons/build/polygon_plugins -- -j12 -l12
[0.624s] [ 50%] [32mBuilding CXX object CMakeFiles/polygon_plugins.dir/src/polygon_plugins.cpp.o[0m
[1.221s] [100%] [32m[1mLinking CXX shared library libpolygon_plugins.so[0m
[1.306s] [100%] Built target polygon_plugins
[1.317s] Invoked command in '/home/kaisirius/btp/cav-platoons/build/polygon_plugins' returned '0': AMENT_PREFIX_PATH=/home/kaisirius/btp/cav-platoons/install/polygon_base:${AMENT_PREFIX_PATH} CMAKE_PREFIX_PATH=/home/kaisirius/btp/cav-platoons/install/polygon_base:/home/kaisirius/ros2_ws/install/my_robot_controller:/opt/ros/humble /usr/bin/cmake --build /home/kaisirius/btp/cav-platoons/build/polygon_plugins -- -j12 -l12
[1.319s] Invoking command in '/home/kaisirius/btp/cav-platoons/build/polygon_plugins': AMENT_PREFIX_PATH=/home/kaisirius/btp/cav-platoons/install/polygon_base:${AMENT_PREFIX_PATH} CMAKE_PREFIX_PATH=/home/kaisirius/btp/cav-platoons/install/polygon_base:/home/kaisirius/ros2_ws/install/my_robot_controller:/opt/ros/humble /usr/bin/cmake --install /home/kaisirius/btp/cav-platoons/build/polygon_plugins
[1.327s] -- Install configuration: ""
[1.327s] -- Installing: /home/kaisirius/btp/cav-platoons/install/polygon_plugins/share/polygon_plugins/plugins.xml
[1.328s] -- Installing: /home/kaisirius/btp/cav-platoons/install/polygon_plugins/include
[1.328s] -- Installing: /home/kaisirius/btp/cav-platoons/install/polygon_plugins/include/polygon_plugins
[1.328s] -- Installing: /home/kaisirius/btp/cav-platoons/install/polygon_plugins/include/polygon_plugins/visibility_control.h
[1.328s] -- Installing: /home/kaisirius/btp/cav-platoons/install/polygon_plugins/include/polygon_plugins/polygon_plugins.hpp
[1.328s] -- Installing: /home/kaisirius/btp/cav-platoons/install/polygon_plugins/lib/libpolygon_plugins.so
[1.328s] -- Set runtime path of "/home/kaisirius/btp/cav-platoons/install/polygon_plugins/lib/libpolygon_plugins.so" to ""
[1.328s] -- Installing: /home/kaisirius/btp/cav-platoons/install/polygon_plugins/share/polygon_plugins/environment/library_path.sh
[1.328s] -- Installing: /home/kaisirius/btp/cav-platoons/install/polygon_plugins/share/polygon_plugins/environment/library_path.dsv
[1.328s] -- Installing: /home/kaisirius/btp/cav-platoons/install/polygon_plugins/share/ament_index/resource_index/package_run_dependencies/polygon_plugins
[1.328s] -- Installing: /home/kaisirius/btp/cav-platoons/install/polygon_plugins/share/ament_index/resource_index/parent_prefix_path/polygon_plugins
[1.328s] -- Installing: /home/kaisirius/btp/cav-platoons/install/polygon_plugins/share/polygon_plugins/environment/ament_prefix_path.sh
[1.328s] -- Installing: /home/kaisirius/btp/cav-platoons/install/polygon_plugins/share/polygon_plugins/environment/ament_prefix_path.dsv
[1.329s] -- Installing: /home/kaisirius/btp/cav-platoons/install/polygon_plugins/share/polygon_plugins/environment/path.sh
[1.329s] -- Installing: /home/kaisirius/btp/cav-platoons/install/polygon_plugins/share/polygon_plugins/environment/path.dsv
[1.329s] -- Installing: /home/kaisirius/btp/cav-platoons/install/polygon_plugins/share/polygon_plugins/local_setup.bash
[1.329s] -- Installing: /home/kaisirius/btp/cav-platoons/install/polygon_plugins/share/polygon_plugins/local_setup.sh
[1.329s] -- Installing: /home/kaisirius/btp/cav-platoons/install/polygon_plugins/share/polygon_plugins/local_setup.zsh
[1.329s] -- Installing: /home/kaisirius/btp/cav-platoons/install/polygon_plugins/share/polygon_plugins/local_setup.dsv
[1.329s] -- Installing: /home/kaisirius/btp/cav-platoons/install/polygon_plugins/share/polygon_plugins/package.dsv
[1.329s] -- Installing: /home/kaisirius/btp/cav-platoons/install/polygon_plugins/share/ament_index/resource_index/packages/polygon_plugins
[1.329s] -- Installing: /home/kaisirius/btp/cav-platoons/install/polygon_plugins/share/ament_index/resource_index/polygon_base__pluginlib__plugin/polygon_plugins
[1.330s] -- Installing: /home/kaisirius/btp/cav-platoons/install/polygon_plugins/share/polygon_plugins/cmake/export_polygon_pluginsExport.cmake
[1.330s] -- Installing: /home/kaisirius/btp/cav-platoons/install/polygon_plugins/share/polygon_plugins/cmake/export_polygon_pluginsExport-noconfig.cmake
[1.330s] -- Installing: /home/kaisirius/btp/cav-platoons/install/polygon_plugins/share/polygon_plugins/cmake/ament_cmake_export_include_directories-extras.cmake
[1.330s] -- Installing: /home/kaisirius/btp/cav-platoons/install/polygon_plugins/share/polygon_plugins/cmake/ament_cmake_export_libraries-extras.cmake
[1.330s] -- Installing: /home/kaisirius/btp/cav-platoons/install/polygon_plugins/share/polygon_plugins/cmake/ament_cmake_export_targets-extras.cmake
[1.330s] -- Installing: /home/kaisirius/btp/cav-platoons/install/polygon_plugins/share/polygon_plugins/cmake/polygon_pluginsConfig.cmake
[1.330s] -- Installing: /home/kaisirius/btp/cav-platoons/install/polygon_plugins/share/polygon_plugins/cmake/polygon_pluginsConfig-version.cmake
[1.330s] -- Installing: /home/kaisirius/btp/cav-platoons/install/polygon_plugins/share/polygon_plugins/package.xml
[1.333s] Invoked command in '/home/kaisirius/btp/cav-platoons/build/polygon_plugins' returned '0': AMENT_PREFIX_PATH=/home/kaisirius/btp/cav-platoons/install/polygon_base:${AMENT_PREFIX_PATH} CMAKE_PREFIX_PATH=/home/kaisirius/btp/cav-platoons/install/polygon_base:/home/kaisirius/ros2_ws/install/my_robot_controller:/opt/ros/humble /usr/bin/cmake --install /home/kaisirius/btp/cav-platoons/build/polygon_plugins
