[0.060s] DEBUG:colcon:Command line arguments: ['/usr/bin/colcon', 'build']
[0.060s] DEBUG:colcon:Parsed command line arguments: Namespace(log_base=None, log_level=None, verb_name='build', build_base='build', install_base='install', merge_install=False, symlink_install=False, test_result_base=None, continue_on_error=False, executor='parallel', parallel_workers=12, event_handlers=None, ignore_user_meta=False, metas=['./colcon.meta'], base_paths=['.'], packages_ignore=None, packages_ignore_regex=None, paths=None, packages_up_to=None, packages_up_to_regex=None, packages_above=None, packages_above_and_dependencies=None, packages_above_depth=None, packages_select_by_dep=None, packages_skip_by_dep=None, packages_skip_up_to=None, packages_select_build_failed=False, packages_skip_build_finished=False, packages_select_test_failures=False, packages_skip_test_passed=False, packages_select=None, packages_skip=None, packages_select_regex=None, packages_skip_regex=None, packages_start=None, packages_end=None, allow_overriding=[], cmake_args=None, cmake_target=None, cmake_target_skip_unavailable=False, cmake_clean_cache=False, cmake_clean_first=False, cmake_force_configure=False, ament_cmake_args=None, catkin_cmake_args=None, catkin_skip_building_tests=False, verb_parser=<colcon_defaults.argument_parser.defaults.DefaultArgumentsDecorator object at 0x7d02e90e79a0>, verb_extension=<colcon_core.verb.build.BuildVerb object at 0x7d02e9270e80>, main=<bound method BuildVerb.main of <colcon_core.verb.build.BuildVerb object at 0x7d02e9270e80>>)
[0.143s] Level 1:colcon.colcon_core.package_discovery:discover_packages(colcon_meta) check parameters
[0.143s] Level 1:colcon.colcon_core.package_discovery:discover_packages(recursive) check parameters
[0.143s] Level 1:colcon.colcon_core.package_discovery:discover_packages(ignore) check parameters
[0.143s] Level 1:colcon.colcon_core.package_discovery:discover_packages(path) check parameters
[0.143s] Level 1:colcon.colcon_core.package_discovery:discover_packages(colcon_meta) discover
[0.143s] Level 1:colcon.colcon_core.package_discovery:discover_packages(recursive) discover
[0.143s] INFO:colcon.colcon_core.package_discovery:Crawling recursively for packages in '/home/kaisirius/btp/cav-platoons'
[0.143s] Level 1:colcon.colcon_core.package_identification:_identify(.) by extensions ['ignore', 'ignore_ament_install']
[0.143s] Level 1:colcon.colcon_core.package_identification:_identify(.) by extension 'ignore'
[0.143s] Level 1:colcon.colcon_core.package_identification:_identify(.) by extension 'ignore_ament_install'
[0.143s] Level 1:colcon.colcon_core.package_identification:_identify(.) by extensions ['colcon_pkg']
[0.143s] Level 1:colcon.colcon_core.package_identification:_identify(.) by extension 'colcon_pkg'
[0.143s] Level 1:colcon.colcon_core.package_identification:_identify(.) by extensions ['colcon_meta']
[0.143s] Level 1:colcon.colcon_core.package_identification:_identify(.) by extension 'colcon_meta'
[0.143s] Level 1:colcon.colcon_core.package_identification:_identify(.) by extensions ['ros']
[0.143s] Level 1:colcon.colcon_core.package_identification:_identify(.) by extension 'ros'
[0.150s] Level 1:colcon.colcon_core.package_identification:_identify(.) by extensions ['cmake', 'python']
[0.150s] Level 1:colcon.colcon_core.package_identification:_identify(.) by extension 'cmake'
[0.150s] Level 1:colcon.colcon_core.package_identification:_identify(.) by extension 'python'
[0.150s] Level 1:colcon.colcon_core.package_identification:_identify(.) by extensions ['python_setup_py']
[0.150s] Level 1:colcon.colcon_core.package_identification:_identify(.) by extension 'python_setup_py'
[0.150s] Level 1:colcon.colcon_core.package_identification:_identify(build) by extensions ['ignore', 'ignore_ament_install']
[0.150s] Level 1:colcon.colcon_core.package_identification:_identify(build) by extension 'ignore'
[0.150s] Level 1:colcon.colcon_core.package_identification:_identify(build) ignored
[0.151s] Level 1:colcon.colcon_core.package_identification:_identify(install) by extensions ['ignore', 'ignore_ament_install']
[0.151s] Level 1:colcon.colcon_core.package_identification:_identify(install) by extension 'ignore'
[0.151s] Level 1:colcon.colcon_core.package_identification:_identify(install) ignored
[0.151s] Level 1:colcon.colcon_core.package_identification:_identify(log) by extensions ['ignore', 'ignore_ament_install']
[0.151s] Level 1:colcon.colcon_core.package_identification:_identify(log) by extension 'ignore'
[0.151s] Level 1:colcon.colcon_core.package_identification:_identify(log) ignored
[0.151s] Level 1:colcon.colcon_core.package_identification:_identify(src) by extensions ['ignore', 'ignore_ament_install']
[0.151s] Level 1:colcon.colcon_core.package_identification:_identify(src) by extension 'ignore'
[0.151s] Level 1:colcon.colcon_core.package_identification:_identify(src) by extension 'ignore_ament_install'
[0.151s] Level 1:colcon.colcon_core.package_identification:_identify(src) by extensions ['colcon_pkg']
[0.151s] Level 1:colcon.colcon_core.package_identification:_identify(src) by extension 'colcon_pkg'
[0.151s] Level 1:colcon.colcon_core.package_identification:_identify(src) by extensions ['colcon_meta']
[0.151s] Level 1:colcon.colcon_core.package_identification:_identify(src) by extension 'colcon_meta'
[0.151s] Level 1:colcon.colcon_core.package_identification:_identify(src) by extensions ['ros']
[0.151s] Level 1:colcon.colcon_core.package_identification:_identify(src) by extension 'ros'
[0.151s] Level 1:colcon.colcon_core.package_identification:_identify(src) by extensions ['cmake', 'python']
[0.151s] Level 1:colcon.colcon_core.package_identification:_identify(src) by extension 'cmake'
[0.151s] Level 1:colcon.colcon_core.package_identification:_identify(src) by extension 'python'
[0.151s] Level 1:colcon.colcon_core.package_identification:_identify(src) by extensions ['python_setup_py']
[0.151s] Level 1:colcon.colcon_core.package_identification:_identify(src) by extension 'python_setup_py'
[0.151s] Level 1:colcon.colcon_core.package_identification:_identify(src/DynamixelSDK) by extensions ['ignore', 'ignore_ament_install']
[0.151s] Level 1:colcon.colcon_core.package_identification:_identify(src/DynamixelSDK) by extension 'ignore'
[0.151s] Level 1:colcon.colcon_core.package_identification:_identify(src/DynamixelSDK) by extension 'ignore_ament_install'
[0.151s] Level 1:colcon.colcon_core.package_identification:_identify(src/DynamixelSDK) by extensions ['colcon_pkg']
[0.151s] Level 1:colcon.colcon_core.package_identification:_identify(src/DynamixelSDK) by extension 'colcon_pkg'
[0.151s] Level 1:colcon.colcon_core.package_identification:_identify(src/DynamixelSDK) by extensions ['colcon_meta']
[0.151s] Level 1:colcon.colcon_core.package_identification:_identify(src/DynamixelSDK) by extension 'colcon_meta'
[0.151s] Level 1:colcon.colcon_core.package_identification:_identify(src/DynamixelSDK) by extensions ['ros']
[0.151s] Level 1:colcon.colcon_core.package_identification:_identify(src/DynamixelSDK) by extension 'ros'
[0.151s] Level 1:colcon.colcon_core.package_identification:_identify(src/DynamixelSDK) by extensions ['cmake', 'python']
[0.151s] Level 1:colcon.colcon_core.package_identification:_identify(src/DynamixelSDK) by extension 'cmake'
[0.151s] Level 1:colcon.colcon_core.package_identification:_identify(src/DynamixelSDK) by extension 'python'
[0.151s] Level 1:colcon.colcon_core.package_identification:_identify(src/DynamixelSDK) by extensions ['python_setup_py']
[0.151s] Level 1:colcon.colcon_core.package_identification:_identify(src/DynamixelSDK) by extension 'python_setup_py'
[0.151s] Level 1:colcon.colcon_core.package_identification:_identify(src/more_interfaces) by extensions ['ignore', 'ignore_ament_install']
[0.151s] Level 1:colcon.colcon_core.package_identification:_identify(src/more_interfaces) by extension 'ignore'
[0.151s] Level 1:colcon.colcon_core.package_identification:_identify(src/more_interfaces) by extension 'ignore_ament_install'
[0.151s] Level 1:colcon.colcon_core.package_identification:_identify(src/more_interfaces) by extensions ['colcon_pkg']
[0.151s] Level 1:colcon.colcon_core.package_identification:_identify(src/more_interfaces) by extension 'colcon_pkg'
[0.151s] Level 1:colcon.colcon_core.package_identification:_identify(src/more_interfaces) by extensions ['colcon_meta']
[0.152s] Level 1:colcon.colcon_core.package_identification:_identify(src/more_interfaces) by extension 'colcon_meta'
[0.152s] Level 1:colcon.colcon_core.package_identification:_identify(src/more_interfaces) by extensions ['ros']
[0.152s] Level 1:colcon.colcon_core.package_identification:_identify(src/more_interfaces) by extension 'ros'
[0.153s] DEBUG:colcon.colcon_core.package_identification:Package 'src/more_interfaces' with type 'ros.ament_cmake' and name 'more_interfaces'
[0.153s] Level 1:colcon.colcon_core.package_identification:_identify(src/my_package) by extensions ['ignore', 'ignore_ament_install']
[0.153s] Level 1:colcon.colcon_core.package_identification:_identify(src/my_package) by extension 'ignore'
[0.153s] Level 1:colcon.colcon_core.package_identification:_identify(src/my_package) by extension 'ignore_ament_install'
[0.153s] Level 1:colcon.colcon_core.package_identification:_identify(src/my_package) by extensions ['colcon_pkg']
[0.153s] Level 1:colcon.colcon_core.package_identification:_identify(src/my_package) by extension 'colcon_pkg'
[0.153s] Level 1:colcon.colcon_core.package_identification:_identify(src/my_package) by extensions ['colcon_meta']
[0.153s] Level 1:colcon.colcon_core.package_identification:_identify(src/my_package) by extension 'colcon_meta'
[0.153s] Level 1:colcon.colcon_core.package_identification:_identify(src/my_package) by extensions ['ros']
[0.153s] Level 1:colcon.colcon_core.package_identification:_identify(src/my_package) by extension 'ros'
[0.154s] DEBUG:colcon.colcon_core.package_identification:Package 'src/my_package' with type 'ros.ament_cmake' and name 'my_package'
[0.154s] Level 1:colcon.colcon_core.package_identification:_identify(src/my_robot_controller) by extensions ['ignore', 'ignore_ament_install']
[0.154s] Level 1:colcon.colcon_core.package_identification:_identify(src/my_robot_controller) by extension 'ignore'
[0.154s] Level 1:colcon.colcon_core.package_identification:_identify(src/my_robot_controller) by extension 'ignore_ament_install'
[0.154s] Level 1:colcon.colcon_core.package_identification:_identify(src/my_robot_controller) by extensions ['colcon_pkg']
[0.154s] Level 1:colcon.colcon_core.package_identification:_identify(src/my_robot_controller) by extension 'colcon_pkg'
[0.154s] Level 1:colcon.colcon_core.package_identification:_identify(src/my_robot_controller) by extensions ['colcon_meta']
[0.154s] Level 1:colcon.colcon_core.package_identification:_identify(src/my_robot_controller) by extension 'colcon_meta'
[0.154s] Level 1:colcon.colcon_core.package_identification:_identify(src/my_robot_controller) by extensions ['ros']
[0.154s] Level 1:colcon.colcon_core.package_identification:_identify(src/my_robot_controller) by extension 'ros'
[0.154s] DEBUG:colcon.colcon_core.package_identification:Package 'src/my_robot_controller' with type 'ros.ament_python' and name 'my_robot_controller'
[0.154s] Level 1:colcon.colcon_core.package_identification:_identify(src/paper_implementation) by extensions ['ignore', 'ignore_ament_install']
[0.154s] Level 1:colcon.colcon_core.package_identification:_identify(src/paper_implementation) by extension 'ignore'
[0.154s] Level 1:colcon.colcon_core.package_identification:_identify(src/paper_implementation) by extension 'ignore_ament_install'
[0.154s] Level 1:colcon.colcon_core.package_identification:_identify(src/paper_implementation) by extensions ['colcon_pkg']
[0.154s] Level 1:colcon.colcon_core.package_identification:_identify(src/paper_implementation) by extension 'colcon_pkg'
[0.154s] Level 1:colcon.colcon_core.package_identification:_identify(src/paper_implementation) by extensions ['colcon_meta']
[0.154s] Level 1:colcon.colcon_core.package_identification:_identify(src/paper_implementation) by extension 'colcon_meta'
[0.154s] Level 1:colcon.colcon_core.package_identification:_identify(src/paper_implementation) by extensions ['ros']
[0.154s] Level 1:colcon.colcon_core.package_identification:_identify(src/paper_implementation) by extension 'ros'
[0.155s] DEBUG:colcon.colcon_core.package_identification:Package 'src/paper_implementation' with type 'ros.ament_python' and name 'paper_implementation'
[0.155s] Level 1:colcon.colcon_core.package_identification:_identify(src/polygon_base) by extensions ['ignore', 'ignore_ament_install']
[0.155s] Level 1:colcon.colcon_core.package_identification:_identify(src/polygon_base) by extension 'ignore'
[0.155s] Level 1:colcon.colcon_core.package_identification:_identify(src/polygon_base) by extension 'ignore_ament_install'
[0.155s] Level 1:colcon.colcon_core.package_identification:_identify(src/polygon_base) by extensions ['colcon_pkg']
[0.155s] Level 1:colcon.colcon_core.package_identification:_identify(src/polygon_base) by extension 'colcon_pkg'
[0.155s] Level 1:colcon.colcon_core.package_identification:_identify(src/polygon_base) by extensions ['colcon_meta']
[0.155s] Level 1:colcon.colcon_core.package_identification:_identify(src/polygon_base) by extension 'colcon_meta'
[0.155s] Level 1:colcon.colcon_core.package_identification:_identify(src/polygon_base) by extensions ['ros']
[0.155s] Level 1:colcon.colcon_core.package_identification:_identify(src/polygon_base) by extension 'ros'
[0.155s] DEBUG:colcon.colcon_core.package_identification:Package 'src/polygon_base' with type 'ros.ament_cmake' and name 'polygon_base'
[0.155s] Level 1:colcon.colcon_core.package_identification:_identify(src/polygon_plugins) by extensions ['ignore', 'ignore_ament_install']
[0.156s] Level 1:colcon.colcon_core.package_identification:_identify(src/polygon_plugins) by extension 'ignore'
[0.156s] Level 1:colcon.colcon_core.package_identification:_identify(src/polygon_plugins) by extension 'ignore_ament_install'
[0.156s] Level 1:colcon.colcon_core.package_identification:_identify(src/polygon_plugins) by extensions ['colcon_pkg']
[0.156s] Level 1:colcon.colcon_core.package_identification:_identify(src/polygon_plugins) by extension 'colcon_pkg'
[0.156s] Level 1:colcon.colcon_core.package_identification:_identify(src/polygon_plugins) by extensions ['colcon_meta']
[0.156s] Level 1:colcon.colcon_core.package_identification:_identify(src/polygon_plugins) by extension 'colcon_meta'
[0.156s] Level 1:colcon.colcon_core.package_identification:_identify(src/polygon_plugins) by extensions ['ros']
[0.156s] Level 1:colcon.colcon_core.package_identification:_identify(src/polygon_plugins) by extension 'ros'
[0.156s] DEBUG:colcon.colcon_core.package_identification:Package 'src/polygon_plugins' with type 'ros.ament_cmake' and name 'polygon_plugins'
[0.156s] Level 1:colcon.colcon_core.package_identification:_identify(src/turtlebot3) by extensions ['ignore', 'ignore_ament_install']
[0.156s] Level 1:colcon.colcon_core.package_identification:_identify(src/turtlebot3) by extension 'ignore'
[0.156s] Level 1:colcon.colcon_core.package_identification:_identify(src/turtlebot3) by extension 'ignore_ament_install'
[0.156s] Level 1:colcon.colcon_core.package_identification:_identify(src/turtlebot3) by extensions ['colcon_pkg']
[0.156s] Level 1:colcon.colcon_core.package_identification:_identify(src/turtlebot3) by extension 'colcon_pkg'
[0.156s] Level 1:colcon.colcon_core.package_identification:_identify(src/turtlebot3) by extensions ['colcon_meta']
[0.156s] Level 1:colcon.colcon_core.package_identification:_identify(src/turtlebot3) by extension 'colcon_meta'
[0.156s] Level 1:colcon.colcon_core.package_identification:_identify(src/turtlebot3) by extensions ['ros']
[0.156s] Level 1:colcon.colcon_core.package_identification:_identify(src/turtlebot3) by extension 'ros'
[0.156s] Level 1:colcon.colcon_core.package_identification:_identify(src/turtlebot3) by extensions ['cmake', 'python']
[0.156s] Level 1:colcon.colcon_core.package_identification:_identify(src/turtlebot3) by extension 'cmake'
[0.156s] Level 1:colcon.colcon_core.package_identification:_identify(src/turtlebot3) by extension 'python'
[0.156s] Level 1:colcon.colcon_core.package_identification:_identify(src/turtlebot3) by extensions ['python_setup_py']
[0.156s] Level 1:colcon.colcon_core.package_identification:_identify(src/turtlebot3) by extension 'python_setup_py'
[0.156s] Level 1:colcon.colcon_core.package_identification:_identify(src/turtlebot3_msgs) by extensions ['ignore', 'ignore_ament_install']
[0.156s] Level 1:colcon.colcon_core.package_identification:_identify(src/turtlebot3_msgs) by extension 'ignore'
[0.156s] Level 1:colcon.colcon_core.package_identification:_identify(src/turtlebot3_msgs) by extension 'ignore_ament_install'
[0.156s] Level 1:colcon.colcon_core.package_identification:_identify(src/turtlebot3_msgs) by extensions ['colcon_pkg']
[0.156s] Level 1:colcon.colcon_core.package_identification:_identify(src/turtlebot3_msgs) by extension 'colcon_pkg'
[0.156s] Level 1:colcon.colcon_core.package_identification:_identify(src/turtlebot3_msgs) by extensions ['colcon_meta']
[0.157s] Level 1:colcon.colcon_core.package_identification:_identify(src/turtlebot3_msgs) by extension 'colcon_meta'
[0.157s] Level 1:colcon.colcon_core.package_identification:_identify(src/turtlebot3_msgs) by extensions ['ros']
[0.157s] Level 1:colcon.colcon_core.package_identification:_identify(src/turtlebot3_msgs) by extension 'ros'
[0.157s] Level 1:colcon.colcon_core.package_identification:_identify(src/turtlebot3_msgs) by extensions ['cmake', 'python']
[0.157s] Level 1:colcon.colcon_core.package_identification:_identify(src/turtlebot3_msgs) by extension 'cmake'
[0.157s] Level 1:colcon.colcon_core.package_identification:_identify(src/turtlebot3_msgs) by extension 'python'
[0.157s] Level 1:colcon.colcon_core.package_identification:_identify(src/turtlebot3_msgs) by extensions ['python_setup_py']
[0.157s] Level 1:colcon.colcon_core.package_identification:_identify(src/turtlebot3_msgs) by extension 'python_setup_py'
[0.157s] Level 1:colcon.colcon_core.package_discovery:discover_packages(recursive) using defaults
[0.157s] Level 1:colcon.colcon_core.package_discovery:discover_packages(ignore) discover
[0.157s] Level 1:colcon.colcon_core.package_discovery:discover_packages(ignore) using defaults
[0.157s] Level 1:colcon.colcon_core.package_discovery:discover_packages(path) discover
[0.157s] Level 1:colcon.colcon_core.package_discovery:discover_packages(path) using defaults
[0.168s] Level 1:colcon.colcon_core.package_discovery:discover_packages(prefix_path) check parameters
[0.168s] Level 1:colcon.colcon_core.package_discovery:discover_packages(prefix_path) discover
[0.169s] DEBUG:colcon.colcon_installed_package_information.package_discovery:Found 1 installed packages in /home/kaisirius/ros2_ws/install
[0.170s] DEBUG:colcon.colcon_installed_package_information.package_discovery:Found 272 installed packages in /opt/ros/humble
[0.177s] Level 1:colcon.colcon_core.package_discovery:discover_packages(prefix_path) using defaults
[0.195s] Level 5:colcon.colcon_core.verb:set package 'more_interfaces' build argument 'cmake_args' from command line to 'None'
[0.195s] Level 5:colcon.colcon_core.verb:set package 'more_interfaces' build argument 'cmake_target' from command line to 'None'
[0.195s] Level 5:colcon.colcon_core.verb:set package 'more_interfaces' build argument 'cmake_target_skip_unavailable' from command line to 'False'
[0.195s] Level 5:colcon.colcon_core.verb:set package 'more_interfaces' build argument 'cmake_clean_cache' from command line to 'False'
[0.195s] Level 5:colcon.colcon_core.verb:set package 'more_interfaces' build argument 'cmake_clean_first' from command line to 'False'
[0.195s] Level 5:colcon.colcon_core.verb:set package 'more_interfaces' build argument 'cmake_force_configure' from command line to 'False'
[0.195s] Level 5:colcon.colcon_core.verb:set package 'more_interfaces' build argument 'ament_cmake_args' from command line to 'None'
[0.195s] Level 5:colcon.colcon_core.verb:set package 'more_interfaces' build argument 'catkin_cmake_args' from command line to 'None'
[0.195s] Level 5:colcon.colcon_core.verb:set package 'more_interfaces' build argument 'catkin_skip_building_tests' from command line to 'False'
[0.195s] DEBUG:colcon.colcon_core.verb:Building package 'more_interfaces' with the following arguments: {'ament_cmake_args': None, 'build_base': '/home/kaisirius/btp/cav-platoons/build/more_interfaces', 'catkin_cmake_args': None, 'catkin_skip_building_tests': False, 'cmake_args': None, 'cmake_clean_cache': False, 'cmake_clean_first': False, 'cmake_force_configure': False, 'cmake_target': None, 'cmake_target_skip_unavailable': False, 'install_base': '/home/kaisirius/btp/cav-platoons/install/more_interfaces', 'merge_install': False, 'path': '/home/kaisirius/btp/cav-platoons/src/more_interfaces', 'symlink_install': False, 'test_result_base': None}
[0.196s] Level 5:colcon.colcon_core.verb:set package 'my_package' build argument 'cmake_args' from command line to 'None'
[0.196s] Level 5:colcon.colcon_core.verb:set package 'my_package' build argument 'cmake_target' from command line to 'None'
[0.196s] Level 5:colcon.colcon_core.verb:set package 'my_package' build argument 'cmake_target_skip_unavailable' from command line to 'False'
[0.196s] Level 5:colcon.colcon_core.verb:set package 'my_package' build argument 'cmake_clean_cache' from command line to 'False'
[0.196s] Level 5:colcon.colcon_core.verb:set package 'my_package' build argument 'cmake_clean_first' from command line to 'False'
[0.196s] Level 5:colcon.colcon_core.verb:set package 'my_package' build argument 'cmake_force_configure' from command line to 'False'
[0.196s] Level 5:colcon.colcon_core.verb:set package 'my_package' build argument 'ament_cmake_args' from command line to 'None'
[0.196s] Level 5:colcon.colcon_core.verb:set package 'my_package' build argument 'catkin_cmake_args' from command line to 'None'
[0.196s] Level 5:colcon.colcon_core.verb:set package 'my_package' build argument 'catkin_skip_building_tests' from command line to 'False'
[0.196s] DEBUG:colcon.colcon_core.verb:Building package 'my_package' with the following arguments: {'ament_cmake_args': None, 'build_base': '/home/kaisirius/btp/cav-platoons/build/my_package', 'catkin_cmake_args': None, 'catkin_skip_building_tests': False, 'cmake_args': None, 'cmake_clean_cache': False, 'cmake_clean_first': False, 'cmake_force_configure': False, 'cmake_target': None, 'cmake_target_skip_unavailable': False, 'install_base': '/home/kaisirius/btp/cav-platoons/install/my_package', 'merge_install': False, 'path': '/home/kaisirius/btp/cav-platoons/src/my_package', 'symlink_install': False, 'test_result_base': None}
[0.196s] Level 5:colcon.colcon_core.verb:set package 'my_robot_controller' build argument 'cmake_args' from command line to 'None'
[0.196s] Level 5:colcon.colcon_core.verb:set package 'my_robot_controller' build argument 'cmake_target' from command line to 'None'
[0.196s] Level 5:colcon.colcon_core.verb:set package 'my_robot_controller' build argument 'cmake_target_skip_unavailable' from command line to 'False'
[0.196s] Level 5:colcon.colcon_core.verb:set package 'my_robot_controller' build argument 'cmake_clean_cache' from command line to 'False'
[0.196s] Level 5:colcon.colcon_core.verb:set package 'my_robot_controller' build argument 'cmake_clean_first' from command line to 'False'
[0.196s] Level 5:colcon.colcon_core.verb:set package 'my_robot_controller' build argument 'cmake_force_configure' from command line to 'False'
[0.196s] Level 5:colcon.colcon_core.verb:set package 'my_robot_controller' build argument 'ament_cmake_args' from command line to 'None'
[0.196s] Level 5:colcon.colcon_core.verb:set package 'my_robot_controller' build argument 'catkin_cmake_args' from command line to 'None'
[0.196s] Level 5:colcon.colcon_core.verb:set package 'my_robot_controller' build argument 'catkin_skip_building_tests' from command line to 'False'
[0.196s] DEBUG:colcon.colcon_core.verb:Building package 'my_robot_controller' with the following arguments: {'ament_cmake_args': None, 'build_base': '/home/kaisirius/btp/cav-platoons/build/my_robot_controller', 'catkin_cmake_args': None, 'catkin_skip_building_tests': False, 'cmake_args': None, 'cmake_clean_cache': False, 'cmake_clean_first': False, 'cmake_force_configure': False, 'cmake_target': None, 'cmake_target_skip_unavailable': False, 'install_base': '/home/kaisirius/btp/cav-platoons/install/my_robot_controller', 'merge_install': False, 'path': '/home/kaisirius/btp/cav-platoons/src/my_robot_controller', 'symlink_install': False, 'test_result_base': None}
[0.196s] Level 5:colcon.colcon_core.verb:set package 'paper_implementation' build argument 'cmake_args' from command line to 'None'
[0.196s] Level 5:colcon.colcon_core.verb:set package 'paper_implementation' build argument 'cmake_target' from command line to 'None'
[0.196s] Level 5:colcon.colcon_core.verb:set package 'paper_implementation' build argument 'cmake_target_skip_unavailable' from command line to 'False'
[0.196s] Level 5:colcon.colcon_core.verb:set package 'paper_implementation' build argument 'cmake_clean_cache' from command line to 'False'
[0.196s] Level 5:colcon.colcon_core.verb:set package 'paper_implementation' build argument 'cmake_clean_first' from command line to 'False'
[0.196s] Level 5:colcon.colcon_core.verb:set package 'paper_implementation' build argument 'cmake_force_configure' from command line to 'False'
[0.196s] Level 5:colcon.colcon_core.verb:set package 'paper_implementation' build argument 'ament_cmake_args' from command line to 'None'
[0.196s] Level 5:colcon.colcon_core.verb:set package 'paper_implementation' build argument 'catkin_cmake_args' from command line to 'None'
[0.196s] Level 5:colcon.colcon_core.verb:set package 'paper_implementation' build argument 'catkin_skip_building_tests' from command line to 'False'
[0.196s] DEBUG:colcon.colcon_core.verb:Building package 'paper_implementation' with the following arguments: {'ament_cmake_args': None, 'build_base': '/home/kaisirius/btp/cav-platoons/build/paper_implementation', 'catkin_cmake_args': None, 'catkin_skip_building_tests': False, 'cmake_args': None, 'cmake_clean_cache': False, 'cmake_clean_first': False, 'cmake_force_configure': False, 'cmake_target': None, 'cmake_target_skip_unavailable': False, 'install_base': '/home/kaisirius/btp/cav-platoons/install/paper_implementation', 'merge_install': False, 'path': '/home/kaisirius/btp/cav-platoons/src/paper_implementation', 'symlink_install': False, 'test_result_base': None}
[0.196s] Level 5:colcon.colcon_core.verb:set package 'polygon_base' build argument 'cmake_args' from command line to 'None'
[0.196s] Level 5:colcon.colcon_core.verb:set package 'polygon_base' build argument 'cmake_target' from command line to 'None'
[0.196s] Level 5:colcon.colcon_core.verb:set package 'polygon_base' build argument 'cmake_target_skip_unavailable' from command line to 'False'
[0.196s] Level 5:colcon.colcon_core.verb:set package 'polygon_base' build argument 'cmake_clean_cache' from command line to 'False'
[0.197s] Level 5:colcon.colcon_core.verb:set package 'polygon_base' build argument 'cmake_clean_first' from command line to 'False'
[0.197s] Level 5:colcon.colcon_core.verb:set package 'polygon_base' build argument 'cmake_force_configure' from command line to 'False'
[0.197s] Level 5:colcon.colcon_core.verb:set package 'polygon_base' build argument 'ament_cmake_args' from command line to 'None'
[0.197s] Level 5:colcon.colcon_core.verb:set package 'polygon_base' build argument 'catkin_cmake_args' from command line to 'None'
[0.197s] Level 5:colcon.colcon_core.verb:set package 'polygon_base' build argument 'catkin_skip_building_tests' from command line to 'False'
[0.197s] DEBUG:colcon.colcon_core.verb:Building package 'polygon_base' with the following arguments: {'ament_cmake_args': None, 'build_base': '/home/kaisirius/btp/cav-platoons/build/polygon_base', 'catkin_cmake_args': None, 'catkin_skip_building_tests': False, 'cmake_args': None, 'cmake_clean_cache': False, 'cmake_clean_first': False, 'cmake_force_configure': False, 'cmake_target': None, 'cmake_target_skip_unavailable': False, 'install_base': '/home/kaisirius/btp/cav-platoons/install/polygon_base', 'merge_install': False, 'path': '/home/kaisirius/btp/cav-platoons/src/polygon_base', 'symlink_install': False, 'test_result_base': None}
[0.197s] Level 5:colcon.colcon_core.verb:set package 'polygon_plugins' build argument 'cmake_args' from command line to 'None'
[0.197s] Level 5:colcon.colcon_core.verb:set package 'polygon_plugins' build argument 'cmake_target' from command line to 'None'
[0.197s] Level 5:colcon.colcon_core.verb:set package 'polygon_plugins' build argument 'cmake_target_skip_unavailable' from command line to 'False'
[0.197s] Level 5:colcon.colcon_core.verb:set package 'polygon_plugins' build argument 'cmake_clean_cache' from command line to 'False'
[0.197s] Level 5:colcon.colcon_core.verb:set package 'polygon_plugins' build argument 'cmake_clean_first' from command line to 'False'
[0.197s] Level 5:colcon.colcon_core.verb:set package 'polygon_plugins' build argument 'cmake_force_configure' from command line to 'False'
[0.197s] Level 5:colcon.colcon_core.verb:set package 'polygon_plugins' build argument 'ament_cmake_args' from command line to 'None'
[0.197s] Level 5:colcon.colcon_core.verb:set package 'polygon_plugins' build argument 'catkin_cmake_args' from command line to 'None'
[0.197s] Level 5:colcon.colcon_core.verb:set package 'polygon_plugins' build argument 'catkin_skip_building_tests' from command line to 'False'
[0.197s] DEBUG:colcon.colcon_core.verb:Building package 'polygon_plugins' with the following arguments: {'ament_cmake_args': None, 'build_base': '/home/kaisirius/btp/cav-platoons/build/polygon_plugins', 'catkin_cmake_args': None, 'catkin_skip_building_tests': False, 'cmake_args': None, 'cmake_clean_cache': False, 'cmake_clean_first': False, 'cmake_force_configure': False, 'cmake_target': None, 'cmake_target_skip_unavailable': False, 'install_base': '/home/kaisirius/btp/cav-platoons/install/polygon_plugins', 'merge_install': False, 'path': '/home/kaisirius/btp/cav-platoons/src/polygon_plugins', 'symlink_install': False, 'test_result_base': None}
[0.197s] INFO:colcon.colcon_core.executor:Executing jobs using 'parallel' executor
[0.198s] DEBUG:colcon.colcon_parallel_executor.executor.parallel:run_until_complete
[0.198s] INFO:colcon.colcon_ros.task.ament_cmake.build:Building ROS package in '/home/kaisirius/btp/cav-platoons/src/polygon_base' with build type 'ament_cmake'
[0.198s] INFO:colcon.colcon_cmake.task.cmake.build:Building CMake package in '/home/kaisirius/btp/cav-platoons/src/polygon_base'
[0.200s] INFO:colcon.colcon_core.plugin_system:Skipping extension 'colcon_core.shell.bat': Not used on non-Windows systems
[0.200s] INFO:colcon.colcon_core.shell:Skip shell extension 'powershell' for command environment: Not usable outside of PowerShell
[0.200s] DEBUG:colcon.colcon_core.shell:Skip shell extension 'dsv' for command environment
[0.202s] INFO:colcon.colcon_ros.task.ament_cmake.build:Building ROS package in '/home/kaisirius/btp/cav-platoons/src/more_interfaces' with build type 'ament_cmake'
[0.202s] INFO:colcon.colcon_cmake.task.cmake.build:Building CMake package in '/home/kaisirius/btp/cav-platoons/src/more_interfaces'
[0.202s] INFO:colcon.colcon_core.shell:Skip shell extension 'powershell' for command environment: Not usable outside of PowerShell
[0.202s] DEBUG:colcon.colcon_core.shell:Skip shell extension 'dsv' for command environment
[0.203s] INFO:colcon.colcon_ros.task.ament_cmake.build:Building ROS package in '/home/kaisirius/btp/cav-platoons/src/my_package' with build type 'ament_cmake'
[0.204s] INFO:colcon.colcon_cmake.task.cmake.build:Building CMake package in '/home/kaisirius/btp/cav-platoons/src/my_package'
[0.204s] INFO:colcon.colcon_core.shell:Skip shell extension 'powershell' for command environment: Not usable outside of PowerShell
[0.204s] DEBUG:colcon.colcon_core.shell:Skip shell extension 'dsv' for command environment
[0.206s] INFO:colcon.colcon_ros.task.ament_python.build:Building ROS package in '/home/kaisirius/btp/cav-platoons/src/my_robot_controller' with build type 'ament_python'
[0.206s] Level 1:colcon.colcon_core.shell:create_environment_hook('my_robot_controller', 'ament_prefix_path')
[0.207s] INFO:colcon.colcon_core.shell:Creating environment hook '/home/kaisirius/btp/cav-platoons/install/my_robot_controller/share/my_robot_controller/hook/ament_prefix_path.ps1'
[0.207s] INFO:colcon.colcon_core.shell:Creating environment descriptor '/home/kaisirius/btp/cav-platoons/install/my_robot_controller/share/my_robot_controller/hook/ament_prefix_path.dsv'
[0.207s] INFO:colcon.colcon_core.shell:Creating environment hook '/home/kaisirius/btp/cav-platoons/install/my_robot_controller/share/my_robot_controller/hook/ament_prefix_path.sh'
[0.208s] INFO:colcon.colcon_core.shell:Skip shell extension 'powershell' for command environment: Not usable outside of PowerShell
[0.208s] DEBUG:colcon.colcon_core.shell:Skip shell extension 'dsv' for command environment
[0.210s] INFO:colcon.colcon_ros.task.ament_python.build:Building ROS package in '/home/kaisirius/btp/cav-platoons/src/paper_implementation' with build type 'ament_python'
[0.210s] Level 1:colcon.colcon_core.shell:create_environment_hook('paper_implementation', 'ament_prefix_path')
[0.210s] INFO:colcon.colcon_core.shell:Creating environment hook '/home/kaisirius/btp/cav-platoons/install/paper_implementation/share/paper_implementation/hook/ament_prefix_path.ps1'
[0.211s] INFO:colcon.colcon_core.shell:Creating environment descriptor '/home/kaisirius/btp/cav-platoons/install/paper_implementation/share/paper_implementation/hook/ament_prefix_path.dsv'
[0.211s] INFO:colcon.colcon_core.shell:Creating environment hook '/home/kaisirius/btp/cav-platoons/install/paper_implementation/share/paper_implementation/hook/ament_prefix_path.sh'
[0.211s] INFO:colcon.colcon_core.shell:Skip shell extension 'powershell' for command environment: Not usable outside of PowerShell
[0.212s] DEBUG:colcon.colcon_core.shell:Skip shell extension 'dsv' for command environment
[0.220s] DEBUG:colcon.colcon_core.event_handler.log_command:Invoking command in '/home/kaisirius/btp/cav-platoons/build/polygon_base': CMAKE_PREFIX_PATH=/home/kaisirius/ros2_ws/install/my_robot_controller:/opt/ros/humble /usr/bin/cmake /home/kaisirius/btp/cav-platoons/src/polygon_base -DCMAKE_INSTALL_PREFIX=/home/kaisirius/btp/cav-platoons/install/polygon_base
[0.223s] DEBUG:colcon.colcon_core.event_handler.log_command:Invoking command in '/home/kaisirius/btp/cav-platoons/build/more_interfaces': CMAKE_PREFIX_PATH=/home/kaisirius/ros2_ws/install/my_robot_controller:/opt/ros/humble /usr/bin/cmake /home/kaisirius/btp/cav-platoons/src/more_interfaces -DCMAKE_INSTALL_PREFIX=/home/kaisirius/btp/cav-platoons/install/more_interfaces
[0.226s] DEBUG:colcon.colcon_core.event_handler.log_command:Invoking command in '/home/kaisirius/btp/cav-platoons/build/my_package': CMAKE_PREFIX_PATH=/home/kaisirius/ros2_ws/install/my_robot_controller:/opt/ros/humble /usr/bin/cmake /home/kaisirius/btp/cav-platoons/src/my_package -DCMAKE_INSTALL_PREFIX=/home/kaisirius/btp/cav-platoons/install/my_package
[0.408s] INFO:colcon.colcon_core.task.python.build:Building Python package in '/home/kaisirius/btp/cav-platoons/src/my_robot_controller'
[0.409s] INFO:colcon.colcon_core.shell:Skip shell extension 'powershell' for command environment: Not usable outside of PowerShell
[0.409s] DEBUG:colcon.colcon_core.shell:Skip shell extension 'dsv' for command environment
[0.605s] INFO:colcon.colcon_core.task.python.build:Building Python package in '/home/kaisirius/btp/cav-platoons/src/paper_implementation'
[0.605s] INFO:colcon.colcon_core.shell:Skip shell extension 'powershell' for command environment: Not usable outside of PowerShell
[0.605s] DEBUG:colcon.colcon_core.shell:Skip shell extension 'dsv' for command environment
[0.826s] DEBUG:colcon.colcon_core.event_handler.log_command:Invoked command in '/home/kaisirius/btp/cav-platoons/build/my_package' returned '0': CMAKE_PREFIX_PATH=/home/kaisirius/ros2_ws/install/my_robot_controller:/opt/ros/humble /usr/bin/cmake /home/kaisirius/btp/cav-platoons/src/my_package -DCMAKE_INSTALL_PREFIX=/home/kaisirius/btp/cav-platoons/install/my_package
[0.828s] DEBUG:colcon.colcon_core.event_handler.log_command:Invoking command in '/home/kaisirius/btp/cav-platoons/build/my_package': CMAKE_PREFIX_PATH=/home/kaisirius/ros2_ws/install/my_robot_controller:/opt/ros/humble /usr/bin/cmake --build /home/kaisirius/btp/cav-platoons/build/my_package -- -j12 -l12
[0.834s] DEBUG:colcon.colcon_core.event_handler.log_command:Invoked command in '/home/kaisirius/btp/cav-platoons/build/polygon_base' returned '0': CMAKE_PREFIX_PATH=/home/kaisirius/ros2_ws/install/my_robot_controller:/opt/ros/humble /usr/bin/cmake /home/kaisirius/btp/cav-platoons/src/polygon_base -DCMAKE_INSTALL_PREFIX=/home/kaisirius/btp/cav-platoons/install/polygon_base
[0.836s] DEBUG:colcon.colcon_core.event_handler.log_command:Invoking command in '/home/kaisirius/btp/cav-platoons/build/polygon_base': CMAKE_PREFIX_PATH=/home/kaisirius/ros2_ws/install/my_robot_controller:/opt/ros/humble /usr/bin/cmake --build /home/kaisirius/btp/cav-platoons/build/polygon_base -- -j12 -l12
[0.895s] DEBUG:colcon.colcon_core.event_handler.log_command:Invoking command in '/home/kaisirius/btp/cav-platoons/src/my_robot_controller': PYTHONPATH=/home/kaisirius/btp/cav-platoons/build/my_robot_controller/prefix_override:/usr/lib/python3/dist-packages/colcon_core/task/python/colcon_distutils_commands:/home/kaisirius/btp/cav-platoons/install/my_robot_controller/lib/python3.10/site-packages:${PYTHONPATH} /usr/bin/python3 -W ignore:setup.py install is deprecated -W ignore:easy_install command is deprecated setup.py egg_info --egg-base ../../build/my_robot_controller build --build-base /home/kaisirius/btp/cav-platoons/build/my_robot_controller/build install --record /home/kaisirius/btp/cav-platoons/build/my_robot_controller/install.log --single-version-externally-managed install_data
[0.899s] DEBUG:colcon.colcon_core.event_handler.log_command:Invoking command in '/home/kaisirius/btp/cav-platoons/src/paper_implementation': PYTHONPATH=/home/kaisirius/btp/cav-platoons/build/paper_implementation/prefix_override:/usr/lib/python3/dist-packages/colcon_core/task/python/colcon_distutils_commands:/home/kaisirius/btp/cav-platoons/install/paper_implementation/lib/python3.10/site-packages:${PYTHONPATH} /usr/bin/python3 -W ignore:setup.py install is deprecated -W ignore:easy_install command is deprecated setup.py egg_info --egg-base ../../build/paper_implementation build --build-base /home/kaisirius/btp/cav-platoons/build/paper_implementation/build install --record /home/kaisirius/btp/cav-platoons/build/paper_implementation/install.log --single-version-externally-managed install_data
[0.955s] DEBUG:colcon.colcon_core.event_handler.log_command:Invoked command in '/home/kaisirius/btp/cav-platoons/build/my_package' returned '0': CMAKE_PREFIX_PATH=/home/kaisirius/ros2_ws/install/my_robot_controller:/opt/ros/humble /usr/bin/cmake --build /home/kaisirius/btp/cav-platoons/build/my_package -- -j12 -l12
[0.964s] DEBUG:colcon.colcon_core.event_handler.log_command:Invoking command in '/home/kaisirius/btp/cav-platoons/build/my_package': CMAKE_PREFIX_PATH=/home/kaisirius/ros2_ws/install/my_robot_controller:/opt/ros/humble /usr/bin/cmake --install /home/kaisirius/btp/cav-platoons/build/my_package
[0.971s] Level 1:colcon.colcon_core.environment:create_environment_scripts_only(my_package)
[0.972s] DEBUG:colcon.colcon_core.event_handler.log_command:Invoked command in '/home/kaisirius/btp/cav-platoons/build/my_package' returned '0': CMAKE_PREFIX_PATH=/home/kaisirius/ros2_ws/install/my_robot_controller:/opt/ros/humble /usr/bin/cmake --install /home/kaisirius/btp/cav-platoons/build/my_package
[0.974s] Level 1:colcon.colcon_core.environment:checking '/home/kaisirius/btp/cav-platoons/install/my_package' for CMake module files
[0.975s] Level 1:colcon.colcon_core.environment:checking '/home/kaisirius/btp/cav-platoons/install/my_package' for CMake config files
[0.975s] Level 1:colcon.colcon_core.shell:create_environment_hook('my_package', 'cmake_prefix_path')
[0.976s] INFO:colcon.colcon_core.shell:Creating environment hook '/home/kaisirius/btp/cav-platoons/install/my_package/share/my_package/hook/cmake_prefix_path.ps1'
[0.976s] INFO:colcon.colcon_core.shell:Creating environment descriptor '/home/kaisirius/btp/cav-platoons/install/my_package/share/my_package/hook/cmake_prefix_path.dsv'
[0.977s] INFO:colcon.colcon_core.shell:Creating environment hook '/home/kaisirius/btp/cav-platoons/install/my_package/share/my_package/hook/cmake_prefix_path.sh'
[0.978s] Level 1:colcon.colcon_core.environment:checking '/home/kaisirius/btp/cav-platoons/install/my_package/lib'
[0.978s] Level 1:colcon.colcon_core.environment:checking '/home/kaisirius/btp/cav-platoons/install/my_package/bin'
[0.978s] Level 1:colcon.colcon_core.environment:checking '/home/kaisirius/btp/cav-platoons/install/my_package/lib/pkgconfig/my_package.pc'
[0.979s] Level 1:colcon.colcon_core.environment:checking '/home/kaisirius/btp/cav-platoons/install/my_package/lib/python3.10/site-packages'
[0.979s] Level 1:colcon.colcon_core.environment:checking '/home/kaisirius/btp/cav-platoons/install/my_package/bin'
[0.979s] INFO:colcon.colcon_core.shell:Creating package script '/home/kaisirius/btp/cav-platoons/install/my_package/share/my_package/package.ps1'
[0.980s] INFO:colcon.colcon_core.shell:Creating package descriptor '/home/kaisirius/btp/cav-platoons/install/my_package/share/my_package/package.dsv'
[0.981s] INFO:colcon.colcon_core.shell:Creating package script '/home/kaisirius/btp/cav-platoons/install/my_package/share/my_package/package.sh'
[0.982s] INFO:colcon.colcon_core.shell:Creating package script '/home/kaisirius/btp/cav-platoons/install/my_package/share/my_package/package.bash'
[0.983s] INFO:colcon.colcon_core.shell:Creating package script '/home/kaisirius/btp/cav-platoons/install/my_package/share/my_package/package.zsh'
[0.983s] Level 1:colcon.colcon_core.environment:create_file_with_runtime_dependencies(/home/kaisirius/btp/cav-platoons/install/my_package/share/colcon-core/packages/my_package)
[0.984s] Level 1:colcon.colcon_core.environment:create_environment_scripts_only(my_package)
[0.984s] Level 1:colcon.colcon_core.environment:checking '/home/kaisirius/btp/cav-platoons/install/my_package' for CMake module files
[0.985s] Level 1:colcon.colcon_core.environment:checking '/home/kaisirius/btp/cav-platoons/install/my_package' for CMake config files
[0.985s] Level 1:colcon.colcon_core.shell:create_environment_hook('my_package', 'cmake_prefix_path')
[0.985s] INFO:colcon.colcon_core.shell:Creating environment hook '/home/kaisirius/btp/cav-platoons/install/my_package/share/my_package/hook/cmake_prefix_path.ps1'
[0.985s] INFO:colcon.colcon_core.shell:Creating environment descriptor '/home/kaisirius/btp/cav-platoons/install/my_package/share/my_package/hook/cmake_prefix_path.dsv'
[0.986s] INFO:colcon.colcon_core.shell:Creating environment hook '/home/kaisirius/btp/cav-platoons/install/my_package/share/my_package/hook/cmake_prefix_path.sh'
[0.986s] Level 1:colcon.colcon_core.environment:checking '/home/kaisirius/btp/cav-platoons/install/my_package/lib'
[0.986s] Level 1:colcon.colcon_core.environment:checking '/home/kaisirius/btp/cav-platoons/install/my_package/bin'
[0.986s] Level 1:colcon.colcon_core.environment:checking '/home/kaisirius/btp/cav-platoons/install/my_package/lib/pkgconfig/my_package.pc'
[0.986s] Level 1:colcon.colcon_core.environment:checking '/home/kaisirius/btp/cav-platoons/install/my_package/lib/python3.10/site-packages'
[0.987s] Level 1:colcon.colcon_core.environment:checking '/home/kaisirius/btp/cav-platoons/install/my_package/bin'
[0.987s] INFO:colcon.colcon_core.shell:Creating package script '/home/kaisirius/btp/cav-platoons/install/my_package/share/my_package/package.ps1'
[0.987s] INFO:colcon.colcon_core.shell:Creating package descriptor '/home/kaisirius/btp/cav-platoons/install/my_package/share/my_package/package.dsv'
[0.988s] INFO:colcon.colcon_core.shell:Creating package script '/home/kaisirius/btp/cav-platoons/install/my_package/share/my_package/package.sh'
[0.988s] INFO:colcon.colcon_core.shell:Creating package script '/home/kaisirius/btp/cav-platoons/install/my_package/share/my_package/package.bash'
[0.988s] INFO:colcon.colcon_core.shell:Creating package script '/home/kaisirius/btp/cav-platoons/install/my_package/share/my_package/package.zsh'
[0.988s] Level 1:colcon.colcon_core.environment:create_file_with_runtime_dependencies(/home/kaisirius/btp/cav-platoons/install/my_package/share/colcon-core/packages/my_package)
[1.145s] Level 1:colcon.colcon_core.environment:checking '/home/kaisirius/btp/cav-platoons/install/paper_implementation' for CMake module files
[1.145s] DEBUG:colcon.colcon_core.event_handler.log_command:Invoked command in '/home/kaisirius/btp/cav-platoons/src/paper_implementation' returned '0': PYTHONPATH=/home/kaisirius/btp/cav-platoons/build/paper_implementation/prefix_override:/usr/lib/python3/dist-packages/colcon_core/task/python/colcon_distutils_commands:/home/kaisirius/btp/cav-platoons/install/paper_implementation/lib/python3.10/site-packages:${PYTHONPATH} /usr/bin/python3 -W ignore:setup.py install is deprecated -W ignore:easy_install command is deprecated setup.py egg_info --egg-base ../../build/paper_implementation build --build-base /home/kaisirius/btp/cav-platoons/build/paper_implementation/build install --record /home/kaisirius/btp/cav-platoons/build/paper_implementation/install.log --single-version-externally-managed install_data
[1.145s] Level 1:colcon.colcon_core.environment:checking '/home/kaisirius/btp/cav-platoons/install/paper_implementation' for CMake config files
[1.146s] Level 1:colcon.colcon_core.environment:checking '/home/kaisirius/btp/cav-platoons/install/paper_implementation/lib'
[1.146s] Level 1:colcon.colcon_core.environment:checking '/home/kaisirius/btp/cav-platoons/install/paper_implementation/bin'
[1.146s] Level 1:colcon.colcon_core.environment:checking '/home/kaisirius/btp/cav-platoons/install/paper_implementation/lib/pkgconfig/paper_implementation.pc'
[1.146s] Level 1:colcon.colcon_core.environment:checking '/home/kaisirius/btp/cav-platoons/install/paper_implementation/lib/python3.10/site-packages'
[1.146s] Level 1:colcon.colcon_core.shell:create_environment_hook('paper_implementation', 'pythonpath')
[1.146s] INFO:colcon.colcon_core.shell:Creating environment hook '/home/kaisirius/btp/cav-platoons/install/paper_implementation/share/paper_implementation/hook/pythonpath.ps1'
[1.146s] INFO:colcon.colcon_core.shell:Creating environment descriptor '/home/kaisirius/btp/cav-platoons/install/paper_implementation/share/paper_implementation/hook/pythonpath.dsv'
[1.147s] INFO:colcon.colcon_core.shell:Creating environment hook '/home/kaisirius/btp/cav-platoons/install/paper_implementation/share/paper_implementation/hook/pythonpath.sh'
[1.147s] Level 1:colcon.colcon_core.environment:checking '/home/kaisirius/btp/cav-platoons/install/paper_implementation/bin'
[1.147s] Level 1:colcon.colcon_core.environment:create_environment_scripts_only(paper_implementation)
[1.147s] INFO:colcon.colcon_core.shell:Creating package script '/home/kaisirius/btp/cav-platoons/install/paper_implementation/share/paper_implementation/package.ps1'
[1.148s] INFO:colcon.colcon_core.shell:Creating package descriptor '/home/kaisirius/btp/cav-platoons/install/paper_implementation/share/paper_implementation/package.dsv'
[1.148s] INFO:colcon.colcon_core.shell:Creating package script '/home/kaisirius/btp/cav-platoons/install/paper_implementation/share/paper_implementation/package.sh'
[1.149s] INFO:colcon.colcon_core.shell:Creating package script '/home/kaisirius/btp/cav-platoons/install/paper_implementation/share/paper_implementation/package.bash'
[1.149s] INFO:colcon.colcon_core.shell:Creating package script '/home/kaisirius/btp/cav-platoons/install/paper_implementation/share/paper_implementation/package.zsh'
[1.149s] Level 1:colcon.colcon_core.environment:create_file_with_runtime_dependencies(/home/kaisirius/btp/cav-platoons/install/paper_implementation/share/colcon-core/packages/paper_implementation)
[1.179s] Level 1:colcon.colcon_core.environment:checking '/home/kaisirius/btp/cav-platoons/install/my_robot_controller' for CMake module files
[1.180s] DEBUG:colcon.colcon_core.event_handler.log_command:Invoked command in '/home/kaisirius/btp/cav-platoons/src/my_robot_controller' returned '0': PYTHONPATH=/home/kaisirius/btp/cav-platoons/build/my_robot_controller/prefix_override:/usr/lib/python3/dist-packages/colcon_core/task/python/colcon_distutils_commands:/home/kaisirius/btp/cav-platoons/install/my_robot_controller/lib/python3.10/site-packages:${PYTHONPATH} /usr/bin/python3 -W ignore:setup.py install is deprecated -W ignore:easy_install command is deprecated setup.py egg_info --egg-base ../../build/my_robot_controller build --build-base /home/kaisirius/btp/cav-platoons/build/my_robot_controller/build install --record /home/kaisirius/btp/cav-platoons/build/my_robot_controller/install.log --single-version-externally-managed install_data
[1.180s] Level 1:colcon.colcon_core.environment:checking '/home/kaisirius/btp/cav-platoons/install/my_robot_controller' for CMake config files
[1.181s] Level 1:colcon.colcon_core.environment:checking '/home/kaisirius/btp/cav-platoons/install/my_robot_controller/lib'
[1.181s] Level 1:colcon.colcon_core.environment:checking '/home/kaisirius/btp/cav-platoons/install/my_robot_controller/bin'
[1.181s] Level 1:colcon.colcon_core.environment:checking '/home/kaisirius/btp/cav-platoons/install/my_robot_controller/lib/pkgconfig/my_robot_controller.pc'
[1.181s] Level 1:colcon.colcon_core.environment:checking '/home/kaisirius/btp/cav-platoons/install/my_robot_controller/lib/python3.10/site-packages'
[1.181s] Level 1:colcon.colcon_core.shell:create_environment_hook('my_robot_controller', 'pythonpath')
[1.181s] INFO:colcon.colcon_core.shell:Creating environment hook '/home/kaisirius/btp/cav-platoons/install/my_robot_controller/share/my_robot_controller/hook/pythonpath.ps1'
[1.182s] INFO:colcon.colcon_core.shell:Creating environment descriptor '/home/kaisirius/btp/cav-platoons/install/my_robot_controller/share/my_robot_controller/hook/pythonpath.dsv'
[1.182s] INFO:colcon.colcon_core.shell:Creating environment hook '/home/kaisirius/btp/cav-platoons/install/my_robot_controller/share/my_robot_controller/hook/pythonpath.sh'
[1.183s] Level 1:colcon.colcon_core.environment:checking '/home/kaisirius/btp/cav-platoons/install/my_robot_controller/bin'
[1.184s] Level 1:colcon.colcon_core.environment:create_environment_scripts_only(my_robot_controller)
[1.184s] INFO:colcon.colcon_core.shell:Creating package script '/home/kaisirius/btp/cav-platoons/install/my_robot_controller/share/my_robot_controller/package.ps1'
[1.185s] INFO:colcon.colcon_core.shell:Creating package descriptor '/home/kaisirius/btp/cav-platoons/install/my_robot_controller/share/my_robot_controller/package.dsv'
[1.185s] INFO:colcon.colcon_core.shell:Creating package script '/home/kaisirius/btp/cav-platoons/install/my_robot_controller/share/my_robot_controller/package.sh'
[1.185s] INFO:colcon.colcon_core.shell:Creating package script '/home/kaisirius/btp/cav-platoons/install/my_robot_controller/share/my_robot_controller/package.bash'
[1.186s] INFO:colcon.colcon_core.shell:Creating package script '/home/kaisirius/btp/cav-platoons/install/my_robot_controller/share/my_robot_controller/package.zsh'
[1.186s] Level 1:colcon.colcon_core.environment:create_file_with_runtime_dependencies(/home/kaisirius/btp/cav-platoons/install/my_robot_controller/share/colcon-core/packages/my_robot_controller)
[1.805s] DEBUG:colcon.colcon_core.event_handler.log_command:Invoked command in '/home/kaisirius/btp/cav-platoons/build/more_interfaces' returned '0': CMAKE_PREFIX_PATH=/home/kaisirius/ros2_ws/install/my_robot_controller:/opt/ros/humble /usr/bin/cmake /home/kaisirius/btp/cav-platoons/src/more_interfaces -DCMAKE_INSTALL_PREFIX=/home/kaisirius/btp/cav-platoons/install/more_interfaces
[1.806s] DEBUG:colcon.colcon_core.event_handler.log_command:Invoking command in '/home/kaisirius/btp/cav-platoons/build/more_interfaces': CMAKE_PREFIX_PATH=/home/kaisirius/ros2_ws/install/my_robot_controller:/opt/ros/humble /usr/bin/cmake --build /home/kaisirius/btp/cav-platoons/build/more_interfaces -- -j12 -l12
[3.203s] DEBUG:colcon.colcon_core.event_handler.log_command:Invoked command in '/home/kaisirius/btp/cav-platoons/build/polygon_base' returned '0': CMAKE_PREFIX_PATH=/home/kaisirius/ros2_ws/install/my_robot_controller:/opt/ros/humble /usr/bin/cmake --build /home/kaisirius/btp/cav-platoons/build/polygon_base -- -j12 -l12
[3.205s] DEBUG:colcon.colcon_core.event_handler.log_command:Invoking command in '/home/kaisirius/btp/cav-platoons/build/polygon_base': CMAKE_PREFIX_PATH=/home/kaisirius/ros2_ws/install/my_robot_controller:/opt/ros/humble /usr/bin/cmake --install /home/kaisirius/btp/cav-platoons/build/polygon_base
[3.221s] Level 1:colcon.colcon_core.environment:create_environment_scripts_only(polygon_base)
[3.221s] Level 1:colcon.colcon_core.environment:checking '/home/kaisirius/btp/cav-platoons/install/polygon_base' for CMake module files
[3.222s] DEBUG:colcon.colcon_core.event_handler.log_command:Invoked command in '/home/kaisirius/btp/cav-platoons/build/polygon_base' returned '0': CMAKE_PREFIX_PATH=/home/kaisirius/ros2_ws/install/my_robot_controller:/opt/ros/humble /usr/bin/cmake --install /home/kaisirius/btp/cav-platoons/build/polygon_base
[3.223s] Level 1:colcon.colcon_core.environment:checking '/home/kaisirius/btp/cav-platoons/install/polygon_base' for CMake config files
[3.223s] Level 1:colcon.colcon_core.shell:create_environment_hook('polygon_base', 'cmake_prefix_path')
[3.223s] INFO:colcon.colcon_core.shell:Creating environment hook '/home/kaisirius/btp/cav-platoons/install/polygon_base/share/polygon_base/hook/cmake_prefix_path.ps1'
[3.224s] INFO:colcon.colcon_core.shell:Creating environment descriptor '/home/kaisirius/btp/cav-platoons/install/polygon_base/share/polygon_base/hook/cmake_prefix_path.dsv'
[3.225s] INFO:colcon.colcon_core.shell:Creating environment hook '/home/kaisirius/btp/cav-platoons/install/polygon_base/share/polygon_base/hook/cmake_prefix_path.sh'
[3.226s] Level 1:colcon.colcon_core.environment:checking '/home/kaisirius/btp/cav-platoons/install/polygon_base/lib'
[3.226s] Level 1:colcon.colcon_core.environment:checking '/home/kaisirius/btp/cav-platoons/install/polygon_base/bin'
[3.226s] Level 1:colcon.colcon_core.environment:checking '/home/kaisirius/btp/cav-platoons/install/polygon_base/lib/pkgconfig/polygon_base.pc'
[3.226s] Level 1:colcon.colcon_core.environment:checking '/home/kaisirius/btp/cav-platoons/install/polygon_base/lib/python3.10/site-packages'
[3.227s] Level 1:colcon.colcon_core.environment:checking '/home/kaisirius/btp/cav-platoons/install/polygon_base/bin'
[3.227s] INFO:colcon.colcon_core.shell:Creating package script '/home/kaisirius/btp/cav-platoons/install/polygon_base/share/polygon_base/package.ps1'
[3.228s] INFO:colcon.colcon_core.shell:Creating package descriptor '/home/kaisirius/btp/cav-platoons/install/polygon_base/share/polygon_base/package.dsv'
[3.229s] INFO:colcon.colcon_core.shell:Creating package script '/home/kaisirius/btp/cav-platoons/install/polygon_base/share/polygon_base/package.sh'
[3.229s] INFO:colcon.colcon_core.shell:Creating package script '/home/kaisirius/btp/cav-platoons/install/polygon_base/share/polygon_base/package.bash'
[3.230s] INFO:colcon.colcon_core.shell:Creating package script '/home/kaisirius/btp/cav-platoons/install/polygon_base/share/polygon_base/package.zsh'
[3.230s] Level 1:colcon.colcon_core.environment:create_file_with_runtime_dependencies(/home/kaisirius/btp/cav-platoons/install/polygon_base/share/colcon-core/packages/polygon_base)
[3.231s] Level 1:colcon.colcon_core.environment:create_environment_scripts_only(polygon_base)
[3.231s] Level 1:colcon.colcon_core.environment:checking '/home/kaisirius/btp/cav-platoons/install/polygon_base' for CMake module files
[3.232s] Level 1:colcon.colcon_core.environment:checking '/home/kaisirius/btp/cav-platoons/install/polygon_base' for CMake config files
[3.232s] Level 1:colcon.colcon_core.shell:create_environment_hook('polygon_base', 'cmake_prefix_path')
[3.232s] INFO:colcon.colcon_core.shell:Creating environment hook '/home/kaisirius/btp/cav-platoons/install/polygon_base/share/polygon_base/hook/cmake_prefix_path.ps1'
[3.233s] INFO:colcon.colcon_core.shell:Creating environment descriptor '/home/kaisirius/btp/cav-platoons/install/polygon_base/share/polygon_base/hook/cmake_prefix_path.dsv'
[3.233s] INFO:colcon.colcon_core.shell:Creating environment hook '/home/kaisirius/btp/cav-platoons/install/polygon_base/share/polygon_base/hook/cmake_prefix_path.sh'
[3.233s] Level 1:colcon.colcon_core.environment:checking '/home/kaisirius/btp/cav-platoons/install/polygon_base/lib'
[3.233s] Level 1:colcon.colcon_core.environment:checking '/home/kaisirius/btp/cav-platoons/install/polygon_base/bin'
[3.234s] Level 1:colcon.colcon_core.environment:checking '/home/kaisirius/btp/cav-platoons/install/polygon_base/lib/pkgconfig/polygon_base.pc'
[3.234s] Level 1:colcon.colcon_core.environment:checking '/home/kaisirius/btp/cav-platoons/install/polygon_base/lib/python3.10/site-packages'
[3.234s] Level 1:colcon.colcon_core.environment:checking '/home/kaisirius/btp/cav-platoons/install/polygon_base/bin'
[3.234s] INFO:colcon.colcon_core.shell:Creating package script '/home/kaisirius/btp/cav-platoons/install/polygon_base/share/polygon_base/package.ps1'
[3.235s] INFO:colcon.colcon_core.shell:Creating package descriptor '/home/kaisirius/btp/cav-platoons/install/polygon_base/share/polygon_base/package.dsv'
[3.235s] INFO:colcon.colcon_core.shell:Creating package script '/home/kaisirius/btp/cav-platoons/install/polygon_base/share/polygon_base/package.sh'
[3.236s] INFO:colcon.colcon_core.shell:Creating package script '/home/kaisirius/btp/cav-platoons/install/polygon_base/share/polygon_base/package.bash'
[3.236s] INFO:colcon.colcon_core.shell:Creating package script '/home/kaisirius/btp/cav-platoons/install/polygon_base/share/polygon_base/package.zsh'
[3.236s] Level 1:colcon.colcon_core.environment:create_file_with_runtime_dependencies(/home/kaisirius/btp/cav-platoons/install/polygon_base/share/colcon-core/packages/polygon_base)
[3.237s] INFO:colcon.colcon_ros.task.ament_cmake.build:Building ROS package in '/home/kaisirius/btp/cav-platoons/src/polygon_plugins' with build type 'ament_cmake'
[3.237s] INFO:colcon.colcon_cmake.task.cmake.build:Building CMake package in '/home/kaisirius/btp/cav-platoons/src/polygon_plugins'
[3.237s] INFO:colcon.colcon_core.shell:Skip shell extension 'powershell' for command environment: Not usable outside of PowerShell
[3.237s] DEBUG:colcon.colcon_core.shell:Skip shell extension 'dsv' for command environment
[3.245s] DEBUG:colcon.colcon_core.event_handler.log_command:Invoking command in '/home/kaisirius/btp/cav-platoons/build/polygon_plugins': AMENT_PREFIX_PATH=/home/kaisirius/btp/cav-platoons/install/polygon_base:${AMENT_PREFIX_PATH} CMAKE_PREFIX_PATH=/home/kaisirius/btp/cav-platoons/install/polygon_base:/home/kaisirius/ros2_ws/install/my_robot_controller:/opt/ros/humble /usr/bin/cmake /home/kaisirius/btp/cav-platoons/src/polygon_plugins -DCMAKE_INSTALL_PREFIX=/home/kaisirius/btp/cav-platoons/install/polygon_plugins
[3.806s] DEBUG:colcon.colcon_core.event_handler.log_command:Invoked command in '/home/kaisirius/btp/cav-platoons/build/polygon_plugins' returned '0': AMENT_PREFIX_PATH=/home/kaisirius/btp/cav-platoons/install/polygon_base:${AMENT_PREFIX_PATH} CMAKE_PREFIX_PATH=/home/kaisirius/btp/cav-platoons/install/polygon_base:/home/kaisirius/ros2_ws/install/my_robot_controller:/opt/ros/humble /usr/bin/cmake /home/kaisirius/btp/cav-platoons/src/polygon_plugins -DCMAKE_INSTALL_PREFIX=/home/kaisirius/btp/cav-platoons/install/polygon_plugins
[3.807s] DEBUG:colcon.colcon_core.event_handler.log_command:Invoking command in '/home/kaisirius/btp/cav-platoons/build/polygon_plugins': AMENT_PREFIX_PATH=/home/kaisirius/btp/cav-platoons/install/polygon_base:${AMENT_PREFIX_PATH} CMAKE_PREFIX_PATH=/home/kaisirius/btp/cav-platoons/install/polygon_base:/home/kaisirius/ros2_ws/install/my_robot_controller:/opt/ros/humble /usr/bin/cmake --build /home/kaisirius/btp/cav-platoons/build/polygon_plugins -- -j12 -l12
[4.555s] DEBUG:colcon.colcon_core.event_handler.log_command:Invoked command in '/home/kaisirius/btp/cav-platoons/build/polygon_plugins' returned '0': AMENT_PREFIX_PATH=/home/kaisirius/btp/cav-platoons/install/polygon_base:${AMENT_PREFIX_PATH} CMAKE_PREFIX_PATH=/home/kaisirius/btp/cav-platoons/install/polygon_base:/home/kaisirius/ros2_ws/install/my_robot_controller:/opt/ros/humble /usr/bin/cmake --build /home/kaisirius/btp/cav-platoons/build/polygon_plugins -- -j12 -l12
[4.557s] DEBUG:colcon.colcon_core.event_handler.log_command:Invoking command in '/home/kaisirius/btp/cav-platoons/build/polygon_plugins': AMENT_PREFIX_PATH=/home/kaisirius/btp/cav-platoons/install/polygon_base:${AMENT_PREFIX_PATH} CMAKE_PREFIX_PATH=/home/kaisirius/btp/cav-platoons/install/polygon_base:/home/kaisirius/ros2_ws/install/my_robot_controller:/opt/ros/humble /usr/bin/cmake --install /home/kaisirius/btp/cav-platoons/build/polygon_plugins
[4.570s] Level 1:colcon.colcon_core.environment:create_environment_scripts_only(polygon_plugins)
[4.570s] Level 1:colcon.colcon_core.environment:checking '/home/kaisirius/btp/cav-platoons/install/polygon_plugins' for CMake module files
[4.571s] DEBUG:colcon.colcon_core.event_handler.log_command:Invoked command in '/home/kaisirius/btp/cav-platoons/build/polygon_plugins' returned '0': AMENT_PREFIX_PATH=/home/kaisirius/btp/cav-platoons/install/polygon_base:${AMENT_PREFIX_PATH} CMAKE_PREFIX_PATH=/home/kaisirius/btp/cav-platoons/install/polygon_base:/home/kaisirius/ros2_ws/install/my_robot_controller:/opt/ros/humble /usr/bin/cmake --install /home/kaisirius/btp/cav-platoons/build/polygon_plugins
[4.571s] Level 1:colcon.colcon_core.environment:checking '/home/kaisirius/btp/cav-platoons/install/polygon_plugins' for CMake config files
[4.571s] Level 1:colcon.colcon_core.shell:create_environment_hook('polygon_plugins', 'cmake_prefix_path')
[4.571s] INFO:colcon.colcon_core.shell:Creating environment hook '/home/kaisirius/btp/cav-platoons/install/polygon_plugins/share/polygon_plugins/hook/cmake_prefix_path.ps1'
[4.572s] INFO:colcon.colcon_core.shell:Creating environment descriptor '/home/kaisirius/btp/cav-platoons/install/polygon_plugins/share/polygon_plugins/hook/cmake_prefix_path.dsv'
[4.572s] INFO:colcon.colcon_core.shell:Creating environment hook '/home/kaisirius/btp/cav-platoons/install/polygon_plugins/share/polygon_plugins/hook/cmake_prefix_path.sh'
[4.572s] Level 1:colcon.colcon_core.environment:checking '/home/kaisirius/btp/cav-platoons/install/polygon_plugins/lib'
[4.573s] Level 1:colcon.colcon_core.shell:create_environment_hook('polygon_plugins', 'ld_library_path_lib')
[4.573s] INFO:colcon.colcon_core.shell:Creating environment hook '/home/kaisirius/btp/cav-platoons/install/polygon_plugins/share/polygon_plugins/hook/ld_library_path_lib.ps1'
[4.573s] INFO:colcon.colcon_core.shell:Creating environment descriptor '/home/kaisirius/btp/cav-platoons/install/polygon_plugins/share/polygon_plugins/hook/ld_library_path_lib.dsv'
[4.573s] INFO:colcon.colcon_core.shell:Creating environment hook '/home/kaisirius/btp/cav-platoons/install/polygon_plugins/share/polygon_plugins/hook/ld_library_path_lib.sh'
[4.574s] Level 1:colcon.colcon_core.environment:checking '/home/kaisirius/btp/cav-platoons/install/polygon_plugins/bin'
[4.574s] Level 1:colcon.colcon_core.environment:checking '/home/kaisirius/btp/cav-platoons/install/polygon_plugins/lib/pkgconfig/polygon_plugins.pc'
[4.574s] Level 1:colcon.colcon_core.environment:checking '/home/kaisirius/btp/cav-platoons/install/polygon_plugins/lib/python3.10/site-packages'
[4.574s] Level 1:colcon.colcon_core.environment:checking '/home/kaisirius/btp/cav-platoons/install/polygon_plugins/bin'
[4.574s] INFO:colcon.colcon_core.shell:Creating package script '/home/kaisirius/btp/cav-platoons/install/polygon_plugins/share/polygon_plugins/package.ps1'
[4.575s] INFO:colcon.colcon_core.shell:Creating package descriptor '/home/kaisirius/btp/cav-platoons/install/polygon_plugins/share/polygon_plugins/package.dsv'
[4.575s] INFO:colcon.colcon_core.shell:Creating package script '/home/kaisirius/btp/cav-platoons/install/polygon_plugins/share/polygon_plugins/package.sh'
[4.576s] INFO:colcon.colcon_core.shell:Creating package script '/home/kaisirius/btp/cav-platoons/install/polygon_plugins/share/polygon_plugins/package.bash'
[4.576s] INFO:colcon.colcon_core.shell:Creating package script '/home/kaisirius/btp/cav-platoons/install/polygon_plugins/share/polygon_plugins/package.zsh'
[4.576s] Level 1:colcon.colcon_core.environment:create_file_with_runtime_dependencies(/home/kaisirius/btp/cav-platoons/install/polygon_plugins/share/colcon-core/packages/polygon_plugins)
[4.577s] Level 1:colcon.colcon_core.environment:create_environment_scripts_only(polygon_plugins)
[4.577s] Level 1:colcon.colcon_core.environment:checking '/home/kaisirius/btp/cav-platoons/install/polygon_plugins' for CMake module files
[4.577s] Level 1:colcon.colcon_core.environment:checking '/home/kaisirius/btp/cav-platoons/install/polygon_plugins' for CMake config files
[4.577s] Level 1:colcon.colcon_core.shell:create_environment_hook('polygon_plugins', 'cmake_prefix_path')
[4.578s] INFO:colcon.colcon_core.shell:Creating environment hook '/home/kaisirius/btp/cav-platoons/install/polygon_plugins/share/polygon_plugins/hook/cmake_prefix_path.ps1'
[4.578s] INFO:colcon.colcon_core.shell:Creating environment descriptor '/home/kaisirius/btp/cav-platoons/install/polygon_plugins/share/polygon_plugins/hook/cmake_prefix_path.dsv'
[4.578s] INFO:colcon.colcon_core.shell:Creating environment hook '/home/kaisirius/btp/cav-platoons/install/polygon_plugins/share/polygon_plugins/hook/cmake_prefix_path.sh'
[4.579s] Level 1:colcon.colcon_core.environment:checking '/home/kaisirius/btp/cav-platoons/install/polygon_plugins/lib'
[4.579s] Level 1:colcon.colcon_core.shell:create_environment_hook('polygon_plugins', 'ld_library_path_lib')
[4.579s] INFO:colcon.colcon_core.shell:Creating environment hook '/home/kaisirius/btp/cav-platoons/install/polygon_plugins/share/polygon_plugins/hook/ld_library_path_lib.ps1'
[4.579s] INFO:colcon.colcon_core.shell:Creating environment descriptor '/home/kaisirius/btp/cav-platoons/install/polygon_plugins/share/polygon_plugins/hook/ld_library_path_lib.dsv'
[4.580s] INFO:colcon.colcon_core.shell:Creating environment hook '/home/kaisirius/btp/cav-platoons/install/polygon_plugins/share/polygon_plugins/hook/ld_library_path_lib.sh'
[4.580s] Level 1:colcon.colcon_core.environment:checking '/home/kaisirius/btp/cav-platoons/install/polygon_plugins/bin'
[4.580s] Level 1:colcon.colcon_core.environment:checking '/home/kaisirius/btp/cav-platoons/install/polygon_plugins/lib/pkgconfig/polygon_plugins.pc'
[4.580s] Level 1:colcon.colcon_core.environment:checking '/home/kaisirius/btp/cav-platoons/install/polygon_plugins/lib/python3.10/site-packages'
[4.580s] Level 1:colcon.colcon_core.environment:checking '/home/kaisirius/btp/cav-platoons/install/polygon_plugins/bin'
[4.581s] INFO:colcon.colcon_core.shell:Creating package script '/home/kaisirius/btp/cav-platoons/install/polygon_plugins/share/polygon_plugins/package.ps1'
[4.582s] INFO:colcon.colcon_core.shell:Creating package descriptor '/home/kaisirius/btp/cav-platoons/install/polygon_plugins/share/polygon_plugins/package.dsv'
[4.582s] INFO:colcon.colcon_core.shell:Creating package script '/home/kaisirius/btp/cav-platoons/install/polygon_plugins/share/polygon_plugins/package.sh'
[4.583s] INFO:colcon.colcon_core.shell:Creating package script '/home/kaisirius/btp/cav-platoons/install/polygon_plugins/share/polygon_plugins/package.bash'
[4.584s] INFO:colcon.colcon_core.shell:Creating package script '/home/kaisirius/btp/cav-platoons/install/polygon_plugins/share/polygon_plugins/package.zsh'
[4.584s] Level 1:colcon.colcon_core.environment:create_file_with_runtime_dependencies(/home/kaisirius/btp/cav-platoons/install/polygon_plugins/share/colcon-core/packages/polygon_plugins)
[5.838s] DEBUG:colcon.colcon_core.event_handler.log_command:Invoked command in '/home/kaisirius/btp/cav-platoons/build/more_interfaces' returned '0': CMAKE_PREFIX_PATH=/home/kaisirius/ros2_ws/install/my_robot_controller:/opt/ros/humble /usr/bin/cmake --build /home/kaisirius/btp/cav-platoons/build/more_interfaces -- -j12 -l12
[5.840s] DEBUG:colcon.colcon_core.event_handler.log_command:Invoking command in '/home/kaisirius/btp/cav-platoons/build/more_interfaces': CMAKE_PREFIX_PATH=/home/kaisirius/ros2_ws/install/my_robot_controller:/opt/ros/humble /usr/bin/cmake --install /home/kaisirius/btp/cav-platoons/build/more_interfaces
[5.885s] Level 1:colcon.colcon_core.environment:create_environment_scripts_only(more_interfaces)
[5.886s] Level 1:colcon.colcon_core.environment:checking '/home/kaisirius/btp/cav-platoons/install/more_interfaces' for CMake module files
[5.886s] DEBUG:colcon.colcon_core.event_handler.log_command:Invoked command in '/home/kaisirius/btp/cav-platoons/build/more_interfaces' returned '0': CMAKE_PREFIX_PATH=/home/kaisirius/ros2_ws/install/my_robot_controller:/opt/ros/humble /usr/bin/cmake --install /home/kaisirius/btp/cav-platoons/build/more_interfaces
[5.886s] Level 1:colcon.colcon_core.environment:checking '/home/kaisirius/btp/cav-platoons/install/more_interfaces' for CMake config files
[5.886s] Level 1:colcon.colcon_core.shell:create_environment_hook('more_interfaces', 'cmake_prefix_path')
[5.887s] INFO:colcon.colcon_core.shell:Creating environment hook '/home/kaisirius/btp/cav-platoons/install/more_interfaces/share/more_interfaces/hook/cmake_prefix_path.ps1'
[5.887s] INFO:colcon.colcon_core.shell:Creating environment descriptor '/home/kaisirius/btp/cav-platoons/install/more_interfaces/share/more_interfaces/hook/cmake_prefix_path.dsv'
[5.887s] INFO:colcon.colcon_core.shell:Creating environment hook '/home/kaisirius/btp/cav-platoons/install/more_interfaces/share/more_interfaces/hook/cmake_prefix_path.sh'
[5.887s] Level 1:colcon.colcon_core.environment:checking '/home/kaisirius/btp/cav-platoons/install/more_interfaces/lib'
[5.888s] Level 1:colcon.colcon_core.shell:create_environment_hook('more_interfaces', 'ld_library_path_lib')
[5.888s] INFO:colcon.colcon_core.shell:Creating environment hook '/home/kaisirius/btp/cav-platoons/install/more_interfaces/share/more_interfaces/hook/ld_library_path_lib.ps1'
[5.888s] INFO:colcon.colcon_core.shell:Creating environment descriptor '/home/kaisirius/btp/cav-platoons/install/more_interfaces/share/more_interfaces/hook/ld_library_path_lib.dsv'
[5.888s] INFO:colcon.colcon_core.shell:Creating environment hook '/home/kaisirius/btp/cav-platoons/install/more_interfaces/share/more_interfaces/hook/ld_library_path_lib.sh'
[5.888s] Level 1:colcon.colcon_core.environment:checking '/home/kaisirius/btp/cav-platoons/install/more_interfaces/bin'
[5.888s] Level 1:colcon.colcon_core.environment:checking '/home/kaisirius/btp/cav-platoons/install/more_interfaces/lib/pkgconfig/more_interfaces.pc'
[5.888s] Level 1:colcon.colcon_core.environment:checking '/home/kaisirius/btp/cav-platoons/install/more_interfaces/lib/python3.10/site-packages'
[5.889s] Level 1:colcon.colcon_core.environment:checking '/home/kaisirius/btp/cav-platoons/install/more_interfaces/bin'
[5.889s] INFO:colcon.colcon_core.shell:Creating package script '/home/kaisirius/btp/cav-platoons/install/more_interfaces/share/more_interfaces/package.ps1'
[5.889s] INFO:colcon.colcon_core.shell:Creating package descriptor '/home/kaisirius/btp/cav-platoons/install/more_interfaces/share/more_interfaces/package.dsv'
[5.889s] INFO:colcon.colcon_core.shell:Creating package script '/home/kaisirius/btp/cav-platoons/install/more_interfaces/share/more_interfaces/package.sh'
[5.889s] INFO:colcon.colcon_core.shell:Creating package script '/home/kaisirius/btp/cav-platoons/install/more_interfaces/share/more_interfaces/package.bash'
[5.890s] INFO:colcon.colcon_core.shell:Creating package script '/home/kaisirius/btp/cav-platoons/install/more_interfaces/share/more_interfaces/package.zsh'
[5.890s] Level 1:colcon.colcon_core.environment:create_file_with_runtime_dependencies(/home/kaisirius/btp/cav-platoons/install/more_interfaces/share/colcon-core/packages/more_interfaces)
[5.890s] Level 1:colcon.colcon_core.environment:create_environment_scripts_only(more_interfaces)
[5.890s] Level 1:colcon.colcon_core.environment:checking '/home/kaisirius/btp/cav-platoons/install/more_interfaces' for CMake module files
[5.891s] Level 1:colcon.colcon_core.environment:checking '/home/kaisirius/btp/cav-platoons/install/more_interfaces' for CMake config files
[5.891s] Level 1:colcon.colcon_core.shell:create_environment_hook('more_interfaces', 'cmake_prefix_path')
[5.891s] INFO:colcon.colcon_core.shell:Creating environment hook '/home/kaisirius/btp/cav-platoons/install/more_interfaces/share/more_interfaces/hook/cmake_prefix_path.ps1'
[5.891s] INFO:colcon.colcon_core.shell:Creating environment descriptor '/home/kaisirius/btp/cav-platoons/install/more_interfaces/share/more_interfaces/hook/cmake_prefix_path.dsv'
[5.891s] INFO:colcon.colcon_core.shell:Creating environment hook '/home/kaisirius/btp/cav-platoons/install/more_interfaces/share/more_interfaces/hook/cmake_prefix_path.sh'
[5.892s] Level 1:colcon.colcon_core.environment:checking '/home/kaisirius/btp/cav-platoons/install/more_interfaces/lib'
[5.892s] Level 1:colcon.colcon_core.shell:create_environment_hook('more_interfaces', 'ld_library_path_lib')
[5.892s] INFO:colcon.colcon_core.shell:Creating environment hook '/home/kaisirius/btp/cav-platoons/install/more_interfaces/share/more_interfaces/hook/ld_library_path_lib.ps1'
[5.892s] INFO:colcon.colcon_core.shell:Creating environment descriptor '/home/kaisirius/btp/cav-platoons/install/more_interfaces/share/more_interfaces/hook/ld_library_path_lib.dsv'
[5.892s] INFO:colcon.colcon_core.shell:Creating environment hook '/home/kaisirius/btp/cav-platoons/install/more_interfaces/share/more_interfaces/hook/ld_library_path_lib.sh'
[5.892s] Level 1:colcon.colcon_core.environment:checking '/home/kaisirius/btp/cav-platoons/install/more_interfaces/bin'
[5.892s] Level 1:colcon.colcon_core.environment:checking '/home/kaisirius/btp/cav-platoons/install/more_interfaces/lib/pkgconfig/more_interfaces.pc'
[5.893s] Level 1:colcon.colcon_core.environment:checking '/home/kaisirius/btp/cav-platoons/install/more_interfaces/lib/python3.10/site-packages'
[5.893s] Level 1:colcon.colcon_core.environment:checking '/home/kaisirius/btp/cav-platoons/install/more_interfaces/bin'
[5.893s] INFO:colcon.colcon_core.shell:Creating package script '/home/kaisirius/btp/cav-platoons/install/more_interfaces/share/more_interfaces/package.ps1'
[5.893s] INFO:colcon.colcon_core.shell:Creating package descriptor '/home/kaisirius/btp/cav-platoons/install/more_interfaces/share/more_interfaces/package.dsv'
[5.894s] INFO:colcon.colcon_core.shell:Creating package script '/home/kaisirius/btp/cav-platoons/install/more_interfaces/share/more_interfaces/package.sh'
[5.894s] INFO:colcon.colcon_core.shell:Creating package script '/home/kaisirius/btp/cav-platoons/install/more_interfaces/share/more_interfaces/package.bash'
[5.894s] INFO:colcon.colcon_core.shell:Creating package script '/home/kaisirius/btp/cav-platoons/install/more_interfaces/share/more_interfaces/package.zsh'
[5.894s] Level 1:colcon.colcon_core.environment:create_file_with_runtime_dependencies(/home/kaisirius/btp/cav-platoons/install/more_interfaces/share/colcon-core/packages/more_interfaces)
[5.894s] DEBUG:colcon.colcon_parallel_executor.executor.parallel:closing loop
[5.894s] DEBUG:colcon.colcon_parallel_executor.executor.parallel:loop closed
[5.894s] DEBUG:colcon.colcon_parallel_executor.executor.parallel:run_until_complete finished with '0'
[5.895s] DEBUG:colcon.colcon_core.event_reactor:joining thread
[5.898s] INFO:colcon.colcon_core.plugin_system:Skipping extension 'colcon_notification.desktop_notification.terminal_notifier': Not used on non-Darwin systems
[5.898s] INFO:colcon.colcon_core.plugin_system:Skipping extension 'colcon_notification.desktop_notification.win32': Not used on non-Windows systems
[5.898s] INFO:colcon.colcon_notification.desktop_notification:Sending desktop notification using 'notify2'
[5.909s] DEBUG:colcon.colcon_core.event_reactor:joined thread
[5.909s] INFO:colcon.colcon_core.shell:Creating prefix script '/home/kaisirius/btp/cav-platoons/install/local_setup.ps1'
[5.911s] INFO:colcon.colcon_core.shell:Creating prefix util module '/home/kaisirius/btp/cav-platoons/install/_local_setup_util_ps1.py'
[5.912s] INFO:colcon.colcon_core.shell:Creating prefix chain script '/home/kaisirius/btp/cav-platoons/install/setup.ps1'
[5.914s] INFO:colcon.colcon_core.shell:Creating prefix script '/home/kaisirius/btp/cav-platoons/install/local_setup.sh'
[5.915s] INFO:colcon.colcon_core.shell:Creating prefix util module '/home/kaisirius/btp/cav-platoons/install/_local_setup_util_sh.py'
[5.916s] INFO:colcon.colcon_core.shell:Creating prefix chain script '/home/kaisirius/btp/cav-platoons/install/setup.sh'
[5.917s] INFO:colcon.colcon_core.shell:Creating prefix script '/home/kaisirius/btp/cav-platoons/install/local_setup.bash'
[5.917s] INFO:colcon.colcon_core.shell:Creating prefix chain script '/home/kaisirius/btp/cav-platoons/install/setup.bash'
[5.918s] INFO:colcon.colcon_core.shell:Creating prefix script '/home/kaisirius/btp/cav-platoons/install/local_setup.zsh'
[5.919s] INFO:colcon.colcon_core.shell:Creating prefix chain script '/home/kaisirius/btp/cav-platoons/install/setup.zsh'
