running egg_info
creating ../../build/paper_implementation/paper_implementation.egg-info
writing ../../build/paper_implementation/paper_implementation.egg-info/PKG-INFO
writing dependency_links to ../../build/paper_implementation/paper_implementation.egg-info/dependency_links.txt
writing entry points to ../../build/paper_implementation/paper_implementation.egg-info/entry_points.txt
writing requirements to ../../build/paper_implementation/paper_implementation.egg-info/requires.txt
writing top-level names to ../../build/paper_implementation/paper_implementation.egg-info/top_level.txt
writing manifest file '../../build/paper_implementation/paper_implementation.egg-info/SOURCES.txt'
reading manifest file '../../build/paper_implementation/paper_implementation.egg-info/SOURCES.txt'
writing manifest file '../../build/paper_implementation/paper_implementation.egg-info/SOURCES.txt'
running build
running build_py
creating /home/kaisirius/btp/cav-platoons/build/paper_implementation/build
creating /home/kaisirius/btp/cav-platoons/build/paper_implementation/build/lib
creating /home/kaisirius/btp/cav-platoons/build/paper_implementation/build/lib/paper_implementation
copying paper_implementation/__init__.py -> /home/kaisirius/btp/cav-platoons/build/paper_implementation/build/lib/paper_implementation
copying paper_implementation/collision_node_onesv_onemovingov.py -> /home/kaisirius/btp/cav-platoons/build/paper_implementation/build/lib/paper_implementation
copying paper_implementation/collision_node_3sv_1moving_ov.py -> /home/kaisirius/btp/cav-platoons/build/paper_implementation/build/lib/paper_implementation
copying paper_implementation/collision_node.py -> /home/kaisirius/btp/cav-platoons/build/paper_implementation/build/lib/paper_implementation
copying paper_implementation/collision_node_three_sv_one_stationary_ov.py -> /home/kaisirius/btp/cav-platoons/build/paper_implementation/build/lib/paper_implementation
running install
running install_lib
creating /home/kaisirius/btp/cav-platoons/install/paper_implementation/lib/python3.10/site-packages/paper_implementation
copying /home/kaisirius/btp/cav-platoons/build/paper_implementation/build/lib/paper_implementation/__init__.py -> /home/kaisirius/btp/cav-platoons/install/paper_implementation/lib/python3.10/site-packages/paper_implementation
copying /home/kaisirius/btp/cav-platoons/build/paper_implementation/build/lib/paper_implementation/collision_node_onesv_onemovingov.py -> /home/kaisirius/btp/cav-platoons/install/paper_implementation/lib/python3.10/site-packages/paper_implementation
copying /home/kaisirius/btp/cav-platoons/build/paper_implementation/build/lib/paper_implementation/collision_node_3sv_1moving_ov.py -> /home/kaisirius/btp/cav-platoons/install/paper_implementation/lib/python3.10/site-packages/paper_implementation
copying /home/kaisirius/btp/cav-platoons/build/paper_implementation/build/lib/paper_implementation/collision_node.py -> /home/kaisirius/btp/cav-platoons/install/paper_implementation/lib/python3.10/site-packages/paper_implementation
copying /home/kaisirius/btp/cav-platoons/build/paper_implementation/build/lib/paper_implementation/collision_node_three_sv_one_stationary_ov.py -> /home/kaisirius/btp/cav-platoons/install/paper_implementation/lib/python3.10/site-packages/paper_implementation
byte-compiling /home/kaisirius/btp/cav-platoons/install/paper_implementation/lib/python3.10/site-packages/paper_implementation/__init__.py to __init__.cpython-310.pyc
byte-compiling /home/kaisirius/btp/cav-platoons/install/paper_implementation/lib/python3.10/site-packages/paper_implementation/collision_node_onesv_onemovingov.py to collision_node_onesv_onemovingov.cpython-310.pyc
byte-compiling /home/kaisirius/btp/cav-platoons/install/paper_implementation/lib/python3.10/site-packages/paper_implementation/collision_node_3sv_1moving_ov.py to collision_node_3sv_1moving_ov.cpython-310.pyc
byte-compiling /home/kaisirius/btp/cav-platoons/install/paper_implementation/lib/python3.10/site-packages/paper_implementation/collision_node.py to collision_node.cpython-310.pyc
byte-compiling /home/kaisirius/btp/cav-platoons/install/paper_implementation/lib/python3.10/site-packages/paper_implementation/collision_node_three_sv_one_stationary_ov.py to collision_node_three_sv_one_stationary_ov.cpython-310.pyc
running install_data
creating /home/kaisirius/btp/cav-platoons/install/paper_implementation/share/ament_index
creating /home/kaisirius/btp/cav-platoons/install/paper_implementation/share/ament_index/resource_index
creating /home/kaisirius/btp/cav-platoons/install/paper_implementation/share/ament_index/resource_index/packages
copying resource/paper_implementation -> /home/kaisirius/btp/cav-platoons/install/paper_implementation/share/ament_index/resource_index/packages
copying package.xml -> /home/kaisirius/btp/cav-platoons/install/paper_implementation/share/paper_implementation
creating /home/kaisirius/btp/cav-platoons/install/paper_implementation/share/paper_implementation/launch
copying launch/simulation.launch.py -> /home/kaisirius/btp/cav-platoons/install/paper_implementation/share/paper_implementation/launch
creating /home/kaisirius/btp/cav-platoons/install/paper_implementation/share/paper_implementation/models
copying models/obstacle.sdf -> /home/kaisirius/btp/cav-platoons/install/paper_implementation/share/paper_implementation/models
running install_egg_info
Copying ../../build/paper_implementation/paper_implementation.egg-info to /home/kaisirius/btp/cav-platoons/install/paper_implementation/lib/python3.10/site-packages/paper_implementation-0.0.0-py3.10.egg-info
running install_scripts
Installing paper_node script to /home/kaisirius/btp/cav-platoons/install/paper_implementation/lib/paper_implementation
writing list of installed files to '/home/kaisirius/btp/cav-platoons/build/paper_implementation/install.log'
