[0.688s] Invoking command in '/home/kaisirius/btp/cav-platoons/src/paper_implementation': PYTHONPATH=/home/kaisirius/btp/cav-platoons/build/paper_implementation/prefix_override:/usr/lib/python3/dist-packages/colcon_core/task/python/colcon_distutils_commands:/home/kaisirius/btp/cav-platoons/install/paper_implementation/lib/python3.10/site-packages:${PYTHONPATH} /usr/bin/python3 -W ignore:setup.py install is deprecated -W ignore:easy_install command is deprecated setup.py egg_info --egg-base ../../build/paper_implementation build --build-base /home/kaisirius/btp/cav-platoons/build/paper_implementation/build install --record /home/kaisirius/btp/cav-platoons/build/paper_implementation/install.log --single-version-externally-managed install_data
[0.875s] running egg_info
[0.876s] creating ../../build/paper_implementation/paper_implementation.egg-info
[0.876s] writing ../../build/paper_implementation/paper_implementation.egg-info/PKG-INFO
[0.876s] writing dependency_links to ../../build/paper_implementation/paper_implementation.egg-info/dependency_links.txt
[0.876s] writing entry points to ../../build/paper_implementation/paper_implementation.egg-info/entry_points.txt
[0.876s] writing requirements to ../../build/paper_implementation/paper_implementation.egg-info/requires.txt
[0.876s] writing top-level names to ../../build/paper_implementation/paper_implementation.egg-info/top_level.txt
[0.876s] writing manifest file '../../build/paper_implementation/paper_implementation.egg-info/SOURCES.txt'
[0.877s] reading manifest file '../../build/paper_implementation/paper_implementation.egg-info/SOURCES.txt'
[0.878s] writing manifest file '../../build/paper_implementation/paper_implementation.egg-info/SOURCES.txt'
[0.878s] running build
[0.878s] running build_py
[0.878s] creating /home/kaisirius/btp/cav-platoons/build/paper_implementation/build
[0.879s] creating /home/kaisirius/btp/cav-platoons/build/paper_implementation/build/lib
[0.879s] creating /home/kaisirius/btp/cav-platoons/build/paper_implementation/build/lib/paper_implementation
[0.879s] copying paper_implementation/__init__.py -> /home/kaisirius/btp/cav-platoons/build/paper_implementation/build/lib/paper_implementation
[0.879s] copying paper_implementation/collision_node_onesv_onemovingov.py -> /home/kaisirius/btp/cav-platoons/build/paper_implementation/build/lib/paper_implementation
[0.879s] copying paper_implementation/collision_node_3sv_1moving_ov.py -> /home/kaisirius/btp/cav-platoons/build/paper_implementation/build/lib/paper_implementation
[0.879s] copying paper_implementation/collision_node.py -> /home/kaisirius/btp/cav-platoons/build/paper_implementation/build/lib/paper_implementation
[0.879s] copying paper_implementation/collision_node_three_sv_one_stationary_ov.py -> /home/kaisirius/btp/cav-platoons/build/paper_implementation/build/lib/paper_implementation
[0.879s] running install
[0.879s] running install_lib
[0.879s] creating /home/kaisirius/btp/cav-platoons/install/paper_implementation/lib/python3.10/site-packages/paper_implementation
[0.879s] copying /home/kaisirius/btp/cav-platoons/build/paper_implementation/build/lib/paper_implementation/__init__.py -> /home/kaisirius/btp/cav-platoons/install/paper_implementation/lib/python3.10/site-packages/paper_implementation
[0.879s] copying /home/kaisirius/btp/cav-platoons/build/paper_implementation/build/lib/paper_implementation/collision_node_onesv_onemovingov.py -> /home/kaisirius/btp/cav-platoons/install/paper_implementation/lib/python3.10/site-packages/paper_implementation
[0.880s] copying /home/kaisirius/btp/cav-platoons/build/paper_implementation/build/lib/paper_implementation/collision_node_3sv_1moving_ov.py -> /home/kaisirius/btp/cav-platoons/install/paper_implementation/lib/python3.10/site-packages/paper_implementation
[0.880s] copying /home/kaisirius/btp/cav-platoons/build/paper_implementation/build/lib/paper_implementation/collision_node.py -> /home/kaisirius/btp/cav-platoons/install/paper_implementation/lib/python3.10/site-packages/paper_implementation
[0.880s] copying /home/kaisirius/btp/cav-platoons/build/paper_implementation/build/lib/paper_implementation/collision_node_three_sv_one_stationary_ov.py -> /home/kaisirius/btp/cav-platoons/install/paper_implementation/lib/python3.10/site-packages/paper_implementation
[0.880s] byte-compiling /home/kaisirius/btp/cav-platoons/install/paper_implementation/lib/python3.10/site-packages/paper_implementation/__init__.py to __init__.cpython-310.pyc
[0.880s] byte-compiling /home/kaisirius/btp/cav-platoons/install/paper_implementation/lib/python3.10/site-packages/paper_implementation/collision_node_onesv_onemovingov.py to collision_node_onesv_onemovingov.cpython-310.pyc
[0.881s] byte-compiling /home/kaisirius/btp/cav-platoons/install/paper_implementation/lib/python3.10/site-packages/paper_implementation/collision_node_3sv_1moving_ov.py to collision_node_3sv_1moving_ov.cpython-310.pyc
[0.883s] byte-compiling /home/kaisirius/btp/cav-platoons/install/paper_implementation/lib/python3.10/site-packages/paper_implementation/collision_node.py to collision_node.cpython-310.pyc
[0.884s] byte-compiling /home/kaisirius/btp/cav-platoons/install/paper_implementation/lib/python3.10/site-packages/paper_implementation/collision_node_three_sv_one_stationary_ov.py to collision_node_three_sv_one_stationary_ov.cpython-310.pyc
[0.886s] running install_data
[0.886s] creating /home/kaisirius/btp/cav-platoons/install/paper_implementation/share/ament_index
[0.886s] creating /home/kaisirius/btp/cav-platoons/install/paper_implementation/share/ament_index/resource_index
[0.886s] creating /home/kaisirius/btp/cav-platoons/install/paper_implementation/share/ament_index/resource_index/packages
[0.886s] copying resource/paper_implementation -> /home/kaisirius/btp/cav-platoons/install/paper_implementation/share/ament_index/resource_index/packages
[0.886s] copying package.xml -> /home/kaisirius/btp/cav-platoons/install/paper_implementation/share/paper_implementation
[0.886s] creating /home/kaisirius/btp/cav-platoons/install/paper_implementation/share/paper_implementation/launch
[0.886s] copying launch/simulation.launch.py -> /home/kaisirius/btp/cav-platoons/install/paper_implementation/share/paper_implementation/launch
[0.886s] creating /home/kaisirius/btp/cav-platoons/install/paper_implementation/share/paper_implementation/models
[0.886s] copying models/obstacle.sdf -> /home/kaisirius/btp/cav-platoons/install/paper_implementation/share/paper_implementation/models
[0.886s] running install_egg_info
[0.887s] Copying ../../build/paper_implementation/paper_implementation.egg-info to /home/kaisirius/btp/cav-platoons/install/paper_implementation/lib/python3.10/site-packages/paper_implementation-0.0.0-py3.10.egg-info
[0.888s] running install_scripts
[0.906s] Installing paper_node script to /home/kaisirius/btp/cav-platoons/install/paper_implementation/lib/paper_implementation
[0.907s] writing list of installed files to '/home/kaisirius/btp/cav-platoons/build/paper_implementation/install.log'
[0.935s] Invoked command in '/home/kaisirius/btp/cav-platoons/src/paper_implementation' returned '0': PYTHONPATH=/home/kaisirius/btp/cav-platoons/build/paper_implementation/prefix_override:/usr/lib/python3/dist-packages/colcon_core/task/python/colcon_distutils_commands:/home/kaisirius/btp/cav-platoons/install/paper_implementation/lib/python3.10/site-packages:${PYTHONPATH} /usr/bin/python3 -W ignore:setup.py install is deprecated -W ignore:easy_install command is deprecated setup.py egg_info --egg-base ../../build/paper_implementation build --build-base /home/kaisirius/btp/cav-platoons/build/paper_implementation/build install --record /home/kaisirius/btp/cav-platoons/build/paper_implementation/install.log --single-version-externally-managed install_data
