[60.048s] Invoking command in '/home/kaisirius/btp/cav-platoons/src/paper_implementation': PYTHONPATH=/home/kaisirius/btp/cav-platoons/build/paper_implementation/prefix_override:/usr/lib/python3/dist-packages/colcon_core/task/python/colcon_distutils_commands:/home/kaisirius/btp/cav-platoons/install/paper_implementation/lib/python3.10/site-packages:${PYTHONPATH} /usr/bin/python3 -W ignore:setup.py install is deprecated -W ignore:easy_install command is deprecated setup.py egg_info --egg-base ../../build/paper_implementation build --build-base /home/kaisirius/btp/cav-platoons/build/paper_implementation/build install --record /home/kaisirius/btp/cav-platoons/build/paper_implementation/install.log --single-version-externally-managed install_data
[60.190s] running egg_info
[60.190s] writing ../../build/paper_implementation/paper_implementation.egg-info/PKG-INFO
[60.190s] writing dependency_links to ../../build/paper_implementation/paper_implementation.egg-info/dependency_links.txt
[60.190s] writing entry points to ../../build/paper_implementation/paper_implementation.egg-info/entry_points.txt
[60.190s] writing requirements to ../../build/paper_implementation/paper_implementation.egg-info/requires.txt
[60.191s] writing top-level names to ../../build/paper_implementation/paper_implementation.egg-info/top_level.txt
[60.191s] reading manifest file '../../build/paper_implementation/paper_implementation.egg-info/SOURCES.txt'
[60.192s] writing manifest file '../../build/paper_implementation/paper_implementation.egg-info/SOURCES.txt'
[60.192s] running build
[60.192s] running build_py
[60.192s] copying paper_implementation/collision_node_two_sv_one_stationary_ov.py -> /home/kaisirius/btp/cav-platoons/build/paper_implementation/build/lib/paper_implementation
[60.192s] running install
[60.193s] running install_lib
[60.193s] copying /home/kaisirius/btp/cav-platoons/build/paper_implementation/build/lib/paper_implementation/collision_node_two_sv_one_stationary_ov.py -> /home/kaisirius/btp/cav-platoons/install/paper_implementation/lib/python3.10/site-packages/paper_implementation
[60.194s] byte-compiling /home/kaisirius/btp/cav-platoons/install/paper_implementation/lib/python3.10/site-packages/paper_implementation/collision_node_two_sv_one_stationary_ov.py to collision_node_two_sv_one_stationary_ov.cpython-310.pyc
[60.196s] running install_data
[60.196s] copying launch/twosv_one_stationary_ov_real.launch.py -> /home/kaisirius/btp/cav-platoons/install/paper_implementation/share/paper_implementation/launch
[60.197s] running install_egg_info
[60.198s] removing '/home/kaisirius/btp/cav-platoons/install/paper_implementation/lib/python3.10/site-packages/paper_implementation-0.0.0-py3.10.egg-info' (and everything under it)
[60.198s] Copying ../../build/paper_implementation/paper_implementation.egg-info to /home/kaisirius/btp/cav-platoons/install/paper_implementation/lib/python3.10/site-packages/paper_implementation-0.0.0-py3.10.egg-info
[60.198s] running install_scripts
[60.211s] Installing collision_node_onesv_onemoving_ov script to /home/kaisirius/btp/cav-platoons/install/paper_implementation/lib/paper_implementation
[60.212s] Installing collision_node_onesv_overtake_moving_ov script to /home/kaisirius/btp/cav-platoons/install/paper_implementation/lib/paper_implementation
[60.212s] Installing collision_node_onesv_overtake_moving_ov_single_node script to /home/kaisirius/btp/cav-platoons/install/paper_implementation/lib/paper_implementation
[60.212s] Installing collision_node_two_sv_one_stationary_ov script to /home/kaisirius/btp/cav-platoons/install/paper_implementation/lib/paper_implementation
[60.212s] Installing paper_node script to /home/kaisirius/btp/cav-platoons/install/paper_implementation/lib/paper_implementation
[60.212s] writing list of installed files to '/home/kaisirius/btp/cav-platoons/build/paper_implementation/install.log'
[60.229s] Invoked command in '/home/kaisirius/btp/cav-platoons/src/paper_implementation' returned '0': PYTHONPATH=/home/kaisirius/btp/cav-platoons/build/paper_implementation/prefix_override:/usr/lib/python3/dist-packages/colcon_core/task/python/colcon_distutils_commands:/home/kaisirius/btp/cav-platoons/install/paper_implementation/lib/python3.10/site-packages:${PYTHONPATH} /usr/bin/python3 -W ignore:setup.py install is deprecated -W ignore:easy_install command is deprecated setup.py egg_info --egg-base ../../build/paper_implementation build --build-base /home/kaisirius/btp/cav-platoons/build/paper_implementation/build install --record /home/kaisirius/btp/cav-platoons/build/paper_implementation/install.log --single-version-externally-managed install_data
