[0.063s] DEBUG:colcon:Command line arguments: ['/usr/bin/colcon', 'build']
[0.063s] DEBUG:colcon:Parsed command line arguments: Namespace(log_base=None, log_level=None, verb_name='build', build_base='build', install_base='install', merge_install=False, symlink_install=False, test_result_base=None, continue_on_error=False, executor='parallel', parallel_workers=12, event_handlers=None, ignore_user_meta=False, metas=['./colcon.meta'], base_paths=['.'], packages_ignore=None, packages_ignore_regex=None, paths=None, packages_up_to=None, packages_up_to_regex=None, packages_above=None, packages_above_and_dependencies=None, packages_above_depth=None, packages_select_by_dep=None, packages_skip_by_dep=None, packages_skip_up_to=None, packages_select_build_failed=False, packages_skip_build_finished=False, packages_select_test_failures=False, packages_skip_test_passed=False, packages_select=None, packages_skip=None, packages_select_regex=None, packages_skip_regex=None, packages_start=None, packages_end=None, allow_overriding=[], cmake_args=None, cmake_target=None, cmake_target_skip_unavailable=False, cmake_clean_cache=False, cmake_clean_first=False, cmake_force_configure=False, ament_cmake_args=None, catkin_cmake_args=None, catkin_skip_building_tests=False, verb_parser=<colcon_defaults.argument_parser.defaults.DefaultArgumentsDecorator object at 0x7a244d4339a0>, verb_extension=<colcon_core.verb.build.BuildVerb object at 0x7a244d578e80>, main=<bound method BuildVerb.main of <colcon_core.verb.build.BuildVerb object at 0x7a244d578e80>>)
[0.149s] Level 1:colcon.colcon_core.package_discovery:discover_packages(colcon_meta) check parameters
[0.149s] Level 1:colcon.colcon_core.package_discovery:discover_packages(recursive) check parameters
[0.149s] Level 1:colcon.colcon_core.package_discovery:discover_packages(ignore) check parameters
[0.149s] Level 1:colcon.colcon_core.package_discovery:discover_packages(path) check parameters
[0.149s] Level 1:colcon.colcon_core.package_discovery:discover_packages(colcon_meta) discover
[0.149s] Level 1:colcon.colcon_core.package_discovery:discover_packages(recursive) discover
[0.149s] INFO:colcon.colcon_core.package_discovery:Crawling recursively for packages in '/home/kaisirius/btp/cav-platoons'
[0.149s] Level 1:colcon.colcon_core.package_identification:_identify(.) by extensions ['ignore', 'ignore_ament_install']
[0.149s] Level 1:colcon.colcon_core.package_identification:_identify(.) by extension 'ignore'
[0.149s] Level 1:colcon.colcon_core.package_identification:_identify(.) by extension 'ignore_ament_install'
[0.149s] Level 1:colcon.colcon_core.package_identification:_identify(.) by extensions ['colcon_pkg']
[0.149s] Level 1:colcon.colcon_core.package_identification:_identify(.) by extension 'colcon_pkg'
[0.149s] Level 1:colcon.colcon_core.package_identification:_identify(.) by extensions ['colcon_meta']
[0.149s] Level 1:colcon.colcon_core.package_identification:_identify(.) by extension 'colcon_meta'
[0.149s] Level 1:colcon.colcon_core.package_identification:_identify(.) by extensions ['ros']
[0.149s] Level 1:colcon.colcon_core.package_identification:_identify(.) by extension 'ros'
[0.156s] Level 1:colcon.colcon_core.package_identification:_identify(.) by extensions ['cmake', 'python']
[0.156s] Level 1:colcon.colcon_core.package_identification:_identify(.) by extension 'cmake'
[0.156s] Level 1:colcon.colcon_core.package_identification:_identify(.) by extension 'python'
[0.156s] Level 1:colcon.colcon_core.package_identification:_identify(.) by extensions ['python_setup_py']
[0.156s] Level 1:colcon.colcon_core.package_identification:_identify(.) by extension 'python_setup_py'
[0.156s] Level 1:colcon.colcon_core.package_identification:_identify(build) by extensions ['ignore', 'ignore_ament_install']
[0.156s] Level 1:colcon.colcon_core.package_identification:_identify(build) by extension 'ignore'
[0.156s] Level 1:colcon.colcon_core.package_identification:_identify(build) ignored
[0.156s] Level 1:colcon.colcon_core.package_identification:_identify(install) by extensions ['ignore', 'ignore_ament_install']
[0.156s] Level 1:colcon.colcon_core.package_identification:_identify(install) by extension 'ignore'
[0.156s] Level 1:colcon.colcon_core.package_identification:_identify(install) ignored
[0.156s] Level 1:colcon.colcon_core.package_identification:_identify(log) by extensions ['ignore', 'ignore_ament_install']
[0.156s] Level 1:colcon.colcon_core.package_identification:_identify(log) by extension 'ignore'
[0.156s] Level 1:colcon.colcon_core.package_identification:_identify(log) ignored
[0.157s] Level 1:colcon.colcon_core.package_identification:_identify(src) by extensions ['ignore', 'ignore_ament_install']
[0.157s] Level 1:colcon.colcon_core.package_identification:_identify(src) by extension 'ignore'
[0.157s] Level 1:colcon.colcon_core.package_identification:_identify(src) by extension 'ignore_ament_install'
[0.157s] Level 1:colcon.colcon_core.package_identification:_identify(src) by extensions ['colcon_pkg']
[0.157s] Level 1:colcon.colcon_core.package_identification:_identify(src) by extension 'colcon_pkg'
[0.157s] Level 1:colcon.colcon_core.package_identification:_identify(src) by extensions ['colcon_meta']
[0.157s] Level 1:colcon.colcon_core.package_identification:_identify(src) by extension 'colcon_meta'
[0.157s] Level 1:colcon.colcon_core.package_identification:_identify(src) by extensions ['ros']
[0.157s] Level 1:colcon.colcon_core.package_identification:_identify(src) by extension 'ros'
[0.157s] Level 1:colcon.colcon_core.package_identification:_identify(src) by extensions ['cmake', 'python']
[0.157s] Level 1:colcon.colcon_core.package_identification:_identify(src) by extension 'cmake'
[0.157s] Level 1:colcon.colcon_core.package_identification:_identify(src) by extension 'python'
[0.157s] Level 1:colcon.colcon_core.package_identification:_identify(src) by extensions ['python_setup_py']
[0.157s] Level 1:colcon.colcon_core.package_identification:_identify(src) by extension 'python_setup_py'
[0.157s] Level 1:colcon.colcon_core.package_identification:_identify(src/DynamixelSDK) by extensions ['ignore', 'ignore_ament_install']
[0.157s] Level 1:colcon.colcon_core.package_identification:_identify(src/DynamixelSDK) by extension 'ignore'
[0.157s] Level 1:colcon.colcon_core.package_identification:_identify(src/DynamixelSDK) by extension 'ignore_ament_install'
[0.157s] Level 1:colcon.colcon_core.package_identification:_identify(src/DynamixelSDK) by extensions ['colcon_pkg']
[0.157s] Level 1:colcon.colcon_core.package_identification:_identify(src/DynamixelSDK) by extension 'colcon_pkg'
[0.157s] Level 1:colcon.colcon_core.package_identification:_identify(src/DynamixelSDK) by extensions ['colcon_meta']
[0.157s] Level 1:colcon.colcon_core.package_identification:_identify(src/DynamixelSDK) by extension 'colcon_meta'
[0.157s] Level 1:colcon.colcon_core.package_identification:_identify(src/DynamixelSDK) by extensions ['ros']
[0.157s] Level 1:colcon.colcon_core.package_identification:_identify(src/DynamixelSDK) by extension 'ros'
[0.157s] Level 1:colcon.colcon_core.package_identification:_identify(src/DynamixelSDK) by extensions ['cmake', 'python']
[0.157s] Level 1:colcon.colcon_core.package_identification:_identify(src/DynamixelSDK) by extension 'cmake'
[0.157s] Level 1:colcon.colcon_core.package_identification:_identify(src/DynamixelSDK) by extension 'python'
[0.157s] Level 1:colcon.colcon_core.package_identification:_identify(src/DynamixelSDK) by extensions ['python_setup_py']
[0.157s] Level 1:colcon.colcon_core.package_identification:_identify(src/DynamixelSDK) by extension 'python_setup_py'
[0.157s] Level 1:colcon.colcon_core.package_identification:_identify(src/more_interfaces) by extensions ['ignore', 'ignore_ament_install']
[0.157s] Level 1:colcon.colcon_core.package_identification:_identify(src/more_interfaces) by extension 'ignore'
[0.158s] Level 1:colcon.colcon_core.package_identification:_identify(src/more_interfaces) by extension 'ignore_ament_install'
[0.158s] Level 1:colcon.colcon_core.package_identification:_identify(src/more_interfaces) by extensions ['colcon_pkg']
[0.158s] Level 1:colcon.colcon_core.package_identification:_identify(src/more_interfaces) by extension 'colcon_pkg'
[0.158s] Level 1:colcon.colcon_core.package_identification:_identify(src/more_interfaces) by extensions ['colcon_meta']
[0.158s] Level 1:colcon.colcon_core.package_identification:_identify(src/more_interfaces) by extension 'colcon_meta'
[0.158s] Level 1:colcon.colcon_core.package_identification:_identify(src/more_interfaces) by extensions ['ros']
[0.158s] Level 1:colcon.colcon_core.package_identification:_identify(src/more_interfaces) by extension 'ros'
[0.159s] DEBUG:colcon.colcon_core.package_identification:Package 'src/more_interfaces' with type 'ros.ament_cmake' and name 'more_interfaces'
[0.159s] Level 1:colcon.colcon_core.package_identification:_identify(src/my_package) by extensions ['ignore', 'ignore_ament_install']
[0.159s] Level 1:colcon.colcon_core.package_identification:_identify(src/my_package) by extension 'ignore'
[0.159s] Level 1:colcon.colcon_core.package_identification:_identify(src/my_package) by extension 'ignore_ament_install'
[0.159s] Level 1:colcon.colcon_core.package_identification:_identify(src/my_package) by extensions ['colcon_pkg']
[0.159s] Level 1:colcon.colcon_core.package_identification:_identify(src/my_package) by extension 'colcon_pkg'
[0.159s] Level 1:colcon.colcon_core.package_identification:_identify(src/my_package) by extensions ['colcon_meta']
[0.159s] Level 1:colcon.colcon_core.package_identification:_identify(src/my_package) by extension 'colcon_meta'
[0.159s] Level 1:colcon.colcon_core.package_identification:_identify(src/my_package) by extensions ['ros']
[0.160s] Level 1:colcon.colcon_core.package_identification:_identify(src/my_package) by extension 'ros'
[0.160s] DEBUG:colcon.colcon_core.package_identification:Package 'src/my_package' with type 'ros.ament_cmake' and name 'my_package'
[0.160s] Level 1:colcon.colcon_core.package_identification:_identify(src/my_robot_controller) by extensions ['ignore', 'ignore_ament_install']
[0.160s] Level 1:colcon.colcon_core.package_identification:_identify(src/my_robot_controller) by extension 'ignore'
[0.160s] Level 1:colcon.colcon_core.package_identification:_identify(src/my_robot_controller) by extension 'ignore_ament_install'
[0.160s] Level 1:colcon.colcon_core.package_identification:_identify(src/my_robot_controller) by extensions ['colcon_pkg']
[0.160s] Level 1:colcon.colcon_core.package_identification:_identify(src/my_robot_controller) by extension 'colcon_pkg'
[0.160s] Level 1:colcon.colcon_core.package_identification:_identify(src/my_robot_controller) by extensions ['colcon_meta']
[0.160s] Level 1:colcon.colcon_core.package_identification:_identify(src/my_robot_controller) by extension 'colcon_meta'
[0.160s] Level 1:colcon.colcon_core.package_identification:_identify(src/my_robot_controller) by extensions ['ros']
[0.160s] Level 1:colcon.colcon_core.package_identification:_identify(src/my_robot_controller) by extension 'ros'
[0.161s] DEBUG:colcon.colcon_core.package_identification:Package 'src/my_robot_controller' with type 'ros.ament_python' and name 'my_robot_controller'
[0.161s] Level 1:colcon.colcon_core.package_identification:_identify(src/paper_implementation) by extensions ['ignore', 'ignore_ament_install']
[0.161s] Level 1:colcon.colcon_core.package_identification:_identify(src/paper_implementation) by extension 'ignore'
[0.161s] Level 1:colcon.colcon_core.package_identification:_identify(src/paper_implementation) by extension 'ignore_ament_install'
[0.161s] Level 1:colcon.colcon_core.package_identification:_identify(src/paper_implementation) by extensions ['colcon_pkg']
[0.161s] Level 1:colcon.colcon_core.package_identification:_identify(src/paper_implementation) by extension 'colcon_pkg'
[0.161s] Level 1:colcon.colcon_core.package_identification:_identify(src/paper_implementation) by extensions ['colcon_meta']
[0.161s] Level 1:colcon.colcon_core.package_identification:_identify(src/paper_implementation) by extension 'colcon_meta'
[0.161s] Level 1:colcon.colcon_core.package_identification:_identify(src/paper_implementation) by extensions ['ros']
[0.161s] Level 1:colcon.colcon_core.package_identification:_identify(src/paper_implementation) by extension 'ros'
[0.161s] DEBUG:colcon.colcon_core.package_identification:Package 'src/paper_implementation' with type 'ros.ament_python' and name 'paper_implementation'
[0.162s] Level 1:colcon.colcon_core.package_identification:_identify(src/polygon_base) by extensions ['ignore', 'ignore_ament_install']
[0.162s] Level 1:colcon.colcon_core.package_identification:_identify(src/polygon_base) by extension 'ignore'
[0.162s] Level 1:colcon.colcon_core.package_identification:_identify(src/polygon_base) by extension 'ignore_ament_install'
[0.162s] Level 1:colcon.colcon_core.package_identification:_identify(src/polygon_base) by extensions ['colcon_pkg']
[0.162s] Level 1:colcon.colcon_core.package_identification:_identify(src/polygon_base) by extension 'colcon_pkg'
[0.162s] Level 1:colcon.colcon_core.package_identification:_identify(src/polygon_base) by extensions ['colcon_meta']
[0.162s] Level 1:colcon.colcon_core.package_identification:_identify(src/polygon_base) by extension 'colcon_meta'
[0.162s] Level 1:colcon.colcon_core.package_identification:_identify(src/polygon_base) by extensions ['ros']
[0.162s] Level 1:colcon.colcon_core.package_identification:_identify(src/polygon_base) by extension 'ros'
[0.162s] DEBUG:colcon.colcon_core.package_identification:Package 'src/polygon_base' with type 'ros.ament_cmake' and name 'polygon_base'
[0.162s] Level 1:colcon.colcon_core.package_identification:_identify(src/polygon_plugins) by extensions ['ignore', 'ignore_ament_install']
[0.162s] Level 1:colcon.colcon_core.package_identification:_identify(src/polygon_plugins) by extension 'ignore'
[0.162s] Level 1:colcon.colcon_core.package_identification:_identify(src/polygon_plugins) by extension 'ignore_ament_install'
[0.162s] Level 1:colcon.colcon_core.package_identification:_identify(src/polygon_plugins) by extensions ['colcon_pkg']
[0.162s] Level 1:colcon.colcon_core.package_identification:_identify(src/polygon_plugins) by extension 'colcon_pkg'
[0.162s] Level 1:colcon.colcon_core.package_identification:_identify(src/polygon_plugins) by extensions ['colcon_meta']
[0.162s] Level 1:colcon.colcon_core.package_identification:_identify(src/polygon_plugins) by extension 'colcon_meta'
[0.162s] Level 1:colcon.colcon_core.package_identification:_identify(src/polygon_plugins) by extensions ['ros']
[0.162s] Level 1:colcon.colcon_core.package_identification:_identify(src/polygon_plugins) by extension 'ros'
[0.163s] DEBUG:colcon.colcon_core.package_identification:Package 'src/polygon_plugins' with type 'ros.ament_cmake' and name 'polygon_plugins'
[0.163s] Level 1:colcon.colcon_core.package_identification:_identify(src/turtlebot3) by extensions ['ignore', 'ignore_ament_install']
[0.163s] Level 1:colcon.colcon_core.package_identification:_identify(src/turtlebot3) by extension 'ignore'
[0.163s] Level 1:colcon.colcon_core.package_identification:_identify(src/turtlebot3) by extension 'ignore_ament_install'
[0.163s] Level 1:colcon.colcon_core.package_identification:_identify(src/turtlebot3) by extensions ['colcon_pkg']
[0.163s] Level 1:colcon.colcon_core.package_identification:_identify(src/turtlebot3) by extension 'colcon_pkg'
[0.163s] Level 1:colcon.colcon_core.package_identification:_identify(src/turtlebot3) by extensions ['colcon_meta']
[0.163s] Level 1:colcon.colcon_core.package_identification:_identify(src/turtlebot3) by extension 'colcon_meta'
[0.163s] Level 1:colcon.colcon_core.package_identification:_identify(src/turtlebot3) by extensions ['ros']
[0.163s] Level 1:colcon.colcon_core.package_identification:_identify(src/turtlebot3) by extension 'ros'
[0.163s] Level 1:colcon.colcon_core.package_identification:_identify(src/turtlebot3) by extensions ['cmake', 'python']
[0.163s] Level 1:colcon.colcon_core.package_identification:_identify(src/turtlebot3) by extension 'cmake'
[0.163s] Level 1:colcon.colcon_core.package_identification:_identify(src/turtlebot3) by extension 'python'
[0.163s] Level 1:colcon.colcon_core.package_identification:_identify(src/turtlebot3) by extensions ['python_setup_py']
[0.163s] Level 1:colcon.colcon_core.package_identification:_identify(src/turtlebot3) by extension 'python_setup_py'
[0.163s] Level 1:colcon.colcon_core.package_identification:_identify(src/turtlebot3_msgs) by extensions ['ignore', 'ignore_ament_install']
[0.163s] Level 1:colcon.colcon_core.package_identification:_identify(src/turtlebot3_msgs) by extension 'ignore'
[0.163s] Level 1:colcon.colcon_core.package_identification:_identify(src/turtlebot3_msgs) by extension 'ignore_ament_install'
[0.163s] Level 1:colcon.colcon_core.package_identification:_identify(src/turtlebot3_msgs) by extensions ['colcon_pkg']
[0.163s] Level 1:colcon.colcon_core.package_identification:_identify(src/turtlebot3_msgs) by extension 'colcon_pkg'
[0.163s] Level 1:colcon.colcon_core.package_identification:_identify(src/turtlebot3_msgs) by extensions ['colcon_meta']
[0.163s] Level 1:colcon.colcon_core.package_identification:_identify(src/turtlebot3_msgs) by extension 'colcon_meta'
[0.163s] Level 1:colcon.colcon_core.package_identification:_identify(src/turtlebot3_msgs) by extensions ['ros']
[0.163s] Level 1:colcon.colcon_core.package_identification:_identify(src/turtlebot3_msgs) by extension 'ros'
[0.163s] Level 1:colcon.colcon_core.package_identification:_identify(src/turtlebot3_msgs) by extensions ['cmake', 'python']
[0.163s] Level 1:colcon.colcon_core.package_identification:_identify(src/turtlebot3_msgs) by extension 'cmake'
[0.163s] Level 1:colcon.colcon_core.package_identification:_identify(src/turtlebot3_msgs) by extension 'python'
[0.163s] Level 1:colcon.colcon_core.package_identification:_identify(src/turtlebot3_msgs) by extensions ['python_setup_py']
[0.163s] Level 1:colcon.colcon_core.package_identification:_identify(src/turtlebot3_msgs) by extension 'python_setup_py'
[0.164s] Level 1:colcon.colcon_core.package_discovery:discover_packages(recursive) using defaults
[0.164s] Level 1:colcon.colcon_core.package_discovery:discover_packages(ignore) discover
[0.164s] Level 1:colcon.colcon_core.package_discovery:discover_packages(ignore) using defaults
[0.164s] Level 1:colcon.colcon_core.package_discovery:discover_packages(path) discover
[0.164s] Level 1:colcon.colcon_core.package_discovery:discover_packages(path) using defaults
[0.175s] Level 1:colcon.colcon_core.package_discovery:discover_packages(prefix_path) check parameters
[0.175s] Level 1:colcon.colcon_core.package_discovery:discover_packages(prefix_path) discover
[0.176s] DEBUG:colcon.colcon_installed_package_information.package_discovery:Found 1 installed packages in /home/kaisirius/ros2_ws/install
[0.177s] DEBUG:colcon.colcon_installed_package_information.package_discovery:Found 272 installed packages in /opt/ros/humble
[0.184s] Level 1:colcon.colcon_core.package_discovery:discover_packages(prefix_path) using defaults
[0.202s] Level 5:colcon.colcon_core.verb:set package 'more_interfaces' build argument 'cmake_args' from command line to 'None'
[0.202s] Level 5:colcon.colcon_core.verb:set package 'more_interfaces' build argument 'cmake_target' from command line to 'None'
[0.202s] Level 5:colcon.colcon_core.verb:set package 'more_interfaces' build argument 'cmake_target_skip_unavailable' from command line to 'False'
[0.202s] Level 5:colcon.colcon_core.verb:set package 'more_interfaces' build argument 'cmake_clean_cache' from command line to 'False'
[0.202s] Level 5:colcon.colcon_core.verb:set package 'more_interfaces' build argument 'cmake_clean_first' from command line to 'False'
[0.202s] Level 5:colcon.colcon_core.verb:set package 'more_interfaces' build argument 'cmake_force_configure' from command line to 'False'
[0.202s] Level 5:colcon.colcon_core.verb:set package 'more_interfaces' build argument 'ament_cmake_args' from command line to 'None'
[0.202s] Level 5:colcon.colcon_core.verb:set package 'more_interfaces' build argument 'catkin_cmake_args' from command line to 'None'
[0.202s] Level 5:colcon.colcon_core.verb:set package 'more_interfaces' build argument 'catkin_skip_building_tests' from command line to 'False'
[0.202s] DEBUG:colcon.colcon_core.verb:Building package 'more_interfaces' with the following arguments: {'ament_cmake_args': None, 'build_base': '/home/kaisirius/btp/cav-platoons/build/more_interfaces', 'catkin_cmake_args': None, 'catkin_skip_building_tests': False, 'cmake_args': None, 'cmake_clean_cache': False, 'cmake_clean_first': False, 'cmake_force_configure': False, 'cmake_target': None, 'cmake_target_skip_unavailable': False, 'install_base': '/home/kaisirius/btp/cav-platoons/install/more_interfaces', 'merge_install': False, 'path': '/home/kaisirius/btp/cav-platoons/src/more_interfaces', 'symlink_install': False, 'test_result_base': None}
[0.202s] Level 5:colcon.colcon_core.verb:set package 'my_package' build argument 'cmake_args' from command line to 'None'
[0.202s] Level 5:colcon.colcon_core.verb:set package 'my_package' build argument 'cmake_target' from command line to 'None'
[0.202s] Level 5:colcon.colcon_core.verb:set package 'my_package' build argument 'cmake_target_skip_unavailable' from command line to 'False'
[0.202s] Level 5:colcon.colcon_core.verb:set package 'my_package' build argument 'cmake_clean_cache' from command line to 'False'
[0.203s] Level 5:colcon.colcon_core.verb:set package 'my_package' build argument 'cmake_clean_first' from command line to 'False'
[0.203s] Level 5:colcon.colcon_core.verb:set package 'my_package' build argument 'cmake_force_configure' from command line to 'False'
[0.203s] Level 5:colcon.colcon_core.verb:set package 'my_package' build argument 'ament_cmake_args' from command line to 'None'
[0.203s] Level 5:colcon.colcon_core.verb:set package 'my_package' build argument 'catkin_cmake_args' from command line to 'None'
[0.203s] Level 5:colcon.colcon_core.verb:set package 'my_package' build argument 'catkin_skip_building_tests' from command line to 'False'
[0.203s] DEBUG:colcon.colcon_core.verb:Building package 'my_package' with the following arguments: {'ament_cmake_args': None, 'build_base': '/home/kaisirius/btp/cav-platoons/build/my_package', 'catkin_cmake_args': None, 'catkin_skip_building_tests': False, 'cmake_args': None, 'cmake_clean_cache': False, 'cmake_clean_first': False, 'cmake_force_configure': False, 'cmake_target': None, 'cmake_target_skip_unavailable': False, 'install_base': '/home/kaisirius/btp/cav-platoons/install/my_package', 'merge_install': False, 'path': '/home/kaisirius/btp/cav-platoons/src/my_package', 'symlink_install': False, 'test_result_base': None}
[0.203s] Level 5:colcon.colcon_core.verb:set package 'my_robot_controller' build argument 'cmake_args' from command line to 'None'
[0.203s] Level 5:colcon.colcon_core.verb:set package 'my_robot_controller' build argument 'cmake_target' from command line to 'None'
[0.203s] Level 5:colcon.colcon_core.verb:set package 'my_robot_controller' build argument 'cmake_target_skip_unavailable' from command line to 'False'
[0.203s] Level 5:colcon.colcon_core.verb:set package 'my_robot_controller' build argument 'cmake_clean_cache' from command line to 'False'
[0.203s] Level 5:colcon.colcon_core.verb:set package 'my_robot_controller' build argument 'cmake_clean_first' from command line to 'False'
[0.203s] Level 5:colcon.colcon_core.verb:set package 'my_robot_controller' build argument 'cmake_force_configure' from command line to 'False'
[0.203s] Level 5:colcon.colcon_core.verb:set package 'my_robot_controller' build argument 'ament_cmake_args' from command line to 'None'
[0.203s] Level 5:colcon.colcon_core.verb:set package 'my_robot_controller' build argument 'catkin_cmake_args' from command line to 'None'
[0.203s] Level 5:colcon.colcon_core.verb:set package 'my_robot_controller' build argument 'catkin_skip_building_tests' from command line to 'False'
[0.203s] DEBUG:colcon.colcon_core.verb:Building package 'my_robot_controller' with the following arguments: {'ament_cmake_args': None, 'build_base': '/home/kaisirius/btp/cav-platoons/build/my_robot_controller', 'catkin_cmake_args': None, 'catkin_skip_building_tests': False, 'cmake_args': None, 'cmake_clean_cache': False, 'cmake_clean_first': False, 'cmake_force_configure': False, 'cmake_target': None, 'cmake_target_skip_unavailable': False, 'install_base': '/home/kaisirius/btp/cav-platoons/install/my_robot_controller', 'merge_install': False, 'path': '/home/kaisirius/btp/cav-platoons/src/my_robot_controller', 'symlink_install': False, 'test_result_base': None}
[0.203s] Level 5:colcon.colcon_core.verb:set package 'paper_implementation' build argument 'cmake_args' from command line to 'None'
[0.203s] Level 5:colcon.colcon_core.verb:set package 'paper_implementation' build argument 'cmake_target' from command line to 'None'
[0.203s] Level 5:colcon.colcon_core.verb:set package 'paper_implementation' build argument 'cmake_target_skip_unavailable' from command line to 'False'
[0.203s] Level 5:colcon.colcon_core.verb:set package 'paper_implementation' build argument 'cmake_clean_cache' from command line to 'False'
[0.203s] Level 5:colcon.colcon_core.verb:set package 'paper_implementation' build argument 'cmake_clean_first' from command line to 'False'
[0.203s] Level 5:colcon.colcon_core.verb:set package 'paper_implementation' build argument 'cmake_force_configure' from command line to 'False'
[0.203s] Level 5:colcon.colcon_core.verb:set package 'paper_implementation' build argument 'ament_cmake_args' from command line to 'None'
[0.203s] Level 5:colcon.colcon_core.verb:set package 'paper_implementation' build argument 'catkin_cmake_args' from command line to 'None'
[0.203s] Level 5:colcon.colcon_core.verb:set package 'paper_implementation' build argument 'catkin_skip_building_tests' from command line to 'False'
[0.203s] DEBUG:colcon.colcon_core.verb:Building package 'paper_implementation' with the following arguments: {'ament_cmake_args': None, 'build_base': '/home/kaisirius/btp/cav-platoons/build/paper_implementation', 'catkin_cmake_args': None, 'catkin_skip_building_tests': False, 'cmake_args': None, 'cmake_clean_cache': False, 'cmake_clean_first': False, 'cmake_force_configure': False, 'cmake_target': None, 'cmake_target_skip_unavailable': False, 'install_base': '/home/kaisirius/btp/cav-platoons/install/paper_implementation', 'merge_install': False, 'path': '/home/kaisirius/btp/cav-platoons/src/paper_implementation', 'symlink_install': False, 'test_result_base': None}
[0.203s] Level 5:colcon.colcon_core.verb:set package 'polygon_base' build argument 'cmake_args' from command line to 'None'
[0.203s] Level 5:colcon.colcon_core.verb:set package 'polygon_base' build argument 'cmake_target' from command line to 'None'
[0.203s] Level 5:colcon.colcon_core.verb:set package 'polygon_base' build argument 'cmake_target_skip_unavailable' from command line to 'False'
[0.203s] Level 5:colcon.colcon_core.verb:set package 'polygon_base' build argument 'cmake_clean_cache' from command line to 'False'
[0.203s] Level 5:colcon.colcon_core.verb:set package 'polygon_base' build argument 'cmake_clean_first' from command line to 'False'
[0.203s] Level 5:colcon.colcon_core.verb:set package 'polygon_base' build argument 'cmake_force_configure' from command line to 'False'
[0.203s] Level 5:colcon.colcon_core.verb:set package 'polygon_base' build argument 'ament_cmake_args' from command line to 'None'
[0.203s] Level 5:colcon.colcon_core.verb:set package 'polygon_base' build argument 'catkin_cmake_args' from command line to 'None'
[0.203s] Level 5:colcon.colcon_core.verb:set package 'polygon_base' build argument 'catkin_skip_building_tests' from command line to 'False'
[0.203s] DEBUG:colcon.colcon_core.verb:Building package 'polygon_base' with the following arguments: {'ament_cmake_args': None, 'build_base': '/home/kaisirius/btp/cav-platoons/build/polygon_base', 'catkin_cmake_args': None, 'catkin_skip_building_tests': False, 'cmake_args': None, 'cmake_clean_cache': False, 'cmake_clean_first': False, 'cmake_force_configure': False, 'cmake_target': None, 'cmake_target_skip_unavailable': False, 'install_base': '/home/kaisirius/btp/cav-platoons/install/polygon_base', 'merge_install': False, 'path': '/home/kaisirius/btp/cav-platoons/src/polygon_base', 'symlink_install': False, 'test_result_base': None}
[0.204s] Level 5:colcon.colcon_core.verb:set package 'polygon_plugins' build argument 'cmake_args' from command line to 'None'
[0.204s] Level 5:colcon.colcon_core.verb:set package 'polygon_plugins' build argument 'cmake_target' from command line to 'None'
[0.204s] Level 5:colcon.colcon_core.verb:set package 'polygon_plugins' build argument 'cmake_target_skip_unavailable' from command line to 'False'
[0.204s] Level 5:colcon.colcon_core.verb:set package 'polygon_plugins' build argument 'cmake_clean_cache' from command line to 'False'
[0.204s] Level 5:colcon.colcon_core.verb:set package 'polygon_plugins' build argument 'cmake_clean_first' from command line to 'False'
[0.204s] Level 5:colcon.colcon_core.verb:set package 'polygon_plugins' build argument 'cmake_force_configure' from command line to 'False'
[0.204s] Level 5:colcon.colcon_core.verb:set package 'polygon_plugins' build argument 'ament_cmake_args' from command line to 'None'
[0.204s] Level 5:colcon.colcon_core.verb:set package 'polygon_plugins' build argument 'catkin_cmake_args' from command line to 'None'
[0.204s] Level 5:colcon.colcon_core.verb:set package 'polygon_plugins' build argument 'catkin_skip_building_tests' from command line to 'False'
[0.204s] DEBUG:colcon.colcon_core.verb:Building package 'polygon_plugins' with the following arguments: {'ament_cmake_args': None, 'build_base': '/home/kaisirius/btp/cav-platoons/build/polygon_plugins', 'catkin_cmake_args': None, 'catkin_skip_building_tests': False, 'cmake_args': None, 'cmake_clean_cache': False, 'cmake_clean_first': False, 'cmake_force_configure': False, 'cmake_target': None, 'cmake_target_skip_unavailable': False, 'install_base': '/home/kaisirius/btp/cav-platoons/install/polygon_plugins', 'merge_install': False, 'path': '/home/kaisirius/btp/cav-platoons/src/polygon_plugins', 'symlink_install': False, 'test_result_base': None}
[0.204s] INFO:colcon.colcon_core.executor:Executing jobs using 'parallel' executor
[0.205s] DEBUG:colcon.colcon_parallel_executor.executor.parallel:run_until_complete
[0.205s] INFO:colcon.colcon_ros.task.ament_cmake.build:Building ROS package in '/home/kaisirius/btp/cav-platoons/src/polygon_base' with build type 'ament_cmake'
[0.205s] INFO:colcon.colcon_cmake.task.cmake.build:Building CMake package in '/home/kaisirius/btp/cav-platoons/src/polygon_base'
[0.207s] INFO:colcon.colcon_core.plugin_system:Skipping extension 'colcon_core.shell.bat': Not used on non-Windows systems
[0.207s] INFO:colcon.colcon_core.shell:Skip shell extension 'powershell' for command environment: Not usable outside of PowerShell
[0.207s] DEBUG:colcon.colcon_core.shell:Skip shell extension 'dsv' for command environment
[0.235s] INFO:colcon.colcon_ros.task.ament_cmake.build:Building ROS package in '/home/kaisirius/btp/cav-platoons/src/more_interfaces' with build type 'ament_cmake'
[0.236s] INFO:colcon.colcon_cmake.task.cmake.build:Building CMake package in '/home/kaisirius/btp/cav-platoons/src/more_interfaces'
[0.236s] INFO:colcon.colcon_core.shell:Skip shell extension 'powershell' for command environment: Not usable outside of PowerShell
[0.236s] DEBUG:colcon.colcon_core.shell:Skip shell extension 'dsv' for command environment
[0.239s] INFO:colcon.colcon_ros.task.ament_cmake.build:Building ROS package in '/home/kaisirius/btp/cav-platoons/src/my_package' with build type 'ament_cmake'
[0.239s] INFO:colcon.colcon_cmake.task.cmake.build:Building CMake package in '/home/kaisirius/btp/cav-platoons/src/my_package'
[0.239s] INFO:colcon.colcon_core.shell:Skip shell extension 'powershell' for command environment: Not usable outside of PowerShell
[0.239s] DEBUG:colcon.colcon_core.shell:Skip shell extension 'dsv' for command environment
[0.241s] INFO:colcon.colcon_ros.task.ament_python.build:Building ROS package in '/home/kaisirius/btp/cav-platoons/src/my_robot_controller' with build type 'ament_python'
[0.241s] Level 1:colcon.colcon_core.shell:create_environment_hook('my_robot_controller', 'ament_prefix_path')
[0.241s] INFO:colcon.colcon_core.shell:Creating environment hook '/home/kaisirius/btp/cav-platoons/install/my_robot_controller/share/my_robot_controller/hook/ament_prefix_path.ps1'
[0.242s] INFO:colcon.colcon_core.shell:Creating environment descriptor '/home/kaisirius/btp/cav-platoons/install/my_robot_controller/share/my_robot_controller/hook/ament_prefix_path.dsv'
[0.243s] INFO:colcon.colcon_core.shell:Creating environment hook '/home/kaisirius/btp/cav-platoons/install/my_robot_controller/share/my_robot_controller/hook/ament_prefix_path.sh'
[0.244s] INFO:colcon.colcon_core.shell:Skip shell extension 'powershell' for command environment: Not usable outside of PowerShell
[0.244s] DEBUG:colcon.colcon_core.shell:Skip shell extension 'dsv' for command environment
[0.247s] INFO:colcon.colcon_ros.task.ament_python.build:Building ROS package in '/home/kaisirius/btp/cav-platoons/src/paper_implementation' with build type 'ament_python'
[0.247s] Level 1:colcon.colcon_core.shell:create_environment_hook('paper_implementation', 'ament_prefix_path')
[0.247s] INFO:colcon.colcon_core.shell:Creating environment hook '/home/kaisirius/btp/cav-platoons/install/paper_implementation/share/paper_implementation/hook/ament_prefix_path.ps1'
[0.247s] INFO:colcon.colcon_core.shell:Creating environment descriptor '/home/kaisirius/btp/cav-platoons/install/paper_implementation/share/paper_implementation/hook/ament_prefix_path.dsv'
[0.247s] INFO:colcon.colcon_core.shell:Creating environment hook '/home/kaisirius/btp/cav-platoons/install/paper_implementation/share/paper_implementation/hook/ament_prefix_path.sh'
[0.248s] INFO:colcon.colcon_core.shell:Skip shell extension 'powershell' for command environment: Not usable outside of PowerShell
[0.248s] DEBUG:colcon.colcon_core.shell:Skip shell extension 'dsv' for command environment
[0.258s] DEBUG:colcon.colcon_core.event_handler.log_command:Invoking command in '/home/kaisirius/btp/cav-platoons/build/polygon_base': CMAKE_PREFIX_PATH=/home/kaisirius/ros2_ws/install/my_robot_controller:/opt/ros/humble /usr/bin/cmake --build /home/kaisirius/btp/cav-platoons/build/polygon_base -- -j12 -l12
[0.266s] DEBUG:colcon.colcon_core.event_handler.log_command:Invoking command in '/home/kaisirius/btp/cav-platoons/build/more_interfaces': CMAKE_PREFIX_PATH=/home/kaisirius/ros2_ws/install/my_robot_controller:/opt/ros/humble /usr/bin/cmake --build /home/kaisirius/btp/cav-platoons/build/more_interfaces -- -j12 -l12
[0.268s] DEBUG:colcon.colcon_core.event_handler.log_command:Invoking command in '/home/kaisirius/btp/cav-platoons/build/my_package': CMAKE_PREFIX_PATH=/home/kaisirius/ros2_ws/install/my_robot_controller:/opt/ros/humble /usr/bin/cmake --build /home/kaisirius/btp/cav-platoons/build/my_package -- -j12 -l12
[0.456s] INFO:colcon.colcon_core.task.python.build:Building Python package in '/home/kaisirius/btp/cav-platoons/src/my_robot_controller'
[0.456s] INFO:colcon.colcon_core.shell:Skip shell extension 'powershell' for command environment: Not usable outside of PowerShell
[0.456s] DEBUG:colcon.colcon_core.shell:Skip shell extension 'dsv' for command environment
[0.613s] INFO:colcon.colcon_core.task.python.build:Building Python package in '/home/kaisirius/btp/cav-platoons/src/paper_implementation'
[0.614s] INFO:colcon.colcon_core.shell:Skip shell extension 'powershell' for command environment: Not usable outside of PowerShell
[0.614s] DEBUG:colcon.colcon_core.shell:Skip shell extension 'dsv' for command environment
[0.624s] DEBUG:colcon.colcon_core.event_handler.log_command:Invoked command in '/home/kaisirius/btp/cav-platoons/build/polygon_base' returned '0': CMAKE_PREFIX_PATH=/home/kaisirius/ros2_ws/install/my_robot_controller:/opt/ros/humble /usr/bin/cmake --build /home/kaisirius/btp/cav-platoons/build/polygon_base -- -j12 -l12
[0.631s] DEBUG:colcon.colcon_core.event_handler.log_command:Invoking command in '/home/kaisirius/btp/cav-platoons/build/polygon_base': CMAKE_PREFIX_PATH=/home/kaisirius/ros2_ws/install/my_robot_controller:/opt/ros/humble /usr/bin/cmake --install /home/kaisirius/btp/cav-platoons/build/polygon_base
[0.632s] DEBUG:colcon.colcon_core.event_handler.log_command:Invoked command in '/home/kaisirius/btp/cav-platoons/build/my_package' returned '0': CMAKE_PREFIX_PATH=/home/kaisirius/ros2_ws/install/my_robot_controller:/opt/ros/humble /usr/bin/cmake --build /home/kaisirius/btp/cav-platoons/build/my_package -- -j12 -l12
[0.633s] DEBUG:colcon.colcon_core.event_handler.log_command:Invoking command in '/home/kaisirius/btp/cav-platoons/build/my_package': CMAKE_PREFIX_PATH=/home/kaisirius/ros2_ws/install/my_robot_controller:/opt/ros/humble /usr/bin/cmake --install /home/kaisirius/btp/cav-platoons/build/my_package
[0.634s] DEBUG:colcon.colcon_core.event_handler.log_command:Invoked command in '/home/kaisirius/btp/cav-platoons/build/more_interfaces' returned '0': CMAKE_PREFIX_PATH=/home/kaisirius/ros2_ws/install/my_robot_controller:/opt/ros/humble /usr/bin/cmake --build /home/kaisirius/btp/cav-platoons/build/more_interfaces -- -j12 -l12
[0.636s] DEBUG:colcon.colcon_core.event_handler.log_command:Invoking command in '/home/kaisirius/btp/cav-platoons/build/more_interfaces': CMAKE_PREFIX_PATH=/home/kaisirius/ros2_ws/install/my_robot_controller:/opt/ros/humble /usr/bin/cmake --install /home/kaisirius/btp/cav-platoons/build/more_interfaces
[0.641s] Level 1:colcon.colcon_core.environment:create_environment_scripts_only(polygon_base)
[0.643s] DEBUG:colcon.colcon_core.event_handler.log_command:Invoked command in '/home/kaisirius/btp/cav-platoons/build/polygon_base' returned '0': CMAKE_PREFIX_PATH=/home/kaisirius/ros2_ws/install/my_robot_controller:/opt/ros/humble /usr/bin/cmake --install /home/kaisirius/btp/cav-platoons/build/polygon_base
[0.651s] Level 1:colcon.colcon_core.environment:checking '/home/kaisirius/btp/cav-platoons/install/polygon_base' for CMake module files
[0.652s] Level 1:colcon.colcon_core.environment:checking '/home/kaisirius/btp/cav-platoons/install/polygon_base' for CMake config files
[0.652s] Level 1:colcon.colcon_core.shell:create_environment_hook('polygon_base', 'cmake_prefix_path')
[0.652s] INFO:colcon.colcon_core.shell:Creating environment hook '/home/kaisirius/btp/cav-platoons/install/polygon_base/share/polygon_base/hook/cmake_prefix_path.ps1'
[0.653s] INFO:colcon.colcon_core.shell:Creating environment descriptor '/home/kaisirius/btp/cav-platoons/install/polygon_base/share/polygon_base/hook/cmake_prefix_path.dsv'
[0.653s] INFO:colcon.colcon_core.shell:Creating environment hook '/home/kaisirius/btp/cav-platoons/install/polygon_base/share/polygon_base/hook/cmake_prefix_path.sh'
[0.654s] Level 1:colcon.colcon_core.environment:checking '/home/kaisirius/btp/cav-platoons/install/polygon_base/lib'
[0.654s] Level 1:colcon.colcon_core.environment:checking '/home/kaisirius/btp/cav-platoons/install/polygon_base/bin'
[0.654s] Level 1:colcon.colcon_core.environment:checking '/home/kaisirius/btp/cav-platoons/install/polygon_base/lib/pkgconfig/polygon_base.pc'
[0.654s] Level 1:colcon.colcon_core.environment:checking '/home/kaisirius/btp/cav-platoons/install/polygon_base/lib/python3.10/site-packages'
[0.655s] Level 1:colcon.colcon_core.environment:checking '/home/kaisirius/btp/cav-platoons/install/polygon_base/bin'
[0.655s] INFO:colcon.colcon_core.shell:Creating package script '/home/kaisirius/btp/cav-platoons/install/polygon_base/share/polygon_base/package.ps1'
[0.655s] INFO:colcon.colcon_core.shell:Creating package descriptor '/home/kaisirius/btp/cav-platoons/install/polygon_base/share/polygon_base/package.dsv'
[0.656s] INFO:colcon.colcon_core.shell:Creating package script '/home/kaisirius/btp/cav-platoons/install/polygon_base/share/polygon_base/package.sh'
[0.656s] INFO:colcon.colcon_core.shell:Creating package script '/home/kaisirius/btp/cav-platoons/install/polygon_base/share/polygon_base/package.bash'
[0.657s] INFO:colcon.colcon_core.shell:Creating package script '/home/kaisirius/btp/cav-platoons/install/polygon_base/share/polygon_base/package.zsh'
[0.657s] Level 1:colcon.colcon_core.environment:create_file_with_runtime_dependencies(/home/kaisirius/btp/cav-platoons/install/polygon_base/share/colcon-core/packages/polygon_base)
[0.658s] Level 1:colcon.colcon_core.environment:create_environment_scripts_only(polygon_base)
[0.658s] Level 1:colcon.colcon_core.environment:checking '/home/kaisirius/btp/cav-platoons/install/polygon_base' for CMake module files
[0.658s] Level 1:colcon.colcon_core.environment:checking '/home/kaisirius/btp/cav-platoons/install/polygon_base' for CMake config files
[0.658s] Level 1:colcon.colcon_core.shell:create_environment_hook('polygon_base', 'cmake_prefix_path')
[0.658s] INFO:colcon.colcon_core.shell:Creating environment hook '/home/kaisirius/btp/cav-platoons/install/polygon_base/share/polygon_base/hook/cmake_prefix_path.ps1'
[0.659s] INFO:colcon.colcon_core.shell:Creating environment descriptor '/home/kaisirius/btp/cav-platoons/install/polygon_base/share/polygon_base/hook/cmake_prefix_path.dsv'
[0.659s] INFO:colcon.colcon_core.shell:Creating environment hook '/home/kaisirius/btp/cav-platoons/install/polygon_base/share/polygon_base/hook/cmake_prefix_path.sh'
[0.659s] Level 1:colcon.colcon_core.environment:checking '/home/kaisirius/btp/cav-platoons/install/polygon_base/lib'
[0.659s] Level 1:colcon.colcon_core.environment:checking '/home/kaisirius/btp/cav-platoons/install/polygon_base/bin'
[0.659s] Level 1:colcon.colcon_core.environment:checking '/home/kaisirius/btp/cav-platoons/install/polygon_base/lib/pkgconfig/polygon_base.pc'
[0.660s] Level 1:colcon.colcon_core.environment:checking '/home/kaisirius/btp/cav-platoons/install/polygon_base/lib/python3.10/site-packages'
[0.660s] Level 1:colcon.colcon_core.environment:checking '/home/kaisirius/btp/cav-platoons/install/polygon_base/bin'
[0.660s] INFO:colcon.colcon_core.shell:Creating package script '/home/kaisirius/btp/cav-platoons/install/polygon_base/share/polygon_base/package.ps1'
[0.660s] INFO:colcon.colcon_core.shell:Creating package descriptor '/home/kaisirius/btp/cav-platoons/install/polygon_base/share/polygon_base/package.dsv'
[0.661s] INFO:colcon.colcon_core.shell:Creating package script '/home/kaisirius/btp/cav-platoons/install/polygon_base/share/polygon_base/package.sh'
[0.661s] INFO:colcon.colcon_core.shell:Creating package script '/home/kaisirius/btp/cav-platoons/install/polygon_base/share/polygon_base/package.bash'
[0.661s] INFO:colcon.colcon_core.shell:Creating package script '/home/kaisirius/btp/cav-platoons/install/polygon_base/share/polygon_base/package.zsh'
[0.661s] Level 1:colcon.colcon_core.environment:create_file_with_runtime_dependencies(/home/kaisirius/btp/cav-platoons/install/polygon_base/share/colcon-core/packages/polygon_base)
[0.662s] INFO:colcon.colcon_ros.task.ament_cmake.build:Building ROS package in '/home/kaisirius/btp/cav-platoons/src/polygon_plugins' with build type 'ament_cmake'
[0.662s] INFO:colcon.colcon_cmake.task.cmake.build:Building CMake package in '/home/kaisirius/btp/cav-platoons/src/polygon_plugins'
[0.662s] INFO:colcon.colcon_core.shell:Skip shell extension 'powershell' for command environment: Not usable outside of PowerShell
[0.662s] DEBUG:colcon.colcon_core.shell:Skip shell extension 'dsv' for command environment
[0.665s] Level 1:colcon.colcon_core.environment:create_environment_scripts_only(my_package)
[0.666s] Level 1:colcon.colcon_core.environment:checking '/home/kaisirius/btp/cav-platoons/install/my_package' for CMake module files
[0.666s] DEBUG:colcon.colcon_core.event_handler.log_command:Invoked command in '/home/kaisirius/btp/cav-platoons/build/my_package' returned '0': CMAKE_PREFIX_PATH=/home/kaisirius/ros2_ws/install/my_robot_controller:/opt/ros/humble /usr/bin/cmake --install /home/kaisirius/btp/cav-platoons/build/my_package
[0.666s] Level 1:colcon.colcon_core.environment:checking '/home/kaisirius/btp/cav-platoons/install/my_package' for CMake config files
[0.666s] Level 1:colcon.colcon_core.shell:create_environment_hook('my_package', 'cmake_prefix_path')
[0.667s] INFO:colcon.colcon_core.shell:Creating environment hook '/home/kaisirius/btp/cav-platoons/install/my_package/share/my_package/hook/cmake_prefix_path.ps1'
[0.667s] INFO:colcon.colcon_core.shell:Creating environment descriptor '/home/kaisirius/btp/cav-platoons/install/my_package/share/my_package/hook/cmake_prefix_path.dsv'
[0.667s] INFO:colcon.colcon_core.shell:Creating environment hook '/home/kaisirius/btp/cav-platoons/install/my_package/share/my_package/hook/cmake_prefix_path.sh'
[0.668s] Level 1:colcon.colcon_core.environment:checking '/home/kaisirius/btp/cav-platoons/install/my_package/lib'
[0.668s] Level 1:colcon.colcon_core.environment:checking '/home/kaisirius/btp/cav-platoons/install/my_package/bin'
[0.668s] Level 1:colcon.colcon_core.environment:checking '/home/kaisirius/btp/cav-platoons/install/my_package/lib/pkgconfig/my_package.pc'
[0.668s] Level 1:colcon.colcon_core.environment:checking '/home/kaisirius/btp/cav-platoons/install/my_package/lib/python3.10/site-packages'
[0.669s] Level 1:colcon.colcon_core.environment:checking '/home/kaisirius/btp/cav-platoons/install/my_package/bin'
[0.669s] INFO:colcon.colcon_core.shell:Creating package script '/home/kaisirius/btp/cav-platoons/install/my_package/share/my_package/package.ps1'
[0.670s] INFO:colcon.colcon_core.shell:Creating package descriptor '/home/kaisirius/btp/cav-platoons/install/my_package/share/my_package/package.dsv'
[0.670s] INFO:colcon.colcon_core.shell:Creating package script '/home/kaisirius/btp/cav-platoons/install/my_package/share/my_package/package.sh'
[0.670s] INFO:colcon.colcon_core.shell:Creating package script '/home/kaisirius/btp/cav-platoons/install/my_package/share/my_package/package.bash'
[0.670s] INFO:colcon.colcon_core.shell:Creating package script '/home/kaisirius/btp/cav-platoons/install/my_package/share/my_package/package.zsh'
[0.671s] Level 1:colcon.colcon_core.environment:create_file_with_runtime_dependencies(/home/kaisirius/btp/cav-platoons/install/my_package/share/colcon-core/packages/my_package)
[0.671s] Level 1:colcon.colcon_core.environment:create_environment_scripts_only(my_package)
[0.671s] Level 1:colcon.colcon_core.environment:checking '/home/kaisirius/btp/cav-platoons/install/my_package' for CMake module files
[0.671s] Level 1:colcon.colcon_core.environment:checking '/home/kaisirius/btp/cav-platoons/install/my_package' for CMake config files
[0.671s] Level 1:colcon.colcon_core.shell:create_environment_hook('my_package', 'cmake_prefix_path')
[0.672s] INFO:colcon.colcon_core.shell:Creating environment hook '/home/kaisirius/btp/cav-platoons/install/my_package/share/my_package/hook/cmake_prefix_path.ps1'
[0.672s] INFO:colcon.colcon_core.shell:Creating environment descriptor '/home/kaisirius/btp/cav-platoons/install/my_package/share/my_package/hook/cmake_prefix_path.dsv'
[0.672s] INFO:colcon.colcon_core.shell:Creating environment hook '/home/kaisirius/btp/cav-platoons/install/my_package/share/my_package/hook/cmake_prefix_path.sh'
[0.672s] Level 1:colcon.colcon_core.environment:checking '/home/kaisirius/btp/cav-platoons/install/my_package/lib'
[0.672s] Level 1:colcon.colcon_core.environment:checking '/home/kaisirius/btp/cav-platoons/install/my_package/bin'
[0.672s] Level 1:colcon.colcon_core.environment:checking '/home/kaisirius/btp/cav-platoons/install/my_package/lib/pkgconfig/my_package.pc'
[0.673s] Level 1:colcon.colcon_core.environment:checking '/home/kaisirius/btp/cav-platoons/install/my_package/lib/python3.10/site-packages'
[0.673s] Level 1:colcon.colcon_core.environment:checking '/home/kaisirius/btp/cav-platoons/install/my_package/bin'
[0.673s] INFO:colcon.colcon_core.shell:Creating package script '/home/kaisirius/btp/cav-platoons/install/my_package/share/my_package/package.ps1'
[0.673s] INFO:colcon.colcon_core.shell:Creating package descriptor '/home/kaisirius/btp/cav-platoons/install/my_package/share/my_package/package.dsv'
[0.674s] INFO:colcon.colcon_core.shell:Creating package script '/home/kaisirius/btp/cav-platoons/install/my_package/share/my_package/package.sh'
[0.674s] INFO:colcon.colcon_core.shell:Creating package script '/home/kaisirius/btp/cav-platoons/install/my_package/share/my_package/package.bash'
[0.675s] INFO:colcon.colcon_core.shell:Creating package script '/home/kaisirius/btp/cav-platoons/install/my_package/share/my_package/package.zsh'
[0.675s] Level 1:colcon.colcon_core.environment:create_file_with_runtime_dependencies(/home/kaisirius/btp/cav-platoons/install/my_package/share/colcon-core/packages/my_package)
[0.679s] DEBUG:colcon.colcon_core.event_handler.log_command:Invoking command in '/home/kaisirius/btp/cav-platoons/build/polygon_plugins': AMENT_PREFIX_PATH=/home/kaisirius/btp/cav-platoons/install/polygon_base:${AMENT_PREFIX_PATH} CMAKE_PREFIX_PATH=/home/kaisirius/btp/cav-platoons/install/polygon_base:/home/kaisirius/ros2_ws/install/my_robot_controller:/opt/ros/humble /usr/bin/cmake --build /home/kaisirius/btp/cav-platoons/build/polygon_plugins -- -j12 -l12
[0.692s] Level 1:colcon.colcon_core.environment:create_environment_scripts_only(more_interfaces)
[0.692s] Level 1:colcon.colcon_core.environment:checking '/home/kaisirius/btp/cav-platoons/install/more_interfaces' for CMake module files
[0.693s] Level 1:colcon.colcon_core.environment:checking '/home/kaisirius/btp/cav-platoons/install/more_interfaces' for CMake config files
[0.693s] Level 1:colcon.colcon_core.shell:create_environment_hook('more_interfaces', 'cmake_prefix_path')
[0.694s] INFO:colcon.colcon_core.shell:Creating environment hook '/home/kaisirius/btp/cav-platoons/install/more_interfaces/share/more_interfaces/hook/cmake_prefix_path.ps1'
[0.694s] INFO:colcon.colcon_core.shell:Creating environment descriptor '/home/kaisirius/btp/cav-platoons/install/more_interfaces/share/more_interfaces/hook/cmake_prefix_path.dsv'
[0.694s] INFO:colcon.colcon_core.shell:Creating environment hook '/home/kaisirius/btp/cav-platoons/install/more_interfaces/share/more_interfaces/hook/cmake_prefix_path.sh'
[0.695s] Level 1:colcon.colcon_core.environment:checking '/home/kaisirius/btp/cav-platoons/install/more_interfaces/lib'
[0.695s] Level 1:colcon.colcon_core.shell:create_environment_hook('more_interfaces', 'ld_library_path_lib')
[0.695s] INFO:colcon.colcon_core.shell:Creating environment hook '/home/kaisirius/btp/cav-platoons/install/more_interfaces/share/more_interfaces/hook/ld_library_path_lib.ps1'
[0.695s] INFO:colcon.colcon_core.shell:Creating environment descriptor '/home/kaisirius/btp/cav-platoons/install/more_interfaces/share/more_interfaces/hook/ld_library_path_lib.dsv'
[0.696s] DEBUG:colcon.colcon_core.event_handler.log_command:Invoked command in '/home/kaisirius/btp/cav-platoons/build/more_interfaces' returned '0': CMAKE_PREFIX_PATH=/home/kaisirius/ros2_ws/install/my_robot_controller:/opt/ros/humble /usr/bin/cmake --install /home/kaisirius/btp/cav-platoons/build/more_interfaces
[0.697s] INFO:colcon.colcon_core.shell:Creating environment hook '/home/kaisirius/btp/cav-platoons/install/more_interfaces/share/more_interfaces/hook/ld_library_path_lib.sh'
[0.698s] Level 1:colcon.colcon_core.environment:checking '/home/kaisirius/btp/cav-platoons/install/more_interfaces/bin'
[0.698s] Level 1:colcon.colcon_core.environment:checking '/home/kaisirius/btp/cav-platoons/install/more_interfaces/lib/pkgconfig/more_interfaces.pc'
[0.698s] Level 1:colcon.colcon_core.environment:checking '/home/kaisirius/btp/cav-platoons/install/more_interfaces/lib/python3.10/site-packages'
[0.698s] Level 1:colcon.colcon_core.environment:checking '/home/kaisirius/btp/cav-platoons/install/more_interfaces/bin'
[0.698s] INFO:colcon.colcon_core.shell:Creating package script '/home/kaisirius/btp/cav-platoons/install/more_interfaces/share/more_interfaces/package.ps1'
[0.699s] INFO:colcon.colcon_core.shell:Creating package descriptor '/home/kaisirius/btp/cav-platoons/install/more_interfaces/share/more_interfaces/package.dsv'
[0.699s] INFO:colcon.colcon_core.shell:Creating package script '/home/kaisirius/btp/cav-platoons/install/more_interfaces/share/more_interfaces/package.sh'
[0.700s] INFO:colcon.colcon_core.shell:Creating package script '/home/kaisirius/btp/cav-platoons/install/more_interfaces/share/more_interfaces/package.bash'
[0.700s] INFO:colcon.colcon_core.shell:Creating package script '/home/kaisirius/btp/cav-platoons/install/more_interfaces/share/more_interfaces/package.zsh'
[0.700s] Level 1:colcon.colcon_core.environment:create_file_with_runtime_dependencies(/home/kaisirius/btp/cav-platoons/install/more_interfaces/share/colcon-core/packages/more_interfaces)
[0.700s] Level 1:colcon.colcon_core.environment:create_environment_scripts_only(more_interfaces)
[0.701s] Level 1:colcon.colcon_core.environment:checking '/home/kaisirius/btp/cav-platoons/install/more_interfaces' for CMake module files
[0.701s] Level 1:colcon.colcon_core.environment:checking '/home/kaisirius/btp/cav-platoons/install/more_interfaces' for CMake config files
[0.701s] Level 1:colcon.colcon_core.shell:create_environment_hook('more_interfaces', 'cmake_prefix_path')
[0.701s] INFO:colcon.colcon_core.shell:Creating environment hook '/home/kaisirius/btp/cav-platoons/install/more_interfaces/share/more_interfaces/hook/cmake_prefix_path.ps1'
[0.702s] INFO:colcon.colcon_core.shell:Creating environment descriptor '/home/kaisirius/btp/cav-platoons/install/more_interfaces/share/more_interfaces/hook/cmake_prefix_path.dsv'
[0.702s] INFO:colcon.colcon_core.shell:Creating environment hook '/home/kaisirius/btp/cav-platoons/install/more_interfaces/share/more_interfaces/hook/cmake_prefix_path.sh'
[0.703s] Level 1:colcon.colcon_core.environment:checking '/home/kaisirius/btp/cav-platoons/install/more_interfaces/lib'
[0.703s] Level 1:colcon.colcon_core.shell:create_environment_hook('more_interfaces', 'ld_library_path_lib')
[0.703s] INFO:colcon.colcon_core.shell:Creating environment hook '/home/kaisirius/btp/cav-platoons/install/more_interfaces/share/more_interfaces/hook/ld_library_path_lib.ps1'
[0.704s] INFO:colcon.colcon_core.shell:Creating environment descriptor '/home/kaisirius/btp/cav-platoons/install/more_interfaces/share/more_interfaces/hook/ld_library_path_lib.dsv'
[0.704s] INFO:colcon.colcon_core.shell:Creating environment hook '/home/kaisirius/btp/cav-platoons/install/more_interfaces/share/more_interfaces/hook/ld_library_path_lib.sh'
[0.704s] Level 1:colcon.colcon_core.environment:checking '/home/kaisirius/btp/cav-platoons/install/more_interfaces/bin'
[0.704s] Level 1:colcon.colcon_core.environment:checking '/home/kaisirius/btp/cav-platoons/install/more_interfaces/lib/pkgconfig/more_interfaces.pc'
[0.705s] Level 1:colcon.colcon_core.environment:checking '/home/kaisirius/btp/cav-platoons/install/more_interfaces/lib/python3.10/site-packages'
[0.705s] Level 1:colcon.colcon_core.environment:checking '/home/kaisirius/btp/cav-platoons/install/more_interfaces/bin'
[0.705s] INFO:colcon.colcon_core.shell:Creating package script '/home/kaisirius/btp/cav-platoons/install/more_interfaces/share/more_interfaces/package.ps1'
[0.706s] INFO:colcon.colcon_core.shell:Creating package descriptor '/home/kaisirius/btp/cav-platoons/install/more_interfaces/share/more_interfaces/package.dsv'
[0.706s] INFO:colcon.colcon_core.shell:Creating package script '/home/kaisirius/btp/cav-platoons/install/more_interfaces/share/more_interfaces/package.sh'
[0.706s] INFO:colcon.colcon_core.shell:Creating package script '/home/kaisirius/btp/cav-platoons/install/more_interfaces/share/more_interfaces/package.bash'
[0.707s] INFO:colcon.colcon_core.shell:Creating package script '/home/kaisirius/btp/cav-platoons/install/more_interfaces/share/more_interfaces/package.zsh'
[0.707s] Level 1:colcon.colcon_core.environment:create_file_with_runtime_dependencies(/home/kaisirius/btp/cav-platoons/install/more_interfaces/share/colcon-core/packages/more_interfaces)
[0.734s] DEBUG:colcon.colcon_core.event_handler.log_command:Invoked command in '/home/kaisirius/btp/cav-platoons/build/polygon_plugins' returned '0': AMENT_PREFIX_PATH=/home/kaisirius/btp/cav-platoons/install/polygon_base:${AMENT_PREFIX_PATH} CMAKE_PREFIX_PATH=/home/kaisirius/btp/cav-platoons/install/polygon_base:/home/kaisirius/ros2_ws/install/my_robot_controller:/opt/ros/humble /usr/bin/cmake --build /home/kaisirius/btp/cav-platoons/build/polygon_plugins -- -j12 -l12
[0.736s] DEBUG:colcon.colcon_core.event_handler.log_command:Invoking command in '/home/kaisirius/btp/cav-platoons/build/polygon_plugins': AMENT_PREFIX_PATH=/home/kaisirius/btp/cav-platoons/install/polygon_base:${AMENT_PREFIX_PATH} CMAKE_PREFIX_PATH=/home/kaisirius/btp/cav-platoons/install/polygon_base:/home/kaisirius/ros2_ws/install/my_robot_controller:/opt/ros/humble /usr/bin/cmake --install /home/kaisirius/btp/cav-platoons/build/polygon_plugins
[0.747s] Level 1:colcon.colcon_core.environment:create_environment_scripts_only(polygon_plugins)
[0.747s] Level 1:colcon.colcon_core.environment:checking '/home/kaisirius/btp/cav-platoons/install/polygon_plugins' for CMake module files
[0.748s] Level 1:colcon.colcon_core.environment:checking '/home/kaisirius/btp/cav-platoons/install/polygon_plugins' for CMake config files
[0.748s] Level 1:colcon.colcon_core.shell:create_environment_hook('polygon_plugins', 'cmake_prefix_path')
[0.748s] INFO:colcon.colcon_core.shell:Creating environment hook '/home/kaisirius/btp/cav-platoons/install/polygon_plugins/share/polygon_plugins/hook/cmake_prefix_path.ps1'
[0.749s] INFO:colcon.colcon_core.shell:Creating environment descriptor '/home/kaisirius/btp/cav-platoons/install/polygon_plugins/share/polygon_plugins/hook/cmake_prefix_path.dsv'
[0.749s] INFO:colcon.colcon_core.shell:Creating environment hook '/home/kaisirius/btp/cav-platoons/install/polygon_plugins/share/polygon_plugins/hook/cmake_prefix_path.sh'
[0.749s] Level 1:colcon.colcon_core.environment:checking '/home/kaisirius/btp/cav-platoons/install/polygon_plugins/lib'
[0.749s] Level 1:colcon.colcon_core.shell:create_environment_hook('polygon_plugins', 'ld_library_path_lib')
[0.750s] INFO:colcon.colcon_core.shell:Creating environment hook '/home/kaisirius/btp/cav-platoons/install/polygon_plugins/share/polygon_plugins/hook/ld_library_path_lib.ps1'
[0.750s] INFO:colcon.colcon_core.shell:Creating environment descriptor '/home/kaisirius/btp/cav-platoons/install/polygon_plugins/share/polygon_plugins/hook/ld_library_path_lib.dsv'
[0.750s] INFO:colcon.colcon_core.shell:Creating environment hook '/home/kaisirius/btp/cav-platoons/install/polygon_plugins/share/polygon_plugins/hook/ld_library_path_lib.sh'
[0.750s] Level 1:colcon.colcon_core.environment:checking '/home/kaisirius/btp/cav-platoons/install/polygon_plugins/bin'
[0.750s] Level 1:colcon.colcon_core.environment:checking '/home/kaisirius/btp/cav-platoons/install/polygon_plugins/lib/pkgconfig/polygon_plugins.pc'
[0.752s] DEBUG:colcon.colcon_core.event_handler.log_command:Invoked command in '/home/kaisirius/btp/cav-platoons/build/polygon_plugins' returned '0': AMENT_PREFIX_PATH=/home/kaisirius/btp/cav-platoons/install/polygon_base:${AMENT_PREFIX_PATH} CMAKE_PREFIX_PATH=/home/kaisirius/btp/cav-platoons/install/polygon_base:/home/kaisirius/ros2_ws/install/my_robot_controller:/opt/ros/humble /usr/bin/cmake --install /home/kaisirius/btp/cav-platoons/build/polygon_plugins
[0.752s] Level 1:colcon.colcon_core.environment:checking '/home/kaisirius/btp/cav-platoons/install/polygon_plugins/lib/python3.10/site-packages'
[0.753s] Level 1:colcon.colcon_core.environment:checking '/home/kaisirius/btp/cav-platoons/install/polygon_plugins/bin'
[0.753s] INFO:colcon.colcon_core.shell:Creating package script '/home/kaisirius/btp/cav-platoons/install/polygon_plugins/share/polygon_plugins/package.ps1'
[0.753s] INFO:colcon.colcon_core.shell:Creating package descriptor '/home/kaisirius/btp/cav-platoons/install/polygon_plugins/share/polygon_plugins/package.dsv'
[0.754s] INFO:colcon.colcon_core.shell:Creating package script '/home/kaisirius/btp/cav-platoons/install/polygon_plugins/share/polygon_plugins/package.sh'
[0.754s] INFO:colcon.colcon_core.shell:Creating package script '/home/kaisirius/btp/cav-platoons/install/polygon_plugins/share/polygon_plugins/package.bash'
[0.754s] INFO:colcon.colcon_core.shell:Creating package script '/home/kaisirius/btp/cav-platoons/install/polygon_plugins/share/polygon_plugins/package.zsh'
[0.754s] Level 1:colcon.colcon_core.environment:create_file_with_runtime_dependencies(/home/kaisirius/btp/cav-platoons/install/polygon_plugins/share/colcon-core/packages/polygon_plugins)
[0.755s] Level 1:colcon.colcon_core.environment:create_environment_scripts_only(polygon_plugins)
[0.755s] Level 1:colcon.colcon_core.environment:checking '/home/kaisirius/btp/cav-platoons/install/polygon_plugins' for CMake module files
[0.755s] Level 1:colcon.colcon_core.environment:checking '/home/kaisirius/btp/cav-platoons/install/polygon_plugins' for CMake config files
[0.755s] Level 1:colcon.colcon_core.shell:create_environment_hook('polygon_plugins', 'cmake_prefix_path')
[0.756s] INFO:colcon.colcon_core.shell:Creating environment hook '/home/kaisirius/btp/cav-platoons/install/polygon_plugins/share/polygon_plugins/hook/cmake_prefix_path.ps1'
[0.756s] INFO:colcon.colcon_core.shell:Creating environment descriptor '/home/kaisirius/btp/cav-platoons/install/polygon_plugins/share/polygon_plugins/hook/cmake_prefix_path.dsv'
[0.756s] INFO:colcon.colcon_core.shell:Creating environment hook '/home/kaisirius/btp/cav-platoons/install/polygon_plugins/share/polygon_plugins/hook/cmake_prefix_path.sh'
[0.756s] Level 1:colcon.colcon_core.environment:checking '/home/kaisirius/btp/cav-platoons/install/polygon_plugins/lib'
[0.757s] Level 1:colcon.colcon_core.shell:create_environment_hook('polygon_plugins', 'ld_library_path_lib')
[0.757s] INFO:colcon.colcon_core.shell:Creating environment hook '/home/kaisirius/btp/cav-platoons/install/polygon_plugins/share/polygon_plugins/hook/ld_library_path_lib.ps1'
[0.757s] INFO:colcon.colcon_core.shell:Creating environment descriptor '/home/kaisirius/btp/cav-platoons/install/polygon_plugins/share/polygon_plugins/hook/ld_library_path_lib.dsv'
[0.757s] INFO:colcon.colcon_core.shell:Creating environment hook '/home/kaisirius/btp/cav-platoons/install/polygon_plugins/share/polygon_plugins/hook/ld_library_path_lib.sh'
[0.757s] Level 1:colcon.colcon_core.environment:checking '/home/kaisirius/btp/cav-platoons/install/polygon_plugins/bin'
[0.757s] Level 1:colcon.colcon_core.environment:checking '/home/kaisirius/btp/cav-platoons/install/polygon_plugins/lib/pkgconfig/polygon_plugins.pc'
[0.757s] Level 1:colcon.colcon_core.environment:checking '/home/kaisirius/btp/cav-platoons/install/polygon_plugins/lib/python3.10/site-packages'
[0.758s] Level 1:colcon.colcon_core.environment:checking '/home/kaisirius/btp/cav-platoons/install/polygon_plugins/bin'
[0.758s] INFO:colcon.colcon_core.shell:Creating package script '/home/kaisirius/btp/cav-platoons/install/polygon_plugins/share/polygon_plugins/package.ps1'
[0.758s] INFO:colcon.colcon_core.shell:Creating package descriptor '/home/kaisirius/btp/cav-platoons/install/polygon_plugins/share/polygon_plugins/package.dsv'
[0.758s] INFO:colcon.colcon_core.shell:Creating package script '/home/kaisirius/btp/cav-platoons/install/polygon_plugins/share/polygon_plugins/package.sh'
[0.759s] INFO:colcon.colcon_core.shell:Creating package script '/home/kaisirius/btp/cav-platoons/install/polygon_plugins/share/polygon_plugins/package.bash'
[0.759s] INFO:colcon.colcon_core.shell:Creating package script '/home/kaisirius/btp/cav-platoons/install/polygon_plugins/share/polygon_plugins/package.zsh'
[0.759s] Level 1:colcon.colcon_core.environment:create_file_with_runtime_dependencies(/home/kaisirius/btp/cav-platoons/install/polygon_plugins/share/colcon-core/packages/polygon_plugins)
[0.870s] DEBUG:colcon.colcon_core.event_handler.log_command:Invoking command in '/home/kaisirius/btp/cav-platoons/src/my_robot_controller': PYTHONPATH=/home/kaisirius/btp/cav-platoons/build/my_robot_controller/prefix_override:/usr/lib/python3/dist-packages/colcon_core/task/python/colcon_distutils_commands:/home/kaisirius/btp/cav-platoons/install/my_robot_controller/lib/python3.10/site-packages:${PYTHONPATH} /usr/bin/python3 -W ignore:setup.py install is deprecated -W ignore:easy_install command is deprecated setup.py egg_info --egg-base ../../build/my_robot_controller build --build-base /home/kaisirius/btp/cav-platoons/build/my_robot_controller/build install --record /home/kaisirius/btp/cav-platoons/build/my_robot_controller/install.log --single-version-externally-managed install_data
[0.897s] DEBUG:colcon.colcon_core.event_handler.log_command:Invoking command in '/home/kaisirius/btp/cav-platoons/src/paper_implementation': PYTHONPATH=/home/kaisirius/btp/cav-platoons/build/paper_implementation/prefix_override:/usr/lib/python3/dist-packages/colcon_core/task/python/colcon_distutils_commands:/home/kaisirius/btp/cav-platoons/install/paper_implementation/lib/python3.10/site-packages:${PYTHONPATH} /usr/bin/python3 -W ignore:setup.py install is deprecated -W ignore:easy_install command is deprecated setup.py egg_info --egg-base ../../build/paper_implementation build --build-base /home/kaisirius/btp/cav-platoons/build/paper_implementation/build install --record /home/kaisirius/btp/cav-platoons/build/paper_implementation/install.log --single-version-externally-managed install_data
[1.053s] Level 1:colcon.colcon_core.environment:checking '/home/kaisirius/btp/cav-platoons/install/my_robot_controller' for CMake module files
[1.053s] DEBUG:colcon.colcon_core.event_handler.log_command:Invoked command in '/home/kaisirius/btp/cav-platoons/src/my_robot_controller' returned '0': PYTHONPATH=/home/kaisirius/btp/cav-platoons/build/my_robot_controller/prefix_override:/usr/lib/python3/dist-packages/colcon_core/task/python/colcon_distutils_commands:/home/kaisirius/btp/cav-platoons/install/my_robot_controller/lib/python3.10/site-packages:${PYTHONPATH} /usr/bin/python3 -W ignore:setup.py install is deprecated -W ignore:easy_install command is deprecated setup.py egg_info --egg-base ../../build/my_robot_controller build --build-base /home/kaisirius/btp/cav-platoons/build/my_robot_controller/build install --record /home/kaisirius/btp/cav-platoons/build/my_robot_controller/install.log --single-version-externally-managed install_data
[1.054s] Level 1:colcon.colcon_core.environment:checking '/home/kaisirius/btp/cav-platoons/install/my_robot_controller' for CMake config files
[1.054s] Level 1:colcon.colcon_core.environment:checking '/home/kaisirius/btp/cav-platoons/install/my_robot_controller/lib'
[1.054s] Level 1:colcon.colcon_core.environment:checking '/home/kaisirius/btp/cav-platoons/install/my_robot_controller/bin'
[1.054s] Level 1:colcon.colcon_core.environment:checking '/home/kaisirius/btp/cav-platoons/install/my_robot_controller/lib/pkgconfig/my_robot_controller.pc'
[1.055s] Level 1:colcon.colcon_core.environment:checking '/home/kaisirius/btp/cav-platoons/install/my_robot_controller/lib/python3.10/site-packages'
[1.055s] Level 1:colcon.colcon_core.shell:create_environment_hook('my_robot_controller', 'pythonpath')
[1.055s] INFO:colcon.colcon_core.shell:Creating environment hook '/home/kaisirius/btp/cav-platoons/install/my_robot_controller/share/my_robot_controller/hook/pythonpath.ps1'
[1.055s] INFO:colcon.colcon_core.shell:Creating environment descriptor '/home/kaisirius/btp/cav-platoons/install/my_robot_controller/share/my_robot_controller/hook/pythonpath.dsv'
[1.056s] INFO:colcon.colcon_core.shell:Creating environment hook '/home/kaisirius/btp/cav-platoons/install/my_robot_controller/share/my_robot_controller/hook/pythonpath.sh'
[1.056s] Level 1:colcon.colcon_core.environment:checking '/home/kaisirius/btp/cav-platoons/install/my_robot_controller/bin'
[1.057s] Level 1:colcon.colcon_core.environment:create_environment_scripts_only(my_robot_controller)
[1.057s] INFO:colcon.colcon_core.shell:Creating package script '/home/kaisirius/btp/cav-platoons/install/my_robot_controller/share/my_robot_controller/package.ps1'
[1.057s] INFO:colcon.colcon_core.shell:Creating package descriptor '/home/kaisirius/btp/cav-platoons/install/my_robot_controller/share/my_robot_controller/package.dsv'
[1.058s] INFO:colcon.colcon_core.shell:Creating package script '/home/kaisirius/btp/cav-platoons/install/my_robot_controller/share/my_robot_controller/package.sh'
[1.058s] INFO:colcon.colcon_core.shell:Creating package script '/home/kaisirius/btp/cav-platoons/install/my_robot_controller/share/my_robot_controller/package.bash'
[1.058s] INFO:colcon.colcon_core.shell:Creating package script '/home/kaisirius/btp/cav-platoons/install/my_robot_controller/share/my_robot_controller/package.zsh'
[1.058s] Level 1:colcon.colcon_core.environment:create_file_with_runtime_dependencies(/home/kaisirius/btp/cav-platoons/install/my_robot_controller/share/colcon-core/packages/my_robot_controller)
[1.078s] Level 1:colcon.colcon_core.environment:checking '/home/kaisirius/btp/cav-platoons/install/paper_implementation' for CMake module files
[1.079s] DEBUG:colcon.colcon_core.event_handler.log_command:Invoked command in '/home/kaisirius/btp/cav-platoons/src/paper_implementation' returned '0': PYTHONPATH=/home/kaisirius/btp/cav-platoons/build/paper_implementation/prefix_override:/usr/lib/python3/dist-packages/colcon_core/task/python/colcon_distutils_commands:/home/kaisirius/btp/cav-platoons/install/paper_implementation/lib/python3.10/site-packages:${PYTHONPATH} /usr/bin/python3 -W ignore:setup.py install is deprecated -W ignore:easy_install command is deprecated setup.py egg_info --egg-base ../../build/paper_implementation build --build-base /home/kaisirius/btp/cav-platoons/build/paper_implementation/build install --record /home/kaisirius/btp/cav-platoons/build/paper_implementation/install.log --single-version-externally-managed install_data
[1.080s] Level 1:colcon.colcon_core.environment:checking '/home/kaisirius/btp/cav-platoons/install/paper_implementation' for CMake config files
[1.080s] Level 1:colcon.colcon_core.environment:checking '/home/kaisirius/btp/cav-platoons/install/paper_implementation/lib'
[1.080s] Level 1:colcon.colcon_core.environment:checking '/home/kaisirius/btp/cav-platoons/install/paper_implementation/bin'
[1.081s] Level 1:colcon.colcon_core.environment:checking '/home/kaisirius/btp/cav-platoons/install/paper_implementation/lib/pkgconfig/paper_implementation.pc'
[1.081s] Level 1:colcon.colcon_core.environment:checking '/home/kaisirius/btp/cav-platoons/install/paper_implementation/lib/python3.10/site-packages'
[1.081s] Level 1:colcon.colcon_core.shell:create_environment_hook('paper_implementation', 'pythonpath')
[1.081s] INFO:colcon.colcon_core.shell:Creating environment hook '/home/kaisirius/btp/cav-platoons/install/paper_implementation/share/paper_implementation/hook/pythonpath.ps1'
[1.081s] INFO:colcon.colcon_core.shell:Creating environment descriptor '/home/kaisirius/btp/cav-platoons/install/paper_implementation/share/paper_implementation/hook/pythonpath.dsv'
[1.082s] INFO:colcon.colcon_core.shell:Creating environment hook '/home/kaisirius/btp/cav-platoons/install/paper_implementation/share/paper_implementation/hook/pythonpath.sh'
[1.082s] Level 1:colcon.colcon_core.environment:checking '/home/kaisirius/btp/cav-platoons/install/paper_implementation/bin'
[1.082s] Level 1:colcon.colcon_core.environment:create_environment_scripts_only(paper_implementation)
[1.083s] INFO:colcon.colcon_core.shell:Creating package script '/home/kaisirius/btp/cav-platoons/install/paper_implementation/share/paper_implementation/package.ps1'
[1.083s] INFO:colcon.colcon_core.shell:Creating package descriptor '/home/kaisirius/btp/cav-platoons/install/paper_implementation/share/paper_implementation/package.dsv'
[1.083s] INFO:colcon.colcon_core.shell:Creating package script '/home/kaisirius/btp/cav-platoons/install/paper_implementation/share/paper_implementation/package.sh'
[1.084s] INFO:colcon.colcon_core.shell:Creating package script '/home/kaisirius/btp/cav-platoons/install/paper_implementation/share/paper_implementation/package.bash'
[1.084s] INFO:colcon.colcon_core.shell:Creating package script '/home/kaisirius/btp/cav-platoons/install/paper_implementation/share/paper_implementation/package.zsh'
[1.084s] Level 1:colcon.colcon_core.environment:create_file_with_runtime_dependencies(/home/kaisirius/btp/cav-platoons/install/paper_implementation/share/colcon-core/packages/paper_implementation)
[1.085s] DEBUG:colcon.colcon_parallel_executor.executor.parallel:closing loop
[1.085s] DEBUG:colcon.colcon_parallel_executor.executor.parallel:loop closed
[1.085s] DEBUG:colcon.colcon_parallel_executor.executor.parallel:run_until_complete finished with '0'
[1.085s] DEBUG:colcon.colcon_core.event_reactor:joining thread
[1.089s] INFO:colcon.colcon_core.plugin_system:Skipping extension 'colcon_notification.desktop_notification.terminal_notifier': Not used on non-Darwin systems
[1.089s] INFO:colcon.colcon_core.plugin_system:Skipping extension 'colcon_notification.desktop_notification.win32': Not used on non-Windows systems
[1.089s] INFO:colcon.colcon_notification.desktop_notification:Sending desktop notification using 'notify2'
[1.098s] DEBUG:colcon.colcon_core.event_reactor:joined thread
[1.099s] INFO:colcon.colcon_core.shell:Creating prefix script '/home/kaisirius/btp/cav-platoons/install/local_setup.ps1'
[1.099s] INFO:colcon.colcon_core.shell:Creating prefix util module '/home/kaisirius/btp/cav-platoons/install/_local_setup_util_ps1.py'
[1.100s] INFO:colcon.colcon_core.shell:Creating prefix chain script '/home/kaisirius/btp/cav-platoons/install/setup.ps1'
[1.101s] INFO:colcon.colcon_core.shell:Creating prefix script '/home/kaisirius/btp/cav-platoons/install/local_setup.sh'
[1.102s] INFO:colcon.colcon_core.shell:Creating prefix util module '/home/kaisirius/btp/cav-platoons/install/_local_setup_util_sh.py'
[1.102s] INFO:colcon.colcon_core.shell:Creating prefix chain script '/home/kaisirius/btp/cav-platoons/install/setup.sh'
[1.103s] INFO:colcon.colcon_core.shell:Creating prefix script '/home/kaisirius/btp/cav-platoons/install/local_setup.bash'
[1.104s] INFO:colcon.colcon_core.shell:Creating prefix chain script '/home/kaisirius/btp/cav-platoons/install/setup.bash'
[1.105s] INFO:colcon.colcon_core.shell:Creating prefix script '/home/kaisirius/btp/cav-platoons/install/local_setup.zsh'
[1.105s] INFO:colcon.colcon_core.shell:Creating prefix chain script '/home/kaisirius/btp/cav-platoons/install/setup.zsh'
