[0.060s] DEBUG:colcon:Command line arguments: ['/usr/bin/colcon', 'build']
[0.060s] DEBUG:colcon:Parsed command line arguments: Namespace(log_base=None, log_level=None, verb_name='build', build_base='build', install_base='install', merge_install=False, symlink_install=False, test_result_base=None, continue_on_error=False, executor='parallel', parallel_workers=12, event_handlers=None, ignore_user_meta=False, metas=['./colcon.meta'], base_paths=['.'], packages_ignore=None, packages_ignore_regex=None, paths=None, packages_up_to=None, packages_up_to_regex=None, packages_above=None, packages_above_and_dependencies=None, packages_above_depth=None, packages_select_by_dep=None, packages_skip_by_dep=None, packages_skip_up_to=None, packages_select_build_failed=False, packages_skip_build_finished=False, packages_select_test_failures=False, packages_skip_test_passed=False, packages_select=None, packages_skip=None, packages_select_regex=None, packages_skip_regex=None, packages_start=None, packages_end=None, allow_overriding=[], cmake_args=None, cmake_target=None, cmake_target_skip_unavailable=False, cmake_clean_cache=False, cmake_clean_first=False, cmake_force_configure=False, ament_cmake_args=None, catkin_cmake_args=None, catkin_skip_building_tests=False, verb_parser=<colcon_defaults.argument_parser.defaults.DefaultArgumentsDecorator object at 0x744b465688b0>, verb_extension=<colcon_core.verb.build.BuildVerb object at 0x744b46675d50>, main=<bound method BuildVerb.main of <colcon_core.verb.build.BuildVerb object at 0x744b46675d50>>)
[0.144s] Level 1:colcon.colcon_core.package_discovery:discover_packages(colcon_meta) check parameters
[0.144s] Level 1:colcon.colcon_core.package_discovery:discover_packages(recursive) check parameters
[0.144s] Level 1:colcon.colcon_core.package_discovery:discover_packages(ignore) check parameters
[0.144s] Level 1:colcon.colcon_core.package_discovery:discover_packages(path) check parameters
[0.144s] Level 1:colcon.colcon_core.package_discovery:discover_packages(colcon_meta) discover
[0.144s] Level 1:colcon.colcon_core.package_discovery:discover_packages(recursive) discover
[0.144s] INFO:colcon.colcon_core.package_discovery:Crawling recursively for packages in '/home/kaisirius/btp/cav-platoons'
[0.144s] Level 1:colcon.colcon_core.package_identification:_identify(.) by extensions ['ignore', 'ignore_ament_install']
[0.144s] Level 1:colcon.colcon_core.package_identification:_identify(.) by extension 'ignore'
[0.144s] Level 1:colcon.colcon_core.package_identification:_identify(.) by extension 'ignore_ament_install'
[0.144s] Level 1:colcon.colcon_core.package_identification:_identify(.) by extensions ['colcon_pkg']
[0.144s] Level 1:colcon.colcon_core.package_identification:_identify(.) by extension 'colcon_pkg'
[0.144s] Level 1:colcon.colcon_core.package_identification:_identify(.) by extensions ['colcon_meta']
[0.144s] Level 1:colcon.colcon_core.package_identification:_identify(.) by extension 'colcon_meta'
[0.144s] Level 1:colcon.colcon_core.package_identification:_identify(.) by extensions ['ros']
[0.144s] Level 1:colcon.colcon_core.package_identification:_identify(.) by extension 'ros'
[0.151s] Level 1:colcon.colcon_core.package_identification:_identify(.) by extensions ['cmake', 'python']
[0.151s] Level 1:colcon.colcon_core.package_identification:_identify(.) by extension 'cmake'
[0.151s] Level 1:colcon.colcon_core.package_identification:_identify(.) by extension 'python'
[0.151s] Level 1:colcon.colcon_core.package_identification:_identify(.) by extensions ['python_setup_py']
[0.151s] Level 1:colcon.colcon_core.package_identification:_identify(.) by extension 'python_setup_py'
[0.151s] Level 1:colcon.colcon_core.package_identification:_identify(build) by extensions ['ignore', 'ignore_ament_install']
[0.151s] Level 1:colcon.colcon_core.package_identification:_identify(build) by extension 'ignore'
[0.151s] Level 1:colcon.colcon_core.package_identification:_identify(build) ignored
[0.151s] Level 1:colcon.colcon_core.package_identification:_identify(install) by extensions ['ignore', 'ignore_ament_install']
[0.151s] Level 1:colcon.colcon_core.package_identification:_identify(install) by extension 'ignore'
[0.151s] Level 1:colcon.colcon_core.package_identification:_identify(install) ignored
[0.151s] Level 1:colcon.colcon_core.package_identification:_identify(log) by extensions ['ignore', 'ignore_ament_install']
[0.151s] Level 1:colcon.colcon_core.package_identification:_identify(log) by extension 'ignore'
[0.151s] Level 1:colcon.colcon_core.package_identification:_identify(log) ignored
[0.152s] Level 1:colcon.colcon_core.package_identification:_identify(src) by extensions ['ignore', 'ignore_ament_install']
[0.152s] Level 1:colcon.colcon_core.package_identification:_identify(src) by extension 'ignore'
[0.152s] Level 1:colcon.colcon_core.package_identification:_identify(src) by extension 'ignore_ament_install'
[0.152s] Level 1:colcon.colcon_core.package_identification:_identify(src) by extensions ['colcon_pkg']
[0.152s] Level 1:colcon.colcon_core.package_identification:_identify(src) by extension 'colcon_pkg'
[0.152s] Level 1:colcon.colcon_core.package_identification:_identify(src) by extensions ['colcon_meta']
[0.152s] Level 1:colcon.colcon_core.package_identification:_identify(src) by extension 'colcon_meta'
[0.152s] Level 1:colcon.colcon_core.package_identification:_identify(src) by extensions ['ros']
[0.152s] Level 1:colcon.colcon_core.package_identification:_identify(src) by extension 'ros'
[0.152s] Level 1:colcon.colcon_core.package_identification:_identify(src) by extensions ['cmake', 'python']
[0.152s] Level 1:colcon.colcon_core.package_identification:_identify(src) by extension 'cmake'
[0.152s] Level 1:colcon.colcon_core.package_identification:_identify(src) by extension 'python'
[0.152s] Level 1:colcon.colcon_core.package_identification:_identify(src) by extensions ['python_setup_py']
[0.152s] Level 1:colcon.colcon_core.package_identification:_identify(src) by extension 'python_setup_py'
[0.152s] Level 1:colcon.colcon_core.package_identification:_identify(src/DynamixelSDK) by extensions ['ignore', 'ignore_ament_install']
[0.152s] Level 1:colcon.colcon_core.package_identification:_identify(src/DynamixelSDK) by extension 'ignore'
[0.152s] Level 1:colcon.colcon_core.package_identification:_identify(src/DynamixelSDK) by extension 'ignore_ament_install'
[0.152s] Level 1:colcon.colcon_core.package_identification:_identify(src/DynamixelSDK) by extensions ['colcon_pkg']
[0.152s] Level 1:colcon.colcon_core.package_identification:_identify(src/DynamixelSDK) by extension 'colcon_pkg'
[0.152s] Level 1:colcon.colcon_core.package_identification:_identify(src/DynamixelSDK) by extensions ['colcon_meta']
[0.152s] Level 1:colcon.colcon_core.package_identification:_identify(src/DynamixelSDK) by extension 'colcon_meta'
[0.152s] Level 1:colcon.colcon_core.package_identification:_identify(src/DynamixelSDK) by extensions ['ros']
[0.152s] Level 1:colcon.colcon_core.package_identification:_identify(src/DynamixelSDK) by extension 'ros'
[0.152s] Level 1:colcon.colcon_core.package_identification:_identify(src/DynamixelSDK) by extensions ['cmake', 'python']
[0.152s] Level 1:colcon.colcon_core.package_identification:_identify(src/DynamixelSDK) by extension 'cmake'
[0.152s] Level 1:colcon.colcon_core.package_identification:_identify(src/DynamixelSDK) by extension 'python'
[0.152s] Level 1:colcon.colcon_core.package_identification:_identify(src/DynamixelSDK) by extensions ['python_setup_py']
[0.152s] Level 1:colcon.colcon_core.package_identification:_identify(src/DynamixelSDK) by extension 'python_setup_py'
[0.152s] Level 1:colcon.colcon_core.package_identification:_identify(src/more_interfaces) by extensions ['ignore', 'ignore_ament_install']
[0.152s] Level 1:colcon.colcon_core.package_identification:_identify(src/more_interfaces) by extension 'ignore'
[0.152s] Level 1:colcon.colcon_core.package_identification:_identify(src/more_interfaces) by extension 'ignore_ament_install'
[0.152s] Level 1:colcon.colcon_core.package_identification:_identify(src/more_interfaces) by extensions ['colcon_pkg']
[0.152s] Level 1:colcon.colcon_core.package_identification:_identify(src/more_interfaces) by extension 'colcon_pkg'
[0.152s] Level 1:colcon.colcon_core.package_identification:_identify(src/more_interfaces) by extensions ['colcon_meta']
[0.152s] Level 1:colcon.colcon_core.package_identification:_identify(src/more_interfaces) by extension 'colcon_meta'
[0.152s] Level 1:colcon.colcon_core.package_identification:_identify(src/more_interfaces) by extensions ['ros']
[0.152s] Level 1:colcon.colcon_core.package_identification:_identify(src/more_interfaces) by extension 'ros'
[0.154s] DEBUG:colcon.colcon_core.package_identification:Package 'src/more_interfaces' with type 'ros.ament_cmake' and name 'more_interfaces'
[0.154s] Level 1:colcon.colcon_core.package_identification:_identify(src/my_package) by extensions ['ignore', 'ignore_ament_install']
[0.154s] Level 1:colcon.colcon_core.package_identification:_identify(src/my_package) by extension 'ignore'
[0.154s] Level 1:colcon.colcon_core.package_identification:_identify(src/my_package) by extension 'ignore_ament_install'
[0.154s] Level 1:colcon.colcon_core.package_identification:_identify(src/my_package) by extensions ['colcon_pkg']
[0.154s] Level 1:colcon.colcon_core.package_identification:_identify(src/my_package) by extension 'colcon_pkg'
[0.154s] Level 1:colcon.colcon_core.package_identification:_identify(src/my_package) by extensions ['colcon_meta']
[0.154s] Level 1:colcon.colcon_core.package_identification:_identify(src/my_package) by extension 'colcon_meta'
[0.154s] Level 1:colcon.colcon_core.package_identification:_identify(src/my_package) by extensions ['ros']
[0.154s] Level 1:colcon.colcon_core.package_identification:_identify(src/my_package) by extension 'ros'
[0.154s] DEBUG:colcon.colcon_core.package_identification:Package 'src/my_package' with type 'ros.ament_cmake' and name 'my_package'
[0.154s] Level 1:colcon.colcon_core.package_identification:_identify(src/my_robot_controller) by extensions ['ignore', 'ignore_ament_install']
[0.154s] Level 1:colcon.colcon_core.package_identification:_identify(src/my_robot_controller) by extension 'ignore'
[0.155s] Level 1:colcon.colcon_core.package_identification:_identify(src/my_robot_controller) by extension 'ignore_ament_install'
[0.155s] Level 1:colcon.colcon_core.package_identification:_identify(src/my_robot_controller) by extensions ['colcon_pkg']
[0.155s] Level 1:colcon.colcon_core.package_identification:_identify(src/my_robot_controller) by extension 'colcon_pkg'
[0.155s] Level 1:colcon.colcon_core.package_identification:_identify(src/my_robot_controller) by extensions ['colcon_meta']
[0.155s] Level 1:colcon.colcon_core.package_identification:_identify(src/my_robot_controller) by extension 'colcon_meta'
[0.155s] Level 1:colcon.colcon_core.package_identification:_identify(src/my_robot_controller) by extensions ['ros']
[0.155s] Level 1:colcon.colcon_core.package_identification:_identify(src/my_robot_controller) by extension 'ros'
[0.155s] DEBUG:colcon.colcon_core.package_identification:Package 'src/my_robot_controller' with type 'ros.ament_python' and name 'my_robot_controller'
[0.155s] Level 1:colcon.colcon_core.package_identification:_identify(src/paper_implementation) by extensions ['ignore', 'ignore_ament_install']
[0.155s] Level 1:colcon.colcon_core.package_identification:_identify(src/paper_implementation) by extension 'ignore'
[0.155s] Level 1:colcon.colcon_core.package_identification:_identify(src/paper_implementation) by extension 'ignore_ament_install'
[0.155s] Level 1:colcon.colcon_core.package_identification:_identify(src/paper_implementation) by extensions ['colcon_pkg']
[0.155s] Level 1:colcon.colcon_core.package_identification:_identify(src/paper_implementation) by extension 'colcon_pkg'
[0.155s] Level 1:colcon.colcon_core.package_identification:_identify(src/paper_implementation) by extensions ['colcon_meta']
[0.155s] Level 1:colcon.colcon_core.package_identification:_identify(src/paper_implementation) by extension 'colcon_meta'
[0.155s] Level 1:colcon.colcon_core.package_identification:_identify(src/paper_implementation) by extensions ['ros']
[0.155s] Level 1:colcon.colcon_core.package_identification:_identify(src/paper_implementation) by extension 'ros'
[0.156s] DEBUG:colcon.colcon_core.package_identification:Package 'src/paper_implementation' with type 'ros.ament_python' and name 'paper_implementation'
[0.156s] Level 1:colcon.colcon_core.package_identification:_identify(src/polygon_base) by extensions ['ignore', 'ignore_ament_install']
[0.156s] Level 1:colcon.colcon_core.package_identification:_identify(src/polygon_base) by extension 'ignore'
[0.156s] Level 1:colcon.colcon_core.package_identification:_identify(src/polygon_base) by extension 'ignore_ament_install'
[0.156s] Level 1:colcon.colcon_core.package_identification:_identify(src/polygon_base) by extensions ['colcon_pkg']
[0.156s] Level 1:colcon.colcon_core.package_identification:_identify(src/polygon_base) by extension 'colcon_pkg'
[0.156s] Level 1:colcon.colcon_core.package_identification:_identify(src/polygon_base) by extensions ['colcon_meta']
[0.156s] Level 1:colcon.colcon_core.package_identification:_identify(src/polygon_base) by extension 'colcon_meta'
[0.156s] Level 1:colcon.colcon_core.package_identification:_identify(src/polygon_base) by extensions ['ros']
[0.156s] Level 1:colcon.colcon_core.package_identification:_identify(src/polygon_base) by extension 'ros'
[0.156s] DEBUG:colcon.colcon_core.package_identification:Package 'src/polygon_base' with type 'ros.ament_cmake' and name 'polygon_base'
[0.156s] Level 1:colcon.colcon_core.package_identification:_identify(src/polygon_plugins) by extensions ['ignore', 'ignore_ament_install']
[0.156s] Level 1:colcon.colcon_core.package_identification:_identify(src/polygon_plugins) by extension 'ignore'
[0.156s] Level 1:colcon.colcon_core.package_identification:_identify(src/polygon_plugins) by extension 'ignore_ament_install'
[0.156s] Level 1:colcon.colcon_core.package_identification:_identify(src/polygon_plugins) by extensions ['colcon_pkg']
[0.156s] Level 1:colcon.colcon_core.package_identification:_identify(src/polygon_plugins) by extension 'colcon_pkg'
[0.156s] Level 1:colcon.colcon_core.package_identification:_identify(src/polygon_plugins) by extensions ['colcon_meta']
[0.156s] Level 1:colcon.colcon_core.package_identification:_identify(src/polygon_plugins) by extension 'colcon_meta'
[0.156s] Level 1:colcon.colcon_core.package_identification:_identify(src/polygon_plugins) by extensions ['ros']
[0.157s] Level 1:colcon.colcon_core.package_identification:_identify(src/polygon_plugins) by extension 'ros'
[0.157s] DEBUG:colcon.colcon_core.package_identification:Package 'src/polygon_plugins' with type 'ros.ament_cmake' and name 'polygon_plugins'
[0.157s] Level 1:colcon.colcon_core.package_identification:_identify(src/turtlebot3) by extensions ['ignore', 'ignore_ament_install']
[0.157s] Level 1:colcon.colcon_core.package_identification:_identify(src/turtlebot3) by extension 'ignore'
[0.157s] Level 1:colcon.colcon_core.package_identification:_identify(src/turtlebot3) by extension 'ignore_ament_install'
[0.157s] Level 1:colcon.colcon_core.package_identification:_identify(src/turtlebot3) by extensions ['colcon_pkg']
[0.157s] Level 1:colcon.colcon_core.package_identification:_identify(src/turtlebot3) by extension 'colcon_pkg'
[0.157s] Level 1:colcon.colcon_core.package_identification:_identify(src/turtlebot3) by extensions ['colcon_meta']
[0.157s] Level 1:colcon.colcon_core.package_identification:_identify(src/turtlebot3) by extension 'colcon_meta'
[0.157s] Level 1:colcon.colcon_core.package_identification:_identify(src/turtlebot3) by extensions ['ros']
[0.157s] Level 1:colcon.colcon_core.package_identification:_identify(src/turtlebot3) by extension 'ros'
[0.157s] Level 1:colcon.colcon_core.package_identification:_identify(src/turtlebot3) by extensions ['cmake', 'python']
[0.157s] Level 1:colcon.colcon_core.package_identification:_identify(src/turtlebot3) by extension 'cmake'
[0.157s] Level 1:colcon.colcon_core.package_identification:_identify(src/turtlebot3) by extension 'python'
[0.157s] Level 1:colcon.colcon_core.package_identification:_identify(src/turtlebot3) by extensions ['python_setup_py']
[0.157s] Level 1:colcon.colcon_core.package_identification:_identify(src/turtlebot3) by extension 'python_setup_py'
[0.157s] Level 1:colcon.colcon_core.package_identification:_identify(src/turtlebot3_msgs) by extensions ['ignore', 'ignore_ament_install']
[0.157s] Level 1:colcon.colcon_core.package_identification:_identify(src/turtlebot3_msgs) by extension 'ignore'
[0.157s] Level 1:colcon.colcon_core.package_identification:_identify(src/turtlebot3_msgs) by extension 'ignore_ament_install'
[0.157s] Level 1:colcon.colcon_core.package_identification:_identify(src/turtlebot3_msgs) by extensions ['colcon_pkg']
[0.157s] Level 1:colcon.colcon_core.package_identification:_identify(src/turtlebot3_msgs) by extension 'colcon_pkg'
[0.157s] Level 1:colcon.colcon_core.package_identification:_identify(src/turtlebot3_msgs) by extensions ['colcon_meta']
[0.157s] Level 1:colcon.colcon_core.package_identification:_identify(src/turtlebot3_msgs) by extension 'colcon_meta'
[0.157s] Level 1:colcon.colcon_core.package_identification:_identify(src/turtlebot3_msgs) by extensions ['ros']
[0.157s] Level 1:colcon.colcon_core.package_identification:_identify(src/turtlebot3_msgs) by extension 'ros'
[0.157s] Level 1:colcon.colcon_core.package_identification:_identify(src/turtlebot3_msgs) by extensions ['cmake', 'python']
[0.157s] Level 1:colcon.colcon_core.package_identification:_identify(src/turtlebot3_msgs) by extension 'cmake'
[0.157s] Level 1:colcon.colcon_core.package_identification:_identify(src/turtlebot3_msgs) by extension 'python'
[0.157s] Level 1:colcon.colcon_core.package_identification:_identify(src/turtlebot3_msgs) by extensions ['python_setup_py']
[0.157s] Level 1:colcon.colcon_core.package_identification:_identify(src/turtlebot3_msgs) by extension 'python_setup_py'
[0.157s] Level 1:colcon.colcon_core.package_discovery:discover_packages(recursive) using defaults
[0.158s] Level 1:colcon.colcon_core.package_discovery:discover_packages(ignore) discover
[0.158s] Level 1:colcon.colcon_core.package_discovery:discover_packages(ignore) using defaults
[0.158s] Level 1:colcon.colcon_core.package_discovery:discover_packages(path) discover
[0.158s] Level 1:colcon.colcon_core.package_discovery:discover_packages(path) using defaults
[0.169s] Level 1:colcon.colcon_core.package_discovery:discover_packages(prefix_path) check parameters
[0.169s] Level 1:colcon.colcon_core.package_discovery:discover_packages(prefix_path) discover
[0.170s] DEBUG:colcon.colcon_installed_package_information.package_discovery:Found 6 installed packages in /home/kaisirius/btp/cav-platoons/install
[0.171s] DEBUG:colcon.colcon_installed_package_information.package_discovery:Found 1 installed packages in /home/kaisirius/ros2_ws/install
[0.171s] DEBUG:colcon.colcon_installed_package_information.package_discovery:Found 272 installed packages in /opt/ros/humble
[0.178s] Level 1:colcon.colcon_core.package_discovery:discover_packages(prefix_path) using defaults
[0.197s] Level 5:colcon.colcon_core.verb:set package 'more_interfaces' build argument 'cmake_args' from command line to 'None'
[0.197s] Level 5:colcon.colcon_core.verb:set package 'more_interfaces' build argument 'cmake_target' from command line to 'None'
[0.197s] Level 5:colcon.colcon_core.verb:set package 'more_interfaces' build argument 'cmake_target_skip_unavailable' from command line to 'False'
[0.197s] Level 5:colcon.colcon_core.verb:set package 'more_interfaces' build argument 'cmake_clean_cache' from command line to 'False'
[0.197s] Level 5:colcon.colcon_core.verb:set package 'more_interfaces' build argument 'cmake_clean_first' from command line to 'False'
[0.197s] Level 5:colcon.colcon_core.verb:set package 'more_interfaces' build argument 'cmake_force_configure' from command line to 'False'
[0.197s] Level 5:colcon.colcon_core.verb:set package 'more_interfaces' build argument 'ament_cmake_args' from command line to 'None'
[0.197s] Level 5:colcon.colcon_core.verb:set package 'more_interfaces' build argument 'catkin_cmake_args' from command line to 'None'
[0.197s] Level 5:colcon.colcon_core.verb:set package 'more_interfaces' build argument 'catkin_skip_building_tests' from command line to 'False'
[0.197s] DEBUG:colcon.colcon_core.verb:Building package 'more_interfaces' with the following arguments: {'ament_cmake_args': None, 'build_base': '/home/kaisirius/btp/cav-platoons/build/more_interfaces', 'catkin_cmake_args': None, 'catkin_skip_building_tests': False, 'cmake_args': None, 'cmake_clean_cache': False, 'cmake_clean_first': False, 'cmake_force_configure': False, 'cmake_target': None, 'cmake_target_skip_unavailable': False, 'install_base': '/home/kaisirius/btp/cav-platoons/install/more_interfaces', 'merge_install': False, 'path': '/home/kaisirius/btp/cav-platoons/src/more_interfaces', 'symlink_install': False, 'test_result_base': None}
[0.197s] Level 5:colcon.colcon_core.verb:set package 'my_package' build argument 'cmake_args' from command line to 'None'
[0.197s] Level 5:colcon.colcon_core.verb:set package 'my_package' build argument 'cmake_target' from command line to 'None'
[0.197s] Level 5:colcon.colcon_core.verb:set package 'my_package' build argument 'cmake_target_skip_unavailable' from command line to 'False'
[0.197s] Level 5:colcon.colcon_core.verb:set package 'my_package' build argument 'cmake_clean_cache' from command line to 'False'
[0.197s] Level 5:colcon.colcon_core.verb:set package 'my_package' build argument 'cmake_clean_first' from command line to 'False'
[0.197s] Level 5:colcon.colcon_core.verb:set package 'my_package' build argument 'cmake_force_configure' from command line to 'False'
[0.197s] Level 5:colcon.colcon_core.verb:set package 'my_package' build argument 'ament_cmake_args' from command line to 'None'
[0.197s] Level 5:colcon.colcon_core.verb:set package 'my_package' build argument 'catkin_cmake_args' from command line to 'None'
[0.197s] Level 5:colcon.colcon_core.verb:set package 'my_package' build argument 'catkin_skip_building_tests' from command line to 'False'
[0.198s] DEBUG:colcon.colcon_core.verb:Building package 'my_package' with the following arguments: {'ament_cmake_args': None, 'build_base': '/home/kaisirius/btp/cav-platoons/build/my_package', 'catkin_cmake_args': None, 'catkin_skip_building_tests': False, 'cmake_args': None, 'cmake_clean_cache': False, 'cmake_clean_first': False, 'cmake_force_configure': False, 'cmake_target': None, 'cmake_target_skip_unavailable': False, 'install_base': '/home/kaisirius/btp/cav-platoons/install/my_package', 'merge_install': False, 'path': '/home/kaisirius/btp/cav-platoons/src/my_package', 'symlink_install': False, 'test_result_base': None}
[0.198s] Level 5:colcon.colcon_core.verb:set package 'my_robot_controller' build argument 'cmake_args' from command line to 'None'
[0.198s] Level 5:colcon.colcon_core.verb:set package 'my_robot_controller' build argument 'cmake_target' from command line to 'None'
[0.198s] Level 5:colcon.colcon_core.verb:set package 'my_robot_controller' build argument 'cmake_target_skip_unavailable' from command line to 'False'
[0.198s] Level 5:colcon.colcon_core.verb:set package 'my_robot_controller' build argument 'cmake_clean_cache' from command line to 'False'
[0.198s] Level 5:colcon.colcon_core.verb:set package 'my_robot_controller' build argument 'cmake_clean_first' from command line to 'False'
[0.198s] Level 5:colcon.colcon_core.verb:set package 'my_robot_controller' build argument 'cmake_force_configure' from command line to 'False'
[0.198s] Level 5:colcon.colcon_core.verb:set package 'my_robot_controller' build argument 'ament_cmake_args' from command line to 'None'
[0.198s] Level 5:colcon.colcon_core.verb:set package 'my_robot_controller' build argument 'catkin_cmake_args' from command line to 'None'
[0.198s] Level 5:colcon.colcon_core.verb:set package 'my_robot_controller' build argument 'catkin_skip_building_tests' from command line to 'False'
[0.198s] DEBUG:colcon.colcon_core.verb:Building package 'my_robot_controller' with the following arguments: {'ament_cmake_args': None, 'build_base': '/home/kaisirius/btp/cav-platoons/build/my_robot_controller', 'catkin_cmake_args': None, 'catkin_skip_building_tests': False, 'cmake_args': None, 'cmake_clean_cache': False, 'cmake_clean_first': False, 'cmake_force_configure': False, 'cmake_target': None, 'cmake_target_skip_unavailable': False, 'install_base': '/home/kaisirius/btp/cav-platoons/install/my_robot_controller', 'merge_install': False, 'path': '/home/kaisirius/btp/cav-platoons/src/my_robot_controller', 'symlink_install': False, 'test_result_base': None}
[0.198s] Level 5:colcon.colcon_core.verb:set package 'paper_implementation' build argument 'cmake_args' from command line to 'None'
[0.198s] Level 5:colcon.colcon_core.verb:set package 'paper_implementation' build argument 'cmake_target' from command line to 'None'
[0.198s] Level 5:colcon.colcon_core.verb:set package 'paper_implementation' build argument 'cmake_target_skip_unavailable' from command line to 'False'
[0.198s] Level 5:colcon.colcon_core.verb:set package 'paper_implementation' build argument 'cmake_clean_cache' from command line to 'False'
[0.198s] Level 5:colcon.colcon_core.verb:set package 'paper_implementation' build argument 'cmake_clean_first' from command line to 'False'
[0.198s] Level 5:colcon.colcon_core.verb:set package 'paper_implementation' build argument 'cmake_force_configure' from command line to 'False'
[0.198s] Level 5:colcon.colcon_core.verb:set package 'paper_implementation' build argument 'ament_cmake_args' from command line to 'None'
[0.198s] Level 5:colcon.colcon_core.verb:set package 'paper_implementation' build argument 'catkin_cmake_args' from command line to 'None'
[0.198s] Level 5:colcon.colcon_core.verb:set package 'paper_implementation' build argument 'catkin_skip_building_tests' from command line to 'False'
[0.198s] DEBUG:colcon.colcon_core.verb:Building package 'paper_implementation' with the following arguments: {'ament_cmake_args': None, 'build_base': '/home/kaisirius/btp/cav-platoons/build/paper_implementation', 'catkin_cmake_args': None, 'catkin_skip_building_tests': False, 'cmake_args': None, 'cmake_clean_cache': False, 'cmake_clean_first': False, 'cmake_force_configure': False, 'cmake_target': None, 'cmake_target_skip_unavailable': False, 'install_base': '/home/kaisirius/btp/cav-platoons/install/paper_implementation', 'merge_install': False, 'path': '/home/kaisirius/btp/cav-platoons/src/paper_implementation', 'symlink_install': False, 'test_result_base': None}
[0.198s] Level 5:colcon.colcon_core.verb:set package 'polygon_base' build argument 'cmake_args' from command line to 'None'
[0.198s] Level 5:colcon.colcon_core.verb:set package 'polygon_base' build argument 'cmake_target' from command line to 'None'
[0.198s] Level 5:colcon.colcon_core.verb:set package 'polygon_base' build argument 'cmake_target_skip_unavailable' from command line to 'False'
[0.198s] Level 5:colcon.colcon_core.verb:set package 'polygon_base' build argument 'cmake_clean_cache' from command line to 'False'
[0.198s] Level 5:colcon.colcon_core.verb:set package 'polygon_base' build argument 'cmake_clean_first' from command line to 'False'
[0.198s] Level 5:colcon.colcon_core.verb:set package 'polygon_base' build argument 'cmake_force_configure' from command line to 'False'
[0.198s] Level 5:colcon.colcon_core.verb:set package 'polygon_base' build argument 'ament_cmake_args' from command line to 'None'
[0.198s] Level 5:colcon.colcon_core.verb:set package 'polygon_base' build argument 'catkin_cmake_args' from command line to 'None'
[0.198s] Level 5:colcon.colcon_core.verb:set package 'polygon_base' build argument 'catkin_skip_building_tests' from command line to 'False'
[0.198s] DEBUG:colcon.colcon_core.verb:Building package 'polygon_base' with the following arguments: {'ament_cmake_args': None, 'build_base': '/home/kaisirius/btp/cav-platoons/build/polygon_base', 'catkin_cmake_args': None, 'catkin_skip_building_tests': False, 'cmake_args': None, 'cmake_clean_cache': False, 'cmake_clean_first': False, 'cmake_force_configure': False, 'cmake_target': None, 'cmake_target_skip_unavailable': False, 'install_base': '/home/kaisirius/btp/cav-platoons/install/polygon_base', 'merge_install': False, 'path': '/home/kaisirius/btp/cav-platoons/src/polygon_base', 'symlink_install': False, 'test_result_base': None}
[0.198s] Level 5:colcon.colcon_core.verb:set package 'polygon_plugins' build argument 'cmake_args' from command line to 'None'
[0.198s] Level 5:colcon.colcon_core.verb:set package 'polygon_plugins' build argument 'cmake_target' from command line to 'None'
[0.199s] Level 5:colcon.colcon_core.verb:set package 'polygon_plugins' build argument 'cmake_target_skip_unavailable' from command line to 'False'
[0.199s] Level 5:colcon.colcon_core.verb:set package 'polygon_plugins' build argument 'cmake_clean_cache' from command line to 'False'
[0.199s] Level 5:colcon.colcon_core.verb:set package 'polygon_plugins' build argument 'cmake_clean_first' from command line to 'False'
[0.199s] Level 5:colcon.colcon_core.verb:set package 'polygon_plugins' build argument 'cmake_force_configure' from command line to 'False'
[0.199s] Level 5:colcon.colcon_core.verb:set package 'polygon_plugins' build argument 'ament_cmake_args' from command line to 'None'
[0.199s] Level 5:colcon.colcon_core.verb:set package 'polygon_plugins' build argument 'catkin_cmake_args' from command line to 'None'
[0.199s] Level 5:colcon.colcon_core.verb:set package 'polygon_plugins' build argument 'catkin_skip_building_tests' from command line to 'False'
[0.199s] DEBUG:colcon.colcon_core.verb:Building package 'polygon_plugins' with the following arguments: {'ament_cmake_args': None, 'build_base': '/home/kaisirius/btp/cav-platoons/build/polygon_plugins', 'catkin_cmake_args': None, 'catkin_skip_building_tests': False, 'cmake_args': None, 'cmake_clean_cache': False, 'cmake_clean_first': False, 'cmake_force_configure': False, 'cmake_target': None, 'cmake_target_skip_unavailable': False, 'install_base': '/home/kaisirius/btp/cav-platoons/install/polygon_plugins', 'merge_install': False, 'path': '/home/kaisirius/btp/cav-platoons/src/polygon_plugins', 'symlink_install': False, 'test_result_base': None}
[0.199s] INFO:colcon.colcon_core.executor:Executing jobs using 'parallel' executor
[0.199s] DEBUG:colcon.colcon_parallel_executor.executor.parallel:run_until_complete
[0.199s] INFO:colcon.colcon_ros.task.ament_cmake.build:Building ROS package in '/home/kaisirius/btp/cav-platoons/src/polygon_base' with build type 'ament_cmake'
[0.200s] INFO:colcon.colcon_cmake.task.cmake.build:Building CMake package in '/home/kaisirius/btp/cav-platoons/src/polygon_base'
[0.201s] INFO:colcon.colcon_core.plugin_system:Skipping extension 'colcon_core.shell.bat': Not used on non-Windows systems
[0.201s] INFO:colcon.colcon_core.shell:Skip shell extension 'powershell' for command environment: Not usable outside of PowerShell
[0.201s] DEBUG:colcon.colcon_core.shell:Skip shell extension 'dsv' for command environment
[0.203s] INFO:colcon.colcon_ros.task.ament_cmake.build:Building ROS package in '/home/kaisirius/btp/cav-platoons/src/more_interfaces' with build type 'ament_cmake'
[0.203s] INFO:colcon.colcon_cmake.task.cmake.build:Building CMake package in '/home/kaisirius/btp/cav-platoons/src/more_interfaces'
[0.203s] INFO:colcon.colcon_core.shell:Skip shell extension 'powershell' for command environment: Not usable outside of PowerShell
[0.203s] DEBUG:colcon.colcon_core.shell:Skip shell extension 'dsv' for command environment
[0.206s] INFO:colcon.colcon_ros.task.ament_cmake.build:Building ROS package in '/home/kaisirius/btp/cav-platoons/src/my_package' with build type 'ament_cmake'
[0.206s] INFO:colcon.colcon_cmake.task.cmake.build:Building CMake package in '/home/kaisirius/btp/cav-platoons/src/my_package'
[0.207s] INFO:colcon.colcon_core.shell:Skip shell extension 'powershell' for command environment: Not usable outside of PowerShell
[0.207s] DEBUG:colcon.colcon_core.shell:Skip shell extension 'dsv' for command environment
[0.211s] INFO:colcon.colcon_ros.task.ament_python.build:Building ROS package in '/home/kaisirius/btp/cav-platoons/src/my_robot_controller' with build type 'ament_python'
[0.212s] Level 1:colcon.colcon_core.shell:create_environment_hook('my_robot_controller', 'ament_prefix_path')
[0.213s] INFO:colcon.colcon_core.shell:Creating environment hook '/home/kaisirius/btp/cav-platoons/install/my_robot_controller/share/my_robot_controller/hook/ament_prefix_path.ps1'
[0.214s] INFO:colcon.colcon_core.shell:Creating environment descriptor '/home/kaisirius/btp/cav-platoons/install/my_robot_controller/share/my_robot_controller/hook/ament_prefix_path.dsv'
[0.215s] INFO:colcon.colcon_core.shell:Creating environment hook '/home/kaisirius/btp/cav-platoons/install/my_robot_controller/share/my_robot_controller/hook/ament_prefix_path.sh'
[0.216s] INFO:colcon.colcon_core.shell:Skip shell extension 'powershell' for command environment: Not usable outside of PowerShell
[0.216s] DEBUG:colcon.colcon_core.shell:Skip shell extension 'dsv' for command environment
[0.219s] INFO:colcon.colcon_ros.task.ament_python.build:Building ROS package in '/home/kaisirius/btp/cav-platoons/src/paper_implementation' with build type 'ament_python'
[0.220s] Level 1:colcon.colcon_core.shell:create_environment_hook('paper_implementation', 'ament_prefix_path')
[0.220s] INFO:colcon.colcon_core.shell:Creating environment hook '/home/kaisirius/btp/cav-platoons/install/paper_implementation/share/paper_implementation/hook/ament_prefix_path.ps1'
[0.220s] INFO:colcon.colcon_core.shell:Creating environment descriptor '/home/kaisirius/btp/cav-platoons/install/paper_implementation/share/paper_implementation/hook/ament_prefix_path.dsv'
[0.229s] INFO:colcon.colcon_core.shell:Creating environment hook '/home/kaisirius/btp/cav-platoons/install/paper_implementation/share/paper_implementation/hook/ament_prefix_path.sh'
[0.230s] INFO:colcon.colcon_core.shell:Skip shell extension 'powershell' for command environment: Not usable outside of PowerShell
[0.230s] DEBUG:colcon.colcon_core.shell:Skip shell extension 'dsv' for command environment
[0.239s] DEBUG:colcon.colcon_core.event_handler.log_command:Invoking command in '/home/kaisirius/btp/cav-platoons/build/polygon_base': CMAKE_PREFIX_PATH=${CMAKE_PREFIX_PATH}:/home/kaisirius/btp/cav-platoons/install/paper_implementation:/home/kaisirius/btp/cav-platoons/install/my_robot_controller:/home/kaisirius/ros2_ws/install/my_robot_controller:/opt/ros/humble /usr/bin/cmake --build /home/kaisirius/btp/cav-platoons/build/polygon_base -- -j12 -l12
[0.242s] DEBUG:colcon.colcon_core.event_handler.log_command:Invoking command in '/home/kaisirius/btp/cav-platoons/build/more_interfaces': CMAKE_PREFIX_PATH=${CMAKE_PREFIX_PATH}:/home/kaisirius/btp/cav-platoons/install/paper_implementation:/home/kaisirius/btp/cav-platoons/install/my_robot_controller:/home/kaisirius/ros2_ws/install/my_robot_controller:/opt/ros/humble /usr/bin/cmake --build /home/kaisirius/btp/cav-platoons/build/more_interfaces -- -j12 -l12
[0.244s] DEBUG:colcon.colcon_core.event_handler.log_command:Invoking command in '/home/kaisirius/btp/cav-platoons/build/my_package': CMAKE_PREFIX_PATH=${CMAKE_PREFIX_PATH}:/home/kaisirius/btp/cav-platoons/install/paper_implementation:/home/kaisirius/btp/cav-platoons/install/my_robot_controller:/home/kaisirius/ros2_ws/install/my_robot_controller:/opt/ros/humble /usr/bin/cmake --build /home/kaisirius/btp/cav-platoons/build/my_package -- -j12 -l12
[0.419s] INFO:colcon.colcon_core.task.python.build:Building Python package in '/home/kaisirius/btp/cav-platoons/src/my_robot_controller'
[0.419s] INFO:colcon.colcon_core.shell:Skip shell extension 'powershell' for command environment: Not usable outside of PowerShell
[0.419s] DEBUG:colcon.colcon_core.shell:Skip shell extension 'dsv' for command environment
[0.426s] DEBUG:colcon.colcon_core.event_handler.log_command:Invoked command in '/home/kaisirius/btp/cav-platoons/build/my_package' returned '0': CMAKE_PREFIX_PATH=${CMAKE_PREFIX_PATH}:/home/kaisirius/btp/cav-platoons/install/paper_implementation:/home/kaisirius/btp/cav-platoons/install/my_robot_controller:/home/kaisirius/ros2_ws/install/my_robot_controller:/opt/ros/humble /usr/bin/cmake --build /home/kaisirius/btp/cav-platoons/build/my_package -- -j12 -l12
[0.434s] DEBUG:colcon.colcon_core.event_handler.log_command:Invoking command in '/home/kaisirius/btp/cav-platoons/build/my_package': CMAKE_PREFIX_PATH=${CMAKE_PREFIX_PATH}:/home/kaisirius/btp/cav-platoons/install/paper_implementation:/home/kaisirius/btp/cav-platoons/install/my_robot_controller:/home/kaisirius/ros2_ws/install/my_robot_controller:/opt/ros/humble /usr/bin/cmake --install /home/kaisirius/btp/cav-platoons/build/my_package
[0.582s] INFO:colcon.colcon_core.task.python.build:Building Python package in '/home/kaisirius/btp/cav-platoons/src/paper_implementation'
[0.583s] INFO:colcon.colcon_core.shell:Skip shell extension 'powershell' for command environment: Not usable outside of PowerShell
[0.583s] DEBUG:colcon.colcon_core.shell:Skip shell extension 'dsv' for command environment
[0.585s] DEBUG:colcon.colcon_core.event_handler.log_command:Invoked command in '/home/kaisirius/btp/cav-platoons/build/polygon_base' returned '0': CMAKE_PREFIX_PATH=${CMAKE_PREFIX_PATH}:/home/kaisirius/btp/cav-platoons/install/paper_implementation:/home/kaisirius/btp/cav-platoons/install/my_robot_controller:/home/kaisirius/ros2_ws/install/my_robot_controller:/opt/ros/humble /usr/bin/cmake --build /home/kaisirius/btp/cav-platoons/build/polygon_base -- -j12 -l12
[0.587s] DEBUG:colcon.colcon_core.event_handler.log_command:Invoking command in '/home/kaisirius/btp/cav-platoons/build/polygon_base': CMAKE_PREFIX_PATH=${CMAKE_PREFIX_PATH}:/home/kaisirius/btp/cav-platoons/install/paper_implementation:/home/kaisirius/btp/cav-platoons/install/my_robot_controller:/home/kaisirius/ros2_ws/install/my_robot_controller:/opt/ros/humble /usr/bin/cmake --install /home/kaisirius/btp/cav-platoons/build/polygon_base
[0.589s] Level 1:colcon.colcon_core.environment:create_environment_scripts_only(my_package)
[0.589s] DEBUG:colcon.colcon_core.event_handler.log_command:Invoked command in '/home/kaisirius/btp/cav-platoons/build/my_package' returned '0': CMAKE_PREFIX_PATH=${CMAKE_PREFIX_PATH}:/home/kaisirius/btp/cav-platoons/install/paper_implementation:/home/kaisirius/btp/cav-platoons/install/my_robot_controller:/home/kaisirius/ros2_ws/install/my_robot_controller:/opt/ros/humble /usr/bin/cmake --install /home/kaisirius/btp/cav-platoons/build/my_package
[0.591s] Level 1:colcon.colcon_core.environment:checking '/home/kaisirius/btp/cav-platoons/install/my_package' for CMake module files
[0.591s] Level 1:colcon.colcon_core.environment:checking '/home/kaisirius/btp/cav-platoons/install/my_package' for CMake config files
[0.591s] Level 1:colcon.colcon_core.shell:create_environment_hook('my_package', 'cmake_prefix_path')
[0.591s] INFO:colcon.colcon_core.shell:Creating environment hook '/home/kaisirius/btp/cav-platoons/install/my_package/share/my_package/hook/cmake_prefix_path.ps1'
[0.591s] INFO:colcon.colcon_core.shell:Creating environment descriptor '/home/kaisirius/btp/cav-platoons/install/my_package/share/my_package/hook/cmake_prefix_path.dsv'
[0.592s] INFO:colcon.colcon_core.shell:Creating environment hook '/home/kaisirius/btp/cav-platoons/install/my_package/share/my_package/hook/cmake_prefix_path.sh'
[0.593s] Level 1:colcon.colcon_core.environment:checking '/home/kaisirius/btp/cav-platoons/install/my_package/lib'
[0.593s] Level 1:colcon.colcon_core.environment:checking '/home/kaisirius/btp/cav-platoons/install/my_package/bin'
[0.593s] Level 1:colcon.colcon_core.environment:checking '/home/kaisirius/btp/cav-platoons/install/my_package/lib/pkgconfig/my_package.pc'
[0.593s] Level 1:colcon.colcon_core.environment:checking '/home/kaisirius/btp/cav-platoons/install/my_package/lib/python3.10/site-packages'
[0.593s] Level 1:colcon.colcon_core.environment:checking '/home/kaisirius/btp/cav-platoons/install/my_package/bin'
[0.593s] INFO:colcon.colcon_core.shell:Creating package script '/home/kaisirius/btp/cav-platoons/install/my_package/share/my_package/package.ps1'
[0.594s] INFO:colcon.colcon_core.shell:Creating package descriptor '/home/kaisirius/btp/cav-platoons/install/my_package/share/my_package/package.dsv'
[0.594s] INFO:colcon.colcon_core.shell:Creating package script '/home/kaisirius/btp/cav-platoons/install/my_package/share/my_package/package.sh'
[0.595s] INFO:colcon.colcon_core.shell:Creating package script '/home/kaisirius/btp/cav-platoons/install/my_package/share/my_package/package.bash'
[0.596s] INFO:colcon.colcon_core.shell:Creating package script '/home/kaisirius/btp/cav-platoons/install/my_package/share/my_package/package.zsh'
[0.596s] Level 1:colcon.colcon_core.environment:create_file_with_runtime_dependencies(/home/kaisirius/btp/cav-platoons/install/my_package/share/colcon-core/packages/my_package)
[0.597s] Level 1:colcon.colcon_core.environment:create_environment_scripts_only(my_package)
[0.597s] Level 1:colcon.colcon_core.environment:checking '/home/kaisirius/btp/cav-platoons/install/my_package' for CMake module files
[0.597s] Level 1:colcon.colcon_core.environment:checking '/home/kaisirius/btp/cav-platoons/install/my_package' for CMake config files
[0.597s] Level 1:colcon.colcon_core.shell:create_environment_hook('my_package', 'cmake_prefix_path')
[0.597s] INFO:colcon.colcon_core.shell:Creating environment hook '/home/kaisirius/btp/cav-platoons/install/my_package/share/my_package/hook/cmake_prefix_path.ps1'
[0.597s] INFO:colcon.colcon_core.shell:Creating environment descriptor '/home/kaisirius/btp/cav-platoons/install/my_package/share/my_package/hook/cmake_prefix_path.dsv'
[0.598s] INFO:colcon.colcon_core.shell:Creating environment hook '/home/kaisirius/btp/cav-platoons/install/my_package/share/my_package/hook/cmake_prefix_path.sh'
[0.598s] Level 1:colcon.colcon_core.environment:checking '/home/kaisirius/btp/cav-platoons/install/my_package/lib'
[0.598s] Level 1:colcon.colcon_core.environment:checking '/home/kaisirius/btp/cav-platoons/install/my_package/bin'
[0.598s] Level 1:colcon.colcon_core.environment:checking '/home/kaisirius/btp/cav-platoons/install/my_package/lib/pkgconfig/my_package.pc'
[0.598s] Level 1:colcon.colcon_core.environment:checking '/home/kaisirius/btp/cav-platoons/install/my_package/lib/python3.10/site-packages'
[0.598s] Level 1:colcon.colcon_core.environment:checking '/home/kaisirius/btp/cav-platoons/install/my_package/bin'
[0.598s] INFO:colcon.colcon_core.shell:Creating package script '/home/kaisirius/btp/cav-platoons/install/my_package/share/my_package/package.ps1'
[0.599s] INFO:colcon.colcon_core.shell:Creating package descriptor '/home/kaisirius/btp/cav-platoons/install/my_package/share/my_package/package.dsv'
[0.599s] INFO:colcon.colcon_core.shell:Creating package script '/home/kaisirius/btp/cav-platoons/install/my_package/share/my_package/package.sh'
[0.599s] INFO:colcon.colcon_core.shell:Creating package script '/home/kaisirius/btp/cav-platoons/install/my_package/share/my_package/package.bash'
[0.599s] INFO:colcon.colcon_core.shell:Creating package script '/home/kaisirius/btp/cav-platoons/install/my_package/share/my_package/package.zsh'
[0.600s] Level 1:colcon.colcon_core.environment:create_file_with_runtime_dependencies(/home/kaisirius/btp/cav-platoons/install/my_package/share/colcon-core/packages/my_package)
[0.600s] DEBUG:colcon.colcon_core.event_handler.log_command:Invoked command in '/home/kaisirius/btp/cav-platoons/build/more_interfaces' returned '0': CMAKE_PREFIX_PATH=${CMAKE_PREFIX_PATH}:/home/kaisirius/btp/cav-platoons/install/paper_implementation:/home/kaisirius/btp/cav-platoons/install/my_robot_controller:/home/kaisirius/ros2_ws/install/my_robot_controller:/opt/ros/humble /usr/bin/cmake --build /home/kaisirius/btp/cav-platoons/build/more_interfaces -- -j12 -l12
[0.601s] DEBUG:colcon.colcon_core.event_handler.log_command:Invoking command in '/home/kaisirius/btp/cav-platoons/build/more_interfaces': CMAKE_PREFIX_PATH=${CMAKE_PREFIX_PATH}:/home/kaisirius/btp/cav-platoons/install/paper_implementation:/home/kaisirius/btp/cav-platoons/install/my_robot_controller:/home/kaisirius/ros2_ws/install/my_robot_controller:/opt/ros/humble /usr/bin/cmake --install /home/kaisirius/btp/cav-platoons/build/more_interfaces
[0.603s] Level 1:colcon.colcon_core.environment:create_environment_scripts_only(polygon_base)
[0.604s] Level 1:colcon.colcon_core.environment:checking '/home/kaisirius/btp/cav-platoons/install/polygon_base' for CMake module files
[0.604s] DEBUG:colcon.colcon_core.event_handler.log_command:Invoked command in '/home/kaisirius/btp/cav-platoons/build/polygon_base' returned '0': CMAKE_PREFIX_PATH=${CMAKE_PREFIX_PATH}:/home/kaisirius/btp/cav-platoons/install/paper_implementation:/home/kaisirius/btp/cav-platoons/install/my_robot_controller:/home/kaisirius/ros2_ws/install/my_robot_controller:/opt/ros/humble /usr/bin/cmake --install /home/kaisirius/btp/cav-platoons/build/polygon_base
[0.604s] Level 1:colcon.colcon_core.environment:checking '/home/kaisirius/btp/cav-platoons/install/polygon_base' for CMake config files
[0.605s] Level 1:colcon.colcon_core.shell:create_environment_hook('polygon_base', 'cmake_prefix_path')
[0.605s] INFO:colcon.colcon_core.shell:Creating environment hook '/home/kaisirius/btp/cav-platoons/install/polygon_base/share/polygon_base/hook/cmake_prefix_path.ps1'
[0.606s] INFO:colcon.colcon_core.shell:Creating environment descriptor '/home/kaisirius/btp/cav-platoons/install/polygon_base/share/polygon_base/hook/cmake_prefix_path.dsv'
[0.606s] INFO:colcon.colcon_core.shell:Creating environment hook '/home/kaisirius/btp/cav-platoons/install/polygon_base/share/polygon_base/hook/cmake_prefix_path.sh'
[0.609s] Level 1:colcon.colcon_core.environment:checking '/home/kaisirius/btp/cav-platoons/install/polygon_base/lib'
[0.609s] Level 1:colcon.colcon_core.environment:checking '/home/kaisirius/btp/cav-platoons/install/polygon_base/bin'
[0.609s] Level 1:colcon.colcon_core.environment:checking '/home/kaisirius/btp/cav-platoons/install/polygon_base/lib/pkgconfig/polygon_base.pc'
[0.610s] Level 1:colcon.colcon_core.environment:checking '/home/kaisirius/btp/cav-platoons/install/polygon_base/lib/python3.10/site-packages'
[0.610s] Level 1:colcon.colcon_core.environment:checking '/home/kaisirius/btp/cav-platoons/install/polygon_base/bin'
[0.610s] INFO:colcon.colcon_core.shell:Creating package script '/home/kaisirius/btp/cav-platoons/install/polygon_base/share/polygon_base/package.ps1'
[0.612s] INFO:colcon.colcon_core.shell:Creating package descriptor '/home/kaisirius/btp/cav-platoons/install/polygon_base/share/polygon_base/package.dsv'
[0.613s] INFO:colcon.colcon_core.shell:Creating package script '/home/kaisirius/btp/cav-platoons/install/polygon_base/share/polygon_base/package.sh'
[0.613s] INFO:colcon.colcon_core.shell:Creating package script '/home/kaisirius/btp/cav-platoons/install/polygon_base/share/polygon_base/package.bash'
[0.614s] INFO:colcon.colcon_core.shell:Creating package script '/home/kaisirius/btp/cav-platoons/install/polygon_base/share/polygon_base/package.zsh'
[0.614s] Level 1:colcon.colcon_core.environment:create_file_with_runtime_dependencies(/home/kaisirius/btp/cav-platoons/install/polygon_base/share/colcon-core/packages/polygon_base)
[0.615s] Level 1:colcon.colcon_core.environment:create_environment_scripts_only(polygon_base)
[0.615s] Level 1:colcon.colcon_core.environment:checking '/home/kaisirius/btp/cav-platoons/install/polygon_base' for CMake module files
[0.615s] Level 1:colcon.colcon_core.environment:checking '/home/kaisirius/btp/cav-platoons/install/polygon_base' for CMake config files
[0.616s] Level 1:colcon.colcon_core.shell:create_environment_hook('polygon_base', 'cmake_prefix_path')
[0.616s] INFO:colcon.colcon_core.shell:Creating environment hook '/home/kaisirius/btp/cav-platoons/install/polygon_base/share/polygon_base/hook/cmake_prefix_path.ps1'
[0.616s] INFO:colcon.colcon_core.shell:Creating environment descriptor '/home/kaisirius/btp/cav-platoons/install/polygon_base/share/polygon_base/hook/cmake_prefix_path.dsv'
[0.617s] INFO:colcon.colcon_core.shell:Creating environment hook '/home/kaisirius/btp/cav-platoons/install/polygon_base/share/polygon_base/hook/cmake_prefix_path.sh'
[0.617s] Level 1:colcon.colcon_core.environment:checking '/home/kaisirius/btp/cav-platoons/install/polygon_base/lib'
[0.617s] Level 1:colcon.colcon_core.environment:checking '/home/kaisirius/btp/cav-platoons/install/polygon_base/bin'
[0.617s] Level 1:colcon.colcon_core.environment:checking '/home/kaisirius/btp/cav-platoons/install/polygon_base/lib/pkgconfig/polygon_base.pc'
[0.617s] Level 1:colcon.colcon_core.environment:checking '/home/kaisirius/btp/cav-platoons/install/polygon_base/lib/python3.10/site-packages'
[0.618s] Level 1:colcon.colcon_core.environment:checking '/home/kaisirius/btp/cav-platoons/install/polygon_base/bin'
[0.618s] INFO:colcon.colcon_core.shell:Creating package script '/home/kaisirius/btp/cav-platoons/install/polygon_base/share/polygon_base/package.ps1'
[0.618s] INFO:colcon.colcon_core.shell:Creating package descriptor '/home/kaisirius/btp/cav-platoons/install/polygon_base/share/polygon_base/package.dsv'
[0.619s] INFO:colcon.colcon_core.shell:Creating package script '/home/kaisirius/btp/cav-platoons/install/polygon_base/share/polygon_base/package.sh'
[0.619s] INFO:colcon.colcon_core.shell:Creating package script '/home/kaisirius/btp/cav-platoons/install/polygon_base/share/polygon_base/package.bash'
[0.620s] INFO:colcon.colcon_core.shell:Creating package script '/home/kaisirius/btp/cav-platoons/install/polygon_base/share/polygon_base/package.zsh'
[0.620s] Level 1:colcon.colcon_core.environment:create_file_with_runtime_dependencies(/home/kaisirius/btp/cav-platoons/install/polygon_base/share/colcon-core/packages/polygon_base)
[0.621s] INFO:colcon.colcon_ros.task.ament_cmake.build:Building ROS package in '/home/kaisirius/btp/cav-platoons/src/polygon_plugins' with build type 'ament_cmake'
[0.621s] INFO:colcon.colcon_cmake.task.cmake.build:Building CMake package in '/home/kaisirius/btp/cav-platoons/src/polygon_plugins'
[0.621s] INFO:colcon.colcon_core.shell:Skip shell extension 'powershell' for command environment: Not usable outside of PowerShell
[0.621s] DEBUG:colcon.colcon_core.shell:Skip shell extension 'dsv' for command environment
[0.631s] DEBUG:colcon.colcon_core.event_handler.log_command:Invoking command in '/home/kaisirius/btp/cav-platoons/build/polygon_plugins': CMAKE_PREFIX_PATH=/home/kaisirius/btp/cav-platoons/install/polygon_base:/home/kaisirius/btp/cav-platoons/install/polygon_plugins:/home/kaisirius/btp/cav-platoons/install/my_package:/home/kaisirius/btp/cav-platoons/install/more_interfaces:/home/kaisirius/btp/cav-platoons/install/paper_implementation:/home/kaisirius/btp/cav-platoons/install/my_robot_controller:/home/kaisirius/ros2_ws/install/my_robot_controller:/opt/ros/humble /usr/bin/cmake --build /home/kaisirius/btp/cav-platoons/build/polygon_plugins -- -j12 -l12
[0.648s] Level 1:colcon.colcon_core.environment:create_environment_scripts_only(more_interfaces)
[0.648s] Level 1:colcon.colcon_core.environment:checking '/home/kaisirius/btp/cav-platoons/install/more_interfaces' for CMake module files
[0.649s] Level 1:colcon.colcon_core.environment:checking '/home/kaisirius/btp/cav-platoons/install/more_interfaces' for CMake config files
[0.649s] Level 1:colcon.colcon_core.shell:create_environment_hook('more_interfaces', 'cmake_prefix_path')
[0.649s] INFO:colcon.colcon_core.shell:Creating environment hook '/home/kaisirius/btp/cav-platoons/install/more_interfaces/share/more_interfaces/hook/cmake_prefix_path.ps1'
[0.650s] INFO:colcon.colcon_core.shell:Creating environment descriptor '/home/kaisirius/btp/cav-platoons/install/more_interfaces/share/more_interfaces/hook/cmake_prefix_path.dsv'
[0.650s] INFO:colcon.colcon_core.shell:Creating environment hook '/home/kaisirius/btp/cav-platoons/install/more_interfaces/share/more_interfaces/hook/cmake_prefix_path.sh'
[0.652s] Level 1:colcon.colcon_core.environment:checking '/home/kaisirius/btp/cav-platoons/install/more_interfaces/lib'
[0.653s] Level 1:colcon.colcon_core.shell:create_environment_hook('more_interfaces', 'ld_library_path_lib')
[0.653s] INFO:colcon.colcon_core.shell:Creating environment hook '/home/kaisirius/btp/cav-platoons/install/more_interfaces/share/more_interfaces/hook/ld_library_path_lib.ps1'
[0.654s] INFO:colcon.colcon_core.shell:Creating environment descriptor '/home/kaisirius/btp/cav-platoons/install/more_interfaces/share/more_interfaces/hook/ld_library_path_lib.dsv'
[0.656s] INFO:colcon.colcon_core.shell:Creating environment hook '/home/kaisirius/btp/cav-platoons/install/more_interfaces/share/more_interfaces/hook/ld_library_path_lib.sh'
[0.656s] DEBUG:colcon.colcon_core.event_handler.log_command:Invoked command in '/home/kaisirius/btp/cav-platoons/build/more_interfaces' returned '0': CMAKE_PREFIX_PATH=${CMAKE_PREFIX_PATH}:/home/kaisirius/btp/cav-platoons/install/paper_implementation:/home/kaisirius/btp/cav-platoons/install/my_robot_controller:/home/kaisirius/ros2_ws/install/my_robot_controller:/opt/ros/humble /usr/bin/cmake --install /home/kaisirius/btp/cav-platoons/build/more_interfaces
[0.657s] Level 1:colcon.colcon_core.environment:checking '/home/kaisirius/btp/cav-platoons/install/more_interfaces/bin'
[0.657s] Level 1:colcon.colcon_core.environment:checking '/home/kaisirius/btp/cav-platoons/install/more_interfaces/lib/pkgconfig/more_interfaces.pc'
[0.657s] Level 1:colcon.colcon_core.environment:checking '/home/kaisirius/btp/cav-platoons/install/more_interfaces/lib/python3.10/site-packages'
[0.658s] Level 1:colcon.colcon_core.environment:checking '/home/kaisirius/btp/cav-platoons/install/more_interfaces/bin'
[0.658s] INFO:colcon.colcon_core.shell:Creating package script '/home/kaisirius/btp/cav-platoons/install/more_interfaces/share/more_interfaces/package.ps1'
[0.659s] INFO:colcon.colcon_core.shell:Creating package descriptor '/home/kaisirius/btp/cav-platoons/install/more_interfaces/share/more_interfaces/package.dsv'
[0.659s] INFO:colcon.colcon_core.shell:Creating package script '/home/kaisirius/btp/cav-platoons/install/more_interfaces/share/more_interfaces/package.sh'
[0.660s] INFO:colcon.colcon_core.shell:Creating package script '/home/kaisirius/btp/cav-platoons/install/more_interfaces/share/more_interfaces/package.bash'
[0.660s] INFO:colcon.colcon_core.shell:Creating package script '/home/kaisirius/btp/cav-platoons/install/more_interfaces/share/more_interfaces/package.zsh'
[0.661s] Level 1:colcon.colcon_core.environment:create_file_with_runtime_dependencies(/home/kaisirius/btp/cav-platoons/install/more_interfaces/share/colcon-core/packages/more_interfaces)
[0.662s] Level 1:colcon.colcon_core.environment:create_environment_scripts_only(more_interfaces)
[0.662s] Level 1:colcon.colcon_core.environment:checking '/home/kaisirius/btp/cav-platoons/install/more_interfaces' for CMake module files
[0.663s] Level 1:colcon.colcon_core.environment:checking '/home/kaisirius/btp/cav-platoons/install/more_interfaces' for CMake config files
[0.664s] Level 1:colcon.colcon_core.shell:create_environment_hook('more_interfaces', 'cmake_prefix_path')
[0.664s] INFO:colcon.colcon_core.shell:Creating environment hook '/home/kaisirius/btp/cav-platoons/install/more_interfaces/share/more_interfaces/hook/cmake_prefix_path.ps1'
[0.664s] INFO:colcon.colcon_core.shell:Creating environment descriptor '/home/kaisirius/btp/cav-platoons/install/more_interfaces/share/more_interfaces/hook/cmake_prefix_path.dsv'
[0.665s] INFO:colcon.colcon_core.shell:Creating environment hook '/home/kaisirius/btp/cav-platoons/install/more_interfaces/share/more_interfaces/hook/cmake_prefix_path.sh'
[0.665s] Level 1:colcon.colcon_core.environment:checking '/home/kaisirius/btp/cav-platoons/install/more_interfaces/lib'
[0.666s] Level 1:colcon.colcon_core.shell:create_environment_hook('more_interfaces', 'ld_library_path_lib')
[0.666s] INFO:colcon.colcon_core.shell:Creating environment hook '/home/kaisirius/btp/cav-platoons/install/more_interfaces/share/more_interfaces/hook/ld_library_path_lib.ps1'
[0.666s] INFO:colcon.colcon_core.shell:Creating environment descriptor '/home/kaisirius/btp/cav-platoons/install/more_interfaces/share/more_interfaces/hook/ld_library_path_lib.dsv'
[0.667s] INFO:colcon.colcon_core.shell:Creating environment hook '/home/kaisirius/btp/cav-platoons/install/more_interfaces/share/more_interfaces/hook/ld_library_path_lib.sh'
[0.667s] Level 1:colcon.colcon_core.environment:checking '/home/kaisirius/btp/cav-platoons/install/more_interfaces/bin'
[0.667s] Level 1:colcon.colcon_core.environment:checking '/home/kaisirius/btp/cav-platoons/install/more_interfaces/lib/pkgconfig/more_interfaces.pc'
[0.667s] Level 1:colcon.colcon_core.environment:checking '/home/kaisirius/btp/cav-platoons/install/more_interfaces/lib/python3.10/site-packages'
[0.667s] Level 1:colcon.colcon_core.environment:checking '/home/kaisirius/btp/cav-platoons/install/more_interfaces/bin'
[0.668s] INFO:colcon.colcon_core.shell:Creating package script '/home/kaisirius/btp/cav-platoons/install/more_interfaces/share/more_interfaces/package.ps1'
[0.668s] INFO:colcon.colcon_core.shell:Creating package descriptor '/home/kaisirius/btp/cav-platoons/install/more_interfaces/share/more_interfaces/package.dsv'
[0.668s] INFO:colcon.colcon_core.shell:Creating package script '/home/kaisirius/btp/cav-platoons/install/more_interfaces/share/more_interfaces/package.sh'
[0.668s] INFO:colcon.colcon_core.shell:Creating package script '/home/kaisirius/btp/cav-platoons/install/more_interfaces/share/more_interfaces/package.bash'
[0.669s] INFO:colcon.colcon_core.shell:Creating package script '/home/kaisirius/btp/cav-platoons/install/more_interfaces/share/more_interfaces/package.zsh'
[0.669s] Level 1:colcon.colcon_core.environment:create_file_with_runtime_dependencies(/home/kaisirius/btp/cav-platoons/install/more_interfaces/share/colcon-core/packages/more_interfaces)
[0.682s] DEBUG:colcon.colcon_core.event_handler.log_command:Invoked command in '/home/kaisirius/btp/cav-platoons/build/polygon_plugins' returned '0': CMAKE_PREFIX_PATH=/home/kaisirius/btp/cav-platoons/install/polygon_base:/home/kaisirius/btp/cav-platoons/install/polygon_plugins:/home/kaisirius/btp/cav-platoons/install/my_package:/home/kaisirius/btp/cav-platoons/install/more_interfaces:/home/kaisirius/btp/cav-platoons/install/paper_implementation:/home/kaisirius/btp/cav-platoons/install/my_robot_controller:/home/kaisirius/ros2_ws/install/my_robot_controller:/opt/ros/humble /usr/bin/cmake --build /home/kaisirius/btp/cav-platoons/build/polygon_plugins -- -j12 -l12
[0.687s] DEBUG:colcon.colcon_core.event_handler.log_command:Invoking command in '/home/kaisirius/btp/cav-platoons/build/polygon_plugins': CMAKE_PREFIX_PATH=/home/kaisirius/btp/cav-platoons/install/polygon_base:/home/kaisirius/btp/cav-platoons/install/polygon_plugins:/home/kaisirius/btp/cav-platoons/install/my_package:/home/kaisirius/btp/cav-platoons/install/more_interfaces:/home/kaisirius/btp/cav-platoons/install/paper_implementation:/home/kaisirius/btp/cav-platoons/install/my_robot_controller:/home/kaisirius/ros2_ws/install/my_robot_controller:/opt/ros/humble /usr/bin/cmake --install /home/kaisirius/btp/cav-platoons/build/polygon_plugins
[0.694s] Level 1:colcon.colcon_core.environment:create_environment_scripts_only(polygon_plugins)
[0.694s] Level 1:colcon.colcon_core.environment:checking '/home/kaisirius/btp/cav-platoons/install/polygon_plugins' for CMake module files
[0.695s] DEBUG:colcon.colcon_core.event_handler.log_command:Invoked command in '/home/kaisirius/btp/cav-platoons/build/polygon_plugins' returned '0': CMAKE_PREFIX_PATH=/home/kaisirius/btp/cav-platoons/install/polygon_base:/home/kaisirius/btp/cav-platoons/install/polygon_plugins:/home/kaisirius/btp/cav-platoons/install/my_package:/home/kaisirius/btp/cav-platoons/install/more_interfaces:/home/kaisirius/btp/cav-platoons/install/paper_implementation:/home/kaisirius/btp/cav-platoons/install/my_robot_controller:/home/kaisirius/ros2_ws/install/my_robot_controller:/opt/ros/humble /usr/bin/cmake --install /home/kaisirius/btp/cav-platoons/build/polygon_plugins
[0.695s] Level 1:colcon.colcon_core.environment:checking '/home/kaisirius/btp/cav-platoons/install/polygon_plugins' for CMake config files
[0.695s] Level 1:colcon.colcon_core.shell:create_environment_hook('polygon_plugins', 'cmake_prefix_path')
[0.696s] INFO:colcon.colcon_core.shell:Creating environment hook '/home/kaisirius/btp/cav-platoons/install/polygon_plugins/share/polygon_plugins/hook/cmake_prefix_path.ps1'
[0.696s] INFO:colcon.colcon_core.shell:Creating environment descriptor '/home/kaisirius/btp/cav-platoons/install/polygon_plugins/share/polygon_plugins/hook/cmake_prefix_path.dsv'
[0.696s] INFO:colcon.colcon_core.shell:Creating environment hook '/home/kaisirius/btp/cav-platoons/install/polygon_plugins/share/polygon_plugins/hook/cmake_prefix_path.sh'
[0.696s] Level 1:colcon.colcon_core.environment:checking '/home/kaisirius/btp/cav-platoons/install/polygon_plugins/lib'
[0.697s] Level 1:colcon.colcon_core.shell:create_environment_hook('polygon_plugins', 'ld_library_path_lib')
[0.697s] INFO:colcon.colcon_core.shell:Creating environment hook '/home/kaisirius/btp/cav-platoons/install/polygon_plugins/share/polygon_plugins/hook/ld_library_path_lib.ps1'
[0.697s] INFO:colcon.colcon_core.shell:Creating environment descriptor '/home/kaisirius/btp/cav-platoons/install/polygon_plugins/share/polygon_plugins/hook/ld_library_path_lib.dsv'
[0.697s] INFO:colcon.colcon_core.shell:Creating environment hook '/home/kaisirius/btp/cav-platoons/install/polygon_plugins/share/polygon_plugins/hook/ld_library_path_lib.sh'
[0.697s] Level 1:colcon.colcon_core.environment:checking '/home/kaisirius/btp/cav-platoons/install/polygon_plugins/bin'
[0.697s] Level 1:colcon.colcon_core.environment:checking '/home/kaisirius/btp/cav-platoons/install/polygon_plugins/lib/pkgconfig/polygon_plugins.pc'
[0.698s] Level 1:colcon.colcon_core.environment:checking '/home/kaisirius/btp/cav-platoons/install/polygon_plugins/lib/python3.10/site-packages'
[0.698s] Level 1:colcon.colcon_core.environment:checking '/home/kaisirius/btp/cav-platoons/install/polygon_plugins/bin'
[0.698s] INFO:colcon.colcon_core.shell:Creating package script '/home/kaisirius/btp/cav-platoons/install/polygon_plugins/share/polygon_plugins/package.ps1'
[0.698s] INFO:colcon.colcon_core.shell:Creating package descriptor '/home/kaisirius/btp/cav-platoons/install/polygon_plugins/share/polygon_plugins/package.dsv'
[0.699s] INFO:colcon.colcon_core.shell:Creating package script '/home/kaisirius/btp/cav-platoons/install/polygon_plugins/share/polygon_plugins/package.sh'
[0.699s] INFO:colcon.colcon_core.shell:Creating package script '/home/kaisirius/btp/cav-platoons/install/polygon_plugins/share/polygon_plugins/package.bash'
[0.699s] INFO:colcon.colcon_core.shell:Creating package script '/home/kaisirius/btp/cav-platoons/install/polygon_plugins/share/polygon_plugins/package.zsh'
[0.699s] Level 1:colcon.colcon_core.environment:create_file_with_runtime_dependencies(/home/kaisirius/btp/cav-platoons/install/polygon_plugins/share/colcon-core/packages/polygon_plugins)
[0.700s] Level 1:colcon.colcon_core.environment:create_environment_scripts_only(polygon_plugins)
[0.700s] Level 1:colcon.colcon_core.environment:checking '/home/kaisirius/btp/cav-platoons/install/polygon_plugins' for CMake module files
[0.700s] Level 1:colcon.colcon_core.environment:checking '/home/kaisirius/btp/cav-platoons/install/polygon_plugins' for CMake config files
[0.701s] Level 1:colcon.colcon_core.shell:create_environment_hook('polygon_plugins', 'cmake_prefix_path')
[0.701s] INFO:colcon.colcon_core.shell:Creating environment hook '/home/kaisirius/btp/cav-platoons/install/polygon_plugins/share/polygon_plugins/hook/cmake_prefix_path.ps1'
[0.701s] INFO:colcon.colcon_core.shell:Creating environment descriptor '/home/kaisirius/btp/cav-platoons/install/polygon_plugins/share/polygon_plugins/hook/cmake_prefix_path.dsv'
[0.702s] INFO:colcon.colcon_core.shell:Creating environment hook '/home/kaisirius/btp/cav-platoons/install/polygon_plugins/share/polygon_plugins/hook/cmake_prefix_path.sh'
[0.702s] Level 1:colcon.colcon_core.environment:checking '/home/kaisirius/btp/cav-platoons/install/polygon_plugins/lib'
[0.702s] Level 1:colcon.colcon_core.shell:create_environment_hook('polygon_plugins', 'ld_library_path_lib')
[0.703s] INFO:colcon.colcon_core.shell:Creating environment hook '/home/kaisirius/btp/cav-platoons/install/polygon_plugins/share/polygon_plugins/hook/ld_library_path_lib.ps1'
[0.703s] INFO:colcon.colcon_core.shell:Creating environment descriptor '/home/kaisirius/btp/cav-platoons/install/polygon_plugins/share/polygon_plugins/hook/ld_library_path_lib.dsv'
[0.703s] INFO:colcon.colcon_core.shell:Creating environment hook '/home/kaisirius/btp/cav-platoons/install/polygon_plugins/share/polygon_plugins/hook/ld_library_path_lib.sh'
[0.704s] Level 1:colcon.colcon_core.environment:checking '/home/kaisirius/btp/cav-platoons/install/polygon_plugins/bin'
[0.704s] Level 1:colcon.colcon_core.environment:checking '/home/kaisirius/btp/cav-platoons/install/polygon_plugins/lib/pkgconfig/polygon_plugins.pc'
[0.704s] Level 1:colcon.colcon_core.environment:checking '/home/kaisirius/btp/cav-platoons/install/polygon_plugins/lib/python3.10/site-packages'
[0.704s] Level 1:colcon.colcon_core.environment:checking '/home/kaisirius/btp/cav-platoons/install/polygon_plugins/bin'
[0.705s] INFO:colcon.colcon_core.shell:Creating package script '/home/kaisirius/btp/cav-platoons/install/polygon_plugins/share/polygon_plugins/package.ps1'
[0.705s] INFO:colcon.colcon_core.shell:Creating package descriptor '/home/kaisirius/btp/cav-platoons/install/polygon_plugins/share/polygon_plugins/package.dsv'
[0.706s] INFO:colcon.colcon_core.shell:Creating package script '/home/kaisirius/btp/cav-platoons/install/polygon_plugins/share/polygon_plugins/package.sh'
[0.706s] INFO:colcon.colcon_core.shell:Creating package script '/home/kaisirius/btp/cav-platoons/install/polygon_plugins/share/polygon_plugins/package.bash'
[0.707s] INFO:colcon.colcon_core.shell:Creating package script '/home/kaisirius/btp/cav-platoons/install/polygon_plugins/share/polygon_plugins/package.zsh'
[0.707s] Level 1:colcon.colcon_core.environment:create_file_with_runtime_dependencies(/home/kaisirius/btp/cav-platoons/install/polygon_plugins/share/colcon-core/packages/polygon_plugins)
[0.821s] DEBUG:colcon.colcon_core.event_handler.log_command:Invoking command in '/home/kaisirius/btp/cav-platoons/src/my_robot_controller': PYTHONPATH=/home/kaisirius/btp/cav-platoons/build/my_robot_controller/prefix_override:/usr/lib/python3/dist-packages/colcon_core/task/python/colcon_distutils_commands:/home/kaisirius/btp/cav-platoons/install/my_robot_controller/lib/python3.10/site-packages:${PYTHONPATH} /usr/bin/python3 -W ignore:setup.py install is deprecated -W ignore:easy_install command is deprecated setup.py egg_info --egg-base ../../build/my_robot_controller build --build-base /home/kaisirius/btp/cav-platoons/build/my_robot_controller/build install --record /home/kaisirius/btp/cav-platoons/build/my_robot_controller/install.log --single-version-externally-managed install_data
[0.841s] DEBUG:colcon.colcon_core.event_handler.log_command:Invoking command in '/home/kaisirius/btp/cav-platoons/src/paper_implementation': PYTHONPATH=/home/kaisirius/btp/cav-platoons/build/paper_implementation/prefix_override:/usr/lib/python3/dist-packages/colcon_core/task/python/colcon_distutils_commands:/home/kaisirius/btp/cav-platoons/install/paper_implementation/lib/python3.10/site-packages:${PYTHONPATH} /usr/bin/python3 -W ignore:setup.py install is deprecated -W ignore:easy_install command is deprecated setup.py egg_info --egg-base ../../build/paper_implementation build --build-base /home/kaisirius/btp/cav-platoons/build/paper_implementation/build install --record /home/kaisirius/btp/cav-platoons/build/paper_implementation/install.log --single-version-externally-managed install_data
[0.998s] Level 1:colcon.colcon_core.environment:checking '/home/kaisirius/btp/cav-platoons/install/my_robot_controller' for CMake module files
[0.999s] DEBUG:colcon.colcon_core.event_handler.log_command:Invoked command in '/home/kaisirius/btp/cav-platoons/src/my_robot_controller' returned '0': PYTHONPATH=/home/kaisirius/btp/cav-platoons/build/my_robot_controller/prefix_override:/usr/lib/python3/dist-packages/colcon_core/task/python/colcon_distutils_commands:/home/kaisirius/btp/cav-platoons/install/my_robot_controller/lib/python3.10/site-packages:${PYTHONPATH} /usr/bin/python3 -W ignore:setup.py install is deprecated -W ignore:easy_install command is deprecated setup.py egg_info --egg-base ../../build/my_robot_controller build --build-base /home/kaisirius/btp/cav-platoons/build/my_robot_controller/build install --record /home/kaisirius/btp/cav-platoons/build/my_robot_controller/install.log --single-version-externally-managed install_data
[0.999s] Level 1:colcon.colcon_core.environment:checking '/home/kaisirius/btp/cav-platoons/install/my_robot_controller' for CMake config files
[0.999s] Level 1:colcon.colcon_core.environment:checking '/home/kaisirius/btp/cav-platoons/install/my_robot_controller/lib'
[1.000s] Level 1:colcon.colcon_core.environment:checking '/home/kaisirius/btp/cav-platoons/install/my_robot_controller/bin'
[1.000s] Level 1:colcon.colcon_core.environment:checking '/home/kaisirius/btp/cav-platoons/install/my_robot_controller/lib/pkgconfig/my_robot_controller.pc'
[1.000s] Level 1:colcon.colcon_core.environment:checking '/home/kaisirius/btp/cav-platoons/install/my_robot_controller/lib/python3.10/site-packages'
[1.000s] Level 1:colcon.colcon_core.shell:create_environment_hook('my_robot_controller', 'pythonpath')
[1.000s] INFO:colcon.colcon_core.shell:Creating environment hook '/home/kaisirius/btp/cav-platoons/install/my_robot_controller/share/my_robot_controller/hook/pythonpath.ps1'
[1.001s] INFO:colcon.colcon_core.shell:Creating environment descriptor '/home/kaisirius/btp/cav-platoons/install/my_robot_controller/share/my_robot_controller/hook/pythonpath.dsv'
[1.001s] INFO:colcon.colcon_core.shell:Creating environment hook '/home/kaisirius/btp/cav-platoons/install/my_robot_controller/share/my_robot_controller/hook/pythonpath.sh'
[1.002s] Level 1:colcon.colcon_core.environment:checking '/home/kaisirius/btp/cav-platoons/install/my_robot_controller/bin'
[1.002s] Level 1:colcon.colcon_core.environment:create_environment_scripts_only(my_robot_controller)
[1.002s] INFO:colcon.colcon_core.shell:Creating package script '/home/kaisirius/btp/cav-platoons/install/my_robot_controller/share/my_robot_controller/package.ps1'
[1.003s] INFO:colcon.colcon_core.shell:Creating package descriptor '/home/kaisirius/btp/cav-platoons/install/my_robot_controller/share/my_robot_controller/package.dsv'
[1.003s] INFO:colcon.colcon_core.shell:Creating package script '/home/kaisirius/btp/cav-platoons/install/my_robot_controller/share/my_robot_controller/package.sh'
[1.004s] INFO:colcon.colcon_core.shell:Creating package script '/home/kaisirius/btp/cav-platoons/install/my_robot_controller/share/my_robot_controller/package.bash'
[1.004s] INFO:colcon.colcon_core.shell:Creating package script '/home/kaisirius/btp/cav-platoons/install/my_robot_controller/share/my_robot_controller/package.zsh'
[1.005s] Level 1:colcon.colcon_core.environment:create_file_with_runtime_dependencies(/home/kaisirius/btp/cav-platoons/install/my_robot_controller/share/colcon-core/packages/my_robot_controller)
[1.012s] Level 1:colcon.colcon_core.environment:checking '/home/kaisirius/btp/cav-platoons/install/paper_implementation' for CMake module files
[1.012s] Level 1:colcon.colcon_core.environment:checking '/home/kaisirius/btp/cav-platoons/install/paper_implementation' for CMake config files
[1.013s] DEBUG:colcon.colcon_core.event_handler.log_command:Invoked command in '/home/kaisirius/btp/cav-platoons/src/paper_implementation' returned '0': PYTHONPATH=/home/kaisirius/btp/cav-platoons/build/paper_implementation/prefix_override:/usr/lib/python3/dist-packages/colcon_core/task/python/colcon_distutils_commands:/home/kaisirius/btp/cav-platoons/install/paper_implementation/lib/python3.10/site-packages:${PYTHONPATH} /usr/bin/python3 -W ignore:setup.py install is deprecated -W ignore:easy_install command is deprecated setup.py egg_info --egg-base ../../build/paper_implementation build --build-base /home/kaisirius/btp/cav-platoons/build/paper_implementation/build install --record /home/kaisirius/btp/cav-platoons/build/paper_implementation/install.log --single-version-externally-managed install_data
[1.013s] Level 1:colcon.colcon_core.environment:checking '/home/kaisirius/btp/cav-platoons/install/paper_implementation/lib'
[1.013s] Level 1:colcon.colcon_core.environment:checking '/home/kaisirius/btp/cav-platoons/install/paper_implementation/bin'
[1.013s] Level 1:colcon.colcon_core.environment:checking '/home/kaisirius/btp/cav-platoons/install/paper_implementation/lib/pkgconfig/paper_implementation.pc'
[1.014s] Level 1:colcon.colcon_core.environment:checking '/home/kaisirius/btp/cav-platoons/install/paper_implementation/lib/python3.10/site-packages'
[1.014s] Level 1:colcon.colcon_core.shell:create_environment_hook('paper_implementation', 'pythonpath')
[1.014s] INFO:colcon.colcon_core.shell:Creating environment hook '/home/kaisirius/btp/cav-platoons/install/paper_implementation/share/paper_implementation/hook/pythonpath.ps1'
[1.014s] INFO:colcon.colcon_core.shell:Creating environment descriptor '/home/kaisirius/btp/cav-platoons/install/paper_implementation/share/paper_implementation/hook/pythonpath.dsv'
[1.015s] INFO:colcon.colcon_core.shell:Creating environment hook '/home/kaisirius/btp/cav-platoons/install/paper_implementation/share/paper_implementation/hook/pythonpath.sh'
[1.015s] Level 1:colcon.colcon_core.environment:checking '/home/kaisirius/btp/cav-platoons/install/paper_implementation/bin'
[1.016s] Level 1:colcon.colcon_core.environment:create_environment_scripts_only(paper_implementation)
[1.016s] INFO:colcon.colcon_core.shell:Creating package script '/home/kaisirius/btp/cav-platoons/install/paper_implementation/share/paper_implementation/package.ps1'
[1.016s] INFO:colcon.colcon_core.shell:Creating package descriptor '/home/kaisirius/btp/cav-platoons/install/paper_implementation/share/paper_implementation/package.dsv'
[1.017s] INFO:colcon.colcon_core.shell:Creating package script '/home/kaisirius/btp/cav-platoons/install/paper_implementation/share/paper_implementation/package.sh'
[1.017s] INFO:colcon.colcon_core.shell:Creating package script '/home/kaisirius/btp/cav-platoons/install/paper_implementation/share/paper_implementation/package.bash'
[1.018s] INFO:colcon.colcon_core.shell:Creating package script '/home/kaisirius/btp/cav-platoons/install/paper_implementation/share/paper_implementation/package.zsh'
[1.018s] Level 1:colcon.colcon_core.environment:create_file_with_runtime_dependencies(/home/kaisirius/btp/cav-platoons/install/paper_implementation/share/colcon-core/packages/paper_implementation)
[1.018s] DEBUG:colcon.colcon_parallel_executor.executor.parallel:closing loop
[1.019s] DEBUG:colcon.colcon_parallel_executor.executor.parallel:loop closed
[1.019s] DEBUG:colcon.colcon_parallel_executor.executor.parallel:run_until_complete finished with '0'
[1.019s] DEBUG:colcon.colcon_core.event_reactor:joining thread
[1.024s] INFO:colcon.colcon_core.plugin_system:Skipping extension 'colcon_notification.desktop_notification.terminal_notifier': Not used on non-Darwin systems
[1.024s] INFO:colcon.colcon_core.plugin_system:Skipping extension 'colcon_notification.desktop_notification.win32': Not used on non-Windows systems
[1.024s] INFO:colcon.colcon_notification.desktop_notification:Sending desktop notification using 'notify2'
[1.035s] DEBUG:colcon.colcon_core.event_reactor:joined thread
[1.035s] INFO:colcon.colcon_core.shell:Creating prefix script '/home/kaisirius/btp/cav-platoons/install/local_setup.ps1'
[1.036s] INFO:colcon.colcon_core.shell:Creating prefix util module '/home/kaisirius/btp/cav-platoons/install/_local_setup_util_ps1.py'
[1.038s] INFO:colcon.colcon_core.shell:Creating prefix chain script '/home/kaisirius/btp/cav-platoons/install/setup.ps1'
[1.040s] INFO:colcon.colcon_core.shell:Creating prefix script '/home/kaisirius/btp/cav-platoons/install/local_setup.sh'
[1.040s] INFO:colcon.colcon_core.shell:Creating prefix util module '/home/kaisirius/btp/cav-platoons/install/_local_setup_util_sh.py'
[1.041s] INFO:colcon.colcon_core.shell:Creating prefix chain script '/home/kaisirius/btp/cav-platoons/install/setup.sh'
[1.042s] INFO:colcon.colcon_core.shell:Creating prefix script '/home/kaisirius/btp/cav-platoons/install/local_setup.bash'
[1.042s] INFO:colcon.colcon_core.shell:Creating prefix chain script '/home/kaisirius/btp/cav-platoons/install/setup.bash'
[1.043s] INFO:colcon.colcon_core.shell:Creating prefix script '/home/kaisirius/btp/cav-platoons/install/local_setup.zsh'
[1.044s] INFO:colcon.colcon_core.shell:Creating prefix chain script '/home/kaisirius/btp/cav-platoons/install/setup.zsh'
