[0.802s] Invoking command in '/home/kaisirius/btp/cav-platoons/src/paper_implementation': PYTHONPATH=/home/kaisirius/btp/cav-platoons/build/paper_implementation/prefix_override:/usr/lib/python3/dist-packages/colcon_core/task/python/colcon_distutils_commands:/home/kaisirius/btp/cav-platoons/install/paper_implementation/lib/python3.10/site-packages:${PYTHONPATH} /usr/bin/python3 -W ignore:setup.py install is deprecated -W ignore:easy_install command is deprecated setup.py egg_info --egg-base ../../build/paper_implementation build --build-base /home/kaisirius/btp/cav-platoons/build/paper_implementation/build install --record /home/kaisirius/btp/cav-platoons/build/paper_implementation/install.log --single-version-externally-managed install_data
[0.978s] running egg_info
[0.978s] writing ../../build/paper_implementation/paper_implementation.egg-info/PKG-INFO
[0.979s] writing dependency_links to ../../build/paper_implementation/paper_implementation.egg-info/dependency_links.txt
[0.979s] writing entry points to ../../build/paper_implementation/paper_implementation.egg-info/entry_points.txt
[0.979s] writing requirements to ../../build/paper_implementation/paper_implementation.egg-info/requires.txt
[0.979s] writing top-level names to ../../build/paper_implementation/paper_implementation.egg-info/top_level.txt
[0.980s] reading manifest file '../../build/paper_implementation/paper_implementation.egg-info/SOURCES.txt'
[0.981s] writing manifest file '../../build/paper_implementation/paper_implementation.egg-info/SOURCES.txt'
[0.982s] running build
[0.982s] running build_py
[0.982s] copying paper_implementation/collision_node_onesv_onemoving_ov.py -> /home/kaisirius/btp/cav-platoons/build/paper_implementation/build/lib/paper_implementation
[0.982s] running install
[0.982s] running install_lib
[0.983s] copying /home/kaisirius/btp/cav-platoons/build/paper_implementation/build/lib/paper_implementation/collision_node_onesv_onemoving_ov.py -> /home/kaisirius/btp/cav-platoons/install/paper_implementation/lib/python3.10/site-packages/paper_implementation
[0.983s] byte-compiling /home/kaisirius/btp/cav-platoons/install/paper_implementation/lib/python3.10/site-packages/paper_implementation/collision_node_onesv_onemoving_ov.py to collision_node_onesv_onemoving_ov.cpython-310.pyc
[0.984s] running install_data
[0.985s] running install_egg_info
[0.986s] removing '/home/kaisirius/btp/cav-platoons/install/paper_implementation/lib/python3.10/site-packages/paper_implementation-0.0.0-py3.10.egg-info' (and everything under it)
[0.986s] Copying ../../build/paper_implementation/paper_implementation.egg-info to /home/kaisirius/btp/cav-platoons/install/paper_implementation/lib/python3.10/site-packages/paper_implementation-0.0.0-py3.10.egg-info
[0.986s] running install_scripts
[1.003s] Installing collision_node_onesv_onemoving_ov script to /home/kaisirius/btp/cav-platoons/install/paper_implementation/lib/paper_implementation
[1.003s] writing list of installed files to '/home/kaisirius/btp/cav-platoons/build/paper_implementation/install.log'
[1.025s] Invoked command in '/home/kaisirius/btp/cav-platoons/src/paper_implementation' returned '0': PYTHONPATH=/home/kaisirius/btp/cav-platoons/build/paper_implementation/prefix_override:/usr/lib/python3/dist-packages/colcon_core/task/python/colcon_distutils_commands:/home/kaisirius/btp/cav-platoons/install/paper_implementation/lib/python3.10/site-packages:${PYTHONPATH} /usr/bin/python3 -W ignore:setup.py install is deprecated -W ignore:easy_install command is deprecated setup.py egg_info --egg-base ../../build/paper_implementation build --build-base /home/kaisirius/btp/cav-platoons/build/paper_implementation/build install --record /home/kaisirius/btp/cav-platoons/build/paper_implementation/install.log --single-version-externally-managed install_data
