running develop
running egg_info
writing ../../build/paper_implementation/paper_implementation.egg-info/PKG-INFO
writing dependency_links to ../../build/paper_implementation/paper_implementation.egg-info/dependency_links.txt
writing entry points to ../../build/paper_implementation/paper_implementation.egg-info/entry_points.txt
writing requirements to ../../build/paper_implementation/paper_implementation.egg-info/requires.txt
writing top-level names to ../../build/paper_implementation/paper_implementation.egg-info/top_level.txt
reading manifest file '../../build/paper_implementation/paper_implementation.egg-info/SOURCES.txt'
writing manifest file '../../build/paper_implementation/paper_implementation.egg-info/SOURCES.txt'
running build
running build_py
copying paper_implementation/collision_node.py -> /home/sanya/ros2_ws/build/paper_implementation/build/lib/paper_implementation
copying paper_implementation/collision_node_3sv_1moving_ov.py -> /home/sanya/ros2_ws/build/paper_implementation/build/lib/paper_implementation
running install
running install_lib
copying /home/sanya/ros2_ws/build/paper_implementation/build/lib/paper_implementation/collision_node.py -> /home/sanya/ros2_ws/install/paper_implementation/lib/python3.10/site-packages/paper_implementation
copying /home/sanya/ros2_ws/build/paper_implementation/build/lib/paper_implementation/collision_node_3sv_1moving_ov.py -> /home/sanya/ros2_ws/install/paper_implementation/lib/python3.10/site-packages/paper_implementation
byte-compiling /home/sanya/ros2_ws/install/paper_implementation/lib/python3.10/site-packages/paper_implementation/collision_node.py to collision_node.cpython-310.pyc
byte-compiling /home/sanya/ros2_ws/install/paper_implementation/lib/python3.10/site-packages/paper_implementation/collision_node_3sv_1moving_ov.py to collision_node_3sv_1moving_ov.cpython-310.pyc
running install_data
running install_egg_info
removing '/home/sanya/ros2_ws/install/paper_implementation/lib/python3.10/site-packages/paper_implementation-0.0.0-py3.10.egg-info' (and everything under it)
Copying ../../build/paper_implementation/paper_implementation.egg-info to /home/sanya/ros2_ws/install/paper_implementation/lib/python3.10/site-packages/paper_implementation-0.0.0-py3.10.egg-info
running install_scripts
Installing paper_node script to /home/sanya/ros2_ws/install/paper_implementation/lib/paper_implementation
writing list of installed files to '/home/sanya/ros2_ws/build/paper_implementation/install.log'
