[0.022s] Invoking command in '/home/kaisirius/btp/cav-platoons/build/polygon_base': CMAKE_PREFIX_PATH=/home/kaisirius/ros2_ws/install/my_robot_controller:/opt/ros/humble /usr/bin/cmake /home/kaisirius/btp/cav-platoons/src/polygon_base -DCMAKE_INSTALL_PREFIX=/home/kaisirius/btp/cav-platoons/install/polygon_base
[0.216s] -- The C compiler identification is GNU 11.4.0
[0.216s] -- The CXX compiler identification is GNU 11.4.0
[0.216s] -- Detecting C compiler ABI info
[0.216s] -- Detecting C compiler ABI info - done
[0.216s] -- Check for working C compiler: /usr/bin/cc - skipped
[0.216s] -- Detecting C compile features
[0.216s] -- Detecting C compile features - done
[0.217s] -- Detecting CXX compiler ABI info
[0.262s] -- Detecting CXX compiler ABI info - done
[0.268s] -- Check for working CXX compiler: /usr/bin/c++ - skipped
[0.268s] -- Detecting CXX compile features
[0.268s] -- Detecting CXX compile features - done
[0.269s] -- Found ament_cmake: 1.3.12 (/opt/ros/humble/share/ament_cmake/cmake)
[0.400s] -- Found Python3: /usr/bin/python3 (found version "3.10.12") found components: Interpreter 
[0.510s] -- Found pluginlib: 5.1.3 (/opt/ros/humble/share/pluginlib/cmake)
[0.552s] -- Found ament_lint_auto: 0.12.14 (/opt/ros/humble/share/ament_lint_auto/cmake)
[0.623s] -- Added test 'cppcheck' to perform static code analysis on C / C++ code
[0.623s] -- Configured cppcheck include dirs: $<BUILD_INTERFACE:/home/kaisirius/btp/cav-platoons/src/polygon_base/include>
[0.623s] -- Configured cppcheck exclude dirs and/or files: 
[0.623s] -- Added test 'lint_cmake' to check CMake code style
[0.624s] -- Added test 'uncrustify' to check C / C++ code style
[0.624s] -- Configured uncrustify additional arguments: 
[0.624s] -- Added test 'xmllint' to check XML markup files
[0.626s] -- Configuring done
[0.631s] -- Generating done
[0.631s] -- Build files have been written to: /home/kaisirius/btp/cav-platoons/build/polygon_base
[0.636s] Invoked command in '/home/kaisirius/btp/cav-platoons/build/polygon_base' returned '0': CMAKE_PREFIX_PATH=/home/kaisirius/ros2_ws/install/my_robot_controller:/opt/ros/humble /usr/bin/cmake /home/kaisirius/btp/cav-platoons/src/polygon_base -DCMAKE_INSTALL_PREFIX=/home/kaisirius/btp/cav-platoons/install/polygon_base
[0.638s] Invoking command in '/home/kaisirius/btp/cav-platoons/build/polygon_base': CMAKE_PREFIX_PATH=/home/kaisirius/ros2_ws/install/my_robot_controller:/opt/ros/humble /usr/bin/cmake --build /home/kaisirius/btp/cav-platoons/build/polygon_base -- -j12 -l12
[0.687s] [ 50%] [32mBuilding CXX object CMakeFiles/area_node.dir/src/area_node.cpp.o[0m
[2.865s] [100%] [32m[1mLinking CXX executable area_node[0m
[2.995s] [100%] Built target area_node
[3.005s] Invoked command in '/home/kaisirius/btp/cav-platoons/build/polygon_base' returned '0': CMAKE_PREFIX_PATH=/home/kaisirius/ros2_ws/install/my_robot_controller:/opt/ros/humble /usr/bin/cmake --build /home/kaisirius/btp/cav-platoons/build/polygon_base -- -j12 -l12
[3.007s] Invoking command in '/home/kaisirius/btp/cav-platoons/build/polygon_base': CMAKE_PREFIX_PATH=/home/kaisirius/ros2_ws/install/my_robot_controller:/opt/ros/humble /usr/bin/cmake --install /home/kaisirius/btp/cav-platoons/build/polygon_base
[3.015s] -- Install configuration: ""
[3.015s] -- Installing: /home/kaisirius/btp/cav-platoons/install/polygon_base/include
[3.015s] -- Installing: /home/kaisirius/btp/cav-platoons/install/polygon_base/include/polygon_base
[3.015s] -- Installing: /home/kaisirius/btp/cav-platoons/install/polygon_base/include/polygon_base/regular_polygon.hpp
[3.015s] -- Installing: /home/kaisirius/btp/cav-platoons/install/polygon_base/lib/polygon_base/area_node
[3.017s] -- Set runtime path of "/home/kaisirius/btp/cav-platoons/install/polygon_base/lib/polygon_base/area_node" to ""
[3.017s] -- Installing: /home/kaisirius/btp/cav-platoons/install/polygon_base/share/ament_index/resource_index/package_run_dependencies/polygon_base
[3.017s] -- Installing: /home/kaisirius/btp/cav-platoons/install/polygon_base/share/ament_index/resource_index/parent_prefix_path/polygon_base
[3.018s] -- Installing: /home/kaisirius/btp/cav-platoons/install/polygon_base/share/polygon_base/environment/ament_prefix_path.sh
[3.019s] -- Installing: /home/kaisirius/btp/cav-platoons/install/polygon_base/share/polygon_base/environment/ament_prefix_path.dsv
[3.019s] -- Installing: /home/kaisirius/btp/cav-platoons/install/polygon_base/share/polygon_base/environment/path.sh
[3.019s] -- Installing: /home/kaisirius/btp/cav-platoons/install/polygon_base/share/polygon_base/environment/path.dsv
[3.019s] -- Installing: /home/kaisirius/btp/cav-platoons/install/polygon_base/share/polygon_base/local_setup.bash
[3.020s] -- Installing: /home/kaisirius/btp/cav-platoons/install/polygon_base/share/polygon_base/local_setup.sh
[3.020s] -- Installing: /home/kaisirius/btp/cav-platoons/install/polygon_base/share/polygon_base/local_setup.zsh
[3.020s] -- Installing: /home/kaisirius/btp/cav-platoons/install/polygon_base/share/polygon_base/local_setup.dsv
[3.020s] -- Installing: /home/kaisirius/btp/cav-platoons/install/polygon_base/share/polygon_base/package.dsv
[3.020s] -- Installing: /home/kaisirius/btp/cav-platoons/install/polygon_base/share/ament_index/resource_index/packages/polygon_base
[3.020s] -- Installing: /home/kaisirius/btp/cav-platoons/install/polygon_base/share/polygon_base/cmake/ament_cmake_export_include_directories-extras.cmake
[3.020s] -- Installing: /home/kaisirius/btp/cav-platoons/install/polygon_base/share/polygon_base/cmake/polygon_baseConfig.cmake
[3.020s] -- Installing: /home/kaisirius/btp/cav-platoons/install/polygon_base/share/polygon_base/cmake/polygon_baseConfig-version.cmake
[3.021s] -- Installing: /home/kaisirius/btp/cav-platoons/install/polygon_base/share/polygon_base/package.xml
[3.024s] Invoked command in '/home/kaisirius/btp/cav-platoons/build/polygon_base' returned '0': CMAKE_PREFIX_PATH=/home/kaisirius/ros2_ws/install/my_robot_controller:/opt/ros/humble /usr/bin/cmake --install /home/kaisirius/btp/cav-platoons/build/polygon_base
