[0.020s] Invoking command in '/home/kaisirius/btp/cav-platoons/build/polygon_plugins': CMAKE_PREFIX_PATH=/home/kaisirius/btp/cav-platoons/install/polygon_base:/home/kaisirius/btp/cav-platoons/install/polygon_plugins:/home/kaisirius/btp/cav-platoons/install/my_package:/home/kaisirius/btp/cav-platoons/install/more_interfaces:/home/kaisirius/btp/cav-platoons/install/paper_implementation:/home/kaisirius/btp/cav-platoons/install/my_robot_controller:/home/kaisirius/ros2_ws/install/my_robot_controller:/opt/ros/humble /usr/bin/cmake --build /home/kaisirius/btp/cav-platoons/build/polygon_plugins -- -j12 -l12
[0.077s] [100%] Built target polygon_plugins
[0.087s] Invoked command in '/home/kaisirius/btp/cav-platoons/build/polygon_plugins' returned '0': CMAKE_PREFIX_PATH=/home/kaisirius/btp/cav-platoons/install/polygon_base:/home/kaisirius/btp/cav-platoons/install/polygon_plugins:/home/kaisirius/btp/cav-platoons/install/my_package:/home/kaisirius/btp/cav-platoons/install/more_interfaces:/home/kaisirius/btp/cav-platoons/install/paper_implementation:/home/kaisirius/btp/cav-platoons/install/my_robot_controller:/home/kaisirius/ros2_ws/install/my_robot_controller:/opt/ros/humble /usr/bin/cmake --build /home/kaisirius/btp/cav-platoons/build/polygon_plugins -- -j12 -l12
[0.089s] Invoking command in '/home/kaisirius/btp/cav-platoons/build/polygon_plugins': CMAKE_PREFIX_PATH=/home/kaisirius/btp/cav-platoons/install/polygon_base:/home/kaisirius/btp/cav-platoons/install/polygon_plugins:/home/kaisirius/btp/cav-platoons/install/my_package:/home/kaisirius/btp/cav-platoons/install/more_interfaces:/home/kaisirius/btp/cav-platoons/install/paper_implementation:/home/kaisirius/btp/cav-platoons/install/my_robot_controller:/home/kaisirius/ros2_ws/install/my_robot_controller:/opt/ros/humble /usr/bin/cmake --install /home/kaisirius/btp/cav-platoons/build/polygon_plugins
[0.097s] -- Install configuration: ""
[0.097s] -- Up-to-date: /home/kaisirius/btp/cav-platoons/install/polygon_plugins/share/polygon_plugins/plugins.xml
[0.097s] -- Up-to-date: /home/kaisirius/btp/cav-platoons/install/polygon_plugins/include
[0.097s] -- Up-to-date: /home/kaisirius/btp/cav-platoons/install/polygon_plugins/include/polygon_plugins
[0.097s] -- Up-to-date: /home/kaisirius/btp/cav-platoons/install/polygon_plugins/include/polygon_plugins/visibility_control.h
[0.097s] -- Up-to-date: /home/kaisirius/btp/cav-platoons/install/polygon_plugins/include/polygon_plugins/polygon_plugins.hpp
[0.097s] -- Up-to-date: /home/kaisirius/btp/cav-platoons/install/polygon_plugins/lib/libpolygon_plugins.so
[0.098s] -- Up-to-date: /home/kaisirius/btp/cav-platoons/install/polygon_plugins/share/polygon_plugins/environment/library_path.sh
[0.098s] -- Up-to-date: /home/kaisirius/btp/cav-platoons/install/polygon_plugins/share/polygon_plugins/environment/library_path.dsv
[0.098s] -- Up-to-date: /home/kaisirius/btp/cav-platoons/install/polygon_plugins/share/ament_index/resource_index/package_run_dependencies/polygon_plugins
[0.098s] -- Up-to-date: /home/kaisirius/btp/cav-platoons/install/polygon_plugins/share/ament_index/resource_index/parent_prefix_path/polygon_plugins
[0.098s] -- Up-to-date: /home/kaisirius/btp/cav-platoons/install/polygon_plugins/share/polygon_plugins/environment/ament_prefix_path.sh
[0.098s] -- Up-to-date: /home/kaisirius/btp/cav-platoons/install/polygon_plugins/share/polygon_plugins/environment/ament_prefix_path.dsv
[0.098s] -- Up-to-date: /home/kaisirius/btp/cav-platoons/install/polygon_plugins/share/polygon_plugins/environment/path.sh
[0.098s] -- Up-to-date: /home/kaisirius/btp/cav-platoons/install/polygon_plugins/share/polygon_plugins/environment/path.dsv
[0.098s] -- Up-to-date: /home/kaisirius/btp/cav-platoons/install/polygon_plugins/share/polygon_plugins/local_setup.bash
[0.098s] -- Up-to-date: /home/kaisirius/btp/cav-platoons/install/polygon_plugins/share/polygon_plugins/local_setup.sh
[0.098s] -- Up-to-date: /home/kaisirius/btp/cav-platoons/install/polygon_plugins/share/polygon_plugins/local_setup.zsh
[0.098s] -- Up-to-date: /home/kaisirius/btp/cav-platoons/install/polygon_plugins/share/polygon_plugins/local_setup.dsv
[0.098s] -- Installing: /home/kaisirius/btp/cav-platoons/install/polygon_plugins/share/polygon_plugins/package.dsv
[0.098s] -- Up-to-date: /home/kaisirius/btp/cav-platoons/install/polygon_plugins/share/ament_index/resource_index/packages/polygon_plugins
[0.098s] -- Up-to-date: /home/kaisirius/btp/cav-platoons/install/polygon_plugins/share/ament_index/resource_index/polygon_base__pluginlib__plugin/polygon_plugins
[0.099s] -- Up-to-date: /home/kaisirius/btp/cav-platoons/install/polygon_plugins/share/polygon_plugins/cmake/export_polygon_pluginsExport.cmake
[0.099s] -- Up-to-date: /home/kaisirius/btp/cav-platoons/install/polygon_plugins/share/polygon_plugins/cmake/export_polygon_pluginsExport-noconfig.cmake
[0.099s] -- Up-to-date: /home/kaisirius/btp/cav-platoons/install/polygon_plugins/share/polygon_plugins/cmake/ament_cmake_export_include_directories-extras.cmake
[0.099s] -- Up-to-date: /home/kaisirius/btp/cav-platoons/install/polygon_plugins/share/polygon_plugins/cmake/ament_cmake_export_libraries-extras.cmake
[0.099s] -- Up-to-date: /home/kaisirius/btp/cav-platoons/install/polygon_plugins/share/polygon_plugins/cmake/ament_cmake_export_targets-extras.cmake
[0.100s] -- Up-to-date: /home/kaisirius/btp/cav-platoons/install/polygon_plugins/share/polygon_plugins/cmake/polygon_pluginsConfig.cmake
[0.101s] -- Up-to-date: /home/kaisirius/btp/cav-platoons/install/polygon_plugins/share/polygon_plugins/cmake/polygon_pluginsConfig-version.cmake
[0.101s] -- Up-to-date: /home/kaisirius/btp/cav-platoons/install/polygon_plugins/share/polygon_plugins/package.xml
[0.101s] Invoked command in '/home/kaisirius/btp/cav-platoons/build/polygon_plugins' returned '0': CMAKE_PREFIX_PATH=/home/kaisirius/btp/cav-platoons/install/polygon_base:/home/kaisirius/btp/cav-platoons/install/polygon_plugins:/home/kaisirius/btp/cav-platoons/install/my_package:/home/kaisirius/btp/cav-platoons/install/more_interfaces:/home/kaisirius/btp/cav-platoons/install/paper_implementation:/home/kaisirius/btp/cav-platoons/install/my_robot_controller:/home/kaisirius/ros2_ws/install/my_robot_controller:/opt/ros/humble /usr/bin/cmake --install /home/kaisirius/btp/cav-platoons/build/polygon_plugins
