[0.687s] Invoking command in '/home/kaisirius/btp/cav-platoons/src/my_robot_controller': PYTHONPATH=/home/kaisirius/btp/cav-platoons/build/my_robot_controller/prefix_override:/usr/lib/python3/dist-packages/colcon_core/task/python/colcon_distutils_commands:/home/kaisirius/btp/cav-platoons/install/my_robot_controller/lib/python3.10/site-packages:${PYTHONPATH} /usr/bin/python3 -W ignore:setup.py install is deprecated -W ignore:easy_install command is deprecated setup.py egg_info --egg-base ../../build/my_robot_controller build --build-base /home/kaisirius/btp/cav-platoons/build/my_robot_controller/build install --record /home/kaisirius/btp/cav-platoons/build/my_robot_controller/install.log --single-version-externally-managed install_data
[0.851s] running egg_info
[0.852s] writing ../../build/my_robot_controller/my_robot_controller.egg-info/PKG-INFO
[0.852s] writing dependency_links to ../../build/my_robot_controller/my_robot_controller.egg-info/dependency_links.txt
[0.852s] writing entry points to ../../build/my_robot_controller/my_robot_controller.egg-info/entry_points.txt
[0.852s] writing requirements to ../../build/my_robot_controller/my_robot_controller.egg-info/requires.txt
[0.852s] writing top-level names to ../../build/my_robot_controller/my_robot_controller.egg-info/top_level.txt
[0.853s] reading manifest file '../../build/my_robot_controller/my_robot_controller.egg-info/SOURCES.txt'
[0.854s] writing manifest file '../../build/my_robot_controller/my_robot_controller.egg-info/SOURCES.txt'
[0.854s] running build
[0.854s] running build_py
[0.854s] running install
[0.855s] running install_lib
[0.856s] running install_data
[0.856s] running install_egg_info
[0.858s] removing '/home/kaisirius/btp/cav-platoons/install/my_robot_controller/lib/python3.10/site-packages/my_robot_controller-0.0.0-py3.10.egg-info' (and everything under it)
[0.858s] Copying ../../build/my_robot_controller/my_robot_controller.egg-info to /home/kaisirius/btp/cav-platoons/install/my_robot_controller/lib/python3.10/site-packages/my_robot_controller-0.0.0-py3.10.egg-info
[0.858s] running install_scripts
[0.875s] Installing draw_circle script to /home/kaisirius/btp/cav-platoons/install/my_robot_controller/lib/my_robot_controller
[0.875s] Installing pose_subscriber script to /home/kaisirius/btp/cav-platoons/install/my_robot_controller/lib/my_robot_controller
[0.875s] Installing test_node script to /home/kaisirius/btp/cav-platoons/install/my_robot_controller/lib/my_robot_controller
[0.875s] writing list of installed files to '/home/kaisirius/btp/cav-platoons/build/my_robot_controller/install.log'
[0.898s] Invoked command in '/home/kaisirius/btp/cav-platoons/src/my_robot_controller' returned '0': PYTHONPATH=/home/kaisirius/btp/cav-platoons/build/my_robot_controller/prefix_override:/usr/lib/python3/dist-packages/colcon_core/task/python/colcon_distutils_commands:/home/kaisirius/btp/cav-platoons/install/my_robot_controller/lib/python3.10/site-packages:${PYTHONPATH} /usr/bin/python3 -W ignore:setup.py install is deprecated -W ignore:easy_install command is deprecated setup.py egg_info --egg-base ../../build/my_robot_controller build --build-base /home/kaisirius/btp/cav-platoons/build/my_robot_controller/build install --record /home/kaisirius/btp/cav-platoons/build/my_robot_controller/install.log --single-version-externally-managed install_data
