[0.373s] Invoking command in '/home/sanya/ros2_ws/build/paper_implementation': PYTHONPATH=/home/sanya/ros2_ws/build/paper_implementation/prefix_override:/home/sanya/ros2_ws/install/paper_implementation/lib/python3.10/site-packages:${PYTHONPATH} /usr/bin/python3 setup.py develop --uninstall --editable --build-directory /home/sanya/ros2_ws/build/paper_implementation/build
[0.521s] running develop
[0.621s] Invoked command in '/home/sanya/ros2_ws/build/paper_implementation' returned '0': PYTHONPATH=/home/sanya/ros2_ws/build/paper_implementation/prefix_override:/home/sanya/ros2_ws/install/paper_implementation/lib/python3.10/site-packages:${PYTHONPATH} /usr/bin/python3 setup.py develop --uninstall --editable --build-directory /home/sanya/ros2_ws/build/paper_implementation/build
[0.622s] Invoking command in '/home/sanya/ros2_ws/src/paper_implementation': PYTHONPATH=/home/sanya/ros2_ws/build/paper_implementation/prefix_override:/home/sanya/ros2_ws/install/paper_implementation/lib/python3.10/site-packages:${PYTHONPATH} /usr/bin/python3 setup.py egg_info --egg-base ../../build/paper_implementation build --build-base /home/sanya/ros2_ws/build/paper_implementation/build install --record /home/sanya/ros2_ws/build/paper_implementation/install.log --single-version-externally-managed
[0.759s] running egg_info
[0.759s] writing ../../build/paper_implementation/paper_implementation.egg-info/PKG-INFO
[0.759s] writing dependency_links to ../../build/paper_implementation/paper_implementation.egg-info/dependency_links.txt
[0.759s] writing entry points to ../../build/paper_implementation/paper_implementation.egg-info/entry_points.txt
[0.759s] writing requirements to ../../build/paper_implementation/paper_implementation.egg-info/requires.txt
[0.759s] writing top-level names to ../../build/paper_implementation/paper_implementation.egg-info/top_level.txt
[0.760s] reading manifest file '../../build/paper_implementation/paper_implementation.egg-info/SOURCES.txt'
[0.761s] writing manifest file '../../build/paper_implementation/paper_implementation.egg-info/SOURCES.txt'
[0.761s] running build
[0.761s] running build_py
[0.761s] running install
[0.761s] running install_lib
[0.762s] running install_data
[0.763s] copying launch/simulation.launch.py -> /home/sanya/ros2_ws/install/paper_implementation/share/paper_implementation/launch
[0.763s] running install_egg_info
[0.764s] removing '/home/sanya/ros2_ws/install/paper_implementation/lib/python3.10/site-packages/paper_implementation-0.0.0-py3.10.egg-info' (and everything under it)
[0.764s] Copying ../../build/paper_implementation/paper_implementation.egg-info to /home/sanya/ros2_ws/install/paper_implementation/lib/python3.10/site-packages/paper_implementation-0.0.0-py3.10.egg-info
[0.764s] running install_scripts
[0.776s] Installing paper_node script to /home/sanya/ros2_ws/install/paper_implementation/lib/paper_implementation
[0.776s] writing list of installed files to '/home/sanya/ros2_ws/build/paper_implementation/install.log'
[0.791s] Invoked command in '/home/sanya/ros2_ws/src/paper_implementation' returned '0': PYTHONPATH=/home/sanya/ros2_ws/build/paper_implementation/prefix_override:/home/sanya/ros2_ws/install/paper_implementation/lib/python3.10/site-packages:${PYTHONPATH} /usr/bin/python3 setup.py egg_info --egg-base ../../build/paper_implementation build --build-base /home/sanya/ros2_ws/build/paper_implementation/build install --record /home/sanya/ros2_ws/build/paper_implementation/install.log --single-version-externally-managed
