[0.383s] Invoking command in '/home/sanya/ros2_ws/build/paper_implementation': PYTHONPATH=/home/sanya/ros2_ws/build/paper_implementation/prefix_override:/home/sanya/ros2_ws/install/paper_implementation/lib/python3.10/site-packages:${PYTHONPATH} /usr/bin/python3 setup.py develop --uninstall --editable --build-directory /home/sanya/ros2_ws/build/paper_implementation/build
[0.532s] running develop
[0.633s] Invoked command in '/home/sanya/ros2_ws/build/paper_implementation' returned '0': PYTHONPATH=/home/sanya/ros2_ws/build/paper_implementation/prefix_override:/home/sanya/ros2_ws/install/paper_implementation/lib/python3.10/site-packages:${PYTHONPATH} /usr/bin/python3 setup.py develop --uninstall --editable --build-directory /home/sanya/ros2_ws/build/paper_implementation/build
[0.634s] Invoking command in '/home/sanya/ros2_ws/src/paper_implementation': PYTHONPATH=/home/sanya/ros2_ws/build/paper_implementation/prefix_override:/home/sanya/ros2_ws/install/paper_implementation/lib/python3.10/site-packages:${PYTHONPATH} /usr/bin/python3 setup.py egg_info --egg-base ../../build/paper_implementation build --build-base /home/sanya/ros2_ws/build/paper_implementation/build install --record /home/sanya/ros2_ws/build/paper_implementation/install.log --single-version-externally-managed
[0.774s] running egg_info
[0.774s] writing ../../build/paper_implementation/paper_implementation.egg-info/PKG-INFO
[0.774s] writing dependency_links to ../../build/paper_implementation/paper_implementation.egg-info/dependency_links.txt
[0.774s] writing entry points to ../../build/paper_implementation/paper_implementation.egg-info/entry_points.txt
[0.775s] writing requirements to ../../build/paper_implementation/paper_implementation.egg-info/requires.txt
[0.775s] writing top-level names to ../../build/paper_implementation/paper_implementation.egg-info/top_level.txt
[0.776s] reading manifest file '../../build/paper_implementation/paper_implementation.egg-info/SOURCES.txt'
[0.776s] writing manifest file '../../build/paper_implementation/paper_implementation.egg-info/SOURCES.txt'
[0.776s] running build
[0.776s] running build_py
[0.777s] copying paper_implementation/collision_node.py -> /home/sanya/ros2_ws/build/paper_implementation/build/lib/paper_implementation
[0.777s] running install
[0.777s] running install_lib
[0.777s] copying /home/sanya/ros2_ws/build/paper_implementation/build/lib/paper_implementation/collision_node.py -> /home/sanya/ros2_ws/install/paper_implementation/lib/python3.10/site-packages/paper_implementation
[0.777s] byte-compiling /home/sanya/ros2_ws/install/paper_implementation/lib/python3.10/site-packages/paper_implementation/collision_node.py to collision_node.cpython-310.pyc
[0.779s] running install_data
[0.779s] running install_egg_info
[0.780s] removing '/home/sanya/ros2_ws/install/paper_implementation/lib/python3.10/site-packages/paper_implementation-0.0.0-py3.10.egg-info' (and everything under it)
[0.780s] Copying ../../build/paper_implementation/paper_implementation.egg-info to /home/sanya/ros2_ws/install/paper_implementation/lib/python3.10/site-packages/paper_implementation-0.0.0-py3.10.egg-info
[0.781s] running install_scripts
[0.793s] Installing paper_node script to /home/sanya/ros2_ws/install/paper_implementation/lib/paper_implementation
[0.793s] writing list of installed files to '/home/sanya/ros2_ws/build/paper_implementation/install.log'
[0.808s] Invoked command in '/home/sanya/ros2_ws/src/paper_implementation' returned '0': PYTHONPATH=/home/sanya/ros2_ws/build/paper_implementation/prefix_override:/home/sanya/ros2_ws/install/paper_implementation/lib/python3.10/site-packages:${PYTHONPATH} /usr/bin/python3 setup.py egg_info --egg-base ../../build/paper_implementation build --build-base /home/sanya/ros2_ws/build/paper_implementation/build install --record /home/sanya/ros2_ws/build/paper_implementation/install.log --single-version-externally-managed
