[0.688s] Invoking command in '/home/kaisirius/btp/cav-platoons/src/my_robot_controller': PYTHONPATH=/home/kaisirius/btp/cav-platoons/build/my_robot_controller/prefix_override:/usr/lib/python3/dist-packages/colcon_core/task/python/colcon_distutils_commands:/home/kaisirius/btp/cav-platoons/install/my_robot_controller/lib/python3.10/site-packages:${PYTHONPATH} /usr/bin/python3 -W ignore:setup.py install is deprecated -W ignore:easy_install command is deprecated setup.py egg_info --egg-base ../../build/my_robot_controller build --build-base /home/kaisirius/btp/cav-platoons/build/my_robot_controller/build install --record /home/kaisirius/btp/cav-platoons/build/my_robot_controller/install.log --single-version-externally-managed install_data
[0.917s] running egg_info
[0.917s] creating ../../build/my_robot_controller/my_robot_controller.egg-info
[0.917s] writing ../../build/my_robot_controller/my_robot_controller.egg-info/PKG-INFO
[0.918s] writing dependency_links to ../../build/my_robot_controller/my_robot_controller.egg-info/dependency_links.txt
[0.918s] writing entry points to ../../build/my_robot_controller/my_robot_controller.egg-info/entry_points.txt
[0.918s] writing requirements to ../../build/my_robot_controller/my_robot_controller.egg-info/requires.txt
[0.918s] writing top-level names to ../../build/my_robot_controller/my_robot_controller.egg-info/top_level.txt
[0.918s] writing manifest file '../../build/my_robot_controller/my_robot_controller.egg-info/SOURCES.txt'
[0.920s] reading manifest file '../../build/my_robot_controller/my_robot_controller.egg-info/SOURCES.txt'
[0.920s] writing manifest file '../../build/my_robot_controller/my_robot_controller.egg-info/SOURCES.txt'
[0.920s] running build
[0.920s] running build_py
[0.920s] creating /home/kaisirius/btp/cav-platoons/build/my_robot_controller/build
[0.921s] creating /home/kaisirius/btp/cav-platoons/build/my_robot_controller/build/lib
[0.921s] creating /home/kaisirius/btp/cav-platoons/build/my_robot_controller/build/lib/my_robot_controller
[0.921s] copying my_robot_controller/pose_subscriber.py -> /home/kaisirius/btp/cav-platoons/build/my_robot_controller/build/lib/my_robot_controller
[0.921s] copying my_robot_controller/draw_circle.py -> /home/kaisirius/btp/cav-platoons/build/my_robot_controller/build/lib/my_robot_controller
[0.921s] copying my_robot_controller/__init__.py -> /home/kaisirius/btp/cav-platoons/build/my_robot_controller/build/lib/my_robot_controller
[0.921s] copying my_robot_controller/my_first_node.py -> /home/kaisirius/btp/cav-platoons/build/my_robot_controller/build/lib/my_robot_controller
[0.921s] running install
[0.922s] running install_lib
[0.922s] creating /home/kaisirius/btp/cav-platoons/install/my_robot_controller/lib/python3.10/site-packages/my_robot_controller
[0.923s] copying /home/kaisirius/btp/cav-platoons/build/my_robot_controller/build/lib/my_robot_controller/pose_subscriber.py -> /home/kaisirius/btp/cav-platoons/install/my_robot_controller/lib/python3.10/site-packages/my_robot_controller
[0.923s] copying /home/kaisirius/btp/cav-platoons/build/my_robot_controller/build/lib/my_robot_controller/draw_circle.py -> /home/kaisirius/btp/cav-platoons/install/my_robot_controller/lib/python3.10/site-packages/my_robot_controller
[0.923s] copying /home/kaisirius/btp/cav-platoons/build/my_robot_controller/build/lib/my_robot_controller/__init__.py -> /home/kaisirius/btp/cav-platoons/install/my_robot_controller/lib/python3.10/site-packages/my_robot_controller
[0.923s] copying /home/kaisirius/btp/cav-platoons/build/my_robot_controller/build/lib/my_robot_controller/my_first_node.py -> /home/kaisirius/btp/cav-platoons/install/my_robot_controller/lib/python3.10/site-packages/my_robot_controller
[0.923s] byte-compiling /home/kaisirius/btp/cav-platoons/install/my_robot_controller/lib/python3.10/site-packages/my_robot_controller/pose_subscriber.py to pose_subscriber.cpython-310.pyc
[0.924s] byte-compiling /home/kaisirius/btp/cav-platoons/install/my_robot_controller/lib/python3.10/site-packages/my_robot_controller/draw_circle.py to draw_circle.cpython-310.pyc
[0.924s] byte-compiling /home/kaisirius/btp/cav-platoons/install/my_robot_controller/lib/python3.10/site-packages/my_robot_controller/__init__.py to __init__.cpython-310.pyc
[0.924s] byte-compiling /home/kaisirius/btp/cav-platoons/install/my_robot_controller/lib/python3.10/site-packages/my_robot_controller/my_first_node.py to my_first_node.cpython-310.pyc
[0.924s] running install_data
[0.924s] creating /home/kaisirius/btp/cav-platoons/install/my_robot_controller/share/ament_index
[0.924s] creating /home/kaisirius/btp/cav-platoons/install/my_robot_controller/share/ament_index/resource_index
[0.924s] creating /home/kaisirius/btp/cav-platoons/install/my_robot_controller/share/ament_index/resource_index/packages
[0.925s] copying resource/my_robot_controller -> /home/kaisirius/btp/cav-platoons/install/my_robot_controller/share/ament_index/resource_index/packages
[0.925s] copying package.xml -> /home/kaisirius/btp/cav-platoons/install/my_robot_controller/share/my_robot_controller
[0.925s] running install_egg_info
[0.926s] Copying ../../build/my_robot_controller/my_robot_controller.egg-info to /home/kaisirius/btp/cav-platoons/install/my_robot_controller/lib/python3.10/site-packages/my_robot_controller-0.0.0-py3.10.egg-info
[0.927s] running install_scripts
[0.948s] Installing draw_circle script to /home/kaisirius/btp/cav-platoons/install/my_robot_controller/lib/my_robot_controller
[0.948s] Installing pose_subscriber script to /home/kaisirius/btp/cav-platoons/install/my_robot_controller/lib/my_robot_controller
[0.948s] Installing test_node script to /home/kaisirius/btp/cav-platoons/install/my_robot_controller/lib/my_robot_controller
[0.948s] writing list of installed files to '/home/kaisirius/btp/cav-platoons/build/my_robot_controller/install.log'
[0.973s] Invoked command in '/home/kaisirius/btp/cav-platoons/src/my_robot_controller' returned '0': PYTHONPATH=/home/kaisirius/btp/cav-platoons/build/my_robot_controller/prefix_override:/usr/lib/python3/dist-packages/colcon_core/task/python/colcon_distutils_commands:/home/kaisirius/btp/cav-platoons/install/my_robot_controller/lib/python3.10/site-packages:${PYTHONPATH} /usr/bin/python3 -W ignore:setup.py install is deprecated -W ignore:easy_install command is deprecated setup.py egg_info --egg-base ../../build/my_robot_controller build --build-base /home/kaisirius/btp/cav-platoons/build/my_robot_controller/build install --record /home/kaisirius/btp/cav-platoons/build/my_robot_controller/install.log --single-version-externally-managed install_data
